[1.045s] Invoking command in '/home/aaaa/Desktop/Smart-Mobility-Engineering-Lab/Final_Project/ros2_ws/src/ros2_weather_talk': PYTHONPATH=/home/aaaa/Desktop/Smart-Mobility-Engineering-Lab/Final_Project/ros2_ws/src/ros2_weather_talk/build/ros2_weather_talk/prefix_override:/home/aaaa/Desktop/Smart-Mobility-Engineering-Lab/Final_Project/ros2_ws/src/ros2_weather_talk/install/ros2_weather_talk/lib/python3.8/site-packages:${PYTHONPATH} /usr/bin/python3 setup.py egg_info --egg-base build/ros2_weather_talk build --build-base /home/aaaa/Desktop/Smart-Mobility-Engineering-Lab/Final_Project/ros2_ws/src/ros2_weather_talk/build/ros2_weather_talk/build install --record /home/aaaa/Desktop/Smart-Mobility-Engineering-Lab/Final_Project/ros2_ws/src/ros2_weather_talk/build/ros2_weather_talk/install.log --install-scripts $base/lib/ros2_weather_talk --single-version-externally-managed
[1.383s] running egg_info
[1.384s] creating build/ros2_weather_talk/ros2_weather_talk.egg-info
[1.384s] writing build/ros2_weather_talk/ros2_weather_talk.egg-info/PKG-INFO
[1.385s] writing dependency_links to build/ros2_weather_talk/ros2_weather_talk.egg-info/dependency_links.txt
[1.385s] writing entry points to build/ros2_weather_talk/ros2_weather_talk.egg-info/entry_points.txt
[1.385s] writing requirements to build/ros2_weather_talk/ros2_weather_talk.egg-info/requires.txt
[1.386s] writing top-level names to build/ros2_weather_talk/ros2_weather_talk.egg-info/top_level.txt
[1.388s] writing manifest file 'build/ros2_weather_talk/ros2_weather_talk.egg-info/SOURCES.txt'
[1.438s] reading manifest file 'build/ros2_weather_talk/ros2_weather_talk.egg-info/SOURCES.txt'
[1.439s] writing manifest file 'build/ros2_weather_talk/ros2_weather_talk.egg-info/SOURCES.txt'
[1.439s] running build
[1.439s] running build_py
[1.440s] creating /home/aaaa/Desktop/Smart-Mobility-Engineering-Lab/Final_Project/ros2_ws/src/ros2_weather_talk/build/ros2_weather_talk/build
[1.440s] creating /home/aaaa/Desktop/Smart-Mobility-Engineering-Lab/Final_Project/ros2_ws/src/ros2_weather_talk/build/ros2_weather_talk/build/lib
[1.440s] creating /home/aaaa/Desktop/Smart-Mobility-Engineering-Lab/Final_Project/ros2_ws/src/ros2_weather_talk/build/ros2_weather_talk/build/lib/ros2_weather_talk
[1.441s] copying ros2_weather_talk/weather_talk_subscriber.py -> /home/aaaa/Desktop/Smart-Mobility-Engineering-Lab/Final_Project/ros2_ws/src/ros2_weather_talk/build/ros2_weather_talk/build/lib/ros2_weather_talk
[1.441s] copying ros2_weather_talk/__init__.py -> /home/aaaa/Desktop/Smart-Mobility-Engineering-Lab/Final_Project/ros2_ws/src/ros2_weather_talk/build/ros2_weather_talk/build/lib/ros2_weather_talk
[1.441s] copying ros2_weather_talk/weather_talk_publisher.py -> /home/aaaa/Desktop/Smart-Mobility-Engineering-Lab/Final_Project/ros2_ws/src/ros2_weather_talk/build/ros2_weather_talk/build/lib/ros2_weather_talk
[1.441s] running install
[1.442s] running install_lib
[1.443s] creating /home/aaaa/Desktop/Smart-Mobility-Engineering-Lab/Final_Project/ros2_ws/src/ros2_weather_talk/install/ros2_weather_talk/lib/python3.8/site-packages/ros2_weather_talk
[1.444s] copying /home/aaaa/Desktop/Smart-Mobility-Engineering-Lab/Final_Project/ros2_ws/src/ros2_weather_talk/build/ros2_weather_talk/build/lib/ros2_weather_talk/weather_talk_subscriber.py -> /home/aaaa/Desktop/Smart-Mobility-Engineering-Lab/Final_Project/ros2_ws/src/ros2_weather_talk/install/ros2_weather_talk/lib/python3.8/site-packages/ros2_weather_talk
[1.444s] copying /home/aaaa/Desktop/Smart-Mobility-Engineering-Lab/Final_Project/ros2_ws/src/ros2_weather_talk/build/ros2_weather_talk/build/lib/ros2_weather_talk/__init__.py -> /home/aaaa/Desktop/Smart-Mobility-Engineering-Lab/Final_Project/ros2_ws/src/ros2_weather_talk/install/ros2_weather_talk/lib/python3.8/site-packages/ros2_weather_talk
[1.444s] copying /home/aaaa/Desktop/Smart-Mobility-Engineering-Lab/Final_Project/ros2_ws/src/ros2_weather_talk/build/ros2_weather_talk/build/lib/ros2_weather_talk/weather_talk_publisher.py -> /home/aaaa/Desktop/Smart-Mobility-Engineering-Lab/Final_Project/ros2_ws/src/ros2_weather_talk/install/ros2_weather_talk/lib/python3.8/site-packages/ros2_weather_talk
[1.445s] byte-compiling /home/aaaa/Desktop/Smart-Mobility-Engineering-Lab/Final_Project/ros2_ws/src/ros2_weather_talk/install/ros2_weather_talk/lib/python3.8/site-packages/ros2_weather_talk/weather_talk_subscriber.py to weather_talk_subscriber.cpython-38.pyc
[1.447s] byte-compiling /home/aaaa/Desktop/Smart-Mobility-Engineering-Lab/Final_Project/ros2_ws/src/ros2_weather_talk/install/ros2_weather_talk/lib/python3.8/site-packages/ros2_weather_talk/__init__.py to __init__.cpython-38.pyc
[1.448s] byte-compiling /home/aaaa/Desktop/Smart-Mobility-Engineering-Lab/Final_Project/ros2_ws/src/ros2_weather_talk/install/ros2_weather_talk/lib/python3.8/site-packages/ros2_weather_talk/weather_talk_publisher.py to weather_talk_publisher.cpython-38.pyc
[1.448s] running install_data
[1.449s] creating /home/aaaa/Desktop/Smart-Mobility-Engineering-Lab/Final_Project/ros2_ws/src/ros2_weather_talk/install/ros2_weather_talk/share/ament_index
[1.450s] creating /home/aaaa/Desktop/Smart-Mobility-Engineering-Lab/Final_Project/ros2_ws/src/ros2_weather_talk/install/ros2_weather_talk/share/ament_index/resource_index
[1.450s] creating /home/aaaa/Desktop/Smart-Mobility-Engineering-Lab/Final_Project/ros2_ws/src/ros2_weather_talk/install/ros2_weather_talk/share/ament_index/resource_index/packages
[1.450s] copying resource/ros2_weather_talk -> /home/aaaa/Desktop/Smart-Mobility-Engineering-Lab/Final_Project/ros2_ws/src/ros2_weather_talk/install/ros2_weather_talk/share/ament_index/resource_index/packages
[1.450s] copying package.xml -> /home/aaaa/Desktop/Smart-Mobility-Engineering-Lab/Final_Project/ros2_ws/src/ros2_weather_talk/install/ros2_weather_talk/share/ros2_weather_talk
[1.450s] running install_egg_info
[1.452s] Copying build/ros2_weather_talk/ros2_weather_talk.egg-info to /home/aaaa/Desktop/Smart-Mobility-Engineering-Lab/Final_Project/ros2_ws/src/ros2_weather_talk/install/ros2_weather_talk/lib/python3.8/site-packages/ros2_weather_talk-0.0.0-py3.8.egg-info
[1.454s] running install_scripts
[1.481s] Installing weather_talk_publisher script to /home/aaaa/Desktop/Smart-Mobility-Engineering-Lab/Final_Project/ros2_ws/src/ros2_weather_talk/install/ros2_weather_talk/lib/ros2_weather_talk
[1.481s] Installing weather_talk_subscriber script to /home/aaaa/Desktop/Smart-Mobility-Engineering-Lab/Final_Project/ros2_ws/src/ros2_weather_talk/install/ros2_weather_talk/lib/ros2_weather_talk
[1.482s] writing list of installed files to '/home/aaaa/Desktop/Smart-Mobility-Engineering-Lab/Final_Project/ros2_ws/src/ros2_weather_talk/build/ros2_weather_talk/install.log'
[1.515s] Invoked command in '/home/aaaa/Desktop/Smart-Mobility-Engineering-Lab/Final_Project/ros2_ws/src/ros2_weather_talk' returned '0': PYTHONPATH=/home/aaaa/Desktop/Smart-Mobility-Engineering-Lab/Final_Project/ros2_ws/src/ros2_weather_talk/build/ros2_weather_talk/prefix_override:/home/aaaa/Desktop/Smart-Mobility-Engineering-Lab/Final_Project/ros2_ws/src/ros2_weather_talk/install/ros2_weather_talk/lib/python3.8/site-packages:${PYTHONPATH} /usr/bin/python3 setup.py egg_info --egg-base build/ros2_weather_talk build --build-base /home/aaaa/Desktop/Smart-Mobility-Engineering-Lab/Final_Project/ros2_ws/src/ros2_weather_talk/build/ros2_weather_talk/build install --record /home/aaaa/Desktop/Smart-Mobility-Engineering-Lab/Final_Project/ros2_ws/src/ros2_weather_talk/build/ros2_weather_talk/install.log --install-scripts $base/lib/ros2_weather_talk --single-version-externally-managed
