[1.498s] Invoking command in '/home/aaaa/Desktop/Smart-Mobility-Engineering-Lab/Final_Project/ros2_ws/src/ros2_weather_talk': PYTHONPATH=/home/aaaa/Desktop/Smart-Mobility-Engineering-Lab/Final_Project/ros2_ws/build/ros2_weather_talk/prefix_override:/home/aaaa/Desktop/Smart-Mobility-Engineering-Lab/Final_Project/ros2_ws/install/ros2_weather_talk/lib/python3.8/site-packages:${PYTHONPATH} /usr/bin/python3 setup.py egg_info --egg-base ../../build/ros2_weather_talk build --build-base /home/aaaa/Desktop/Smart-Mobility-Engineering-Lab/Final_Project/ros2_ws/build/ros2_weather_talk/build install --record /home/aaaa/Desktop/Smart-Mobility-Engineering-Lab/Final_Project/ros2_ws/build/ros2_weather_talk/install.log --install-scripts $base/lib/ros2_weather_talk --single-version-externally-managed
[1.922s] running egg_info
[1.924s] writing ../../build/ros2_weather_talk/ros2_weather_talk.egg-info/PKG-INFO
[1.924s] writing dependency_links to ../../build/ros2_weather_talk/ros2_weather_talk.egg-info/dependency_links.txt
[1.925s] writing entry points to ../../build/ros2_weather_talk/ros2_weather_talk.egg-info/entry_points.txt
[1.925s] writing requirements to ../../build/ros2_weather_talk/ros2_weather_talk.egg-info/requires.txt
[1.925s] writing top-level names to ../../build/ros2_weather_talk/ros2_weather_talk.egg-info/top_level.txt
[2.012s] reading manifest file '../../build/ros2_weather_talk/ros2_weather_talk.egg-info/SOURCES.txt'
[2.014s] writing manifest file '../../build/ros2_weather_talk/ros2_weather_talk.egg-info/SOURCES.txt'
[2.015s] running build
[2.015s] running build_py
[2.015s] running install
[2.017s] running install_lib
[2.020s] running install_data
[2.021s] running install_egg_info
[2.024s] removing '/home/aaaa/Desktop/Smart-Mobility-Engineering-Lab/Final_Project/ros2_ws/install/ros2_weather_talk/lib/python3.8/site-packages/ros2_weather_talk-0.0.0-py3.8.egg-info' (and everything under it)
[2.025s] Copying ../../build/ros2_weather_talk/ros2_weather_talk.egg-info to /home/aaaa/Desktop/Smart-Mobility-Engineering-Lab/Final_Project/ros2_ws/install/ros2_weather_talk/lib/python3.8/site-packages/ros2_weather_talk-0.0.0-py3.8.egg-info
[2.027s] running install_scripts
[2.063s] Installing weather_talk_publisher script to /home/aaaa/Desktop/Smart-Mobility-Engineering-Lab/Final_Project/ros2_ws/install/ros2_weather_talk/lib/ros2_weather_talk
[2.064s] Installing weather_talk_subscriber script to /home/aaaa/Desktop/Smart-Mobility-Engineering-Lab/Final_Project/ros2_ws/install/ros2_weather_talk/lib/ros2_weather_talk
[2.064s] writing list of installed files to '/home/aaaa/Desktop/Smart-Mobility-Engineering-Lab/Final_Project/ros2_ws/build/ros2_weather_talk/install.log'
[2.143s] Invoked command in '/home/aaaa/Desktop/Smart-Mobility-Engineering-Lab/Final_Project/ros2_ws/src/ros2_weather_talk' returned '0': PYTHONPATH=/home/aaaa/Desktop/Smart-Mobility-Engineering-Lab/Final_Project/ros2_ws/build/ros2_weather_talk/prefix_override:/home/aaaa/Desktop/Smart-Mobility-Engineering-Lab/Final_Project/ros2_ws/install/ros2_weather_talk/lib/python3.8/site-packages:${PYTHONPATH} /usr/bin/python3 setup.py egg_info --egg-base ../../build/ros2_weather_talk build --build-base /home/aaaa/Desktop/Smart-Mobility-Engineering-Lab/Final_Project/ros2_ws/build/ros2_weather_talk/build install --record /home/aaaa/Desktop/Smart-Mobility-Engineering-Lab/Final_Project/ros2_ws/build/ros2_weather_talk/install.log --install-scripts $base/lib/ros2_weather_talk --single-version-externally-managed
