[1.092s] Invoking command in '/home/aaaa/Desktop/Smart-Mobility-Engineering-Lab/final_project/ros2_ws/src/temperature_sensor_pkg': PYTHONPATH=/home/aaaa/Desktop/Smart-Mobility-Engineering-Lab/final_project/ros2_ws/build/temperature_sensor_pkg/prefix_override:/home/aaaa/Desktop/Smart-Mobility-Engineering-Lab/final_project/ros2_ws/install/temperature_sensor_pkg/lib/python3.8/site-packages:${PYTHONPATH} /usr/bin/python3 setup.py egg_info --egg-base ../../build/temperature_sensor_pkg build --build-base /home/aaaa/Desktop/Smart-Mobility-Engineering-Lab/final_project/ros2_ws/build/temperature_sensor_pkg/build install --record /home/aaaa/Desktop/Smart-Mobility-Engineering-Lab/final_project/ros2_ws/build/temperature_sensor_pkg/install.log --install-scripts $base/lib/temperature_sensor_pkg --single-version-externally-managed
[1.529s] running egg_info
[1.531s] writing ../../build/temperature_sensor_pkg/temperature_sensor_pkg.egg-info/PKG-INFO
[1.532s] writing dependency_links to ../../build/temperature_sensor_pkg/temperature_sensor_pkg.egg-info/dependency_links.txt
[1.532s] writing entry points to ../../build/temperature_sensor_pkg/temperature_sensor_pkg.egg-info/entry_points.txt
[1.533s] writing requirements to ../../build/temperature_sensor_pkg/temperature_sensor_pkg.egg-info/requires.txt
[1.533s] writing top-level names to ../../build/temperature_sensor_pkg/temperature_sensor_pkg.egg-info/top_level.txt
[1.600s] reading manifest file '../../build/temperature_sensor_pkg/temperature_sensor_pkg.egg-info/SOURCES.txt'
[1.601s] writing manifest file '../../build/temperature_sensor_pkg/temperature_sensor_pkg.egg-info/SOURCES.txt'
[1.602s] running build
[1.602s] running build_py
[1.602s] running install
[1.604s] running install_lib
[1.606s] running install_data
[1.607s] running install_egg_info
[1.610s] removing '/home/aaaa/Desktop/Smart-Mobility-Engineering-Lab/final_project/ros2_ws/install/temperature_sensor_pkg/lib/python3.8/site-packages/temperature_sensor_pkg-0.0.0-py3.8.egg-info' (and everything under it)
[1.610s] Copying ../../build/temperature_sensor_pkg/temperature_sensor_pkg.egg-info to /home/aaaa/Desktop/Smart-Mobility-Engineering-Lab/final_project/ros2_ws/install/temperature_sensor_pkg/lib/python3.8/site-packages/temperature_sensor_pkg-0.0.0-py3.8.egg-info
[1.612s] running install_scripts
[1.641s] Installing temperature_publisher script to /home/aaaa/Desktop/Smart-Mobility-Engineering-Lab/final_project/ros2_ws/install/temperature_sensor_pkg/lib/temperature_sensor_pkg
[1.641s] writing list of installed files to '/home/aaaa/Desktop/Smart-Mobility-Engineering-Lab/final_project/ros2_ws/build/temperature_sensor_pkg/install.log'
[1.678s] Invoked command in '/home/aaaa/Desktop/Smart-Mobility-Engineering-Lab/final_project/ros2_ws/src/temperature_sensor_pkg' returned '0': PYTHONPATH=/home/aaaa/Desktop/Smart-Mobility-Engineering-Lab/final_project/ros2_ws/build/temperature_sensor_pkg/prefix_override:/home/aaaa/Desktop/Smart-Mobility-Engineering-Lab/final_project/ros2_ws/install/temperature_sensor_pkg/lib/python3.8/site-packages:${PYTHONPATH} /usr/bin/python3 setup.py egg_info --egg-base ../../build/temperature_sensor_pkg build --build-base /home/aaaa/Desktop/Smart-Mobility-Engineering-Lab/final_project/ros2_ws/build/temperature_sensor_pkg/build install --record /home/aaaa/Desktop/Smart-Mobility-Engineering-Lab/final_project/ros2_ws/build/temperature_sensor_pkg/install.log --install-scripts $base/lib/temperature_sensor_pkg --single-version-externally-managed
