[1.009s] Invoking command in '/home/aaaa/Desktop/Smart-Mobility-Engineering-Lab/final_project/ros2_ws/src/my_weather_pkg': PYTHONPATH=/home/aaaa/Desktop/Smart-Mobility-Engineering-Lab/final_project/ros2_ws/build/my_weather_pkg/prefix_override:/home/aaaa/Desktop/Smart-Mobility-Engineering-Lab/final_project/ros2_ws/install/my_weather_pkg/lib/python3.8/site-packages:${PYTHONPATH} /usr/bin/python3 setup.py egg_info --egg-base ../../build/my_weather_pkg build --build-base /home/aaaa/Desktop/Smart-Mobility-Engineering-Lab/final_project/ros2_ws/build/my_weather_pkg/build install --record /home/aaaa/Desktop/Smart-Mobility-Engineering-Lab/final_project/ros2_ws/build/my_weather_pkg/install.log --install-scripts $base/lib/my_weather_pkg --single-version-externally-managed
[1.332s] running egg_info
[1.333s] writing ../../build/my_weather_pkg/my_weather_pkg.egg-info/PKG-INFO
[1.333s] writing dependency_links to ../../build/my_weather_pkg/my_weather_pkg.egg-info/dependency_links.txt
[1.334s] writing entry points to ../../build/my_weather_pkg/my_weather_pkg.egg-info/entry_points.txt
[1.334s] writing requirements to ../../build/my_weather_pkg/my_weather_pkg.egg-info/requires.txt
[1.334s] writing top-level names to ../../build/my_weather_pkg/my_weather_pkg.egg-info/top_level.txt
[1.386s] reading manifest file '../../build/my_weather_pkg/my_weather_pkg.egg-info/SOURCES.txt'
[1.387s] writing manifest file '../../build/my_weather_pkg/my_weather_pkg.egg-info/SOURCES.txt'
[1.388s] running build
[1.388s] running build_py
[1.388s] running install
[1.389s] running install_lib
[1.391s] running install_data
[1.392s] running install_egg_info
[1.394s] removing '/home/aaaa/Desktop/Smart-Mobility-Engineering-Lab/final_project/ros2_ws/install/my_weather_pkg/lib/python3.8/site-packages/my_weather_pkg-0.0.0-py3.8.egg-info' (and everything under it)
[1.395s] Copying ../../build/my_weather_pkg/my_weather_pkg.egg-info to /home/aaaa/Desktop/Smart-Mobility-Engineering-Lab/final_project/ros2_ws/install/my_weather_pkg/lib/python3.8/site-packages/my_weather_pkg-0.0.0-py3.8.egg-info
[1.396s] running install_scripts
[1.420s] Installing weather_publisher script to /home/aaaa/Desktop/Smart-Mobility-Engineering-Lab/final_project/ros2_ws/install/my_weather_pkg/lib/my_weather_pkg
[1.420s] Installing weather_subscriber script to /home/aaaa/Desktop/Smart-Mobility-Engineering-Lab/final_project/ros2_ws/install/my_weather_pkg/lib/my_weather_pkg
[1.420s] writing list of installed files to '/home/aaaa/Desktop/Smart-Mobility-Engineering-Lab/final_project/ros2_ws/build/my_weather_pkg/install.log'
[1.455s] Invoked command in '/home/aaaa/Desktop/Smart-Mobility-Engineering-Lab/final_project/ros2_ws/src/my_weather_pkg' returned '0': PYTHONPATH=/home/aaaa/Desktop/Smart-Mobility-Engineering-Lab/final_project/ros2_ws/build/my_weather_pkg/prefix_override:/home/aaaa/Desktop/Smart-Mobility-Engineering-Lab/final_project/ros2_ws/install/my_weather_pkg/lib/python3.8/site-packages:${PYTHONPATH} /usr/bin/python3 setup.py egg_info --egg-base ../../build/my_weather_pkg build --build-base /home/aaaa/Desktop/Smart-Mobility-Engineering-Lab/final_project/ros2_ws/build/my_weather_pkg/build install --record /home/aaaa/Desktop/Smart-Mobility-Engineering-Lab/final_project/ros2_ws/build/my_weather_pkg/install.log --install-scripts $base/lib/my_weather_pkg --single-version-externally-managed
