[1.457s] Invoking command in '/home/aaaa/Desktop/Smart-Mobility-Engineering-Lab/Final_Project/ros2_ws/src/room_temperature_pkg': PYTHONPATH=/home/aaaa/Desktop/Smart-Mobility-Engineering-Lab/Final_Project/ros2_ws/build/room_temperature_pkg/prefix_override:/home/aaaa/Desktop/Smart-Mobility-Engineering-Lab/Final_Project/ros2_ws/install/room_temperature_pkg/lib/python3.8/site-packages:${PYTHONPATH} /usr/bin/python3 setup.py egg_info --egg-base ../../build/room_temperature_pkg build --build-base /home/aaaa/Desktop/Smart-Mobility-Engineering-Lab/Final_Project/ros2_ws/build/room_temperature_pkg/build install --record /home/aaaa/Desktop/Smart-Mobility-Engineering-Lab/Final_Project/ros2_ws/build/room_temperature_pkg/install.log --install-scripts $base/lib/room_temperature_pkg --single-version-externally-managed
[1.800s] running egg_info
[1.801s] writing ../../build/room_temperature_pkg/room_temperature_pkg.egg-info/PKG-INFO
[1.802s] writing dependency_links to ../../build/room_temperature_pkg/room_temperature_pkg.egg-info/dependency_links.txt
[1.802s] writing entry points to ../../build/room_temperature_pkg/room_temperature_pkg.egg-info/entry_points.txt
[1.803s] writing requirements to ../../build/room_temperature_pkg/room_temperature_pkg.egg-info/requires.txt
[1.803s] writing top-level names to ../../build/room_temperature_pkg/room_temperature_pkg.egg-info/top_level.txt
[1.862s] reading manifest file '../../build/room_temperature_pkg/room_temperature_pkg.egg-info/SOURCES.txt'
[1.865s] writing manifest file '../../build/room_temperature_pkg/room_temperature_pkg.egg-info/SOURCES.txt'
[1.865s] running build
[1.865s] running build_py
[1.866s] running install
[1.867s] running install_lib
[1.870s] running install_data
[1.871s] running install_egg_info
[1.875s] removing '/home/aaaa/Desktop/Smart-Mobility-Engineering-Lab/Final_Project/ros2_ws/install/room_temperature_pkg/lib/python3.8/site-packages/room_temperature_pkg-0.0.0-py3.8.egg-info' (and everything under it)
[1.875s] Copying ../../build/room_temperature_pkg/room_temperature_pkg.egg-info to /home/aaaa/Desktop/Smart-Mobility-Engineering-Lab/Final_Project/ros2_ws/install/room_temperature_pkg/lib/python3.8/site-packages/room_temperature_pkg-0.0.0-py3.8.egg-info
[1.877s] running install_scripts
[1.908s] Installing temp_publisher script to /home/aaaa/Desktop/Smart-Mobility-Engineering-Lab/Final_Project/ros2_ws/install/room_temperature_pkg/lib/room_temperature_pkg
[1.909s] Installing temp_subscriber = room_temperature_pkg.temp_subscriber:mainweather_talk_publisher = room_temperature_pkg.weather_talk_publisher:mainweather_talk_subscriber script to /home/aaaa/Desktop/Smart-Mobility-Engineering-Lab/Final_Project/ros2_ws/install/room_temperature_pkg/lib/room_temperature_pkg
[1.909s] writing list of installed files to '/home/aaaa/Desktop/Smart-Mobility-Engineering-Lab/Final_Project/ros2_ws/build/room_temperature_pkg/install.log'
[1.975s] Invoked command in '/home/aaaa/Desktop/Smart-Mobility-Engineering-Lab/Final_Project/ros2_ws/src/room_temperature_pkg' returned '0': PYTHONPATH=/home/aaaa/Desktop/Smart-Mobility-Engineering-Lab/Final_Project/ros2_ws/build/room_temperature_pkg/prefix_override:/home/aaaa/Desktop/Smart-Mobility-Engineering-Lab/Final_Project/ros2_ws/install/room_temperature_pkg/lib/python3.8/site-packages:${PYTHONPATH} /usr/bin/python3 setup.py egg_info --egg-base ../../build/room_temperature_pkg build --build-base /home/aaaa/Desktop/Smart-Mobility-Engineering-Lab/Final_Project/ros2_ws/build/room_temperature_pkg/build install --record /home/aaaa/Desktop/Smart-Mobility-Engineering-Lab/Final_Project/ros2_ws/build/room_temperature_pkg/install.log --install-scripts $base/lib/room_temperature_pkg --single-version-externally-managed
