running egg_info
creating ../../build/my_package1/my_package1.egg-info
writing ../../build/my_package1/my_package1.egg-info/PKG-INFO
writing dependency_links to ../../build/my_package1/my_package1.egg-info/dependency_links.txt
writing entry points to ../../build/my_package1/my_package1.egg-info/entry_points.txt
writing requirements to ../../build/my_package1/my_package1.egg-info/requires.txt
writing top-level names to ../../build/my_package1/my_package1.egg-info/top_level.txt
writing manifest file '../../build/my_package1/my_package1.egg-info/SOURCES.txt'
reading manifest file '../../build/my_package1/my_package1.egg-info/SOURCES.txt'
writing manifest file '../../build/my_package1/my_package1.egg-info/SOURCES.txt'
running build
running build_py
creating /home/aaaa/Desktop/Smart-Mobility-Engineering-Lab/final_project/ros2_ws/build/my_package1/build
creating /home/aaaa/Desktop/Smart-Mobility-Engineering-Lab/final_project/ros2_ws/build/my_package1/build/lib
creating /home/aaaa/Desktop/Smart-Mobility-Engineering-Lab/final_project/ros2_ws/build/my_package1/build/lib/my_package1
copying my_package1/__init__.py -> /home/aaaa/Desktop/Smart-Mobility-Engineering-Lab/final_project/ros2_ws/build/my_package1/build/lib/my_package1
copying my_package1/my_node1.py -> /home/aaaa/Desktop/Smart-Mobility-Engineering-Lab/final_project/ros2_ws/build/my_package1/build/lib/my_package1
running install
running install_lib
creating /home/aaaa/Desktop/Smart-Mobility-Engineering-Lab/final_project/ros2_ws/install/my_package1/lib/python3.8/site-packages/my_package1
copying /home/aaaa/Desktop/Smart-Mobility-Engineering-Lab/final_project/ros2_ws/build/my_package1/build/lib/my_package1/__init__.py -> /home/aaaa/Desktop/Smart-Mobility-Engineering-Lab/final_project/ros2_ws/install/my_package1/lib/python3.8/site-packages/my_package1
copying /home/aaaa/Desktop/Smart-Mobility-Engineering-Lab/final_project/ros2_ws/build/my_package1/build/lib/my_package1/my_node1.py -> /home/aaaa/Desktop/Smart-Mobility-Engineering-Lab/final_project/ros2_ws/install/my_package1/lib/python3.8/site-packages/my_package1
byte-compiling /home/aaaa/Desktop/Smart-Mobility-Engineering-Lab/final_project/ros2_ws/install/my_package1/lib/python3.8/site-packages/my_package1/__init__.py to __init__.cpython-38.pyc
byte-compiling /home/aaaa/Desktop/Smart-Mobility-Engineering-Lab/final_project/ros2_ws/install/my_package1/lib/python3.8/site-packages/my_package1/my_node1.py to my_node1.cpython-38.pyc
running install_data
creating /home/aaaa/Desktop/Smart-Mobility-Engineering-Lab/final_project/ros2_ws/install/my_package1/share/ament_index
creating /home/aaaa/Desktop/Smart-Mobility-Engineering-Lab/final_project/ros2_ws/install/my_package1/share/ament_index/resource_index
creating /home/aaaa/Desktop/Smart-Mobility-Engineering-Lab/final_project/ros2_ws/install/my_package1/share/ament_index/resource_index/packages
copying resource/my_package1 -> /home/aaaa/Desktop/Smart-Mobility-Engineering-Lab/final_project/ros2_ws/install/my_package1/share/ament_index/resource_index/packages
copying package.xml -> /home/aaaa/Desktop/Smart-Mobility-Engineering-Lab/final_project/ros2_ws/install/my_package1/share/my_package1
running install_egg_info
Copying ../../build/my_package1/my_package1.egg-info to /home/aaaa/Desktop/Smart-Mobility-Engineering-Lab/final_project/ros2_ws/install/my_package1/lib/python3.8/site-packages/my_package1-0.0.0-py3.8.egg-info
running install_scripts
Installing my_node1 script to /home/aaaa/Desktop/Smart-Mobility-Engineering-Lab/final_project/ros2_ws/install/my_package1/lib/my_package1
writing list of installed files to '/home/aaaa/Desktop/Smart-Mobility-Engineering-Lab/final_project/ros2_ws/build/my_package1/install.log'
