[1.004s] Invoking command in '/home/aaaa/Desktop/Smart-Mobility-Engineering-Lab/final_project/ros2_ws/src/my_package1': PYTHONPATH=/home/aaaa/Desktop/Smart-Mobility-Engineering-Lab/final_project/ros2_ws/build/my_package1/prefix_override:/home/aaaa/Desktop/Smart-Mobility-Engineering-Lab/final_project/ros2_ws/install/my_package1/lib/python3.8/site-packages:${PYTHONPATH} /usr/bin/python3 setup.py egg_info --egg-base ../../build/my_package1 build --build-base /home/aaaa/Desktop/Smart-Mobility-Engineering-Lab/final_project/ros2_ws/build/my_package1/build install --record /home/aaaa/Desktop/Smart-Mobility-Engineering-Lab/final_project/ros2_ws/build/my_package1/install.log --install-scripts $base/lib/my_package1 --single-version-externally-managed
[1.333s] running egg_info
[1.334s] creating ../../build/my_package1/my_package1.egg-info
[1.335s] writing ../../build/my_package1/my_package1.egg-info/PKG-INFO
[1.336s] writing dependency_links to ../../build/my_package1/my_package1.egg-info/dependency_links.txt
[1.337s] writing entry points to ../../build/my_package1/my_package1.egg-info/entry_points.txt
[1.338s] writing requirements to ../../build/my_package1/my_package1.egg-info/requires.txt
[1.338s] writing top-level names to ../../build/my_package1/my_package1.egg-info/top_level.txt
[1.341s] writing manifest file '../../build/my_package1/my_package1.egg-info/SOURCES.txt'
[1.389s] reading manifest file '../../build/my_package1/my_package1.egg-info/SOURCES.txt'
[1.390s] writing manifest file '../../build/my_package1/my_package1.egg-info/SOURCES.txt'
[1.390s] running build
[1.391s] running build_py
[1.391s] creating /home/aaaa/Desktop/Smart-Mobility-Engineering-Lab/final_project/ros2_ws/build/my_package1/build
[1.391s] creating /home/aaaa/Desktop/Smart-Mobility-Engineering-Lab/final_project/ros2_ws/build/my_package1/build/lib
[1.392s] creating /home/aaaa/Desktop/Smart-Mobility-Engineering-Lab/final_project/ros2_ws/build/my_package1/build/lib/my_package1
[1.392s] copying my_package1/__init__.py -> /home/aaaa/Desktop/Smart-Mobility-Engineering-Lab/final_project/ros2_ws/build/my_package1/build/lib/my_package1
[1.392s] copying my_package1/my_node1.py -> /home/aaaa/Desktop/Smart-Mobility-Engineering-Lab/final_project/ros2_ws/build/my_package1/build/lib/my_package1
[1.392s] running install
[1.393s] running install_lib
[1.394s] creating /home/aaaa/Desktop/Smart-Mobility-Engineering-Lab/final_project/ros2_ws/install/my_package1/lib/python3.8/site-packages/my_package1
[1.395s] copying /home/aaaa/Desktop/Smart-Mobility-Engineering-Lab/final_project/ros2_ws/build/my_package1/build/lib/my_package1/__init__.py -> /home/aaaa/Desktop/Smart-Mobility-Engineering-Lab/final_project/ros2_ws/install/my_package1/lib/python3.8/site-packages/my_package1
[1.395s] copying /home/aaaa/Desktop/Smart-Mobility-Engineering-Lab/final_project/ros2_ws/build/my_package1/build/lib/my_package1/my_node1.py -> /home/aaaa/Desktop/Smart-Mobility-Engineering-Lab/final_project/ros2_ws/install/my_package1/lib/python3.8/site-packages/my_package1
[1.395s] byte-compiling /home/aaaa/Desktop/Smart-Mobility-Engineering-Lab/final_project/ros2_ws/install/my_package1/lib/python3.8/site-packages/my_package1/__init__.py to __init__.cpython-38.pyc
[1.397s] byte-compiling /home/aaaa/Desktop/Smart-Mobility-Engineering-Lab/final_project/ros2_ws/install/my_package1/lib/python3.8/site-packages/my_package1/my_node1.py to my_node1.cpython-38.pyc
[1.397s] running install_data
[1.398s] creating /home/aaaa/Desktop/Smart-Mobility-Engineering-Lab/final_project/ros2_ws/install/my_package1/share/ament_index
[1.399s] creating /home/aaaa/Desktop/Smart-Mobility-Engineering-Lab/final_project/ros2_ws/install/my_package1/share/ament_index/resource_index
[1.399s] creating /home/aaaa/Desktop/Smart-Mobility-Engineering-Lab/final_project/ros2_ws/install/my_package1/share/ament_index/resource_index/packages
[1.399s] copying resource/my_package1 -> /home/aaaa/Desktop/Smart-Mobility-Engineering-Lab/final_project/ros2_ws/install/my_package1/share/ament_index/resource_index/packages
[1.399s] copying package.xml -> /home/aaaa/Desktop/Smart-Mobility-Engineering-Lab/final_project/ros2_ws/install/my_package1/share/my_package1
[1.399s] running install_egg_info
[1.401s] Copying ../../build/my_package1/my_package1.egg-info to /home/aaaa/Desktop/Smart-Mobility-Engineering-Lab/final_project/ros2_ws/install/my_package1/lib/python3.8/site-packages/my_package1-0.0.0-py3.8.egg-info
[1.403s] running install_scripts
[1.429s] Installing my_node1 script to /home/aaaa/Desktop/Smart-Mobility-Engineering-Lab/final_project/ros2_ws/install/my_package1/lib/my_package1
[1.429s] writing list of installed files to '/home/aaaa/Desktop/Smart-Mobility-Engineering-Lab/final_project/ros2_ws/build/my_package1/install.log'
[1.467s] Invoked command in '/home/aaaa/Desktop/Smart-Mobility-Engineering-Lab/final_project/ros2_ws/src/my_package1' returned '0': PYTHONPATH=/home/aaaa/Desktop/Smart-Mobility-Engineering-Lab/final_project/ros2_ws/build/my_package1/prefix_override:/home/aaaa/Desktop/Smart-Mobility-Engineering-Lab/final_project/ros2_ws/install/my_package1/lib/python3.8/site-packages:${PYTHONPATH} /usr/bin/python3 setup.py egg_info --egg-base ../../build/my_package1 build --build-base /home/aaaa/Desktop/Smart-Mobility-Engineering-Lab/final_project/ros2_ws/build/my_package1/build install --record /home/aaaa/Desktop/Smart-Mobility-Engineering-Lab/final_project/ros2_ws/build/my_package1/install.log --install-scripts $base/lib/my_package1 --single-version-externally-managed
