[1.921s] Invoking command in '/home/aaaa/Desktop/Smart-Mobility-Engineering-Lab/Final_Project/ros2_ws/src/ros2_weather_talk': PYTHONPATH=/home/aaaa/Desktop/Smart-Mobility-Engineering-Lab/Final_Project/ros2_ws/build/ros2_weather_talk/prefix_override:/home/aaaa/Desktop/Smart-Mobility-Engineering-Lab/Final_Project/ros2_ws/install/ros2_weather_talk/lib/python3.8/site-packages:${PYTHONPATH} /usr/bin/python3 setup.py egg_info --egg-base ../../build/ros2_weather_talk build --build-base /home/aaaa/Desktop/Smart-Mobility-Engineering-Lab/Final_Project/ros2_ws/build/ros2_weather_talk/build install --record /home/aaaa/Desktop/Smart-Mobility-Engineering-Lab/Final_Project/ros2_ws/build/ros2_weather_talk/install.log --install-scripts $base/lib/ros2_weather_talk --single-version-externally-managed
[2.295s] running egg_info
[2.296s] writing ../../build/ros2_weather_talk/ros2_weather_talk.egg-info/PKG-INFO
[2.297s] writing dependency_links to ../../build/ros2_weather_talk/ros2_weather_talk.egg-info/dependency_links.txt
[2.297s] writing entry points to ../../build/ros2_weather_talk/ros2_weather_talk.egg-info/entry_points.txt
[2.298s] writing requirements to ../../build/ros2_weather_talk/ros2_weather_talk.egg-info/requires.txt
[2.299s] writing top-level names to ../../build/ros2_weather_talk/ros2_weather_talk.egg-info/top_level.txt
[2.359s] reading manifest file '../../build/ros2_weather_talk/ros2_weather_talk.egg-info/SOURCES.txt'
[2.361s] writing manifest file '../../build/ros2_weather_talk/ros2_weather_talk.egg-info/SOURCES.txt'
[2.361s] running build
[2.361s] running build_py
[2.362s] running install
[2.363s] running install_lib
[2.365s] running install_data
[2.366s] running install_egg_info
[2.369s] removing '/home/aaaa/Desktop/Smart-Mobility-Engineering-Lab/Final_Project/ros2_ws/install/ros2_weather_talk/lib/python3.8/site-packages/ros2_weather_talk-0.0.0-py3.8.egg-info' (and everything under it)
[2.371s] Copying ../../build/ros2_weather_talk/ros2_weather_talk.egg-info to /home/aaaa/Desktop/Smart-Mobility-Engineering-Lab/Final_Project/ros2_ws/install/ros2_weather_talk/lib/python3.8/site-packages/ros2_weather_talk-0.0.0-py3.8.egg-info
[2.371s] running install_scripts
[2.400s] Installing weather_talk_publisher script to /home/aaaa/Desktop/Smart-Mobility-Engineering-Lab/Final_Project/ros2_ws/install/ros2_weather_talk/lib/ros2_weather_talk
[2.401s] Installing weather_talk_subscriber script to /home/aaaa/Desktop/Smart-Mobility-Engineering-Lab/Final_Project/ros2_ws/install/ros2_weather_talk/lib/ros2_weather_talk
[2.401s] writing list of installed files to '/home/aaaa/Desktop/Smart-Mobility-Engineering-Lab/Final_Project/ros2_ws/build/ros2_weather_talk/install.log'
[2.468s] Invoked command in '/home/aaaa/Desktop/Smart-Mobility-Engineering-Lab/Final_Project/ros2_ws/src/ros2_weather_talk' returned '0': PYTHONPATH=/home/aaaa/Desktop/Smart-Mobility-Engineering-Lab/Final_Project/ros2_ws/build/ros2_weather_talk/prefix_override:/home/aaaa/Desktop/Smart-Mobility-Engineering-Lab/Final_Project/ros2_ws/install/ros2_weather_talk/lib/python3.8/site-packages:${PYTHONPATH} /usr/bin/python3 setup.py egg_info --egg-base ../../build/ros2_weather_talk build --build-base /home/aaaa/Desktop/Smart-Mobility-Engineering-Lab/Final_Project/ros2_ws/build/ros2_weather_talk/build install --record /home/aaaa/Desktop/Smart-Mobility-Engineering-Lab/Final_Project/ros2_ws/build/ros2_weather_talk/install.log --install-scripts $base/lib/ros2_weather_talk --single-version-externally-managed
