[0.024s] Invoking command in '/home/aaaa/Desktop/Smart-Mobility-Engineering-Lab/final_project/ros2_ws/build/tutorial_interfaces': CMAKE_PREFIX_PATH=/home/aaaa/Desktop/Smart-Mobility-Engineering-Lab/final_project/ros2_ws/install/py_srvcli:/home/aaaa/Desktop/Smart-Mobility-Engineering-Lab/final_project/ros2_ws/install/py_pubsub:/home/aaaa/Desktop/Smart-Mobility-Engineering-Lab/final_project/ros2_ws/install/my_package1:/opt/ros/foxy /usr/bin/cmake /home/aaaa/Desktop/Smart-Mobility-Engineering-Lab/final_project/ros2_ws/src/tutorial_interfaces -DCMAKE_INSTALL_PREFIX=/home/aaaa/Desktop/Smart-Mobility-Engineering-Lab/final_project/ros2_ws/install/tutorial_interfaces
[0.294s] -- The C compiler identification is GNU 9.4.0
[0.489s] -- The CXX compiler identification is GNU 9.4.0
[0.503s] -- Check for working C compiler: /usr/bin/cc
[0.621s] -- Check for working C compiler: /usr/bin/cc -- works
[0.624s] -- Detecting C compiler ABI info
[0.746s] -- Detecting C compiler ABI info - done
[0.768s] -- Detecting C compile features
[0.770s] -- Detecting C compile features - done
[0.779s] -- Check for working CXX compiler: /usr/bin/c++
[0.913s] -- Check for working CXX compiler: /usr/bin/c++ -- works
[0.915s] -- Detecting CXX compiler ABI info
[1.044s] -- Detecting CXX compiler ABI info - done
[1.069s] -- Detecting CXX compile features
[1.070s] -- Detecting CXX compile features - done
[1.080s] -- Found ament_cmake: 0.9.12 (/opt/ros/foxy/share/ament_cmake/cmake)
[1.126s] -- Found PythonInterp: /usr/bin/python3 (found suitable version "3.8.10", minimum required is "3") 
[1.126s] -- Using PYTHON_EXECUTABLE: /usr/bin/python3
[1.467s] -- Found geometry_msgs: 2.0.5 (/opt/ros/foxy/share/geometry_msgs/cmake)
[1.540s] -- Using all available rosidl_typesupport_c: rosidl_typesupport_fastrtps_c;rosidl_typesupport_introspection_c
[1.557s] -- Found rosidl_adapter: 1.3.1 (/opt/ros/foxy/share/rosidl_adapter/cmake)
[1.759s] -- Found OpenSSL: /usr/lib/x86_64-linux-gnu/libcrypto.so (found version "1.1.1f")  
[1.809s] -- Found FastRTPS: /opt/ros/foxy/include  
[1.951s] -- Using all available rosidl_typesupport_cpp: rosidl_typesupport_fastrtps_cpp;rosidl_typesupport_introspection_cpp
[2.107s] -- Found rosidl_default_generators: 1.0.1 (/opt/ros/foxy/share/rosidl_default_generators/cmake)
[2.137s] CMake Error at /opt/ros/foxy/share/rosidl_cmake/cmake/rosidl_generate_interfaces.cmake:93 (message):
[2.138s]   rosidl_generate_interfaces() the passed file 'srv/AddThreeInts.srv' doesn't
[2.138s]   exist relative to the CMAKE_CURRENT_SOURCE_DIR
[2.138s]   '/home/aaaa/Desktop/Smart-Mobility-Engineering-Lab/final_project/ros2_ws/src/tutorial_interfaces'
[2.138s] Call Stack (most recent call first):
[2.138s]   CMakeLists.txt:24 (rosidl_generate_interfaces)
[2.138s] 
[2.138s] 
[2.140s] -- Configuring incomplete, errors occurred!
[2.140s] See also "/home/aaaa/Desktop/Smart-Mobility-Engineering-Lab/final_project/ros2_ws/build/tutorial_interfaces/CMakeFiles/CMakeOutput.log".
[2.153s] Invoked command in '/home/aaaa/Desktop/Smart-Mobility-Engineering-Lab/final_project/ros2_ws/build/tutorial_interfaces' returned '1': CMAKE_PREFIX_PATH=/home/aaaa/Desktop/Smart-Mobility-Engineering-Lab/final_project/ros2_ws/install/py_srvcli:/home/aaaa/Desktop/Smart-Mobility-Engineering-Lab/final_project/ros2_ws/install/py_pubsub:/home/aaaa/Desktop/Smart-Mobility-Engineering-Lab/final_project/ros2_ws/install/my_package1:/opt/ros/foxy /usr/bin/cmake /home/aaaa/Desktop/Smart-Mobility-Engineering-Lab/final_project/ros2_ws/src/tutorial_interfaces -DCMAKE_INSTALL_PREFIX=/home/aaaa/Desktop/Smart-Mobility-Engineering-Lab/final_project/ros2_ws/install/tutorial_interfaces
