[0.958s] Invoking command in '/home/aaaa/Desktop/week_7/math_operation/src/math_operations_action': PYTHONPATH=/home/aaaa/Desktop/week_7/math_operation/build/math_operations_action/prefix_override:/home/aaaa/Desktop/week_7/math_operation/install/math_operations_action/lib/python3.8/site-packages:${PYTHONPATH} /usr/bin/python3 setup.py egg_info --egg-base ../../build/math_operations_action build --build-base /home/aaaa/Desktop/week_7/math_operation/build/math_operations_action/build install --record /home/aaaa/Desktop/week_7/math_operation/build/math_operations_action/install.log --install-scripts $base/lib/math_operations_action --single-version-externally-managed
[1.288s] running egg_info
[1.289s] creating ../../build/math_operations_action/math_operations_action.egg-info
[1.289s] writing ../../build/math_operations_action/math_operations_action.egg-info/PKG-INFO
[1.289s] writing dependency_links to ../../build/math_operations_action/math_operations_action.egg-info/dependency_links.txt
[1.289s] writing entry points to ../../build/math_operations_action/math_operations_action.egg-info/entry_points.txt
[1.289s] writing requirements to ../../build/math_operations_action/math_operations_action.egg-info/requires.txt
[1.290s] writing top-level names to ../../build/math_operations_action/math_operations_action.egg-info/top_level.txt
[1.291s] writing manifest file '../../build/math_operations_action/math_operations_action.egg-info/SOURCES.txt'
[1.346s] reading manifest file '../../build/math_operations_action/math_operations_action.egg-info/SOURCES.txt'
[1.347s] writing manifest file '../../build/math_operations_action/math_operations_action.egg-info/SOURCES.txt'
[1.347s] running build
[1.348s] running build_py
[1.348s] creating /home/aaaa/Desktop/week_7/math_operation/build/math_operations_action/build
[1.348s] creating /home/aaaa/Desktop/week_7/math_operation/build/math_operations_action/build/lib
[1.348s] creating /home/aaaa/Desktop/week_7/math_operation/build/math_operations_action/build/lib/math_operations_action
[1.348s] copying math_operations_action/__init__.py -> /home/aaaa/Desktop/week_7/math_operation/build/math_operations_action/build/lib/math_operations_action
[1.348s] running install
[1.349s] running install_lib
[1.350s] creating /home/aaaa/Desktop/week_7/math_operation/install/math_operations_action/lib/python3.8/site-packages/math_operations_action
[1.350s] copying /home/aaaa/Desktop/week_7/math_operation/build/math_operations_action/build/lib/math_operations_action/__init__.py -> /home/aaaa/Desktop/week_7/math_operation/install/math_operations_action/lib/python3.8/site-packages/math_operations_action
[1.351s] byte-compiling /home/aaaa/Desktop/week_7/math_operation/install/math_operations_action/lib/python3.8/site-packages/math_operations_action/__init__.py to __init__.cpython-38.pyc
[1.353s] running install_data
[1.353s] creating /home/aaaa/Desktop/week_7/math_operation/install/math_operations_action/share/ament_index
[1.354s] creating /home/aaaa/Desktop/week_7/math_operation/install/math_operations_action/share/ament_index/resource_index
[1.354s] creating /home/aaaa/Desktop/week_7/math_operation/install/math_operations_action/share/ament_index/resource_index/packages
[1.354s] copying resource/math_operations_action -> /home/aaaa/Desktop/week_7/math_operation/install/math_operations_action/share/ament_index/resource_index/packages
[1.354s] copying package.xml -> /home/aaaa/Desktop/week_7/math_operation/install/math_operations_action/share/math_operations_action
[1.354s] running install_egg_info
[1.356s] Copying ../../build/math_operations_action/math_operations_action.egg-info to /home/aaaa/Desktop/week_7/math_operation/install/math_operations_action/lib/python3.8/site-packages/math_operations_action-0.0.0-py3.8.egg-info
[1.357s] running install_scripts
[1.381s] writing list of installed files to '/home/aaaa/Desktop/week_7/math_operation/build/math_operations_action/install.log'
[1.420s] Invoked command in '/home/aaaa/Desktop/week_7/math_operation/src/math_operations_action' returned '0': PYTHONPATH=/home/aaaa/Desktop/week_7/math_operation/build/math_operations_action/prefix_override:/home/aaaa/Desktop/week_7/math_operation/install/math_operations_action/lib/python3.8/site-packages:${PYTHONPATH} /usr/bin/python3 setup.py egg_info --egg-base ../../build/math_operations_action build --build-base /home/aaaa/Desktop/week_7/math_operation/build/math_operations_action/build install --record /home/aaaa/Desktop/week_7/math_operation/build/math_operations_action/install.log --install-scripts $base/lib/math_operations_action --single-version-externally-managed
