running egg_info
creating ../../build/ros2_weather_talk/ros2_weather_talk.egg-info
writing ../../build/ros2_weather_talk/ros2_weather_talk.egg-info/PKG-INFO
writing dependency_links to ../../build/ros2_weather_talk/ros2_weather_talk.egg-info/dependency_links.txt
writing entry points to ../../build/ros2_weather_talk/ros2_weather_talk.egg-info/entry_points.txt
writing requirements to ../../build/ros2_weather_talk/ros2_weather_talk.egg-info/requires.txt
writing top-level names to ../../build/ros2_weather_talk/ros2_weather_talk.egg-info/top_level.txt
writing manifest file '../../build/ros2_weather_talk/ros2_weather_talk.egg-info/SOURCES.txt'
reading manifest file '../../build/ros2_weather_talk/ros2_weather_talk.egg-info/SOURCES.txt'
writing manifest file '../../build/ros2_weather_talk/ros2_weather_talk.egg-info/SOURCES.txt'
running build
running build_py
creating /home/aaaa/Desktop/Smart-Mobility-Engineering-Lab/Final_Project_12200306/ros2_ws/build/ros2_weather_talk/build
creating /home/aaaa/Desktop/Smart-Mobility-Engineering-Lab/Final_Project_12200306/ros2_ws/build/ros2_weather_talk/build/lib
creating /home/aaaa/Desktop/Smart-Mobility-Engineering-Lab/Final_Project_12200306/ros2_ws/build/ros2_weather_talk/build/lib/ros2_weather_talk
copying ros2_weather_talk/__init__.py -> /home/aaaa/Desktop/Smart-Mobility-Engineering-Lab/Final_Project_12200306/ros2_ws/build/ros2_weather_talk/build/lib/ros2_weather_talk
running install
running install_lib
creating /home/aaaa/Desktop/Smart-Mobility-Engineering-Lab/Final_Project_12200306/ros2_ws/install/ros2_weather_talk/lib/python3.8/site-packages/ros2_weather_talk
copying /home/aaaa/Desktop/Smart-Mobility-Engineering-Lab/Final_Project_12200306/ros2_ws/build/ros2_weather_talk/build/lib/ros2_weather_talk/__init__.py -> /home/aaaa/Desktop/Smart-Mobility-Engineering-Lab/Final_Project_12200306/ros2_ws/install/ros2_weather_talk/lib/python3.8/site-packages/ros2_weather_talk
byte-compiling /home/aaaa/Desktop/Smart-Mobility-Engineering-Lab/Final_Project_12200306/ros2_ws/install/ros2_weather_talk/lib/python3.8/site-packages/ros2_weather_talk/__init__.py to __init__.cpython-38.pyc
running install_data
creating /home/aaaa/Desktop/Smart-Mobility-Engineering-Lab/Final_Project_12200306/ros2_ws/install/ros2_weather_talk/share/ament_index
creating /home/aaaa/Desktop/Smart-Mobility-Engineering-Lab/Final_Project_12200306/ros2_ws/install/ros2_weather_talk/share/ament_index/resource_index
creating /home/aaaa/Desktop/Smart-Mobility-Engineering-Lab/Final_Project_12200306/ros2_ws/install/ros2_weather_talk/share/ament_index/resource_index/packages
copying resource/ros2_weather_talk -> /home/aaaa/Desktop/Smart-Mobility-Engineering-Lab/Final_Project_12200306/ros2_ws/install/ros2_weather_talk/share/ament_index/resource_index/packages
copying package.xml -> /home/aaaa/Desktop/Smart-Mobility-Engineering-Lab/Final_Project_12200306/ros2_ws/install/ros2_weather_talk/share/ros2_weather_talk
running install_egg_info
Copying ../../build/ros2_weather_talk/ros2_weather_talk.egg-info to /home/aaaa/Desktop/Smart-Mobility-Engineering-Lab/Final_Project_12200306/ros2_ws/install/ros2_weather_talk/lib/python3.8/site-packages/ros2_weather_talk-0.0.0-py3.8.egg-info
running install_scripts
writing list of installed files to '/home/aaaa/Desktop/Smart-Mobility-Engineering-Lab/Final_Project_12200306/ros2_ws/build/ros2_weather_talk/install.log'
