[1.381s] Invoking command in '/home/aaaa/Desktop/Smart-Mobility-Engineering-Lab/Final_Project_12200306/ros2_ws/src/ros2_weather_talk': PYTHONPATH=/home/aaaa/Desktop/Smart-Mobility-Engineering-Lab/Final_Project_12200306/ros2_ws/build/ros2_weather_talk/prefix_override:/home/aaaa/Desktop/Smart-Mobility-Engineering-Lab/Final_Project_12200306/ros2_ws/install/ros2_weather_talk/lib/python3.8/site-packages:${PYTHONPATH} /usr/bin/python3 setup.py egg_info --egg-base ../../build/ros2_weather_talk build --build-base /home/aaaa/Desktop/Smart-Mobility-Engineering-Lab/Final_Project_12200306/ros2_ws/build/ros2_weather_talk/build install --record /home/aaaa/Desktop/Smart-Mobility-Engineering-Lab/Final_Project_12200306/ros2_ws/build/ros2_weather_talk/install.log --install-scripts $base/lib/ros2_weather_talk --single-version-externally-managed
[1.741s] running egg_info
[1.742s] creating ../../build/ros2_weather_talk/ros2_weather_talk.egg-info
[1.742s] writing ../../build/ros2_weather_talk/ros2_weather_talk.egg-info/PKG-INFO
[1.744s] writing dependency_links to ../../build/ros2_weather_talk/ros2_weather_talk.egg-info/dependency_links.txt
[1.744s] writing entry points to ../../build/ros2_weather_talk/ros2_weather_talk.egg-info/entry_points.txt
[1.744s] writing requirements to ../../build/ros2_weather_talk/ros2_weather_talk.egg-info/requires.txt
[1.744s] writing top-level names to ../../build/ros2_weather_talk/ros2_weather_talk.egg-info/top_level.txt
[1.746s] writing manifest file '../../build/ros2_weather_talk/ros2_weather_talk.egg-info/SOURCES.txt'
[1.832s] reading manifest file '../../build/ros2_weather_talk/ros2_weather_talk.egg-info/SOURCES.txt'
[1.834s] writing manifest file '../../build/ros2_weather_talk/ros2_weather_talk.egg-info/SOURCES.txt'
[1.834s] running build
[1.834s] running build_py
[1.834s] creating /home/aaaa/Desktop/Smart-Mobility-Engineering-Lab/Final_Project_12200306/ros2_ws/build/ros2_weather_talk/build
[1.834s] creating /home/aaaa/Desktop/Smart-Mobility-Engineering-Lab/Final_Project_12200306/ros2_ws/build/ros2_weather_talk/build/lib
[1.835s] creating /home/aaaa/Desktop/Smart-Mobility-Engineering-Lab/Final_Project_12200306/ros2_ws/build/ros2_weather_talk/build/lib/ros2_weather_talk
[1.835s] copying ros2_weather_talk/__init__.py -> /home/aaaa/Desktop/Smart-Mobility-Engineering-Lab/Final_Project_12200306/ros2_ws/build/ros2_weather_talk/build/lib/ros2_weather_talk
[1.835s] running install
[1.836s] running install_lib
[1.839s] creating /home/aaaa/Desktop/Smart-Mobility-Engineering-Lab/Final_Project_12200306/ros2_ws/install/ros2_weather_talk/lib/python3.8/site-packages/ros2_weather_talk
[1.839s] copying /home/aaaa/Desktop/Smart-Mobility-Engineering-Lab/Final_Project_12200306/ros2_ws/build/ros2_weather_talk/build/lib/ros2_weather_talk/__init__.py -> /home/aaaa/Desktop/Smart-Mobility-Engineering-Lab/Final_Project_12200306/ros2_ws/install/ros2_weather_talk/lib/python3.8/site-packages/ros2_weather_talk
[1.840s] byte-compiling /home/aaaa/Desktop/Smart-Mobility-Engineering-Lab/Final_Project_12200306/ros2_ws/install/ros2_weather_talk/lib/python3.8/site-packages/ros2_weather_talk/__init__.py to __init__.cpython-38.pyc
[1.842s] running install_data
[1.844s] creating /home/aaaa/Desktop/Smart-Mobility-Engineering-Lab/Final_Project_12200306/ros2_ws/install/ros2_weather_talk/share/ament_index
[1.844s] creating /home/aaaa/Desktop/Smart-Mobility-Engineering-Lab/Final_Project_12200306/ros2_ws/install/ros2_weather_talk/share/ament_index/resource_index
[1.844s] creating /home/aaaa/Desktop/Smart-Mobility-Engineering-Lab/Final_Project_12200306/ros2_ws/install/ros2_weather_talk/share/ament_index/resource_index/packages
[1.844s] copying resource/ros2_weather_talk -> /home/aaaa/Desktop/Smart-Mobility-Engineering-Lab/Final_Project_12200306/ros2_ws/install/ros2_weather_talk/share/ament_index/resource_index/packages
[1.845s] copying package.xml -> /home/aaaa/Desktop/Smart-Mobility-Engineering-Lab/Final_Project_12200306/ros2_ws/install/ros2_weather_talk/share/ros2_weather_talk
[1.845s] running install_egg_info
[1.847s] Copying ../../build/ros2_weather_talk/ros2_weather_talk.egg-info to /home/aaaa/Desktop/Smart-Mobility-Engineering-Lab/Final_Project_12200306/ros2_ws/install/ros2_weather_talk/lib/python3.8/site-packages/ros2_weather_talk-0.0.0-py3.8.egg-info
[1.849s] running install_scripts
[1.885s] writing list of installed files to '/home/aaaa/Desktop/Smart-Mobility-Engineering-Lab/Final_Project_12200306/ros2_ws/build/ros2_weather_talk/install.log'
[1.939s] Invoked command in '/home/aaaa/Desktop/Smart-Mobility-Engineering-Lab/Final_Project_12200306/ros2_ws/src/ros2_weather_talk' returned '0': PYTHONPATH=/home/aaaa/Desktop/Smart-Mobility-Engineering-Lab/Final_Project_12200306/ros2_ws/build/ros2_weather_talk/prefix_override:/home/aaaa/Desktop/Smart-Mobility-Engineering-Lab/Final_Project_12200306/ros2_ws/install/ros2_weather_talk/lib/python3.8/site-packages:${PYTHONPATH} /usr/bin/python3 setup.py egg_info --egg-base ../../build/ros2_weather_talk build --build-base /home/aaaa/Desktop/Smart-Mobility-Engineering-Lab/Final_Project_12200306/ros2_ws/build/ros2_weather_talk/build install --record /home/aaaa/Desktop/Smart-Mobility-Engineering-Lab/Final_Project_12200306/ros2_ws/build/ros2_weather_talk/install.log --install-scripts $base/lib/ros2_weather_talk --single-version-externally-managed
