[0.432s] DEBUG:colcon:Command line arguments: ['/usr/bin/colcon', 'build']
[0.432s] DEBUG:colcon:Parsed command line arguments: Namespace(allow_overriding=[], ament_cmake_args=None, base_paths=['.'], build_base='build', catkin_cmake_args=None, catkin_skip_building_tests=False, cmake_args=None, cmake_clean_cache=False, cmake_clean_first=False, cmake_force_configure=False, cmake_target=None, cmake_target_skip_unavailable=False, continue_on_error=False, event_handlers=None, executor='parallel', ignore_user_meta=False, install_base='install', log_base=None, log_level=None, main=<bound method BuildVerb.main of <colcon_core.verb.build.BuildVerb object at 0x7f1f622fe430>>, merge_install=False, metas=['./colcon.meta'], packages_above=None, packages_above_and_dependencies=None, packages_above_depth=None, packages_end=None, packages_ignore=None, packages_ignore_regex=None, packages_select=None, packages_select_build_failed=False, packages_select_by_dep=None, packages_select_regex=None, packages_select_test_failures=False, packages_skip=None, packages_skip_build_finished=False, packages_skip_by_dep=None, packages_skip_regex=None, packages_skip_test_passed=False, packages_skip_up_to=None, packages_start=None, packages_up_to=None, packages_up_to_regex=None, parallel_workers=4, paths=None, symlink_install=False, test_result_base=None, verb_extension=<colcon_core.verb.build.BuildVerb object at 0x7f1f622fe430>, verb_name='build', verb_parser=<colcon_defaults.argument_parser.defaults.DefaultArgumentsDecorator object at 0x7f1f622fe970>)
[0.487s] Level 1:colcon.colcon_core.package_discovery:discover_packages(colcon_meta) check parameters
[0.488s] Level 1:colcon.colcon_core.package_discovery:discover_packages(recursive) check parameters
[0.488s] Level 1:colcon.colcon_core.package_discovery:discover_packages(ignore) check parameters
[0.488s] Level 1:colcon.colcon_core.package_discovery:discover_packages(path) check parameters
[0.488s] Level 1:colcon.colcon_core.package_discovery:discover_packages(colcon_meta) discover
[0.488s] Level 1:colcon.colcon_core.package_discovery:discover_packages(recursive) discover
[0.488s] INFO:colcon.colcon_core.package_discovery:Crawling recursively for packages in '/home/aaaa/Desktop/week_7/math_operation'
[0.488s] Level 1:colcon.colcon_core.package_identification:_identify(.) by extensions ['ignore', 'ignore_ament_install']
[0.488s] Level 1:colcon.colcon_core.package_identification:_identify(.) by extension 'ignore'
[0.489s] Level 1:colcon.colcon_core.package_identification:_identify(.) by extension 'ignore_ament_install'
[0.489s] Level 1:colcon.colcon_core.package_identification:_identify(.) by extensions ['colcon_pkg']
[0.489s] Level 1:colcon.colcon_core.package_identification:_identify(.) by extension 'colcon_pkg'
[0.489s] Level 1:colcon.colcon_core.package_identification:_identify(.) by extensions ['colcon_meta']
[0.489s] Level 1:colcon.colcon_core.package_identification:_identify(.) by extension 'colcon_meta'
[0.489s] Level 1:colcon.colcon_core.package_identification:_identify(.) by extensions ['ros']
[0.489s] Level 1:colcon.colcon_core.package_identification:_identify(.) by extension 'ros'
[0.532s] Level 1:colcon.colcon_core.package_identification:_identify(.) by extensions ['cmake', 'python']
[0.532s] Level 1:colcon.colcon_core.package_identification:_identify(.) by extension 'cmake'
[0.532s] Level 1:colcon.colcon_core.package_identification:_identify(.) by extension 'python'
[0.533s] Level 1:colcon.colcon_core.package_identification:_identify(.) by extensions ['python_setup_py']
[0.533s] Level 1:colcon.colcon_core.package_identification:_identify(.) by extension 'python_setup_py'
[0.533s] Level 1:colcon.colcon_core.package_identification:_identify(build) by extensions ['ignore', 'ignore_ament_install']
[0.533s] Level 1:colcon.colcon_core.package_identification:_identify(build) by extension 'ignore'
[0.533s] Level 1:colcon.colcon_core.package_identification:_identify(build) ignored
[0.533s] Level 1:colcon.colcon_core.package_identification:_identify(install) by extensions ['ignore', 'ignore_ament_install']
[0.534s] Level 1:colcon.colcon_core.package_identification:_identify(install) by extension 'ignore'
[0.534s] Level 1:colcon.colcon_core.package_identification:_identify(install) ignored
[0.534s] Level 1:colcon.colcon_core.package_identification:_identify(log) by extensions ['ignore', 'ignore_ament_install']
[0.534s] Level 1:colcon.colcon_core.package_identification:_identify(log) by extension 'ignore'
[0.534s] Level 1:colcon.colcon_core.package_identification:_identify(log) ignored
[0.534s] Level 1:colcon.colcon_core.package_identification:_identify(src) by extensions ['ignore', 'ignore_ament_install']
[0.535s] Level 1:colcon.colcon_core.package_identification:_identify(src) by extension 'ignore'
[0.535s] Level 1:colcon.colcon_core.package_identification:_identify(src) by extension 'ignore_ament_install'
[0.535s] Level 1:colcon.colcon_core.package_identification:_identify(src) by extensions ['colcon_pkg']
[0.535s] Level 1:colcon.colcon_core.package_identification:_identify(src) by extension 'colcon_pkg'
[0.535s] Level 1:colcon.colcon_core.package_identification:_identify(src) by extensions ['colcon_meta']
[0.535s] Level 1:colcon.colcon_core.package_identification:_identify(src) by extension 'colcon_meta'
[0.535s] Level 1:colcon.colcon_core.package_identification:_identify(src) by extensions ['ros']
[0.535s] Level 1:colcon.colcon_core.package_identification:_identify(src) by extension 'ros'
[0.536s] Level 1:colcon.colcon_core.package_identification:_identify(src) by extensions ['cmake', 'python']
[0.536s] Level 1:colcon.colcon_core.package_identification:_identify(src) by extension 'cmake'
[0.536s] Level 1:colcon.colcon_core.package_identification:_identify(src) by extension 'python'
[0.536s] Level 1:colcon.colcon_core.package_identification:_identify(src) by extensions ['python_setup_py']
[0.536s] Level 1:colcon.colcon_core.package_identification:_identify(src) by extension 'python_setup_py'
[0.536s] Level 1:colcon.colcon_core.package_identification:_identify(src/math_operations_action) by extensions ['ignore', 'ignore_ament_install']
[0.537s] Level 1:colcon.colcon_core.package_identification:_identify(src/math_operations_action) by extension 'ignore'
[0.537s] Level 1:colcon.colcon_core.package_identification:_identify(src/math_operations_action) by extension 'ignore_ament_install'
[0.537s] Level 1:colcon.colcon_core.package_identification:_identify(src/math_operations_action) by extensions ['colcon_pkg']
[0.537s] Level 1:colcon.colcon_core.package_identification:_identify(src/math_operations_action) by extension 'colcon_pkg'
[0.537s] Level 1:colcon.colcon_core.package_identification:_identify(src/math_operations_action) by extensions ['colcon_meta']
[0.537s] Level 1:colcon.colcon_core.package_identification:_identify(src/math_operations_action) by extension 'colcon_meta'
[0.537s] Level 1:colcon.colcon_core.package_identification:_identify(src/math_operations_action) by extensions ['ros']
[0.537s] Level 1:colcon.colcon_core.package_identification:_identify(src/math_operations_action) by extension 'ros'
[0.543s] DEBUG:colcon.colcon_core.package_identification:Package 'src/math_operations_action' with type 'ros.ament_python' and name 'math_operations_action'
[0.543s] Level 1:colcon.colcon_core.package_discovery:discover_packages(recursive) using defaults
[0.543s] Level 1:colcon.colcon_core.package_discovery:discover_packages(ignore) discover
[0.543s] Level 1:colcon.colcon_core.package_discovery:discover_packages(ignore) using defaults
[0.544s] Level 1:colcon.colcon_core.package_discovery:discover_packages(path) discover
[0.544s] Level 1:colcon.colcon_core.package_discovery:discover_packages(path) using defaults
[0.583s] Level 1:colcon.colcon_core.package_discovery:discover_packages(prefix_path) check parameters
[0.583s] Level 1:colcon.colcon_core.package_discovery:discover_packages(prefix_path) discover
[0.587s] DEBUG:colcon.colcon_installed_package_information.package_discovery:Found 1 installed packages in /home/aaaa/ros2_ws/install
[0.589s] DEBUG:colcon.colcon_installed_package_information.package_discovery:Found 0 installed packages in /home/aaaa/ros2_workspace2/install
[0.590s] DEBUG:colcon.colcon_installed_package_information.package_discovery:Found 0 installed packages in /home/aaaa/ros2_workspace/src/math_operations_action/scripts/install
[0.591s] DEBUG:colcon.colcon_installed_package_information.package_discovery:Found 1 installed packages in /home/aaaa/ros2_workspace/install
[0.593s] DEBUG:colcon.colcon_installed_package_information.package_discovery:Found 1 installed packages in /home/aaaa/Desktop/week_7/math_operation/install
[0.596s] DEBUG:colcon.colcon_installed_package_information.package_discovery:Found 1 installed packages in /home/aaaa/Desktop/week_7/math_operation/src/math_operations_action/install
[0.599s] DEBUG:colcon.colcon_installed_package_information.package_discovery:Found 0 installed packages in /home/aaaa/colcon_ws/install
[0.602s] DEBUG:colcon.colcon_installed_package_information.package_discovery:Found 334 installed packages in /opt/ros/foxy
[0.607s] Level 1:colcon.colcon_core.package_discovery:discover_packages(prefix_path) using defaults
[0.749s] Level 5:colcon.colcon_core.verb:set package 'math_operations_action' build argument 'cmake_args' from command line to 'None'
[0.750s] Level 5:colcon.colcon_core.verb:set package 'math_operations_action' build argument 'cmake_target' from command line to 'None'
[0.750s] Level 5:colcon.colcon_core.verb:set package 'math_operations_action' build argument 'cmake_target_skip_unavailable' from command line to 'False'
[0.750s] Level 5:colcon.colcon_core.verb:set package 'math_operations_action' build argument 'cmake_clean_cache' from command line to 'False'
[0.750s] Level 5:colcon.colcon_core.verb:set package 'math_operations_action' build argument 'cmake_clean_first' from command line to 'False'
[0.750s] Level 5:colcon.colcon_core.verb:set package 'math_operations_action' build argument 'cmake_force_configure' from command line to 'False'
[0.750s] Level 5:colcon.colcon_core.verb:set package 'math_operations_action' build argument 'ament_cmake_args' from command line to 'None'
[0.750s] Level 5:colcon.colcon_core.verb:set package 'math_operations_action' build argument 'catkin_cmake_args' from command line to 'None'
[0.750s] Level 5:colcon.colcon_core.verb:set package 'math_operations_action' build argument 'catkin_skip_building_tests' from command line to 'False'
[0.750s] DEBUG:colcon.colcon_core.verb:Building package 'math_operations_action' with the following arguments: {'ament_cmake_args': None, 'build_base': '/home/aaaa/Desktop/week_7/math_operation/build/math_operations_action', 'catkin_cmake_args': None, 'catkin_skip_building_tests': False, 'cmake_args': None, 'cmake_clean_cache': False, 'cmake_clean_first': False, 'cmake_force_configure': False, 'cmake_target': None, 'cmake_target_skip_unavailable': False, 'install_base': '/home/aaaa/Desktop/week_7/math_operation/install/math_operations_action', 'merge_install': False, 'path': '/home/aaaa/Desktop/week_7/math_operation/src/math_operations_action', 'symlink_install': False, 'test_result_base': None}
[0.752s] INFO:colcon.colcon_core.executor:Executing jobs using 'parallel' executor
[0.757s] DEBUG:colcon.colcon_parallel_executor.executor.parallel:run_until_complete
[0.757s] INFO:colcon.colcon_ros.task.ament_python.build:Building ROS package in '/home/aaaa/Desktop/week_7/math_operation/src/math_operations_action' with build type 'ament_python'
[0.757s] Level 1:colcon.colcon_core.shell:create_environment_hook('math_operations_action', 'ament_prefix_path')
[0.764s] INFO:colcon.colcon_core.plugin_system:Skipping extension 'colcon_core.shell.bat': Not used on non-Windows systems
[0.765s] INFO:colcon.colcon_core.shell:Creating environment hook '/home/aaaa/Desktop/week_7/math_operation/install/math_operations_action/share/math_operations_action/hook/ament_prefix_path.ps1'
[0.765s] INFO:colcon.colcon_core.shell:Creating environment descriptor '/home/aaaa/Desktop/week_7/math_operation/install/math_operations_action/share/math_operations_action/hook/ament_prefix_path.dsv'
[0.766s] INFO:colcon.colcon_core.shell:Creating environment hook '/home/aaaa/Desktop/week_7/math_operation/install/math_operations_action/share/math_operations_action/hook/ament_prefix_path.sh'
[0.769s] INFO:colcon.colcon_core.shell:Skip shell extension 'powershell' for command environment: Not usable outside of PowerShell
[0.769s] DEBUG:colcon.colcon_core.shell:Skip shell extension 'dsv' for command environment
[1.187s] INFO:colcon.colcon_core.task.python.build:Building Python package in '/home/aaaa/Desktop/week_7/math_operation/src/math_operations_action'
[1.193s] INFO:colcon.colcon_core.shell:Skip shell extension 'powershell' for command environment: Not usable outside of PowerShell
[1.193s] DEBUG:colcon.colcon_core.shell:Skip shell extension 'dsv' for command environment
[1.856s] DEBUG:colcon.colcon_core.event_handler.log_command:Invoking command in '/home/aaaa/Desktop/week_7/math_operation/src/math_operations_action': PYTHONPATH=/home/aaaa/Desktop/week_7/math_operation/build/math_operations_action/prefix_override:/home/aaaa/Desktop/week_7/math_operation/install/math_operations_action/lib/python3.8/site-packages:${PYTHONPATH} /usr/bin/python3 setup.py egg_info --egg-base ../../build/math_operations_action build --build-base /home/aaaa/Desktop/week_7/math_operation/build/math_operations_action/build install --record /home/aaaa/Desktop/week_7/math_operation/build/math_operations_action/install.log --install-scripts $base/lib/math_operations_action --single-version-externally-managed
[2.296s] DEBUG:colcon.colcon_core.event_handler.log_command:Invoked command in '/home/aaaa/Desktop/week_7/math_operation/src/math_operations_action' returned '0': PYTHONPATH=/home/aaaa/Desktop/week_7/math_operation/build/math_operations_action/prefix_override:/home/aaaa/Desktop/week_7/math_operation/install/math_operations_action/lib/python3.8/site-packages:${PYTHONPATH} /usr/bin/python3 setup.py egg_info --egg-base ../../build/math_operations_action build --build-base /home/aaaa/Desktop/week_7/math_operation/build/math_operations_action/build install --record /home/aaaa/Desktop/week_7/math_operation/build/math_operations_action/install.log --install-scripts $base/lib/math_operations_action --single-version-externally-managed
[2.309s] Level 1:colcon.colcon_core.environment:checking '/home/aaaa/Desktop/week_7/math_operation/install/math_operations_action' for CMake module files
[2.310s] Level 1:colcon.colcon_core.environment:checking '/home/aaaa/Desktop/week_7/math_operation/install/math_operations_action' for CMake config files
[2.311s] Level 1:colcon.colcon_core.environment:checking '/home/aaaa/Desktop/week_7/math_operation/install/math_operations_action/lib'
[2.312s] Level 1:colcon.colcon_core.environment:checking '/home/aaaa/Desktop/week_7/math_operation/install/math_operations_action/bin'
[2.312s] Level 1:colcon.colcon_core.environment:checking '/home/aaaa/Desktop/week_7/math_operation/install/math_operations_action/lib/pkgconfig/math_operations_action.pc'
[2.313s] Level 1:colcon.colcon_core.environment:checking '/home/aaaa/Desktop/week_7/math_operation/install/math_operations_action/lib/python3.8/site-packages'
[2.313s] Level 1:colcon.colcon_core.shell:create_environment_hook('math_operations_action', 'pythonpath')
[2.317s] INFO:colcon.colcon_core.shell:Creating environment hook '/home/aaaa/Desktop/week_7/math_operation/install/math_operations_action/share/math_operations_action/hook/pythonpath.ps1'
[2.318s] INFO:colcon.colcon_core.shell:Creating environment descriptor '/home/aaaa/Desktop/week_7/math_operation/install/math_operations_action/share/math_operations_action/hook/pythonpath.dsv'
[2.319s] INFO:colcon.colcon_core.shell:Creating environment hook '/home/aaaa/Desktop/week_7/math_operation/install/math_operations_action/share/math_operations_action/hook/pythonpath.sh'
[2.320s] Level 1:colcon.colcon_core.environment:checking '/home/aaaa/Desktop/week_7/math_operation/install/math_operations_action/bin'
[2.320s] Level 1:colcon.colcon_core.environment:create_environment_scripts_only(math_operations_action)
[2.323s] INFO:colcon.colcon_core.shell:Creating package script '/home/aaaa/Desktop/week_7/math_operation/install/math_operations_action/share/math_operations_action/package.ps1'
[2.324s] INFO:colcon.colcon_core.shell:Creating package descriptor '/home/aaaa/Desktop/week_7/math_operation/install/math_operations_action/share/math_operations_action/package.dsv'
[2.325s] INFO:colcon.colcon_core.shell:Creating package script '/home/aaaa/Desktop/week_7/math_operation/install/math_operations_action/share/math_operations_action/package.sh'
[2.326s] INFO:colcon.colcon_core.shell:Creating package script '/home/aaaa/Desktop/week_7/math_operation/install/math_operations_action/share/math_operations_action/package.bash'
[2.327s] INFO:colcon.colcon_core.shell:Creating package script '/home/aaaa/Desktop/week_7/math_operation/install/math_operations_action/share/math_operations_action/package.zsh'
[2.328s] Level 1:colcon.colcon_core.environment:create_file_with_runtime_dependencies(/home/aaaa/Desktop/week_7/math_operation/install/math_operations_action/share/colcon-core/packages/math_operations_action)
[2.329s] DEBUG:colcon.colcon_parallel_executor.executor.parallel:closing loop
[2.330s] DEBUG:colcon.colcon_parallel_executor.executor.parallel:loop closed
[2.330s] DEBUG:colcon.colcon_parallel_executor.executor.parallel:run_until_complete finished with '0'
[2.330s] DEBUG:colcon.colcon_core.event_reactor:joining thread
[2.342s] INFO:colcon.colcon_core.plugin_system:Skipping extension 'colcon_notification.desktop_notification.terminal_notifier': Not used on non-Darwin systems
[2.342s] INFO:colcon.colcon_core.plugin_system:Skipping extension 'colcon_notification.desktop_notification.win32': Not used on non-Windows systems
[2.343s] INFO:colcon.colcon_notification.desktop_notification:Sending desktop notification using 'notify2'
[2.366s] DEBUG:colcon.colcon_core.event_reactor:joined thread
[2.371s] INFO:colcon.colcon_core.shell:Creating prefix script '/home/aaaa/Desktop/week_7/math_operation/install/local_setup.ps1'
[2.374s] INFO:colcon.colcon_core.shell:Creating prefix util module '/home/aaaa/Desktop/week_7/math_operation/install/_local_setup_util_ps1.py'
[2.377s] INFO:colcon.colcon_core.shell:Creating prefix chain script '/home/aaaa/Desktop/week_7/math_operation/install/setup.ps1'
[2.381s] INFO:colcon.colcon_core.shell:Creating prefix script '/home/aaaa/Desktop/week_7/math_operation/install/local_setup.sh'
[2.383s] INFO:colcon.colcon_core.shell:Creating prefix util module '/home/aaaa/Desktop/week_7/math_operation/install/_local_setup_util_sh.py'
[2.384s] INFO:colcon.colcon_core.shell:Creating prefix chain script '/home/aaaa/Desktop/week_7/math_operation/install/setup.sh'
[2.388s] INFO:colcon.colcon_core.shell:Creating prefix script '/home/aaaa/Desktop/week_7/math_operation/install/local_setup.bash'
[2.389s] INFO:colcon.colcon_core.shell:Creating prefix chain script '/home/aaaa/Desktop/week_7/math_operation/install/setup.bash'
[2.394s] INFO:colcon.colcon_core.shell:Creating prefix script '/home/aaaa/Desktop/week_7/math_operation/install/local_setup.zsh'
[2.397s] INFO:colcon.colcon_core.shell:Creating prefix chain script '/home/aaaa/Desktop/week_7/math_operation/install/setup.zsh'
