running egg_info
writing ../../build/ros2_weather_talk/ros2_weather_talk.egg-info/PKG-INFO
writing dependency_links to ../../build/ros2_weather_talk/ros2_weather_talk.egg-info/dependency_links.txt
writing entry points to ../../build/ros2_weather_talk/ros2_weather_talk.egg-info/entry_points.txt
writing requirements to ../../build/ros2_weather_talk/ros2_weather_talk.egg-info/requires.txt
writing top-level names to ../../build/ros2_weather_talk/ros2_weather_talk.egg-info/top_level.txt
reading manifest file '../../build/ros2_weather_talk/ros2_weather_talk.egg-info/SOURCES.txt'
writing manifest file '../../build/ros2_weather_talk/ros2_weather_talk.egg-info/SOURCES.txt'
running build
running build_py
copying ros2_weather_talk/weather_talk_subscriber.py -> /home/aaaa/Desktop/Smart-Mobility-Engineering-Lab/Final_Project/ros2_ws/build/ros2_weather_talk/build/lib/ros2_weather_talk
running install
running install_lib
copying /home/aaaa/Desktop/Smart-Mobility-Engineering-Lab/Final_Project/ros2_ws/build/ros2_weather_talk/build/lib/ros2_weather_talk/weather_talk_subscriber.py -> /home/aaaa/Desktop/Smart-Mobility-Engineering-Lab/Final_Project/ros2_ws/install/ros2_weather_talk/lib/python3.8/site-packages/ros2_weather_talk
byte-compiling /home/aaaa/Desktop/Smart-Mobility-Engineering-Lab/Final_Project/ros2_ws/install/ros2_weather_talk/lib/python3.8/site-packages/ros2_weather_talk/weather_talk_subscriber.py to weather_talk_subscriber.cpython-38.pyc
running install_data
running install_egg_info
removing '/home/aaaa/Desktop/Smart-Mobility-Engineering-Lab/Final_Project/ros2_ws/install/ros2_weather_talk/lib/python3.8/site-packages/ros2_weather_talk-0.0.0-py3.8.egg-info' (and everything under it)
Copying ../../build/ros2_weather_talk/ros2_weather_talk.egg-info to /home/aaaa/Desktop/Smart-Mobility-Engineering-Lab/Final_Project/ros2_ws/install/ros2_weather_talk/lib/python3.8/site-packages/ros2_weather_talk-0.0.0-py3.8.egg-info
running install_scripts
Installing weather_talk_publisher script to /home/aaaa/Desktop/Smart-Mobility-Engineering-Lab/Final_Project/ros2_ws/install/ros2_weather_talk/lib/ros2_weather_talk
Installing weather_talk_subscriber script to /home/aaaa/Desktop/Smart-Mobility-Engineering-Lab/Final_Project/ros2_ws/install/ros2_weather_talk/lib/ros2_weather_talk
writing list of installed files to '/home/aaaa/Desktop/Smart-Mobility-Engineering-Lab/Final_Project/ros2_ws/build/ros2_weather_talk/install.log'
