running egg_info
creating ../../build/room_temperature_pkg/room_temperature_pkg.egg-info
writing ../../build/room_temperature_pkg/room_temperature_pkg.egg-info/PKG-INFO
writing dependency_links to ../../build/room_temperature_pkg/room_temperature_pkg.egg-info/dependency_links.txt
writing entry points to ../../build/room_temperature_pkg/room_temperature_pkg.egg-info/entry_points.txt
writing requirements to ../../build/room_temperature_pkg/room_temperature_pkg.egg-info/requires.txt
writing top-level names to ../../build/room_temperature_pkg/room_temperature_pkg.egg-info/top_level.txt
writing manifest file '../../build/room_temperature_pkg/room_temperature_pkg.egg-info/SOURCES.txt'
reading manifest file '../../build/room_temperature_pkg/room_temperature_pkg.egg-info/SOURCES.txt'
writing manifest file '../../build/room_temperature_pkg/room_temperature_pkg.egg-info/SOURCES.txt'
running build
running build_py
creating /home/aaaa/Desktop/Smart-Mobility-Engineering-Lab/Final_Project_12200306/ros2_ws/build/room_temperature_pkg/build
creating /home/aaaa/Desktop/Smart-Mobility-Engineering-Lab/Final_Project_12200306/ros2_ws/build/room_temperature_pkg/build/lib
creating /home/aaaa/Desktop/Smart-Mobility-Engineering-Lab/Final_Project_12200306/ros2_ws/build/room_temperature_pkg/build/lib/room_temperature_pkg
copying room_temperature_pkg/__init__.py -> /home/aaaa/Desktop/Smart-Mobility-Engineering-Lab/Final_Project_12200306/ros2_ws/build/room_temperature_pkg/build/lib/room_temperature_pkg
running install
running install_lib
creating /home/aaaa/Desktop/Smart-Mobility-Engineering-Lab/Final_Project_12200306/ros2_ws/install/room_temperature_pkg/lib/python3.8/site-packages/room_temperature_pkg
copying /home/aaaa/Desktop/Smart-Mobility-Engineering-Lab/Final_Project_12200306/ros2_ws/build/room_temperature_pkg/build/lib/room_temperature_pkg/__init__.py -> /home/aaaa/Desktop/Smart-Mobility-Engineering-Lab/Final_Project_12200306/ros2_ws/install/room_temperature_pkg/lib/python3.8/site-packages/room_temperature_pkg
byte-compiling /home/aaaa/Desktop/Smart-Mobility-Engineering-Lab/Final_Project_12200306/ros2_ws/install/room_temperature_pkg/lib/python3.8/site-packages/room_temperature_pkg/__init__.py to __init__.cpython-38.pyc
running install_data
creating /home/aaaa/Desktop/Smart-Mobility-Engineering-Lab/Final_Project_12200306/ros2_ws/install/room_temperature_pkg/share/ament_index
creating /home/aaaa/Desktop/Smart-Mobility-Engineering-Lab/Final_Project_12200306/ros2_ws/install/room_temperature_pkg/share/ament_index/resource_index
creating /home/aaaa/Desktop/Smart-Mobility-Engineering-Lab/Final_Project_12200306/ros2_ws/install/room_temperature_pkg/share/ament_index/resource_index/packages
copying resource/room_temperature_pkg -> /home/aaaa/Desktop/Smart-Mobility-Engineering-Lab/Final_Project_12200306/ros2_ws/install/room_temperature_pkg/share/ament_index/resource_index/packages
copying package.xml -> /home/aaaa/Desktop/Smart-Mobility-Engineering-Lab/Final_Project_12200306/ros2_ws/install/room_temperature_pkg/share/room_temperature_pkg
running install_egg_info
Copying ../../build/room_temperature_pkg/room_temperature_pkg.egg-info to /home/aaaa/Desktop/Smart-Mobility-Engineering-Lab/Final_Project_12200306/ros2_ws/install/room_temperature_pkg/lib/python3.8/site-packages/room_temperature_pkg-0.0.0-py3.8.egg-info
running install_scripts
Installing temp_publisher script to /home/aaaa/Desktop/Smart-Mobility-Engineering-Lab/Final_Project_12200306/ros2_ws/install/room_temperature_pkg/lib/room_temperature_pkg
Installing temp_subscriber script to /home/aaaa/Desktop/Smart-Mobility-Engineering-Lab/Final_Project_12200306/ros2_ws/install/room_temperature_pkg/lib/room_temperature_pkg
writing list of installed files to '/home/aaaa/Desktop/Smart-Mobility-Engineering-Lab/Final_Project_12200306/ros2_ws/build/room_temperature_pkg/install.log'
