[1.421s] Invoking command in '/home/aaaa/Desktop/Smart-Mobility-Engineering-Lab/Final_Project_12200306/ros2_ws/src/room_temperature_pkg': PYTHONPATH=/home/aaaa/Desktop/Smart-Mobility-Engineering-Lab/Final_Project_12200306/ros2_ws/build/room_temperature_pkg/prefix_override:/home/aaaa/Desktop/Smart-Mobility-Engineering-Lab/Final_Project_12200306/ros2_ws/install/room_temperature_pkg/lib/python3.8/site-packages:${PYTHONPATH} /usr/bin/python3 setup.py egg_info --egg-base ../../build/room_temperature_pkg build --build-base /home/aaaa/Desktop/Smart-Mobility-Engineering-Lab/Final_Project_12200306/ros2_ws/build/room_temperature_pkg/build install --record /home/aaaa/Desktop/Smart-Mobility-Engineering-Lab/Final_Project_12200306/ros2_ws/build/room_temperature_pkg/install.log --install-scripts $base/lib/room_temperature_pkg --single-version-externally-managed
[1.778s] running egg_info
[1.779s] creating ../../build/room_temperature_pkg/room_temperature_pkg.egg-info
[1.779s] writing ../../build/room_temperature_pkg/room_temperature_pkg.egg-info/PKG-INFO
[1.780s] writing dependency_links to ../../build/room_temperature_pkg/room_temperature_pkg.egg-info/dependency_links.txt
[1.781s] writing entry points to ../../build/room_temperature_pkg/room_temperature_pkg.egg-info/entry_points.txt
[1.781s] writing requirements to ../../build/room_temperature_pkg/room_temperature_pkg.egg-info/requires.txt
[1.781s] writing top-level names to ../../build/room_temperature_pkg/room_temperature_pkg.egg-info/top_level.txt
[1.783s] writing manifest file '../../build/room_temperature_pkg/room_temperature_pkg.egg-info/SOURCES.txt'
[1.869s] reading manifest file '../../build/room_temperature_pkg/room_temperature_pkg.egg-info/SOURCES.txt'
[1.871s] writing manifest file '../../build/room_temperature_pkg/room_temperature_pkg.egg-info/SOURCES.txt'
[1.872s] running build
[1.872s] running build_py
[1.873s] creating /home/aaaa/Desktop/Smart-Mobility-Engineering-Lab/Final_Project_12200306/ros2_ws/build/room_temperature_pkg/build
[1.873s] creating /home/aaaa/Desktop/Smart-Mobility-Engineering-Lab/Final_Project_12200306/ros2_ws/build/room_temperature_pkg/build/lib
[1.873s] creating /home/aaaa/Desktop/Smart-Mobility-Engineering-Lab/Final_Project_12200306/ros2_ws/build/room_temperature_pkg/build/lib/room_temperature_pkg
[1.873s] copying room_temperature_pkg/__init__.py -> /home/aaaa/Desktop/Smart-Mobility-Engineering-Lab/Final_Project_12200306/ros2_ws/build/room_temperature_pkg/build/lib/room_temperature_pkg
[1.873s] running install
[1.874s] running install_lib
[1.876s] creating /home/aaaa/Desktop/Smart-Mobility-Engineering-Lab/Final_Project_12200306/ros2_ws/install/room_temperature_pkg/lib/python3.8/site-packages/room_temperature_pkg
[1.876s] copying /home/aaaa/Desktop/Smart-Mobility-Engineering-Lab/Final_Project_12200306/ros2_ws/build/room_temperature_pkg/build/lib/room_temperature_pkg/__init__.py -> /home/aaaa/Desktop/Smart-Mobility-Engineering-Lab/Final_Project_12200306/ros2_ws/install/room_temperature_pkg/lib/python3.8/site-packages/room_temperature_pkg
[1.877s] byte-compiling /home/aaaa/Desktop/Smart-Mobility-Engineering-Lab/Final_Project_12200306/ros2_ws/install/room_temperature_pkg/lib/python3.8/site-packages/room_temperature_pkg/__init__.py to __init__.cpython-38.pyc
[1.880s] running install_data
[1.881s] creating /home/aaaa/Desktop/Smart-Mobility-Engineering-Lab/Final_Project_12200306/ros2_ws/install/room_temperature_pkg/share/ament_index
[1.881s] creating /home/aaaa/Desktop/Smart-Mobility-Engineering-Lab/Final_Project_12200306/ros2_ws/install/room_temperature_pkg/share/ament_index/resource_index
[1.881s] creating /home/aaaa/Desktop/Smart-Mobility-Engineering-Lab/Final_Project_12200306/ros2_ws/install/room_temperature_pkg/share/ament_index/resource_index/packages
[1.881s] copying resource/room_temperature_pkg -> /home/aaaa/Desktop/Smart-Mobility-Engineering-Lab/Final_Project_12200306/ros2_ws/install/room_temperature_pkg/share/ament_index/resource_index/packages
[1.882s] copying package.xml -> /home/aaaa/Desktop/Smart-Mobility-Engineering-Lab/Final_Project_12200306/ros2_ws/install/room_temperature_pkg/share/room_temperature_pkg
[1.882s] running install_egg_info
[1.885s] Copying ../../build/room_temperature_pkg/room_temperature_pkg.egg-info to /home/aaaa/Desktop/Smart-Mobility-Engineering-Lab/Final_Project_12200306/ros2_ws/install/room_temperature_pkg/lib/python3.8/site-packages/room_temperature_pkg-0.0.0-py3.8.egg-info
[1.887s] running install_scripts
[1.923s] Installing temp_publisher script to /home/aaaa/Desktop/Smart-Mobility-Engineering-Lab/Final_Project_12200306/ros2_ws/install/room_temperature_pkg/lib/room_temperature_pkg
[1.923s] Installing temp_subscriber script to /home/aaaa/Desktop/Smart-Mobility-Engineering-Lab/Final_Project_12200306/ros2_ws/install/room_temperature_pkg/lib/room_temperature_pkg
[1.924s] writing list of installed files to '/home/aaaa/Desktop/Smart-Mobility-Engineering-Lab/Final_Project_12200306/ros2_ws/build/room_temperature_pkg/install.log'
[1.997s] Invoked command in '/home/aaaa/Desktop/Smart-Mobility-Engineering-Lab/Final_Project_12200306/ros2_ws/src/room_temperature_pkg' returned '0': PYTHONPATH=/home/aaaa/Desktop/Smart-Mobility-Engineering-Lab/Final_Project_12200306/ros2_ws/build/room_temperature_pkg/prefix_override:/home/aaaa/Desktop/Smart-Mobility-Engineering-Lab/Final_Project_12200306/ros2_ws/install/room_temperature_pkg/lib/python3.8/site-packages:${PYTHONPATH} /usr/bin/python3 setup.py egg_info --egg-base ../../build/room_temperature_pkg build --build-base /home/aaaa/Desktop/Smart-Mobility-Engineering-Lab/Final_Project_12200306/ros2_ws/build/room_temperature_pkg/build install --record /home/aaaa/Desktop/Smart-Mobility-Engineering-Lab/Final_Project_12200306/ros2_ws/build/room_temperature_pkg/install.log --install-scripts $base/lib/room_temperature_pkg --single-version-externally-managed
