[1.183s] Invoking command in '/home/aaaa/Desktop/Smart-Mobility-Engineering-Lab/Final_Project/ros2_ws/src/room_temperature_pkg': PYTHONPATH=/home/aaaa/Desktop/Smart-Mobility-Engineering-Lab/Final_Project/ros2_ws/build/room_temperature_pkg/prefix_override:/home/aaaa/Desktop/Smart-Mobility-Engineering-Lab/Final_Project/ros2_ws/install/room_temperature_pkg/lib/python3.8/site-packages:${PYTHONPATH} /usr/bin/python3 setup.py egg_info --egg-base ../../build/room_temperature_pkg build --build-base /home/aaaa/Desktop/Smart-Mobility-Engineering-Lab/Final_Project/ros2_ws/build/room_temperature_pkg/build install --record /home/aaaa/Desktop/Smart-Mobility-Engineering-Lab/Final_Project/ros2_ws/build/room_temperature_pkg/install.log --install-scripts $base/lib/room_temperature_pkg --single-version-externally-managed
[1.542s] running egg_info
[1.543s] writing ../../build/room_temperature_pkg/room_temperature_pkg.egg-info/PKG-INFO
[1.543s] writing dependency_links to ../../build/room_temperature_pkg/room_temperature_pkg.egg-info/dependency_links.txt
[1.544s] writing entry points to ../../build/room_temperature_pkg/room_temperature_pkg.egg-info/entry_points.txt
[1.544s] writing requirements to ../../build/room_temperature_pkg/room_temperature_pkg.egg-info/requires.txt
[1.544s] writing top-level names to ../../build/room_temperature_pkg/room_temperature_pkg.egg-info/top_level.txt
[1.602s] reading manifest file '../../build/room_temperature_pkg/room_temperature_pkg.egg-info/SOURCES.txt'
[1.604s] writing manifest file '../../build/room_temperature_pkg/room_temperature_pkg.egg-info/SOURCES.txt'
[1.604s] running build
[1.605s] running build_py
[1.605s] copying room_temperature_pkg/temp_subscriber.py -> /home/aaaa/Desktop/Smart-Mobility-Engineering-Lab/Final_Project/ros2_ws/build/room_temperature_pkg/build/lib/room_temperature_pkg
[1.605s] running install
[1.607s] running install_lib
[1.609s] copying /home/aaaa/Desktop/Smart-Mobility-Engineering-Lab/Final_Project/ros2_ws/build/room_temperature_pkg/build/lib/room_temperature_pkg/temp_subscriber.py -> /home/aaaa/Desktop/Smart-Mobility-Engineering-Lab/Final_Project/ros2_ws/install/room_temperature_pkg/lib/python3.8/site-packages/room_temperature_pkg
[1.610s] byte-compiling /home/aaaa/Desktop/Smart-Mobility-Engineering-Lab/Final_Project/ros2_ws/install/room_temperature_pkg/lib/python3.8/site-packages/room_temperature_pkg/temp_subscriber.py to temp_subscriber.cpython-38.pyc
[1.613s] running install_data
[1.614s] running install_egg_info
[1.616s] removing '/home/aaaa/Desktop/Smart-Mobility-Engineering-Lab/Final_Project/ros2_ws/install/room_temperature_pkg/lib/python3.8/site-packages/room_temperature_pkg-0.0.0-py3.8.egg-info' (and everything under it)
[1.617s] Copying ../../build/room_temperature_pkg/room_temperature_pkg.egg-info to /home/aaaa/Desktop/Smart-Mobility-Engineering-Lab/Final_Project/ros2_ws/install/room_temperature_pkg/lib/python3.8/site-packages/room_temperature_pkg-0.0.0-py3.8.egg-info
[1.618s] running install_scripts
[1.645s] Installing temp_publisher script to /home/aaaa/Desktop/Smart-Mobility-Engineering-Lab/Final_Project/ros2_ws/install/room_temperature_pkg/lib/room_temperature_pkg
[1.645s] Installing temp_subscriber script to /home/aaaa/Desktop/Smart-Mobility-Engineering-Lab/Final_Project/ros2_ws/install/room_temperature_pkg/lib/room_temperature_pkg
[1.646s] writing list of installed files to '/home/aaaa/Desktop/Smart-Mobility-Engineering-Lab/Final_Project/ros2_ws/build/room_temperature_pkg/install.log'
[1.686s] Invoked command in '/home/aaaa/Desktop/Smart-Mobility-Engineering-Lab/Final_Project/ros2_ws/src/room_temperature_pkg' returned '0': PYTHONPATH=/home/aaaa/Desktop/Smart-Mobility-Engineering-Lab/Final_Project/ros2_ws/build/room_temperature_pkg/prefix_override:/home/aaaa/Desktop/Smart-Mobility-Engineering-Lab/Final_Project/ros2_ws/install/room_temperature_pkg/lib/python3.8/site-packages:${PYTHONPATH} /usr/bin/python3 setup.py egg_info --egg-base ../../build/room_temperature_pkg build --build-base /home/aaaa/Desktop/Smart-Mobility-Engineering-Lab/Final_Project/ros2_ws/build/room_temperature_pkg/build install --record /home/aaaa/Desktop/Smart-Mobility-Engineering-Lab/Final_Project/ros2_ws/build/room_temperature_pkg/install.log --install-scripts $base/lib/room_temperature_pkg --single-version-externally-managed
