[0.028s] Invoking command in '/home/aaaa/Desktop/Smart-Mobility-Engineering-Lab/week_6/build/bag_recorder_nodes': CMAKE_PREFIX_PATH=${CMAKE_PREFIX_PATH}:/opt/ros/foxy /usr/bin/cmake /home/aaaa/Desktop/Smart-Mobility-Engineering-Lab/week_6/bag_recorder_nodes -DCMAKE_INSTALL_PREFIX=/home/aaaa/Desktop/Smart-Mobility-Engineering-Lab/week_6/install/bag_recorder_nodes
[0.134s] -- The C compiler identification is GNU 9.4.0
[0.231s] -- The CXX compiler identification is GNU 9.4.0
[0.238s] -- Check for working C compiler: /usr/bin/cc
[0.355s] -- Check for working C compiler: /usr/bin/cc -- works
[0.357s] -- Detecting C compiler ABI info
[0.475s] -- Detecting C compiler ABI info - done
[0.498s] -- Detecting C compile features
[0.499s] -- Detecting C compile features - done
[0.505s] -- Check for working CXX compiler: /usr/bin/c++
[0.639s] -- Check for working CXX compiler: /usr/bin/c++ -- works
[0.642s] -- Detecting CXX compiler ABI info
[0.783s] -- Detecting CXX compiler ABI info - done
[0.803s] -- Detecting CXX compile features
[0.804s] -- Detecting CXX compile features - done
[0.807s] -- Found ament_cmake: 0.9.12 (/opt/ros/foxy/share/ament_cmake/cmake)
[0.848s] -- Found PythonInterp: /usr/bin/python3 (found suitable version "3.8.10", minimum required is "3") 
[0.848s] -- Using PYTHON_EXECUTABLE: /usr/bin/python3
[1.138s] -- Found rclcpp: 2.4.3 (/opt/ros/foxy/share/rclcpp/cmake)
[1.203s] -- Using all available rosidl_typesupport_c: rosidl_typesupport_fastrtps_c;rosidl_typesupport_introspection_c
[1.213s] -- Found rosidl_adapter: 1.3.1 (/opt/ros/foxy/share/rosidl_adapter/cmake)
[1.356s] -- Found OpenSSL: /usr/lib/x86_64-linux-gnu/libcrypto.so (found version "1.1.1f")  
[1.405s] -- Found FastRTPS: /opt/ros/foxy/include  
[1.524s] -- Using all available rosidl_typesupport_cpp: rosidl_typesupport_fastrtps_cpp;rosidl_typesupport_introspection_cpp
[1.613s] -- Found rmw_implementation_cmake: 1.0.4 (/opt/ros/foxy/share/rmw_implementation_cmake/cmake)
[1.615s] -- Using RMW implementation 'rmw_fastrtps_cpp' as default
[1.617s] -- Looking for pthread.h
[1.739s] -- Looking for pthread.h - found
[1.739s] -- Performing Test CMAKE_HAVE_LIBC_PTHREAD
[1.868s] -- Performing Test CMAKE_HAVE_LIBC_PTHREAD - Failed
[1.869s] -- Looking for pthread_create in pthreads
[1.975s] -- Looking for pthread_create in pthreads - not found
[1.975s] -- Looking for pthread_create in pthread
[2.101s] -- Looking for pthread_create in pthread - found
[2.104s] -- Found Threads: TRUE  
[2.370s] -- Found rosbag2_cpp: 0.3.11 (/opt/ros/foxy/share/rosbag2_cpp/cmake)
[2.447s] -- Setting yaml-cpp_DIR to: '/opt/ros/foxy/share/yaml_cpp_vendor/cmake/../../../opt/yaml_cpp_vendor/lib/cmake/yaml-cpp'
[2.457s] -- Found example_interfaces: 0.9.1 (/opt/ros/foxy/share/example_interfaces/cmake)
[2.643s] -- Found ament_lint_auto: 0.9.8 (/opt/ros/foxy/share/ament_lint_auto/cmake)
[2.758s] -- Added test 'copyright' to check source files copyright and LICENSE
[2.760s] -- Added test 'cppcheck' to perform static code analysis on C / C++ code
[2.760s] -- Configured cppcheck include dirs: 
[2.761s] -- Configured cppcheck exclude dirs and/or files: 
[2.762s] -- Added test 'cpplint' to check C / C++ code against the Google style
[2.762s] -- Configured cpplint exclude dirs and/or files: 
[2.763s] -- Added test 'lint_cmake' to check CMake code style
[2.764s] -- Added test 'uncrustify' to check C / C++ code style
[2.764s] -- Configured uncrustify additional arguments: 
[2.765s] -- Added test 'xmllint' to check XML markup files
[2.769s] -- Configuring done
[2.772s] -- Generating done
[2.774s] -- Build files have been written to: /home/aaaa/Desktop/Smart-Mobility-Engineering-Lab/week_6/build/bag_recorder_nodes
[2.791s] Invoked command in '/home/aaaa/Desktop/Smart-Mobility-Engineering-Lab/week_6/build/bag_recorder_nodes' returned '0': CMAKE_PREFIX_PATH=${CMAKE_PREFIX_PATH}:/opt/ros/foxy /usr/bin/cmake /home/aaaa/Desktop/Smart-Mobility-Engineering-Lab/week_6/bag_recorder_nodes -DCMAKE_INSTALL_PREFIX=/home/aaaa/Desktop/Smart-Mobility-Engineering-Lab/week_6/install/bag_recorder_nodes
[2.799s] Invoking command in '/home/aaaa/Desktop/Smart-Mobility-Engineering-Lab/week_6/build/bag_recorder_nodes': CMAKE_PREFIX_PATH=${CMAKE_PREFIX_PATH}:/opt/ros/foxy /usr/bin/cmake --build /home/aaaa/Desktop/Smart-Mobility-Engineering-Lab/week_6/build/bag_recorder_nodes -- -j4 -l4
[2.862s] Invoked command in '/home/aaaa/Desktop/Smart-Mobility-Engineering-Lab/week_6/build/bag_recorder_nodes' returned '0': CMAKE_PREFIX_PATH=${CMAKE_PREFIX_PATH}:/opt/ros/foxy /usr/bin/cmake --build /home/aaaa/Desktop/Smart-Mobility-Engineering-Lab/week_6/build/bag_recorder_nodes -- -j4 -l4
[2.917s] Invoking command in '/home/aaaa/Desktop/Smart-Mobility-Engineering-Lab/week_6/build/bag_recorder_nodes': CMAKE_PREFIX_PATH=${CMAKE_PREFIX_PATH}:/opt/ros/foxy /usr/bin/cmake --install /home/aaaa/Desktop/Smart-Mobility-Engineering-Lab/week_6/build/bag_recorder_nodes
[2.929s] -- Install configuration: ""
[2.929s] -- Installing: /home/aaaa/Desktop/Smart-Mobility-Engineering-Lab/week_6/install/bag_recorder_nodes/share/ament_index/resource_index/package_run_dependencies/bag_recorder_nodes
[2.929s] -- Installing: /home/aaaa/Desktop/Smart-Mobility-Engineering-Lab/week_6/install/bag_recorder_nodes/share/ament_index/resource_index/parent_prefix_path/bag_recorder_nodes
[2.929s] -- Installing: /home/aaaa/Desktop/Smart-Mobility-Engineering-Lab/week_6/install/bag_recorder_nodes/share/bag_recorder_nodes/environment/ament_prefix_path.sh
[2.930s] -- Installing: /home/aaaa/Desktop/Smart-Mobility-Engineering-Lab/week_6/install/bag_recorder_nodes/share/bag_recorder_nodes/environment/ament_prefix_path.dsv
[2.930s] -- Installing: /home/aaaa/Desktop/Smart-Mobility-Engineering-Lab/week_6/install/bag_recorder_nodes/share/bag_recorder_nodes/environment/path.sh
[2.930s] -- Installing: /home/aaaa/Desktop/Smart-Mobility-Engineering-Lab/week_6/install/bag_recorder_nodes/share/bag_recorder_nodes/environment/path.dsv
[2.930s] -- Installing: /home/aaaa/Desktop/Smart-Mobility-Engineering-Lab/week_6/install/bag_recorder_nodes/share/bag_recorder_nodes/local_setup.bash
[2.931s] -- Installing: /home/aaaa/Desktop/Smart-Mobility-Engineering-Lab/week_6/install/bag_recorder_nodes/share/bag_recorder_nodes/local_setup.sh
[2.932s] -- Installing: /home/aaaa/Desktop/Smart-Mobility-Engineering-Lab/week_6/install/bag_recorder_nodes/share/bag_recorder_nodes/local_setup.zsh
[2.932s] -- Installing: /home/aaaa/Desktop/Smart-Mobility-Engineering-Lab/week_6/install/bag_recorder_nodes/share/bag_recorder_nodes/local_setup.dsv
[2.932s] -- Installing: /home/aaaa/Desktop/Smart-Mobility-Engineering-Lab/week_6/install/bag_recorder_nodes/share/bag_recorder_nodes/package.dsv
[2.932s] -- Installing: /home/aaaa/Desktop/Smart-Mobility-Engineering-Lab/week_6/install/bag_recorder_nodes/share/ament_index/resource_index/packages/bag_recorder_nodes
[2.932s] -- Installing: /home/aaaa/Desktop/Smart-Mobility-Engineering-Lab/week_6/install/bag_recorder_nodes/share/bag_recorder_nodes/cmake/bag_recorder_nodesConfig.cmake
[2.933s] -- Installing: /home/aaaa/Desktop/Smart-Mobility-Engineering-Lab/week_6/install/bag_recorder_nodes/share/bag_recorder_nodes/cmake/bag_recorder_nodesConfig-version.cmake
[2.933s] -- Installing: /home/aaaa/Desktop/Smart-Mobility-Engineering-Lab/week_6/install/bag_recorder_nodes/share/bag_recorder_nodes/package.xml
[2.940s] Invoked command in '/home/aaaa/Desktop/Smart-Mobility-Engineering-Lab/week_6/build/bag_recorder_nodes' returned '0': CMAKE_PREFIX_PATH=${CMAKE_PREFIX_PATH}:/opt/ros/foxy /usr/bin/cmake --install /home/aaaa/Desktop/Smart-Mobility-Engineering-Lab/week_6/build/bag_recorder_nodes
