running egg_info
writing ../../build/my_weather_pkg/my_weather_pkg.egg-info/PKG-INFO
writing dependency_links to ../../build/my_weather_pkg/my_weather_pkg.egg-info/dependency_links.txt
writing entry points to ../../build/my_weather_pkg/my_weather_pkg.egg-info/entry_points.txt
writing requirements to ../../build/my_weather_pkg/my_weather_pkg.egg-info/requires.txt
writing top-level names to ../../build/my_weather_pkg/my_weather_pkg.egg-info/top_level.txt
package init file 'my_weather_pkg/__init__.py' not found (or not a regular file)
reading manifest file '../../build/my_weather_pkg/my_weather_pkg.egg-info/SOURCES.txt'
writing manifest file '../../build/my_weather_pkg/my_weather_pkg.egg-info/SOURCES.txt'
running build
running build_py
running install
running install_lib
running install_data
copying package.xml -> /home/aaaa/Desktop/Smart-Mobility-Engineering-Lab/final_project/ros2_ws/install/my_weather_pkg/share/my_weather_pkg
running install_egg_info
removing '/home/aaaa/Desktop/Smart-Mobility-Engineering-Lab/final_project/ros2_ws/install/my_weather_pkg/lib/python3.8/site-packages/my_weather_pkg-0.0.0-py3.8.egg-info' (and everything under it)
Copying ../../build/my_weather_pkg/my_weather_pkg.egg-info to /home/aaaa/Desktop/Smart-Mobility-Engineering-Lab/final_project/ros2_ws/install/my_weather_pkg/lib/python3.8/site-packages/my_weather_pkg-0.0.0-py3.8.egg-info
running install_scripts
Installing weather_publisher script to /home/aaaa/Desktop/Smart-Mobility-Engineering-Lab/final_project/ros2_ws/install/my_weather_pkg/lib/my_weather_pkg
Installing weather_subscriber script to /home/aaaa/Desktop/Smart-Mobility-Engineering-Lab/final_project/ros2_ws/install/my_weather_pkg/lib/my_weather_pkg
writing list of installed files to '/home/aaaa/Desktop/Smart-Mobility-Engineering-Lab/final_project/ros2_ws/build/my_weather_pkg/install.log'
