[1.020s] Invoking command in '/home/aaaa/Desktop/Smart-Mobility-Engineering-Lab/final_project/ros2_ws/src/python_parameters': PYTHONPATH=/home/aaaa/Desktop/Smart-Mobility-Engineering-Lab/final_project/ros2_ws/build/python_parameters/prefix_override:/home/aaaa/Desktop/Smart-Mobility-Engineering-Lab/final_project/ros2_ws/install/python_parameters/lib/python3.8/site-packages:${PYTHONPATH} /usr/bin/python3 setup.py egg_info --egg-base ../../build/python_parameters build --build-base /home/aaaa/Desktop/Smart-Mobility-Engineering-Lab/final_project/ros2_ws/build/python_parameters/build install --record /home/aaaa/Desktop/Smart-Mobility-Engineering-Lab/final_project/ros2_ws/build/python_parameters/install.log --install-scripts $base/lib/python_parameters --single-version-externally-managed
[1.331s] running egg_info
[1.331s] creating ../../build/python_parameters/python_parameters.egg-info
[1.332s] writing ../../build/python_parameters/python_parameters.egg-info/PKG-INFO
[1.332s] writing dependency_links to ../../build/python_parameters/python_parameters.egg-info/dependency_links.txt
[1.332s] writing entry points to ../../build/python_parameters/python_parameters.egg-info/entry_points.txt
[1.333s] writing requirements to ../../build/python_parameters/python_parameters.egg-info/requires.txt
[1.333s] writing top-level names to ../../build/python_parameters/python_parameters.egg-info/top_level.txt
[1.338s] writing manifest file '../../build/python_parameters/python_parameters.egg-info/SOURCES.txt'
[1.389s] reading manifest file '../../build/python_parameters/python_parameters.egg-info/SOURCES.txt'
[1.390s] writing manifest file '../../build/python_parameters/python_parameters.egg-info/SOURCES.txt'
[1.391s] running build
[1.391s] running build_py
[1.391s] creating /home/aaaa/Desktop/Smart-Mobility-Engineering-Lab/final_project/ros2_ws/build/python_parameters/build
[1.391s] creating /home/aaaa/Desktop/Smart-Mobility-Engineering-Lab/final_project/ros2_ws/build/python_parameters/build/lib
[1.392s] creating /home/aaaa/Desktop/Smart-Mobility-Engineering-Lab/final_project/ros2_ws/build/python_parameters/build/lib/python_parameters
[1.392s] copying python_parameters/__init__.py -> /home/aaaa/Desktop/Smart-Mobility-Engineering-Lab/final_project/ros2_ws/build/python_parameters/build/lib/python_parameters
[1.392s] copying python_parameters/python_parameters_node.py -> /home/aaaa/Desktop/Smart-Mobility-Engineering-Lab/final_project/ros2_ws/build/python_parameters/build/lib/python_parameters
[1.392s] running install
[1.393s] running install_lib
[1.394s] creating /home/aaaa/Desktop/Smart-Mobility-Engineering-Lab/final_project/ros2_ws/install/python_parameters/lib/python3.8/site-packages/python_parameters
[1.394s] copying /home/aaaa/Desktop/Smart-Mobility-Engineering-Lab/final_project/ros2_ws/build/python_parameters/build/lib/python_parameters/__init__.py -> /home/aaaa/Desktop/Smart-Mobility-Engineering-Lab/final_project/ros2_ws/install/python_parameters/lib/python3.8/site-packages/python_parameters
[1.394s] copying /home/aaaa/Desktop/Smart-Mobility-Engineering-Lab/final_project/ros2_ws/build/python_parameters/build/lib/python_parameters/python_parameters_node.py -> /home/aaaa/Desktop/Smart-Mobility-Engineering-Lab/final_project/ros2_ws/install/python_parameters/lib/python3.8/site-packages/python_parameters
[1.395s] byte-compiling /home/aaaa/Desktop/Smart-Mobility-Engineering-Lab/final_project/ros2_ws/install/python_parameters/lib/python3.8/site-packages/python_parameters/__init__.py to __init__.cpython-38.pyc
[1.396s] byte-compiling /home/aaaa/Desktop/Smart-Mobility-Engineering-Lab/final_project/ros2_ws/install/python_parameters/lib/python3.8/site-packages/python_parameters/python_parameters_node.py to python_parameters_node.cpython-38.pyc
[1.397s] running install_data
[1.398s] creating /home/aaaa/Desktop/Smart-Mobility-Engineering-Lab/final_project/ros2_ws/install/python_parameters/share/ament_index
[1.398s] creating /home/aaaa/Desktop/Smart-Mobility-Engineering-Lab/final_project/ros2_ws/install/python_parameters/share/ament_index/resource_index
[1.398s] creating /home/aaaa/Desktop/Smart-Mobility-Engineering-Lab/final_project/ros2_ws/install/python_parameters/share/ament_index/resource_index/packages
[1.399s] copying resource/python_parameters -> /home/aaaa/Desktop/Smart-Mobility-Engineering-Lab/final_project/ros2_ws/install/python_parameters/share/ament_index/resource_index/packages
[1.399s] copying package.xml -> /home/aaaa/Desktop/Smart-Mobility-Engineering-Lab/final_project/ros2_ws/install/python_parameters/share/python_parameters
[1.399s] running install_egg_info
[1.401s] Copying ../../build/python_parameters/python_parameters.egg-info to /home/aaaa/Desktop/Smart-Mobility-Engineering-Lab/final_project/ros2_ws/install/python_parameters/lib/python3.8/site-packages/python_parameters-0.0.0-py3.8.egg-info
[1.402s] running install_scripts
[1.431s] Installing minimal_param_node script to /home/aaaa/Desktop/Smart-Mobility-Engineering-Lab/final_project/ros2_ws/install/python_parameters/lib/python_parameters
[1.432s] writing list of installed files to '/home/aaaa/Desktop/Smart-Mobility-Engineering-Lab/final_project/ros2_ws/build/python_parameters/install.log'
[1.465s] Invoked command in '/home/aaaa/Desktop/Smart-Mobility-Engineering-Lab/final_project/ros2_ws/src/python_parameters' returned '0': PYTHONPATH=/home/aaaa/Desktop/Smart-Mobility-Engineering-Lab/final_project/ros2_ws/build/python_parameters/prefix_override:/home/aaaa/Desktop/Smart-Mobility-Engineering-Lab/final_project/ros2_ws/install/python_parameters/lib/python3.8/site-packages:${PYTHONPATH} /usr/bin/python3 setup.py egg_info --egg-base ../../build/python_parameters build --build-base /home/aaaa/Desktop/Smart-Mobility-Engineering-Lab/final_project/ros2_ws/build/python_parameters/build install --record /home/aaaa/Desktop/Smart-Mobility-Engineering-Lab/final_project/ros2_ws/build/python_parameters/install.log --install-scripts $base/lib/python_parameters --single-version-externally-managed
