[0.478s] DEBUG:colcon:Command line arguments: ['/usr/bin/colcon', 'build', '--packages-select', 'math_operations_action']
[0.478s] DEBUG:colcon:Parsed command line arguments: Namespace(allow_overriding=[], ament_cmake_args=None, base_paths=['.'], build_base='build', catkin_cmake_args=None, catkin_skip_building_tests=False, cmake_args=None, cmake_clean_cache=False, cmake_clean_first=False, cmake_force_configure=False, cmake_target=None, cmake_target_skip_unavailable=False, continue_on_error=False, event_handlers=None, executor='parallel', ignore_user_meta=False, install_base='install', log_base=None, log_level=None, main=<bound method BuildVerb.main of <colcon_core.verb.build.BuildVerb object at 0x7fda9b73e550>>, merge_install=False, metas=['./colcon.meta'], packages_above=None, packages_above_and_dependencies=None, packages_above_depth=None, packages_end=None, packages_ignore=None, packages_ignore_regex=None, packages_select=['math_operations_action'], packages_select_build_failed=False, packages_select_by_dep=None, packages_select_regex=None, packages_select_test_failures=False, packages_skip=None, packages_skip_build_finished=False, packages_skip_by_dep=None, packages_skip_regex=None, packages_skip_test_passed=False, packages_skip_up_to=None, packages_start=None, packages_up_to=None, packages_up_to_regex=None, parallel_workers=4, paths=None, symlink_install=False, test_result_base=None, verb_extension=<colcon_core.verb.build.BuildVerb object at 0x7fda9b73e550>, verb_name='build', verb_parser=<colcon_defaults.argument_parser.defaults.DefaultArgumentsDecorator object at 0x7fda9b73ea90>)
[0.524s] Level 1:colcon.colcon_core.package_discovery:discover_packages(colcon_meta) check parameters
[0.524s] Level 1:colcon.colcon_core.package_discovery:discover_packages(recursive) check parameters
[0.525s] Level 1:colcon.colcon_core.package_discovery:discover_packages(ignore) check parameters
[0.525s] Level 1:colcon.colcon_core.package_discovery:discover_packages(path) check parameters
[0.525s] Level 1:colcon.colcon_core.package_discovery:discover_packages(colcon_meta) discover
[0.525s] Level 1:colcon.colcon_core.package_discovery:discover_packages(recursive) discover
[0.525s] INFO:colcon.colcon_core.package_discovery:Crawling recursively for packages in '/home/aaaa/Desktop/week_7/math_operation/src/math_operations_action'
[0.525s] Level 1:colcon.colcon_core.package_identification:_identify(.) by extensions ['ignore', 'ignore_ament_install']
[0.525s] Level 1:colcon.colcon_core.package_identification:_identify(.) by extension 'ignore'
[0.525s] Level 1:colcon.colcon_core.package_identification:_identify(.) by extension 'ignore_ament_install'
[0.526s] Level 1:colcon.colcon_core.package_identification:_identify(.) by extensions ['colcon_pkg']
[0.526s] Level 1:colcon.colcon_core.package_identification:_identify(.) by extension 'colcon_pkg'
[0.526s] Level 1:colcon.colcon_core.package_identification:_identify(.) by extensions ['colcon_meta']
[0.526s] Level 1:colcon.colcon_core.package_identification:_identify(.) by extension 'colcon_meta'
[0.526s] Level 1:colcon.colcon_core.package_identification:_identify(.) by extensions ['ros']
[0.526s] Level 1:colcon.colcon_core.package_identification:_identify(.) by extension 'ros'
[0.571s] DEBUG:colcon.colcon_core.package_identification:Package '.' with type 'ros.ament_python' and name 'math_operations_action'
[0.571s] Level 1:colcon.colcon_core.package_discovery:discover_packages(recursive) using defaults
[0.571s] Level 1:colcon.colcon_core.package_discovery:discover_packages(ignore) discover
[0.571s] Level 1:colcon.colcon_core.package_discovery:discover_packages(ignore) using defaults
[0.571s] Level 1:colcon.colcon_core.package_discovery:discover_packages(path) discover
[0.571s] Level 1:colcon.colcon_core.package_discovery:discover_packages(path) using defaults
[0.602s] Level 1:colcon.colcon_core.package_discovery:discover_packages(prefix_path) check parameters
[0.602s] Level 1:colcon.colcon_core.package_discovery:discover_packages(prefix_path) discover
[0.604s] WARNING:colcon.colcon_core.prefix_path.colcon:The path '/home/aaaa/Desktop/Smart-Mobility-Engineering-Lab/week_7/math_operations_action/install' in the environment variable COLCON_PREFIX_PATH doesn't exist
[0.607s] DEBUG:colcon.colcon_installed_package_information.package_discovery:Found 1 installed packages in /home/aaaa/Desktop/week_7/math_operation/install
[0.608s] DEBUG:colcon.colcon_installed_package_information.package_discovery:Found 1 installed packages in /home/aaaa/Desktop/week_7/math_operation/src/math_operations_action/install
[0.610s] DEBUG:colcon.colcon_installed_package_information.package_discovery:Found 0 installed packages in /home/aaaa/colcon_ws/install
[0.613s] DEBUG:colcon.colcon_installed_package_information.package_discovery:Found 334 installed packages in /opt/ros/foxy
[0.618s] Level 1:colcon.colcon_core.package_discovery:discover_packages(prefix_path) using defaults
[0.751s] Level 5:colcon.colcon_core.verb:set package 'math_operations_action' build argument 'cmake_args' from command line to 'None'
[0.752s] Level 5:colcon.colcon_core.verb:set package 'math_operations_action' build argument 'cmake_target' from command line to 'None'
[0.752s] Level 5:colcon.colcon_core.verb:set package 'math_operations_action' build argument 'cmake_target_skip_unavailable' from command line to 'False'
[0.752s] Level 5:colcon.colcon_core.verb:set package 'math_operations_action' build argument 'cmake_clean_cache' from command line to 'False'
[0.752s] Level 5:colcon.colcon_core.verb:set package 'math_operations_action' build argument 'cmake_clean_first' from command line to 'False'
[0.752s] Level 5:colcon.colcon_core.verb:set package 'math_operations_action' build argument 'cmake_force_configure' from command line to 'False'
[0.752s] Level 5:colcon.colcon_core.verb:set package 'math_operations_action' build argument 'ament_cmake_args' from command line to 'None'
[0.752s] Level 5:colcon.colcon_core.verb:set package 'math_operations_action' build argument 'catkin_cmake_args' from command line to 'None'
[0.752s] Level 5:colcon.colcon_core.verb:set package 'math_operations_action' build argument 'catkin_skip_building_tests' from command line to 'False'
[0.752s] DEBUG:colcon.colcon_core.verb:Building package 'math_operations_action' with the following arguments: {'ament_cmake_args': None, 'build_base': '/home/aaaa/Desktop/week_7/math_operation/src/math_operations_action/build/math_operations_action', 'catkin_cmake_args': None, 'catkin_skip_building_tests': False, 'cmake_args': None, 'cmake_clean_cache': False, 'cmake_clean_first': False, 'cmake_force_configure': False, 'cmake_target': None, 'cmake_target_skip_unavailable': False, 'install_base': '/home/aaaa/Desktop/week_7/math_operation/src/math_operations_action/install/math_operations_action', 'merge_install': False, 'path': '/home/aaaa/Desktop/week_7/math_operation/src/math_operations_action', 'symlink_install': False, 'test_result_base': None}
[0.753s] INFO:colcon.colcon_core.executor:Executing jobs using 'parallel' executor
[0.759s] DEBUG:colcon.colcon_parallel_executor.executor.parallel:run_until_complete
[0.759s] INFO:colcon.colcon_ros.task.ament_python.build:Building ROS package in '/home/aaaa/Desktop/week_7/math_operation/src/math_operations_action' with build type 'ament_python'
[0.759s] Level 1:colcon.colcon_core.shell:create_environment_hook('math_operations_action', 'ament_prefix_path')
[0.767s] INFO:colcon.colcon_core.plugin_system:Skipping extension 'colcon_core.shell.bat': Not used on non-Windows systems
[0.767s] INFO:colcon.colcon_core.shell:Creating environment hook '/home/aaaa/Desktop/week_7/math_operation/src/math_operations_action/install/math_operations_action/share/math_operations_action/hook/ament_prefix_path.ps1'
[0.768s] INFO:colcon.colcon_core.shell:Creating environment descriptor '/home/aaaa/Desktop/week_7/math_operation/src/math_operations_action/install/math_operations_action/share/math_operations_action/hook/ament_prefix_path.dsv'
[0.768s] INFO:colcon.colcon_core.shell:Creating environment hook '/home/aaaa/Desktop/week_7/math_operation/src/math_operations_action/install/math_operations_action/share/math_operations_action/hook/ament_prefix_path.sh'
[0.771s] INFO:colcon.colcon_core.shell:Skip shell extension 'powershell' for command environment: Not usable outside of PowerShell
[0.772s] DEBUG:colcon.colcon_core.shell:Skip shell extension 'dsv' for command environment
[1.196s] INFO:colcon.colcon_core.task.python.build:Building Python package in '/home/aaaa/Desktop/week_7/math_operation/src/math_operations_action'
[1.203s] INFO:colcon.colcon_core.shell:Skip shell extension 'powershell' for command environment: Not usable outside of PowerShell
[1.203s] DEBUG:colcon.colcon_core.shell:Skip shell extension 'dsv' for command environment
[1.855s] DEBUG:colcon.colcon_core.event_handler.log_command:Invoking command in '/home/aaaa/Desktop/week_7/math_operation/src/math_operations_action': PYTHONPATH=/home/aaaa/Desktop/week_7/math_operation/src/math_operations_action/build/math_operations_action/prefix_override:/home/aaaa/Desktop/week_7/math_operation/src/math_operations_action/install/math_operations_action/lib/python3.8/site-packages:${PYTHONPATH} /usr/bin/python3 setup.py egg_info --egg-base build/math_operations_action build --build-base /home/aaaa/Desktop/week_7/math_operation/src/math_operations_action/build/math_operations_action/build install --record /home/aaaa/Desktop/week_7/math_operation/src/math_operations_action/build/math_operations_action/install.log --install-scripts $base/lib/math_operations_action --single-version-externally-managed
[2.304s] DEBUG:colcon.colcon_core.event_handler.log_command:Invoked command in '/home/aaaa/Desktop/week_7/math_operation/src/math_operations_action' returned '0': PYTHONPATH=/home/aaaa/Desktop/week_7/math_operation/src/math_operations_action/build/math_operations_action/prefix_override:/home/aaaa/Desktop/week_7/math_operation/src/math_operations_action/install/math_operations_action/lib/python3.8/site-packages:${PYTHONPATH} /usr/bin/python3 setup.py egg_info --egg-base build/math_operations_action build --build-base /home/aaaa/Desktop/week_7/math_operation/src/math_operations_action/build/math_operations_action/build install --record /home/aaaa/Desktop/week_7/math_operation/src/math_operations_action/build/math_operations_action/install.log --install-scripts $base/lib/math_operations_action --single-version-externally-managed
[2.312s] Level 1:colcon.colcon_core.environment:checking '/home/aaaa/Desktop/week_7/math_operation/src/math_operations_action/install/math_operations_action' for CMake module files
[2.313s] Level 1:colcon.colcon_core.environment:checking '/home/aaaa/Desktop/week_7/math_operation/src/math_operations_action/install/math_operations_action' for CMake config files
[2.314s] Level 1:colcon.colcon_core.environment:checking '/home/aaaa/Desktop/week_7/math_operation/src/math_operations_action/install/math_operations_action/lib'
[2.314s] Level 1:colcon.colcon_core.environment:checking '/home/aaaa/Desktop/week_7/math_operation/src/math_operations_action/install/math_operations_action/bin'
[2.314s] Level 1:colcon.colcon_core.environment:checking '/home/aaaa/Desktop/week_7/math_operation/src/math_operations_action/install/math_operations_action/lib/pkgconfig/math_operations_action.pc'
[2.315s] Level 1:colcon.colcon_core.environment:checking '/home/aaaa/Desktop/week_7/math_operation/src/math_operations_action/install/math_operations_action/lib/python3.8/site-packages'
[2.315s] Level 1:colcon.colcon_core.shell:create_environment_hook('math_operations_action', 'pythonpath')
[2.317s] INFO:colcon.colcon_core.shell:Creating environment hook '/home/aaaa/Desktop/week_7/math_operation/src/math_operations_action/install/math_operations_action/share/math_operations_action/hook/pythonpath.ps1'
[2.318s] INFO:colcon.colcon_core.shell:Creating environment descriptor '/home/aaaa/Desktop/week_7/math_operation/src/math_operations_action/install/math_operations_action/share/math_operations_action/hook/pythonpath.dsv'
[2.318s] INFO:colcon.colcon_core.shell:Creating environment hook '/home/aaaa/Desktop/week_7/math_operation/src/math_operations_action/install/math_operations_action/share/math_operations_action/hook/pythonpath.sh'
[2.319s] Level 1:colcon.colcon_core.environment:checking '/home/aaaa/Desktop/week_7/math_operation/src/math_operations_action/install/math_operations_action/bin'
[2.319s] Level 1:colcon.colcon_core.environment:create_environment_scripts_only(math_operations_action)
[2.322s] INFO:colcon.colcon_core.shell:Creating package script '/home/aaaa/Desktop/week_7/math_operation/src/math_operations_action/install/math_operations_action/share/math_operations_action/package.ps1'
[2.323s] INFO:colcon.colcon_core.shell:Creating package descriptor '/home/aaaa/Desktop/week_7/math_operation/src/math_operations_action/install/math_operations_action/share/math_operations_action/package.dsv'
[2.324s] INFO:colcon.colcon_core.shell:Creating package script '/home/aaaa/Desktop/week_7/math_operation/src/math_operations_action/install/math_operations_action/share/math_operations_action/package.sh'
[2.325s] INFO:colcon.colcon_core.shell:Creating package script '/home/aaaa/Desktop/week_7/math_operation/src/math_operations_action/install/math_operations_action/share/math_operations_action/package.bash'
[2.326s] INFO:colcon.colcon_core.shell:Creating package script '/home/aaaa/Desktop/week_7/math_operation/src/math_operations_action/install/math_operations_action/share/math_operations_action/package.zsh'
[2.327s] Level 1:colcon.colcon_core.environment:create_file_with_runtime_dependencies(/home/aaaa/Desktop/week_7/math_operation/src/math_operations_action/install/math_operations_action/share/colcon-core/packages/math_operations_action)
[2.328s] DEBUG:colcon.colcon_parallel_executor.executor.parallel:closing loop
[2.328s] DEBUG:colcon.colcon_parallel_executor.executor.parallel:loop closed
[2.329s] DEBUG:colcon.colcon_parallel_executor.executor.parallel:run_until_complete finished with '0'
[2.330s] DEBUG:colcon.colcon_core.event_reactor:joining thread
[2.338s] INFO:colcon.colcon_core.plugin_system:Skipping extension 'colcon_notification.desktop_notification.terminal_notifier': Not used on non-Darwin systems
[2.338s] INFO:colcon.colcon_core.plugin_system:Skipping extension 'colcon_notification.desktop_notification.win32': Not used on non-Windows systems
[2.338s] INFO:colcon.colcon_notification.desktop_notification:Sending desktop notification using 'notify2'
[2.374s] DEBUG:colcon.colcon_core.event_reactor:joined thread
[2.378s] INFO:colcon.colcon_core.shell:Creating prefix script '/home/aaaa/Desktop/week_7/math_operation/src/math_operations_action/install/local_setup.ps1'
[2.381s] INFO:colcon.colcon_core.shell:Creating prefix util module '/home/aaaa/Desktop/week_7/math_operation/src/math_operations_action/install/_local_setup_util_ps1.py'
[2.386s] INFO:colcon.colcon_core.shell:Creating prefix chain script '/home/aaaa/Desktop/week_7/math_operation/src/math_operations_action/install/setup.ps1'
[2.390s] INFO:colcon.colcon_core.shell:Creating prefix script '/home/aaaa/Desktop/week_7/math_operation/src/math_operations_action/install/local_setup.sh'
[2.392s] INFO:colcon.colcon_core.shell:Creating prefix util module '/home/aaaa/Desktop/week_7/math_operation/src/math_operations_action/install/_local_setup_util_sh.py'
[2.393s] INFO:colcon.colcon_core.shell:Creating prefix chain script '/home/aaaa/Desktop/week_7/math_operation/src/math_operations_action/install/setup.sh'
[2.397s] INFO:colcon.colcon_core.shell:Creating prefix script '/home/aaaa/Desktop/week_7/math_operation/src/math_operations_action/install/local_setup.bash'
[2.398s] INFO:colcon.colcon_core.shell:Creating prefix chain script '/home/aaaa/Desktop/week_7/math_operation/src/math_operations_action/install/setup.bash'
[2.403s] INFO:colcon.colcon_core.shell:Creating prefix script '/home/aaaa/Desktop/week_7/math_operation/src/math_operations_action/install/local_setup.zsh'
[2.405s] INFO:colcon.colcon_core.shell:Creating prefix chain script '/home/aaaa/Desktop/week_7/math_operation/src/math_operations_action/install/setup.zsh'
