[0.440s] DEBUG:colcon:Command line arguments: ['/usr/bin/colcon', 'build', '--packages-select', 'py_srvcli']
[0.440s] DEBUG:colcon:Parsed command line arguments: Namespace(allow_overriding=[], ament_cmake_args=None, base_paths=['.'], build_base='build', catkin_cmake_args=None, catkin_skip_building_tests=False, cmake_args=None, cmake_clean_cache=False, cmake_clean_first=False, cmake_force_configure=False, cmake_target=None, cmake_target_skip_unavailable=False, continue_on_error=False, event_handlers=None, executor='parallel', ignore_user_meta=False, install_base='install', log_base=None, log_level=None, main=<bound method BuildVerb.main of <colcon_core.verb.build.BuildVerb object at 0x7fe203d8f760>>, merge_install=False, metas=['./colcon.meta'], packages_above=None, packages_above_and_dependencies=None, packages_above_depth=None, packages_end=None, packages_ignore=None, packages_ignore_regex=None, packages_select=['py_srvcli'], packages_select_build_failed=False, packages_select_by_dep=None, packages_select_regex=None, packages_select_test_failures=False, packages_skip=None, packages_skip_build_finished=False, packages_skip_by_dep=None, packages_skip_regex=None, packages_skip_test_passed=False, packages_skip_up_to=None, packages_start=None, packages_up_to=None, packages_up_to_regex=None, parallel_workers=4, paths=None, symlink_install=False, test_result_base=None, verb_extension=<colcon_core.verb.build.BuildVerb object at 0x7fe203d8f760>, verb_name='build', verb_parser=<colcon_defaults.argument_parser.defaults.DefaultArgumentsDecorator object at 0x7fe203d8fcd0>)
[0.476s] Level 1:colcon.colcon_core.package_discovery:discover_packages(colcon_meta) check parameters
[0.476s] Level 1:colcon.colcon_core.package_discovery:discover_packages(recursive) check parameters
[0.476s] Level 1:colcon.colcon_core.package_discovery:discover_packages(ignore) check parameters
[0.476s] Level 1:colcon.colcon_core.package_discovery:discover_packages(path) check parameters
[0.476s] Level 1:colcon.colcon_core.package_discovery:discover_packages(colcon_meta) discover
[0.476s] Level 1:colcon.colcon_core.package_discovery:discover_packages(recursive) discover
[0.476s] INFO:colcon.colcon_core.package_discovery:Crawling recursively for packages in '/home/aaaa/Desktop/Smart-Mobility-Engineering-Lab/final_project/ros2_ws'
[0.476s] Level 1:colcon.colcon_core.package_identification:_identify(.) by extensions ['ignore', 'ignore_ament_install']
[0.477s] Level 1:colcon.colcon_core.package_identification:_identify(.) by extension 'ignore'
[0.477s] Level 1:colcon.colcon_core.package_identification:_identify(.) by extension 'ignore_ament_install'
[0.477s] Level 1:colcon.colcon_core.package_identification:_identify(.) by extensions ['colcon_pkg']
[0.477s] Level 1:colcon.colcon_core.package_identification:_identify(.) by extension 'colcon_pkg'
[0.477s] Level 1:colcon.colcon_core.package_identification:_identify(.) by extensions ['colcon_meta']
[0.477s] Level 1:colcon.colcon_core.package_identification:_identify(.) by extension 'colcon_meta'
[0.477s] Level 1:colcon.colcon_core.package_identification:_identify(.) by extensions ['ros']
[0.477s] Level 1:colcon.colcon_core.package_identification:_identify(.) by extension 'ros'
[0.505s] Level 1:colcon.colcon_core.package_identification:_identify(.) by extensions ['cmake', 'python']
[0.505s] Level 1:colcon.colcon_core.package_identification:_identify(.) by extension 'cmake'
[0.505s] Level 1:colcon.colcon_core.package_identification:_identify(.) by extension 'python'
[0.505s] Level 1:colcon.colcon_core.package_identification:_identify(.) by extensions ['python_setup_py']
[0.505s] Level 1:colcon.colcon_core.package_identification:_identify(.) by extension 'python_setup_py'
[0.505s] Level 1:colcon.colcon_core.package_identification:_identify(build) by extensions ['ignore', 'ignore_ament_install']
[0.505s] Level 1:colcon.colcon_core.package_identification:_identify(build) by extension 'ignore'
[0.505s] Level 1:colcon.colcon_core.package_identification:_identify(build) ignored
[0.506s] Level 1:colcon.colcon_core.package_identification:_identify(install) by extensions ['ignore', 'ignore_ament_install']
[0.506s] Level 1:colcon.colcon_core.package_identification:_identify(install) by extension 'ignore'
[0.506s] Level 1:colcon.colcon_core.package_identification:_identify(install) ignored
[0.506s] Level 1:colcon.colcon_core.package_identification:_identify(log) by extensions ['ignore', 'ignore_ament_install']
[0.506s] Level 1:colcon.colcon_core.package_identification:_identify(log) by extension 'ignore'
[0.506s] Level 1:colcon.colcon_core.package_identification:_identify(log) ignored
[0.506s] Level 1:colcon.colcon_core.package_identification:_identify(src) by extensions ['ignore', 'ignore_ament_install']
[0.507s] Level 1:colcon.colcon_core.package_identification:_identify(src) by extension 'ignore'
[0.507s] Level 1:colcon.colcon_core.package_identification:_identify(src) by extension 'ignore_ament_install'
[0.507s] Level 1:colcon.colcon_core.package_identification:_identify(src) by extensions ['colcon_pkg']
[0.507s] Level 1:colcon.colcon_core.package_identification:_identify(src) by extension 'colcon_pkg'
[0.507s] Level 1:colcon.colcon_core.package_identification:_identify(src) by extensions ['colcon_meta']
[0.507s] Level 1:colcon.colcon_core.package_identification:_identify(src) by extension 'colcon_meta'
[0.507s] Level 1:colcon.colcon_core.package_identification:_identify(src) by extensions ['ros']
[0.507s] Level 1:colcon.colcon_core.package_identification:_identify(src) by extension 'ros'
[0.507s] Level 1:colcon.colcon_core.package_identification:_identify(src) by extensions ['cmake', 'python']
[0.507s] Level 1:colcon.colcon_core.package_identification:_identify(src) by extension 'cmake'
[0.507s] Level 1:colcon.colcon_core.package_identification:_identify(src) by extension 'python'
[0.507s] Level 1:colcon.colcon_core.package_identification:_identify(src) by extensions ['python_setup_py']
[0.507s] Level 1:colcon.colcon_core.package_identification:_identify(src) by extension 'python_setup_py'
[0.508s] Level 1:colcon.colcon_core.package_identification:_identify(src/my_package1) by extensions ['ignore', 'ignore_ament_install']
[0.508s] Level 1:colcon.colcon_core.package_identification:_identify(src/my_package1) by extension 'ignore'
[0.508s] Level 1:colcon.colcon_core.package_identification:_identify(src/my_package1) by extension 'ignore_ament_install'
[0.508s] Level 1:colcon.colcon_core.package_identification:_identify(src/my_package1) by extensions ['colcon_pkg']
[0.508s] Level 1:colcon.colcon_core.package_identification:_identify(src/my_package1) by extension 'colcon_pkg'
[0.508s] Level 1:colcon.colcon_core.package_identification:_identify(src/my_package1) by extensions ['colcon_meta']
[0.508s] Level 1:colcon.colcon_core.package_identification:_identify(src/my_package1) by extension 'colcon_meta'
[0.508s] Level 1:colcon.colcon_core.package_identification:_identify(src/my_package1) by extensions ['ros']
[0.508s] Level 1:colcon.colcon_core.package_identification:_identify(src/my_package1) by extension 'ros'
[0.511s] DEBUG:colcon.colcon_core.package_identification:Package 'src/my_package1' with type 'ros.ament_python' and name 'my_package1'
[0.512s] Level 1:colcon.colcon_core.package_identification:_identify(src/py_pubsub) by extensions ['ignore', 'ignore_ament_install']
[0.512s] Level 1:colcon.colcon_core.package_identification:_identify(src/py_pubsub) by extension 'ignore'
[0.512s] Level 1:colcon.colcon_core.package_identification:_identify(src/py_pubsub) by extension 'ignore_ament_install'
[0.512s] Level 1:colcon.colcon_core.package_identification:_identify(src/py_pubsub) by extensions ['colcon_pkg']
[0.512s] Level 1:colcon.colcon_core.package_identification:_identify(src/py_pubsub) by extension 'colcon_pkg'
[0.512s] Level 1:colcon.colcon_core.package_identification:_identify(src/py_pubsub) by extensions ['colcon_meta']
[0.512s] Level 1:colcon.colcon_core.package_identification:_identify(src/py_pubsub) by extension 'colcon_meta'
[0.512s] Level 1:colcon.colcon_core.package_identification:_identify(src/py_pubsub) by extensions ['ros']
[0.512s] Level 1:colcon.colcon_core.package_identification:_identify(src/py_pubsub) by extension 'ros'
[0.513s] DEBUG:colcon.colcon_core.package_identification:Package 'src/py_pubsub' with type 'ros.ament_python' and name 'py_pubsub'
[0.513s] Level 1:colcon.colcon_core.package_identification:_identify(src/py_srvcli) by extensions ['ignore', 'ignore_ament_install']
[0.513s] Level 1:colcon.colcon_core.package_identification:_identify(src/py_srvcli) by extension 'ignore'
[0.513s] Level 1:colcon.colcon_core.package_identification:_identify(src/py_srvcli) by extension 'ignore_ament_install'
[0.514s] Level 1:colcon.colcon_core.package_identification:_identify(src/py_srvcli) by extensions ['colcon_pkg']
[0.514s] Level 1:colcon.colcon_core.package_identification:_identify(src/py_srvcli) by extension 'colcon_pkg'
[0.514s] Level 1:colcon.colcon_core.package_identification:_identify(src/py_srvcli) by extensions ['colcon_meta']
[0.514s] Level 1:colcon.colcon_core.package_identification:_identify(src/py_srvcli) by extension 'colcon_meta'
[0.514s] Level 1:colcon.colcon_core.package_identification:_identify(src/py_srvcli) by extensions ['ros']
[0.514s] Level 1:colcon.colcon_core.package_identification:_identify(src/py_srvcli) by extension 'ros'
[0.515s] DEBUG:colcon.colcon_core.package_identification:Package 'src/py_srvcli' with type 'ros.ament_python' and name 'py_srvcli'
[0.515s] Level 1:colcon.colcon_core.package_discovery:discover_packages(recursive) using defaults
[0.515s] Level 1:colcon.colcon_core.package_discovery:discover_packages(ignore) discover
[0.515s] Level 1:colcon.colcon_core.package_discovery:discover_packages(ignore) using defaults
[0.515s] Level 1:colcon.colcon_core.package_discovery:discover_packages(path) discover
[0.515s] Level 1:colcon.colcon_core.package_discovery:discover_packages(path) using defaults
[0.551s] INFO:colcon.colcon_core.package_selection:Skipping not selected package 'my_package1' in 'src/my_package1'
[0.551s] INFO:colcon.colcon_core.package_selection:Skipping not selected package 'py_pubsub' in 'src/py_pubsub'
[0.552s] Level 1:colcon.colcon_core.package_discovery:discover_packages(prefix_path) check parameters
[0.552s] Level 1:colcon.colcon_core.package_discovery:discover_packages(prefix_path) discover
[0.556s] DEBUG:colcon.colcon_installed_package_information.package_discovery:Found 2 installed packages in /home/aaaa/Desktop/Smart-Mobility-Engineering-Lab/final_project/ros2_ws/install
[0.558s] DEBUG:colcon.colcon_installed_package_information.package_discovery:Found 0 installed packages in /home/aaaa/colcon_ws/install
[0.560s] DEBUG:colcon.colcon_installed_package_information.package_discovery:Found 334 installed packages in /opt/ros/foxy
[0.564s] Level 1:colcon.colcon_core.package_discovery:discover_packages(prefix_path) using defaults
[0.686s] Level 5:colcon.colcon_core.verb:set package 'py_srvcli' build argument 'cmake_args' from command line to 'None'
[0.686s] Level 5:colcon.colcon_core.verb:set package 'py_srvcli' build argument 'cmake_target' from command line to 'None'
[0.686s] Level 5:colcon.colcon_core.verb:set package 'py_srvcli' build argument 'cmake_target_skip_unavailable' from command line to 'False'
[0.686s] Level 5:colcon.colcon_core.verb:set package 'py_srvcli' build argument 'cmake_clean_cache' from command line to 'False'
[0.686s] Level 5:colcon.colcon_core.verb:set package 'py_srvcli' build argument 'cmake_clean_first' from command line to 'False'
[0.686s] Level 5:colcon.colcon_core.verb:set package 'py_srvcli' build argument 'cmake_force_configure' from command line to 'False'
[0.686s] Level 5:colcon.colcon_core.verb:set package 'py_srvcli' build argument 'ament_cmake_args' from command line to 'None'
[0.686s] Level 5:colcon.colcon_core.verb:set package 'py_srvcli' build argument 'catkin_cmake_args' from command line to 'None'
[0.686s] Level 5:colcon.colcon_core.verb:set package 'py_srvcli' build argument 'catkin_skip_building_tests' from command line to 'False'
[0.686s] DEBUG:colcon.colcon_core.verb:Building package 'py_srvcli' with the following arguments: {'ament_cmake_args': None, 'build_base': '/home/aaaa/Desktop/Smart-Mobility-Engineering-Lab/final_project/ros2_ws/build/py_srvcli', 'catkin_cmake_args': None, 'catkin_skip_building_tests': False, 'cmake_args': None, 'cmake_clean_cache': False, 'cmake_clean_first': False, 'cmake_force_configure': False, 'cmake_target': None, 'cmake_target_skip_unavailable': False, 'install_base': '/home/aaaa/Desktop/Smart-Mobility-Engineering-Lab/final_project/ros2_ws/install/py_srvcli', 'merge_install': False, 'path': '/home/aaaa/Desktop/Smart-Mobility-Engineering-Lab/final_project/ros2_ws/src/py_srvcli', 'symlink_install': False, 'test_result_base': None}
[0.688s] INFO:colcon.colcon_core.executor:Executing jobs using 'parallel' executor
[0.694s] DEBUG:colcon.colcon_parallel_executor.executor.parallel:run_until_complete
[0.694s] INFO:colcon.colcon_ros.task.ament_python.build:Building ROS package in '/home/aaaa/Desktop/Smart-Mobility-Engineering-Lab/final_project/ros2_ws/src/py_srvcli' with build type 'ament_python'
[0.694s] Level 1:colcon.colcon_core.shell:create_environment_hook('py_srvcli', 'ament_prefix_path')
[0.702s] INFO:colcon.colcon_core.plugin_system:Skipping extension 'colcon_core.shell.bat': Not used on non-Windows systems
[0.702s] INFO:colcon.colcon_core.shell:Creating environment hook '/home/aaaa/Desktop/Smart-Mobility-Engineering-Lab/final_project/ros2_ws/install/py_srvcli/share/py_srvcli/hook/ament_prefix_path.ps1'
[0.703s] INFO:colcon.colcon_core.shell:Creating environment descriptor '/home/aaaa/Desktop/Smart-Mobility-Engineering-Lab/final_project/ros2_ws/install/py_srvcli/share/py_srvcli/hook/ament_prefix_path.dsv'
[0.704s] INFO:colcon.colcon_core.shell:Creating environment hook '/home/aaaa/Desktop/Smart-Mobility-Engineering-Lab/final_project/ros2_ws/install/py_srvcli/share/py_srvcli/hook/ament_prefix_path.sh'
[0.707s] INFO:colcon.colcon_core.shell:Skip shell extension 'powershell' for command environment: Not usable outside of PowerShell
[0.707s] DEBUG:colcon.colcon_core.shell:Skip shell extension 'dsv' for command environment
[1.066s] INFO:colcon.colcon_core.task.python.build:Building Python package in '/home/aaaa/Desktop/Smart-Mobility-Engineering-Lab/final_project/ros2_ws/src/py_srvcli'
[1.071s] INFO:colcon.colcon_core.shell:Skip shell extension 'powershell' for command environment: Not usable outside of PowerShell
[1.071s] DEBUG:colcon.colcon_core.shell:Skip shell extension 'dsv' for command environment
[1.645s] DEBUG:colcon.colcon_core.event_handler.log_command:Invoking command in '/home/aaaa/Desktop/Smart-Mobility-Engineering-Lab/final_project/ros2_ws/src/py_srvcli': PYTHONPATH=/home/aaaa/Desktop/Smart-Mobility-Engineering-Lab/final_project/ros2_ws/build/py_srvcli/prefix_override:/home/aaaa/Desktop/Smart-Mobility-Engineering-Lab/final_project/ros2_ws/install/py_srvcli/lib/python3.8/site-packages:${PYTHONPATH} /usr/bin/python3 setup.py egg_info --egg-base ../../build/py_srvcli build --build-base /home/aaaa/Desktop/Smart-Mobility-Engineering-Lab/final_project/ros2_ws/build/py_srvcli/build install --record /home/aaaa/Desktop/Smart-Mobility-Engineering-Lab/final_project/ros2_ws/build/py_srvcli/install.log --install-scripts $base/lib/py_srvcli --single-version-externally-managed
[2.099s] DEBUG:colcon.colcon_core.event_handler.log_command:Invoked command in '/home/aaaa/Desktop/Smart-Mobility-Engineering-Lab/final_project/ros2_ws/src/py_srvcli' returned '0': PYTHONPATH=/home/aaaa/Desktop/Smart-Mobility-Engineering-Lab/final_project/ros2_ws/build/py_srvcli/prefix_override:/home/aaaa/Desktop/Smart-Mobility-Engineering-Lab/final_project/ros2_ws/install/py_srvcli/lib/python3.8/site-packages:${PYTHONPATH} /usr/bin/python3 setup.py egg_info --egg-base ../../build/py_srvcli build --build-base /home/aaaa/Desktop/Smart-Mobility-Engineering-Lab/final_project/ros2_ws/build/py_srvcli/build install --record /home/aaaa/Desktop/Smart-Mobility-Engineering-Lab/final_project/ros2_ws/build/py_srvcli/install.log --install-scripts $base/lib/py_srvcli --single-version-externally-managed
[2.113s] Level 1:colcon.colcon_core.environment:checking '/home/aaaa/Desktop/Smart-Mobility-Engineering-Lab/final_project/ros2_ws/install/py_srvcli' for CMake module files
[2.114s] Level 1:colcon.colcon_core.environment:checking '/home/aaaa/Desktop/Smart-Mobility-Engineering-Lab/final_project/ros2_ws/install/py_srvcli' for CMake config files
[2.115s] Level 1:colcon.colcon_core.environment:checking '/home/aaaa/Desktop/Smart-Mobility-Engineering-Lab/final_project/ros2_ws/install/py_srvcli/lib'
[2.116s] Level 1:colcon.colcon_core.environment:checking '/home/aaaa/Desktop/Smart-Mobility-Engineering-Lab/final_project/ros2_ws/install/py_srvcli/bin'
[2.116s] Level 1:colcon.colcon_core.environment:checking '/home/aaaa/Desktop/Smart-Mobility-Engineering-Lab/final_project/ros2_ws/install/py_srvcli/lib/pkgconfig/py_srvcli.pc'
[2.116s] Level 1:colcon.colcon_core.environment:checking '/home/aaaa/Desktop/Smart-Mobility-Engineering-Lab/final_project/ros2_ws/install/py_srvcli/lib/python3.8/site-packages'
[2.116s] Level 1:colcon.colcon_core.shell:create_environment_hook('py_srvcli', 'pythonpath')
[2.118s] INFO:colcon.colcon_core.shell:Creating environment hook '/home/aaaa/Desktop/Smart-Mobility-Engineering-Lab/final_project/ros2_ws/install/py_srvcli/share/py_srvcli/hook/pythonpath.ps1'
[2.119s] INFO:colcon.colcon_core.shell:Creating environment descriptor '/home/aaaa/Desktop/Smart-Mobility-Engineering-Lab/final_project/ros2_ws/install/py_srvcli/share/py_srvcli/hook/pythonpath.dsv'
[2.119s] INFO:colcon.colcon_core.shell:Creating environment hook '/home/aaaa/Desktop/Smart-Mobility-Engineering-Lab/final_project/ros2_ws/install/py_srvcli/share/py_srvcli/hook/pythonpath.sh'
[2.120s] Level 1:colcon.colcon_core.environment:checking '/home/aaaa/Desktop/Smart-Mobility-Engineering-Lab/final_project/ros2_ws/install/py_srvcli/bin'
[2.120s] Level 1:colcon.colcon_core.environment:create_environment_scripts_only(py_srvcli)
[2.122s] INFO:colcon.colcon_core.shell:Creating package script '/home/aaaa/Desktop/Smart-Mobility-Engineering-Lab/final_project/ros2_ws/install/py_srvcli/share/py_srvcli/package.ps1'
[2.124s] INFO:colcon.colcon_core.shell:Creating package descriptor '/home/aaaa/Desktop/Smart-Mobility-Engineering-Lab/final_project/ros2_ws/install/py_srvcli/share/py_srvcli/package.dsv'
[2.124s] INFO:colcon.colcon_core.shell:Creating package script '/home/aaaa/Desktop/Smart-Mobility-Engineering-Lab/final_project/ros2_ws/install/py_srvcli/share/py_srvcli/package.sh'
[2.125s] INFO:colcon.colcon_core.shell:Creating package script '/home/aaaa/Desktop/Smart-Mobility-Engineering-Lab/final_project/ros2_ws/install/py_srvcli/share/py_srvcli/package.bash'
[2.126s] INFO:colcon.colcon_core.shell:Creating package script '/home/aaaa/Desktop/Smart-Mobility-Engineering-Lab/final_project/ros2_ws/install/py_srvcli/share/py_srvcli/package.zsh'
[2.127s] Level 1:colcon.colcon_core.environment:create_file_with_runtime_dependencies(/home/aaaa/Desktop/Smart-Mobility-Engineering-Lab/final_project/ros2_ws/install/py_srvcli/share/colcon-core/packages/py_srvcli)
[2.129s] DEBUG:colcon.colcon_parallel_executor.executor.parallel:closing loop
[2.129s] DEBUG:colcon.colcon_parallel_executor.executor.parallel:loop closed
[2.129s] DEBUG:colcon.colcon_parallel_executor.executor.parallel:run_until_complete finished with '0'
[2.129s] DEBUG:colcon.colcon_core.event_reactor:joining thread
[2.142s] INFO:colcon.colcon_core.plugin_system:Skipping extension 'colcon_notification.desktop_notification.terminal_notifier': Not used on non-Darwin systems
[2.143s] INFO:colcon.colcon_core.plugin_system:Skipping extension 'colcon_notification.desktop_notification.win32': Not used on non-Windows systems
[2.143s] INFO:colcon.colcon_notification.desktop_notification:Sending desktop notification using 'notify2'
[2.176s] DEBUG:colcon.colcon_core.event_reactor:joined thread
[2.180s] INFO:colcon.colcon_core.shell:Creating prefix script '/home/aaaa/Desktop/Smart-Mobility-Engineering-Lab/final_project/ros2_ws/install/local_setup.ps1'
[2.182s] INFO:colcon.colcon_core.shell:Creating prefix util module '/home/aaaa/Desktop/Smart-Mobility-Engineering-Lab/final_project/ros2_ws/install/_local_setup_util_ps1.py'
[2.185s] INFO:colcon.colcon_core.shell:Creating prefix chain script '/home/aaaa/Desktop/Smart-Mobility-Engineering-Lab/final_project/ros2_ws/install/setup.ps1'
[2.188s] INFO:colcon.colcon_core.shell:Creating prefix script '/home/aaaa/Desktop/Smart-Mobility-Engineering-Lab/final_project/ros2_ws/install/local_setup.sh'
[2.190s] INFO:colcon.colcon_core.shell:Creating prefix util module '/home/aaaa/Desktop/Smart-Mobility-Engineering-Lab/final_project/ros2_ws/install/_local_setup_util_sh.py'
[2.191s] INFO:colcon.colcon_core.shell:Creating prefix chain script '/home/aaaa/Desktop/Smart-Mobility-Engineering-Lab/final_project/ros2_ws/install/setup.sh'
[2.193s] INFO:colcon.colcon_core.shell:Creating prefix script '/home/aaaa/Desktop/Smart-Mobility-Engineering-Lab/final_project/ros2_ws/install/local_setup.bash'
[2.194s] INFO:colcon.colcon_core.shell:Creating prefix chain script '/home/aaaa/Desktop/Smart-Mobility-Engineering-Lab/final_project/ros2_ws/install/setup.bash'
[2.196s] INFO:colcon.colcon_core.shell:Creating prefix script '/home/aaaa/Desktop/Smart-Mobility-Engineering-Lab/final_project/ros2_ws/install/local_setup.zsh'
[2.197s] INFO:colcon.colcon_core.shell:Creating prefix chain script '/home/aaaa/Desktop/Smart-Mobility-Engineering-Lab/final_project/ros2_ws/install/setup.zsh'
