[0.439s] DEBUG:colcon:Command line arguments: ['/usr/bin/colcon', 'build']
[0.439s] DEBUG:colcon:Parsed command line arguments: Namespace(allow_overriding=[], ament_cmake_args=None, base_paths=['.'], build_base='build', catkin_cmake_args=None, catkin_skip_building_tests=False, cmake_args=None, cmake_clean_cache=False, cmake_clean_first=False, cmake_force_configure=False, cmake_target=None, cmake_target_skip_unavailable=False, continue_on_error=False, event_handlers=None, executor='parallel', ignore_user_meta=False, install_base='install', log_base=None, log_level=None, main=<bound method BuildVerb.main of <colcon_core.verb.build.BuildVerb object at 0x7f9a3f2c4610>>, merge_install=False, metas=['./colcon.meta'], packages_above=None, packages_above_and_dependencies=None, packages_above_depth=None, packages_end=None, packages_ignore=None, packages_ignore_regex=None, packages_select=None, packages_select_build_failed=False, packages_select_by_dep=None, packages_select_regex=None, packages_select_test_failures=False, packages_skip=None, packages_skip_build_finished=False, packages_skip_by_dep=None, packages_skip_regex=None, packages_skip_test_passed=False, packages_skip_up_to=None, packages_start=None, packages_up_to=None, packages_up_to_regex=None, parallel_workers=4, paths=None, symlink_install=False, test_result_base=None, verb_extension=<colcon_core.verb.build.BuildVerb object at 0x7f9a3f2c4610>, verb_name='build', verb_parser=<colcon_defaults.argument_parser.defaults.DefaultArgumentsDecorator object at 0x7f9a3f2c4b50>)
[0.491s] Level 1:colcon.colcon_core.package_discovery:discover_packages(colcon_meta) check parameters
[0.491s] Level 1:colcon.colcon_core.package_discovery:discover_packages(recursive) check parameters
[0.491s] Level 1:colcon.colcon_core.package_discovery:discover_packages(ignore) check parameters
[0.491s] Level 1:colcon.colcon_core.package_discovery:discover_packages(path) check parameters
[0.491s] Level 1:colcon.colcon_core.package_discovery:discover_packages(colcon_meta) discover
[0.492s] Level 1:colcon.colcon_core.package_discovery:discover_packages(recursive) discover
[0.492s] INFO:colcon.colcon_core.package_discovery:Crawling recursively for packages in '/home/aaaa/Desktop/week_7'
[0.492s] Level 1:colcon.colcon_core.package_identification:_identify(.) by extensions ['ignore', 'ignore_ament_install']
[0.492s] Level 1:colcon.colcon_core.package_identification:_identify(.) by extension 'ignore'
[0.492s] Level 1:colcon.colcon_core.package_identification:_identify(.) by extension 'ignore_ament_install'
[0.492s] Level 1:colcon.colcon_core.package_identification:_identify(.) by extensions ['colcon_pkg']
[0.492s] Level 1:colcon.colcon_core.package_identification:_identify(.) by extension 'colcon_pkg'
[0.492s] Level 1:colcon.colcon_core.package_identification:_identify(.) by extensions ['colcon_meta']
[0.492s] Level 1:colcon.colcon_core.package_identification:_identify(.) by extension 'colcon_meta'
[0.493s] Level 1:colcon.colcon_core.package_identification:_identify(.) by extensions ['ros']
[0.493s] Level 1:colcon.colcon_core.package_identification:_identify(.) by extension 'ros'
[0.541s] Level 1:colcon.colcon_core.package_identification:_identify(.) by extensions ['cmake', 'python']
[0.541s] Level 1:colcon.colcon_core.package_identification:_identify(.) by extension 'cmake'
[0.541s] Level 1:colcon.colcon_core.package_identification:_identify(.) by extension 'python'
[0.541s] Level 1:colcon.colcon_core.package_identification:_identify(.) by extensions ['python_setup_py']
[0.541s] Level 1:colcon.colcon_core.package_identification:_identify(.) by extension 'python_setup_py'
[0.541s] Level 1:colcon.colcon_core.package_identification:_identify(build) by extensions ['ignore', 'ignore_ament_install']
[0.542s] Level 1:colcon.colcon_core.package_identification:_identify(build) by extension 'ignore'
[0.542s] Level 1:colcon.colcon_core.package_identification:_identify(build) ignored
[0.542s] Level 1:colcon.colcon_core.package_identification:_identify(install) by extensions ['ignore', 'ignore_ament_install']
[0.542s] Level 1:colcon.colcon_core.package_identification:_identify(install) by extension 'ignore'
[0.542s] Level 1:colcon.colcon_core.package_identification:_identify(install) ignored
[0.543s] Level 1:colcon.colcon_core.package_identification:_identify(log) by extensions ['ignore', 'ignore_ament_install']
[0.543s] Level 1:colcon.colcon_core.package_identification:_identify(log) by extension 'ignore'
[0.543s] Level 1:colcon.colcon_core.package_identification:_identify(log) ignored
[0.543s] Level 1:colcon.colcon_core.package_identification:_identify(math_operation) by extensions ['ignore', 'ignore_ament_install']
[0.543s] Level 1:colcon.colcon_core.package_identification:_identify(math_operation) by extension 'ignore'
[0.544s] Level 1:colcon.colcon_core.package_identification:_identify(math_operation) by extension 'ignore_ament_install'
[0.544s] Level 1:colcon.colcon_core.package_identification:_identify(math_operation) by extensions ['colcon_pkg']
[0.544s] Level 1:colcon.colcon_core.package_identification:_identify(math_operation) by extension 'colcon_pkg'
[0.544s] Level 1:colcon.colcon_core.package_identification:_identify(math_operation) by extensions ['colcon_meta']
[0.544s] Level 1:colcon.colcon_core.package_identification:_identify(math_operation) by extension 'colcon_meta'
[0.544s] Level 1:colcon.colcon_core.package_identification:_identify(math_operation) by extensions ['ros']
[0.544s] Level 1:colcon.colcon_core.package_identification:_identify(math_operation) by extension 'ros'
[0.545s] Level 1:colcon.colcon_core.package_identification:_identify(math_operation) by extensions ['cmake', 'python']
[0.545s] Level 1:colcon.colcon_core.package_identification:_identify(math_operation) by extension 'cmake'
[0.545s] Level 1:colcon.colcon_core.package_identification:_identify(math_operation) by extension 'python'
[0.545s] Level 1:colcon.colcon_core.package_identification:_identify(math_operation) by extensions ['python_setup_py']
[0.545s] Level 1:colcon.colcon_core.package_identification:_identify(math_operation) by extension 'python_setup_py'
[0.545s] Level 1:colcon.colcon_core.package_identification:_identify(math_operation/build) by extensions ['ignore', 'ignore_ament_install']
[0.545s] Level 1:colcon.colcon_core.package_identification:_identify(math_operation/build) by extension 'ignore'
[0.545s] Level 1:colcon.colcon_core.package_identification:_identify(math_operation/build) ignored
[0.546s] Level 1:colcon.colcon_core.package_identification:_identify(math_operation/install) by extensions ['ignore', 'ignore_ament_install']
[0.546s] Level 1:colcon.colcon_core.package_identification:_identify(math_operation/install) by extension 'ignore'
[0.546s] Level 1:colcon.colcon_core.package_identification:_identify(math_operation/install) ignored
[0.546s] Level 1:colcon.colcon_core.package_identification:_identify(math_operation/log) by extensions ['ignore', 'ignore_ament_install']
[0.546s] Level 1:colcon.colcon_core.package_identification:_identify(math_operation/log) by extension 'ignore'
[0.547s] Level 1:colcon.colcon_core.package_identification:_identify(math_operation/log) ignored
[0.547s] Level 1:colcon.colcon_core.package_identification:_identify(math_operation/src) by extensions ['ignore', 'ignore_ament_install']
[0.547s] Level 1:colcon.colcon_core.package_identification:_identify(math_operation/src) by extension 'ignore'
[0.547s] Level 1:colcon.colcon_core.package_identification:_identify(math_operation/src) by extension 'ignore_ament_install'
[0.547s] Level 1:colcon.colcon_core.package_identification:_identify(math_operation/src) by extensions ['colcon_pkg']
[0.547s] Level 1:colcon.colcon_core.package_identification:_identify(math_operation/src) by extension 'colcon_pkg'
[0.548s] Level 1:colcon.colcon_core.package_identification:_identify(math_operation/src) by extensions ['colcon_meta']
[0.548s] Level 1:colcon.colcon_core.package_identification:_identify(math_operation/src) by extension 'colcon_meta'
[0.548s] Level 1:colcon.colcon_core.package_identification:_identify(math_operation/src) by extensions ['ros']
[0.548s] Level 1:colcon.colcon_core.package_identification:_identify(math_operation/src) by extension 'ros'
[0.548s] Level 1:colcon.colcon_core.package_identification:_identify(math_operation/src) by extensions ['cmake', 'python']
[0.548s] Level 1:colcon.colcon_core.package_identification:_identify(math_operation/src) by extension 'cmake'
[0.548s] Level 1:colcon.colcon_core.package_identification:_identify(math_operation/src) by extension 'python'
[0.549s] Level 1:colcon.colcon_core.package_identification:_identify(math_operation/src) by extensions ['python_setup_py']
[0.549s] Level 1:colcon.colcon_core.package_identification:_identify(math_operation/src) by extension 'python_setup_py'
[0.549s] Level 1:colcon.colcon_core.package_identification:_identify(math_operation/src/math_operations_action) by extensions ['ignore', 'ignore_ament_install']
[0.549s] Level 1:colcon.colcon_core.package_identification:_identify(math_operation/src/math_operations_action) by extension 'ignore'
[0.549s] Level 1:colcon.colcon_core.package_identification:_identify(math_operation/src/math_operations_action) by extension 'ignore_ament_install'
[0.549s] Level 1:colcon.colcon_core.package_identification:_identify(math_operation/src/math_operations_action) by extensions ['colcon_pkg']
[0.549s] Level 1:colcon.colcon_core.package_identification:_identify(math_operation/src/math_operations_action) by extension 'colcon_pkg'
[0.550s] Level 1:colcon.colcon_core.package_identification:_identify(math_operation/src/math_operations_action) by extensions ['colcon_meta']
[0.550s] Level 1:colcon.colcon_core.package_identification:_identify(math_operation/src/math_operations_action) by extension 'colcon_meta'
[0.550s] Level 1:colcon.colcon_core.package_identification:_identify(math_operation/src/math_operations_action) by extensions ['ros']
[0.550s] Level 1:colcon.colcon_core.package_identification:_identify(math_operation/src/math_operations_action) by extension 'ros'
[0.555s] DEBUG:colcon.colcon_core.package_identification:Package 'math_operation/src/math_operations_action' with type 'ros.ament_python' and name 'math_operations_action'
[0.556s] Level 1:colcon.colcon_core.package_identification:_identify(weather_advisor) by extensions ['ignore', 'ignore_ament_install']
[0.556s] Level 1:colcon.colcon_core.package_identification:_identify(weather_advisor) by extension 'ignore'
[0.556s] Level 1:colcon.colcon_core.package_identification:_identify(weather_advisor) by extension 'ignore_ament_install'
[0.556s] Level 1:colcon.colcon_core.package_identification:_identify(weather_advisor) by extensions ['colcon_pkg']
[0.556s] Level 1:colcon.colcon_core.package_identification:_identify(weather_advisor) by extension 'colcon_pkg'
[0.557s] Level 1:colcon.colcon_core.package_identification:_identify(weather_advisor) by extensions ['colcon_meta']
[0.557s] Level 1:colcon.colcon_core.package_identification:_identify(weather_advisor) by extension 'colcon_meta'
[0.557s] Level 1:colcon.colcon_core.package_identification:_identify(weather_advisor) by extensions ['ros']
[0.557s] Level 1:colcon.colcon_core.package_identification:_identify(weather_advisor) by extension 'ros'
[0.558s] DEBUG:colcon.colcon_core.package_identification:Package 'weather_advisor' with type 'ros.ament_python' and name 'weather_advisor'
[0.558s] Level 1:colcon.colcon_core.package_discovery:discover_packages(recursive) using defaults
[0.558s] Level 1:colcon.colcon_core.package_discovery:discover_packages(ignore) discover
[0.558s] Level 1:colcon.colcon_core.package_discovery:discover_packages(ignore) using defaults
[0.558s] Level 1:colcon.colcon_core.package_discovery:discover_packages(path) discover
[0.558s] Level 1:colcon.colcon_core.package_discovery:discover_packages(path) using defaults
[0.597s] Level 1:colcon.colcon_core.package_discovery:discover_packages(prefix_path) check parameters
[0.597s] Level 1:colcon.colcon_core.package_discovery:discover_packages(prefix_path) discover
[0.601s] DEBUG:colcon.colcon_installed_package_information.package_discovery:Found 1 installed packages in /home/aaaa/Desktop/week_7/install
[0.603s] DEBUG:colcon.colcon_installed_package_information.package_discovery:Found 1 installed packages in /home/aaaa/ros2_ws/install
[0.604s] DEBUG:colcon.colcon_installed_package_information.package_discovery:Found 0 installed packages in /home/aaaa/ros2_workspace2/install
[0.606s] DEBUG:colcon.colcon_installed_package_information.package_discovery:Found 0 installed packages in /home/aaaa/ros2_workspace/src/math_operations_action/scripts/install
[0.608s] DEBUG:colcon.colcon_installed_package_information.package_discovery:Found 1 installed packages in /home/aaaa/ros2_workspace/install
[0.610s] DEBUG:colcon.colcon_installed_package_information.package_discovery:Found 1 installed packages in /home/aaaa/Desktop/week_7/math_operation/install
[0.613s] DEBUG:colcon.colcon_installed_package_information.package_discovery:Found 1 installed packages in /home/aaaa/Desktop/week_7/math_operation/src/math_operations_action/install
[0.615s] DEBUG:colcon.colcon_installed_package_information.package_discovery:Found 0 installed packages in /home/aaaa/colcon_ws/install
[0.620s] DEBUG:colcon.colcon_installed_package_information.package_discovery:Found 334 installed packages in /opt/ros/foxy
[0.626s] Level 1:colcon.colcon_core.package_discovery:discover_packages(prefix_path) using defaults
[0.771s] Level 5:colcon.colcon_core.verb:set package 'math_operations_action' build argument 'cmake_args' from command line to 'None'
[0.774s] Level 5:colcon.colcon_core.verb:set package 'math_operations_action' build argument 'cmake_target' from command line to 'None'
[0.775s] Level 5:colcon.colcon_core.verb:set package 'math_operations_action' build argument 'cmake_target_skip_unavailable' from command line to 'False'
[0.775s] Level 5:colcon.colcon_core.verb:set package 'math_operations_action' build argument 'cmake_clean_cache' from command line to 'False'
[0.775s] Level 5:colcon.colcon_core.verb:set package 'math_operations_action' build argument 'cmake_clean_first' from command line to 'False'
[0.775s] Level 5:colcon.colcon_core.verb:set package 'math_operations_action' build argument 'cmake_force_configure' from command line to 'False'
[0.775s] Level 5:colcon.colcon_core.verb:set package 'math_operations_action' build argument 'ament_cmake_args' from command line to 'None'
[0.775s] Level 5:colcon.colcon_core.verb:set package 'math_operations_action' build argument 'catkin_cmake_args' from command line to 'None'
[0.775s] Level 5:colcon.colcon_core.verb:set package 'math_operations_action' build argument 'catkin_skip_building_tests' from command line to 'False'
[0.775s] DEBUG:colcon.colcon_core.verb:Building package 'math_operations_action' with the following arguments: {'ament_cmake_args': None, 'build_base': '/home/aaaa/Desktop/week_7/build/math_operations_action', 'catkin_cmake_args': None, 'catkin_skip_building_tests': False, 'cmake_args': None, 'cmake_clean_cache': False, 'cmake_clean_first': False, 'cmake_force_configure': False, 'cmake_target': None, 'cmake_target_skip_unavailable': False, 'install_base': '/home/aaaa/Desktop/week_7/install/math_operations_action', 'merge_install': False, 'path': '/home/aaaa/Desktop/week_7/math_operation/src/math_operations_action', 'symlink_install': False, 'test_result_base': None}
[0.777s] Level 5:colcon.colcon_core.verb:set package 'weather_advisor' build argument 'cmake_args' from command line to 'None'
[0.777s] Level 5:colcon.colcon_core.verb:set package 'weather_advisor' build argument 'cmake_target' from command line to 'None'
[0.777s] Level 5:colcon.colcon_core.verb:set package 'weather_advisor' build argument 'cmake_target_skip_unavailable' from command line to 'False'
[0.777s] Level 5:colcon.colcon_core.verb:set package 'weather_advisor' build argument 'cmake_clean_cache' from command line to 'False'
[0.777s] Level 5:colcon.colcon_core.verb:set package 'weather_advisor' build argument 'cmake_clean_first' from command line to 'False'
[0.777s] Level 5:colcon.colcon_core.verb:set package 'weather_advisor' build argument 'cmake_force_configure' from command line to 'False'
[0.777s] Level 5:colcon.colcon_core.verb:set package 'weather_advisor' build argument 'ament_cmake_args' from command line to 'None'
[0.777s] Level 5:colcon.colcon_core.verb:set package 'weather_advisor' build argument 'catkin_cmake_args' from command line to 'None'
[0.777s] Level 5:colcon.colcon_core.verb:set package 'weather_advisor' build argument 'catkin_skip_building_tests' from command line to 'False'
[0.778s] DEBUG:colcon.colcon_core.verb:Building package 'weather_advisor' with the following arguments: {'ament_cmake_args': None, 'build_base': '/home/aaaa/Desktop/week_7/build/weather_advisor', 'catkin_cmake_args': None, 'catkin_skip_building_tests': False, 'cmake_args': None, 'cmake_clean_cache': False, 'cmake_clean_first': False, 'cmake_force_configure': False, 'cmake_target': None, 'cmake_target_skip_unavailable': False, 'install_base': '/home/aaaa/Desktop/week_7/install/weather_advisor', 'merge_install': False, 'path': '/home/aaaa/Desktop/week_7/weather_advisor', 'symlink_install': False, 'test_result_base': None}
[0.779s] INFO:colcon.colcon_core.executor:Executing jobs using 'parallel' executor
[0.785s] DEBUG:colcon.colcon_parallel_executor.executor.parallel:run_until_complete
[0.785s] INFO:colcon.colcon_ros.task.ament_python.build:Building ROS package in '/home/aaaa/Desktop/week_7/math_operation/src/math_operations_action' with build type 'ament_python'
[0.785s] Level 1:colcon.colcon_core.shell:create_environment_hook('math_operations_action', 'ament_prefix_path')
[0.792s] INFO:colcon.colcon_core.plugin_system:Skipping extension 'colcon_core.shell.bat': Not used on non-Windows systems
[0.792s] INFO:colcon.colcon_core.shell:Creating environment hook '/home/aaaa/Desktop/week_7/install/math_operations_action/share/math_operations_action/hook/ament_prefix_path.ps1'
[0.793s] INFO:colcon.colcon_core.shell:Creating environment descriptor '/home/aaaa/Desktop/week_7/install/math_operations_action/share/math_operations_action/hook/ament_prefix_path.dsv'
[0.793s] INFO:colcon.colcon_core.shell:Creating environment hook '/home/aaaa/Desktop/week_7/install/math_operations_action/share/math_operations_action/hook/ament_prefix_path.sh'
[0.798s] INFO:colcon.colcon_core.shell:Skip shell extension 'powershell' for command environment: Not usable outside of PowerShell
[0.798s] DEBUG:colcon.colcon_core.shell:Skip shell extension 'dsv' for command environment
[0.820s] INFO:colcon.colcon_ros.task.ament_python.build:Building ROS package in '/home/aaaa/Desktop/week_7/weather_advisor' with build type 'ament_python'
[0.820s] Level 1:colcon.colcon_core.shell:create_environment_hook('weather_advisor', 'ament_prefix_path')
[0.824s] INFO:colcon.colcon_core.shell:Creating environment hook '/home/aaaa/Desktop/week_7/install/weather_advisor/share/weather_advisor/hook/ament_prefix_path.ps1'
[0.826s] INFO:colcon.colcon_core.shell:Creating environment descriptor '/home/aaaa/Desktop/week_7/install/weather_advisor/share/weather_advisor/hook/ament_prefix_path.dsv'
[0.826s] INFO:colcon.colcon_core.shell:Creating environment hook '/home/aaaa/Desktop/week_7/install/weather_advisor/share/weather_advisor/hook/ament_prefix_path.sh'
[0.829s] INFO:colcon.colcon_core.shell:Skip shell extension 'powershell' for command environment: Not usable outside of PowerShell
[0.829s] DEBUG:colcon.colcon_core.shell:Skip shell extension 'dsv' for command environment
[1.211s] INFO:colcon.colcon_core.task.python.build:Building Python package in '/home/aaaa/Desktop/week_7/math_operation/src/math_operations_action'
[1.217s] INFO:colcon.colcon_core.shell:Skip shell extension 'powershell' for command environment: Not usable outside of PowerShell
[1.217s] DEBUG:colcon.colcon_core.shell:Skip shell extension 'dsv' for command environment
[1.569s] INFO:colcon.colcon_core.task.python.build:Building Python package in '/home/aaaa/Desktop/week_7/weather_advisor'
[1.575s] INFO:colcon.colcon_core.shell:Skip shell extension 'powershell' for command environment: Not usable outside of PowerShell
[1.575s] DEBUG:colcon.colcon_core.shell:Skip shell extension 'dsv' for command environment
[2.200s] DEBUG:colcon.colcon_core.event_handler.log_command:Invoking command in '/home/aaaa/Desktop/week_7/math_operation/src/math_operations_action': PYTHONPATH=/home/aaaa/Desktop/week_7/build/math_operations_action/prefix_override:/home/aaaa/Desktop/week_7/install/math_operations_action/lib/python3.8/site-packages:${PYTHONPATH} /usr/bin/python3 setup.py egg_info --egg-base ../../../build/math_operations_action build --build-base /home/aaaa/Desktop/week_7/build/math_operations_action/build install --record /home/aaaa/Desktop/week_7/build/math_operations_action/install.log --install-scripts $base/lib/math_operations_action --single-version-externally-managed
[2.344s] DEBUG:colcon.colcon_core.event_handler.log_command:Invoking command in '/home/aaaa/Desktop/week_7/weather_advisor': PYTHONPATH=/home/aaaa/Desktop/week_7/build/weather_advisor/prefix_override:/home/aaaa/Desktop/week_7/install/weather_advisor/lib/python3.8/site-packages:${PYTHONPATH} /usr/bin/python3 setup.py egg_info --egg-base ../build/weather_advisor build --build-base /home/aaaa/Desktop/week_7/build/weather_advisor/build install --record /home/aaaa/Desktop/week_7/build/weather_advisor/install.log --install-scripts $base/lib/weather_advisor --single-version-externally-managed
[2.774s] DEBUG:colcon.colcon_core.event_handler.log_command:Invoked command in '/home/aaaa/Desktop/week_7/math_operation/src/math_operations_action' returned '0': PYTHONPATH=/home/aaaa/Desktop/week_7/build/math_operations_action/prefix_override:/home/aaaa/Desktop/week_7/install/math_operations_action/lib/python3.8/site-packages:${PYTHONPATH} /usr/bin/python3 setup.py egg_info --egg-base ../../../build/math_operations_action build --build-base /home/aaaa/Desktop/week_7/build/math_operations_action/build install --record /home/aaaa/Desktop/week_7/build/math_operations_action/install.log --install-scripts $base/lib/math_operations_action --single-version-externally-managed
[2.784s] Level 1:colcon.colcon_core.environment:checking '/home/aaaa/Desktop/week_7/install/math_operations_action' for CMake module files
[2.785s] Level 1:colcon.colcon_core.environment:checking '/home/aaaa/Desktop/week_7/install/math_operations_action' for CMake config files
[2.787s] Level 1:colcon.colcon_core.environment:checking '/home/aaaa/Desktop/week_7/install/math_operations_action/lib'
[2.787s] Level 1:colcon.colcon_core.environment:checking '/home/aaaa/Desktop/week_7/install/math_operations_action/bin'
[2.788s] Level 1:colcon.colcon_core.environment:checking '/home/aaaa/Desktop/week_7/install/math_operations_action/lib/pkgconfig/math_operations_action.pc'
[2.788s] Level 1:colcon.colcon_core.environment:checking '/home/aaaa/Desktop/week_7/install/math_operations_action/lib/python3.8/site-packages'
[2.791s] Level 1:colcon.colcon_core.shell:create_environment_hook('math_operations_action', 'pythonpath')
[2.795s] INFO:colcon.colcon_core.shell:Creating environment hook '/home/aaaa/Desktop/week_7/install/math_operations_action/share/math_operations_action/hook/pythonpath.ps1'
[2.797s] INFO:colcon.colcon_core.shell:Creating environment descriptor '/home/aaaa/Desktop/week_7/install/math_operations_action/share/math_operations_action/hook/pythonpath.dsv'
[2.800s] INFO:colcon.colcon_core.shell:Creating environment hook '/home/aaaa/Desktop/week_7/install/math_operations_action/share/math_operations_action/hook/pythonpath.sh'
[2.802s] Level 1:colcon.colcon_core.environment:checking '/home/aaaa/Desktop/week_7/install/math_operations_action/bin'
[2.802s] Level 1:colcon.colcon_core.environment:create_environment_scripts_only(math_operations_action)
[2.807s] INFO:colcon.colcon_core.shell:Creating package script '/home/aaaa/Desktop/week_7/install/math_operations_action/share/math_operations_action/package.ps1'
[2.810s] INFO:colcon.colcon_core.shell:Creating package descriptor '/home/aaaa/Desktop/week_7/install/math_operations_action/share/math_operations_action/package.dsv'
[2.812s] INFO:colcon.colcon_core.shell:Creating package script '/home/aaaa/Desktop/week_7/install/math_operations_action/share/math_operations_action/package.sh'
[2.815s] INFO:colcon.colcon_core.shell:Creating package script '/home/aaaa/Desktop/week_7/install/math_operations_action/share/math_operations_action/package.bash'
[2.816s] INFO:colcon.colcon_core.shell:Creating package script '/home/aaaa/Desktop/week_7/install/math_operations_action/share/math_operations_action/package.zsh'
[2.818s] Level 1:colcon.colcon_core.environment:create_file_with_runtime_dependencies(/home/aaaa/Desktop/week_7/install/math_operations_action/share/colcon-core/packages/math_operations_action)
[2.884s] Level 1:colcon.colcon_core.environment:checking '/home/aaaa/Desktop/week_7/install/weather_advisor' for CMake module files
[2.884s] DEBUG:colcon.colcon_core.event_handler.log_command:Invoked command in '/home/aaaa/Desktop/week_7/weather_advisor' returned '0': PYTHONPATH=/home/aaaa/Desktop/week_7/build/weather_advisor/prefix_override:/home/aaaa/Desktop/week_7/install/weather_advisor/lib/python3.8/site-packages:${PYTHONPATH} /usr/bin/python3 setup.py egg_info --egg-base ../build/weather_advisor build --build-base /home/aaaa/Desktop/week_7/build/weather_advisor/build install --record /home/aaaa/Desktop/week_7/build/weather_advisor/install.log --install-scripts $base/lib/weather_advisor --single-version-externally-managed
[2.886s] Level 1:colcon.colcon_core.environment:checking '/home/aaaa/Desktop/week_7/install/weather_advisor' for CMake config files
[2.887s] Level 1:colcon.colcon_core.environment:checking '/home/aaaa/Desktop/week_7/install/weather_advisor/lib'
[2.887s] Level 1:colcon.colcon_core.environment:checking '/home/aaaa/Desktop/week_7/install/weather_advisor/bin'
[2.887s] Level 1:colcon.colcon_core.environment:checking '/home/aaaa/Desktop/week_7/install/weather_advisor/lib/pkgconfig/weather_advisor.pc'
[2.888s] Level 1:colcon.colcon_core.environment:checking '/home/aaaa/Desktop/week_7/install/weather_advisor/lib/python3.8/site-packages'
[2.888s] Level 1:colcon.colcon_core.shell:create_environment_hook('weather_advisor', 'pythonpath')
[2.892s] INFO:colcon.colcon_core.shell:Creating environment hook '/home/aaaa/Desktop/week_7/install/weather_advisor/share/weather_advisor/hook/pythonpath.ps1'
[2.893s] INFO:colcon.colcon_core.shell:Creating environment descriptor '/home/aaaa/Desktop/week_7/install/weather_advisor/share/weather_advisor/hook/pythonpath.dsv'
[2.894s] INFO:colcon.colcon_core.shell:Creating environment hook '/home/aaaa/Desktop/week_7/install/weather_advisor/share/weather_advisor/hook/pythonpath.sh'
[2.895s] Level 1:colcon.colcon_core.environment:checking '/home/aaaa/Desktop/week_7/install/weather_advisor/bin'
[2.895s] Level 1:colcon.colcon_core.environment:create_environment_scripts_only(weather_advisor)
[2.898s] INFO:colcon.colcon_core.shell:Creating package script '/home/aaaa/Desktop/week_7/install/weather_advisor/share/weather_advisor/package.ps1'
[2.899s] INFO:colcon.colcon_core.shell:Creating package descriptor '/home/aaaa/Desktop/week_7/install/weather_advisor/share/weather_advisor/package.dsv'
[2.901s] INFO:colcon.colcon_core.shell:Creating package script '/home/aaaa/Desktop/week_7/install/weather_advisor/share/weather_advisor/package.sh'
[2.902s] INFO:colcon.colcon_core.shell:Creating package script '/home/aaaa/Desktop/week_7/install/weather_advisor/share/weather_advisor/package.bash'
[2.902s] INFO:colcon.colcon_core.shell:Creating package script '/home/aaaa/Desktop/week_7/install/weather_advisor/share/weather_advisor/package.zsh'
[2.903s] Level 1:colcon.colcon_core.environment:create_file_with_runtime_dependencies(/home/aaaa/Desktop/week_7/install/weather_advisor/share/colcon-core/packages/weather_advisor)
[2.904s] DEBUG:colcon.colcon_parallel_executor.executor.parallel:closing loop
[2.905s] DEBUG:colcon.colcon_parallel_executor.executor.parallel:loop closed
[2.905s] DEBUG:colcon.colcon_parallel_executor.executor.parallel:run_until_complete finished with '0'
[2.905s] DEBUG:colcon.colcon_core.event_reactor:joining thread
[2.921s] INFO:colcon.colcon_core.plugin_system:Skipping extension 'colcon_notification.desktop_notification.terminal_notifier': Not used on non-Darwin systems
[2.921s] INFO:colcon.colcon_core.plugin_system:Skipping extension 'colcon_notification.desktop_notification.win32': Not used on non-Windows systems
[2.921s] INFO:colcon.colcon_notification.desktop_notification:Sending desktop notification using 'notify2'
[2.954s] DEBUG:colcon.colcon_core.event_reactor:joined thread
[2.957s] INFO:colcon.colcon_core.shell:Creating prefix script '/home/aaaa/Desktop/week_7/install/local_setup.ps1'
[2.959s] INFO:colcon.colcon_core.shell:Creating prefix util module '/home/aaaa/Desktop/week_7/install/_local_setup_util_ps1.py'
[2.961s] INFO:colcon.colcon_core.shell:Creating prefix chain script '/home/aaaa/Desktop/week_7/install/setup.ps1'
[2.966s] INFO:colcon.colcon_core.shell:Creating prefix script '/home/aaaa/Desktop/week_7/install/local_setup.sh'
[2.967s] INFO:colcon.colcon_core.shell:Creating prefix util module '/home/aaaa/Desktop/week_7/install/_local_setup_util_sh.py'
[2.968s] INFO:colcon.colcon_core.shell:Creating prefix chain script '/home/aaaa/Desktop/week_7/install/setup.sh'
[2.971s] INFO:colcon.colcon_core.shell:Creating prefix script '/home/aaaa/Desktop/week_7/install/local_setup.bash'
[2.972s] INFO:colcon.colcon_core.shell:Creating prefix chain script '/home/aaaa/Desktop/week_7/install/setup.bash'
[2.974s] INFO:colcon.colcon_core.shell:Creating prefix script '/home/aaaa/Desktop/week_7/install/local_setup.zsh'
[2.975s] INFO:colcon.colcon_core.shell:Creating prefix chain script '/home/aaaa/Desktop/week_7/install/setup.zsh'
