[1.638s] Invoking command in '/home/aaaa/Desktop/Smart-Mobility-Engineering-Lab/Final_Project/ros2_ws/src/ros2_weather_talk': PYTHONPATH=/home/aaaa/Desktop/Smart-Mobility-Engineering-Lab/Final_Project/ros2_ws/build/ros2_weather_talk/prefix_override:/home/aaaa/Desktop/Smart-Mobility-Engineering-Lab/Final_Project/ros2_ws/install/ros2_weather_talk/lib/python3.8/site-packages:${PYTHONPATH} /usr/bin/python3 setup.py egg_info --egg-base ../../build/ros2_weather_talk build --build-base /home/aaaa/Desktop/Smart-Mobility-Engineering-Lab/Final_Project/ros2_ws/build/ros2_weather_talk/build install --record /home/aaaa/Desktop/Smart-Mobility-Engineering-Lab/Final_Project/ros2_ws/build/ros2_weather_talk/install.log --install-scripts $base/lib/ros2_weather_talk --single-version-externally-managed
[2.012s] running egg_info
[2.017s] writing ../../build/ros2_weather_talk/ros2_weather_talk.egg-info/PKG-INFO
[2.018s] writing dependency_links to ../../build/ros2_weather_talk/ros2_weather_talk.egg-info/dependency_links.txt
[2.019s] writing entry points to ../../build/ros2_weather_talk/ros2_weather_talk.egg-info/entry_points.txt
[2.020s] writing requirements to ../../build/ros2_weather_talk/ros2_weather_talk.egg-info/requires.txt
[2.021s] writing top-level names to ../../build/ros2_weather_talk/ros2_weather_talk.egg-info/top_level.txt
[2.071s] reading manifest file '../../build/ros2_weather_talk/ros2_weather_talk.egg-info/SOURCES.txt'
[2.073s] writing manifest file '../../build/ros2_weather_talk/ros2_weather_talk.egg-info/SOURCES.txt'
[2.073s] running build
[2.074s] running build_py
[2.074s] copying ros2_weather_talk/weather_talk_subscriber.py -> /home/aaaa/Desktop/Smart-Mobility-Engineering-Lab/Final_Project/ros2_ws/build/ros2_weather_talk/build/lib/ros2_weather_talk
[2.074s] running install
[2.076s] running install_lib
[2.078s] copying /home/aaaa/Desktop/Smart-Mobility-Engineering-Lab/Final_Project/ros2_ws/build/ros2_weather_talk/build/lib/ros2_weather_talk/weather_talk_subscriber.py -> /home/aaaa/Desktop/Smart-Mobility-Engineering-Lab/Final_Project/ros2_ws/install/ros2_weather_talk/lib/python3.8/site-packages/ros2_weather_talk
[2.079s] byte-compiling /home/aaaa/Desktop/Smart-Mobility-Engineering-Lab/Final_Project/ros2_ws/install/ros2_weather_talk/lib/python3.8/site-packages/ros2_weather_talk/weather_talk_subscriber.py to weather_talk_subscriber.cpython-38.pyc
[2.082s] running install_data
[2.083s] running install_egg_info
[2.086s] removing '/home/aaaa/Desktop/Smart-Mobility-Engineering-Lab/Final_Project/ros2_ws/install/ros2_weather_talk/lib/python3.8/site-packages/ros2_weather_talk-0.0.0-py3.8.egg-info' (and everything under it)
[2.087s] Copying ../../build/ros2_weather_talk/ros2_weather_talk.egg-info to /home/aaaa/Desktop/Smart-Mobility-Engineering-Lab/Final_Project/ros2_ws/install/ros2_weather_talk/lib/python3.8/site-packages/ros2_weather_talk-0.0.0-py3.8.egg-info
[2.089s] running install_scripts
[2.119s] Installing weather_talk_publisher script to /home/aaaa/Desktop/Smart-Mobility-Engineering-Lab/Final_Project/ros2_ws/install/ros2_weather_talk/lib/ros2_weather_talk
[2.119s] Installing weather_talk_subscriber script to /home/aaaa/Desktop/Smart-Mobility-Engineering-Lab/Final_Project/ros2_ws/install/ros2_weather_talk/lib/ros2_weather_talk
[2.120s] writing list of installed files to '/home/aaaa/Desktop/Smart-Mobility-Engineering-Lab/Final_Project/ros2_ws/build/ros2_weather_talk/install.log'
[2.177s] Invoked command in '/home/aaaa/Desktop/Smart-Mobility-Engineering-Lab/Final_Project/ros2_ws/src/ros2_weather_talk' returned '0': PYTHONPATH=/home/aaaa/Desktop/Smart-Mobility-Engineering-Lab/Final_Project/ros2_ws/build/ros2_weather_talk/prefix_override:/home/aaaa/Desktop/Smart-Mobility-Engineering-Lab/Final_Project/ros2_ws/install/ros2_weather_talk/lib/python3.8/site-packages:${PYTHONPATH} /usr/bin/python3 setup.py egg_info --egg-base ../../build/ros2_weather_talk build --build-base /home/aaaa/Desktop/Smart-Mobility-Engineering-Lab/Final_Project/ros2_ws/build/ros2_weather_talk/build install --record /home/aaaa/Desktop/Smart-Mobility-Engineering-Lab/Final_Project/ros2_ws/build/ros2_weather_talk/install.log --install-scripts $base/lib/ros2_weather_talk --single-version-externally-managed
