[0.996s] Invoking command in '/home/aaaa/Desktop/week_7/math_operation/src/math_operations_action': PYTHONPATH=/home/aaaa/Desktop/week_7/build/math_operations_action/prefix_override:/home/aaaa/Desktop/week_7/install/math_operations_action/lib/python3.8/site-packages:${PYTHONPATH} /usr/bin/python3 setup.py egg_info --egg-base ../../../build/math_operations_action build --build-base /home/aaaa/Desktop/week_7/build/math_operations_action/build install --record /home/aaaa/Desktop/week_7/build/math_operations_action/install.log --install-scripts $base/lib/math_operations_action --single-version-externally-managed
[1.314s] running egg_info
[1.314s] writing ../../../build/math_operations_action/math_operations_action.egg-info/PKG-INFO
[1.315s] writing dependency_links to ../../../build/math_operations_action/math_operations_action.egg-info/dependency_links.txt
[1.315s] writing entry points to ../../../build/math_operations_action/math_operations_action.egg-info/entry_points.txt
[1.315s] writing requirements to ../../../build/math_operations_action/math_operations_action.egg-info/requires.txt
[1.315s] writing top-level names to ../../../build/math_operations_action/math_operations_action.egg-info/top_level.txt
[1.373s] reading manifest file '../../../build/math_operations_action/math_operations_action.egg-info/SOURCES.txt'
[1.374s] writing manifest file '../../../build/math_operations_action/math_operations_action.egg-info/SOURCES.txt'
[1.374s] running build
[1.375s] running build_py
[1.375s] running install
[1.376s] running install_lib
[1.377s] running install_data
[1.378s] running install_egg_info
[1.380s] removing '/home/aaaa/Desktop/week_7/install/math_operations_action/lib/python3.8/site-packages/math_operations_action-0.0.0-py3.8.egg-info' (and everything under it)
[1.381s] Copying ../../../build/math_operations_action/math_operations_action.egg-info to /home/aaaa/Desktop/week_7/install/math_operations_action/lib/python3.8/site-packages/math_operations_action-0.0.0-py3.8.egg-info
[1.382s] running install_scripts
[1.404s] writing list of installed files to '/home/aaaa/Desktop/week_7/build/math_operations_action/install.log'
[1.441s] Invoked command in '/home/aaaa/Desktop/week_7/math_operation/src/math_operations_action' returned '0': PYTHONPATH=/home/aaaa/Desktop/week_7/build/math_operations_action/prefix_override:/home/aaaa/Desktop/week_7/install/math_operations_action/lib/python3.8/site-packages:${PYTHONPATH} /usr/bin/python3 setup.py egg_info --egg-base ../../../build/math_operations_action build --build-base /home/aaaa/Desktop/week_7/build/math_operations_action/build install --record /home/aaaa/Desktop/week_7/build/math_operations_action/install.log --install-scripts $base/lib/math_operations_action --single-version-externally-managed
