running egg_info
creating ../../build/weather_adviser_node/weather_adviser_node.egg-info
writing ../../build/weather_adviser_node/weather_adviser_node.egg-info/PKG-INFO
writing dependency_links to ../../build/weather_adviser_node/weather_adviser_node.egg-info/dependency_links.txt
writing entry points to ../../build/weather_adviser_node/weather_adviser_node.egg-info/entry_points.txt
writing requirements to ../../build/weather_adviser_node/weather_adviser_node.egg-info/requires.txt
writing top-level names to ../../build/weather_adviser_node/weather_adviser_node.egg-info/top_level.txt
writing manifest file '../../build/weather_adviser_node/weather_adviser_node.egg-info/SOURCES.txt'
reading manifest file '../../build/weather_adviser_node/weather_adviser_node.egg-info/SOURCES.txt'
writing manifest file '../../build/weather_adviser_node/weather_adviser_node.egg-info/SOURCES.txt'
running build
running build_py
creating /home/aaaa/Desktop/Smart-Mobility-Engineering-Lab/final_project/ros2_ws/build/weather_adviser_node/build
creating /home/aaaa/Desktop/Smart-Mobility-Engineering-Lab/final_project/ros2_ws/build/weather_adviser_node/build/lib
creating /home/aaaa/Desktop/Smart-Mobility-Engineering-Lab/final_project/ros2_ws/build/weather_adviser_node/build/lib/weather_adviser_node
copying weather_adviser_node/weather_publisher.py -> /home/aaaa/Desktop/Smart-Mobility-Engineering-Lab/final_project/ros2_ws/build/weather_adviser_node/build/lib/weather_adviser_node
copying weather_adviser_node/__init__.py -> /home/aaaa/Desktop/Smart-Mobility-Engineering-Lab/final_project/ros2_ws/build/weather_adviser_node/build/lib/weather_adviser_node
copying weather_adviser_node/weather_subscriber.py -> /home/aaaa/Desktop/Smart-Mobility-Engineering-Lab/final_project/ros2_ws/build/weather_adviser_node/build/lib/weather_adviser_node
running install
running install_lib
creating /home/aaaa/Desktop/Smart-Mobility-Engineering-Lab/final_project/ros2_ws/install/weather_adviser_node/lib/python3.8/site-packages/weather_adviser_node
copying /home/aaaa/Desktop/Smart-Mobility-Engineering-Lab/final_project/ros2_ws/build/weather_adviser_node/build/lib/weather_adviser_node/weather_publisher.py -> /home/aaaa/Desktop/Smart-Mobility-Engineering-Lab/final_project/ros2_ws/install/weather_adviser_node/lib/python3.8/site-packages/weather_adviser_node
copying /home/aaaa/Desktop/Smart-Mobility-Engineering-Lab/final_project/ros2_ws/build/weather_adviser_node/build/lib/weather_adviser_node/__init__.py -> /home/aaaa/Desktop/Smart-Mobility-Engineering-Lab/final_project/ros2_ws/install/weather_adviser_node/lib/python3.8/site-packages/weather_adviser_node
copying /home/aaaa/Desktop/Smart-Mobility-Engineering-Lab/final_project/ros2_ws/build/weather_adviser_node/build/lib/weather_adviser_node/weather_subscriber.py -> /home/aaaa/Desktop/Smart-Mobility-Engineering-Lab/final_project/ros2_ws/install/weather_adviser_node/lib/python3.8/site-packages/weather_adviser_node
byte-compiling /home/aaaa/Desktop/Smart-Mobility-Engineering-Lab/final_project/ros2_ws/install/weather_adviser_node/lib/python3.8/site-packages/weather_adviser_node/weather_publisher.py to weather_publisher.cpython-38.pyc
byte-compiling /home/aaaa/Desktop/Smart-Mobility-Engineering-Lab/final_project/ros2_ws/install/weather_adviser_node/lib/python3.8/site-packages/weather_adviser_node/__init__.py to __init__.cpython-38.pyc
byte-compiling /home/aaaa/Desktop/Smart-Mobility-Engineering-Lab/final_project/ros2_ws/install/weather_adviser_node/lib/python3.8/site-packages/weather_adviser_node/weather_subscriber.py to weather_subscriber.cpython-38.pyc
running install_data
creating /home/aaaa/Desktop/Smart-Mobility-Engineering-Lab/final_project/ros2_ws/install/weather_adviser_node/share/ament_index
creating /home/aaaa/Desktop/Smart-Mobility-Engineering-Lab/final_project/ros2_ws/install/weather_adviser_node/share/ament_index/resource_index
creating /home/aaaa/Desktop/Smart-Mobility-Engineering-Lab/final_project/ros2_ws/install/weather_adviser_node/share/ament_index/resource_index/packages
copying resource/weather_adviser_node -> /home/aaaa/Desktop/Smart-Mobility-Engineering-Lab/final_project/ros2_ws/install/weather_adviser_node/share/ament_index/resource_index/packages
copying package.xml -> /home/aaaa/Desktop/Smart-Mobility-Engineering-Lab/final_project/ros2_ws/install/weather_adviser_node/share/weather_adviser_node
running install_egg_info
Copying ../../build/weather_adviser_node/weather_adviser_node.egg-info to /home/aaaa/Desktop/Smart-Mobility-Engineering-Lab/final_project/ros2_ws/install/weather_adviser_node/lib/python3.8/site-packages/weather_adviser_node-0.0.0-py3.8.egg-info
running install_scripts
Installing weather_publisher script to /home/aaaa/Desktop/Smart-Mobility-Engineering-Lab/final_project/ros2_ws/install/weather_adviser_node/lib/weather_adviser_node
Installing weather_subscriber script to /home/aaaa/Desktop/Smart-Mobility-Engineering-Lab/final_project/ros2_ws/install/weather_adviser_node/lib/weather_adviser_node
writing list of installed files to '/home/aaaa/Desktop/Smart-Mobility-Engineering-Lab/final_project/ros2_ws/build/weather_adviser_node/install.log'
