[0.961s] Invoking command in '/home/aaaa/Desktop/week_7/math_operation/src/math_operations_action': PYTHONPATH=/home/aaaa/Desktop/week_7/build/math_operations_action/prefix_override:/home/aaaa/Desktop/week_7/install/math_operations_action/lib/python3.8/site-packages:${PYTHONPATH} /usr/bin/python3 setup.py egg_info --egg-base ../../../build/math_operations_action build --build-base /home/aaaa/Desktop/week_7/build/math_operations_action/build install --record /home/aaaa/Desktop/week_7/build/math_operations_action/install.log --install-scripts $base/lib/math_operations_action --single-version-externally-managed
[1.279s] running egg_info
[1.280s] creating ../../../build/math_operations_action/math_operations_action.egg-info
[1.280s] writing ../../../build/math_operations_action/math_operations_action.egg-info/PKG-INFO
[1.280s] writing dependency_links to ../../../build/math_operations_action/math_operations_action.egg-info/dependency_links.txt
[1.281s] writing entry points to ../../../build/math_operations_action/math_operations_action.egg-info/entry_points.txt
[1.281s] writing requirements to ../../../build/math_operations_action/math_operations_action.egg-info/requires.txt
[1.281s] writing top-level names to ../../../build/math_operations_action/math_operations_action.egg-info/top_level.txt
[1.283s] writing manifest file '../../../build/math_operations_action/math_operations_action.egg-info/SOURCES.txt'
[1.335s] reading manifest file '../../../build/math_operations_action/math_operations_action.egg-info/SOURCES.txt'
[1.337s] writing manifest file '../../../build/math_operations_action/math_operations_action.egg-info/SOURCES.txt'
[1.337s] running build
[1.337s] running build_py
[1.337s] creating /home/aaaa/Desktop/week_7/build/math_operations_action/build
[1.338s] creating /home/aaaa/Desktop/week_7/build/math_operations_action/build/lib
[1.339s] creating /home/aaaa/Desktop/week_7/build/math_operations_action/build/lib/math_operations_action
[1.339s] copying math_operations_action/__init__.py -> /home/aaaa/Desktop/week_7/build/math_operations_action/build/lib/math_operations_action
[1.339s] running install
[1.339s] running install_lib
[1.341s] creating /home/aaaa/Desktop/week_7/install/math_operations_action/lib/python3.8/site-packages/math_operations_action
[1.341s] copying /home/aaaa/Desktop/week_7/build/math_operations_action/build/lib/math_operations_action/__init__.py -> /home/aaaa/Desktop/week_7/install/math_operations_action/lib/python3.8/site-packages/math_operations_action
[1.342s] byte-compiling /home/aaaa/Desktop/week_7/install/math_operations_action/lib/python3.8/site-packages/math_operations_action/__init__.py to __init__.cpython-38.pyc
[1.344s] running install_data
[1.344s] creating /home/aaaa/Desktop/week_7/install/math_operations_action/share/ament_index
[1.345s] creating /home/aaaa/Desktop/week_7/install/math_operations_action/share/ament_index/resource_index
[1.345s] creating /home/aaaa/Desktop/week_7/install/math_operations_action/share/ament_index/resource_index/packages
[1.345s] copying resource/math_operations_action -> /home/aaaa/Desktop/week_7/install/math_operations_action/share/ament_index/resource_index/packages
[1.345s] copying package.xml -> /home/aaaa/Desktop/week_7/install/math_operations_action/share/math_operations_action
[1.346s] running install_egg_info
[1.347s] Copying ../../../build/math_operations_action/math_operations_action.egg-info to /home/aaaa/Desktop/week_7/install/math_operations_action/lib/python3.8/site-packages/math_operations_action-0.0.0-py3.8.egg-info
[1.349s] running install_scripts
[1.371s] writing list of installed files to '/home/aaaa/Desktop/week_7/build/math_operations_action/install.log'
[1.414s] Invoked command in '/home/aaaa/Desktop/week_7/math_operation/src/math_operations_action' returned '0': PYTHONPATH=/home/aaaa/Desktop/week_7/build/math_operations_action/prefix_override:/home/aaaa/Desktop/week_7/install/math_operations_action/lib/python3.8/site-packages:${PYTHONPATH} /usr/bin/python3 setup.py egg_info --egg-base ../../../build/math_operations_action build --build-base /home/aaaa/Desktop/week_7/build/math_operations_action/build install --record /home/aaaa/Desktop/week_7/build/math_operations_action/install.log --install-scripts $base/lib/math_operations_action --single-version-externally-managed
