[0.948s] Invoking command in '/home/aaaa/Desktop/Smart-Mobility-Engineering-Lab/final_project/ros2_ws/src/py_srvcli': PYTHONPATH=/home/aaaa/Desktop/Smart-Mobility-Engineering-Lab/final_project/ros2_ws/build/py_srvcli/prefix_override:/home/aaaa/Desktop/Smart-Mobility-Engineering-Lab/final_project/ros2_ws/install/py_srvcli/lib/python3.8/site-packages:${PYTHONPATH} /usr/bin/python3 setup.py egg_info --egg-base ../../build/py_srvcli build --build-base /home/aaaa/Desktop/Smart-Mobility-Engineering-Lab/final_project/ros2_ws/build/py_srvcli/build install --record /home/aaaa/Desktop/Smart-Mobility-Engineering-Lab/final_project/ros2_ws/build/py_srvcli/install.log --install-scripts $base/lib/py_srvcli --single-version-externally-managed
[1.277s] running egg_info
[1.278s] creating ../../build/py_srvcli/py_srvcli.egg-info
[1.278s] writing ../../build/py_srvcli/py_srvcli.egg-info/PKG-INFO
[1.279s] writing dependency_links to ../../build/py_srvcli/py_srvcli.egg-info/dependency_links.txt
[1.279s] writing entry points to ../../build/py_srvcli/py_srvcli.egg-info/entry_points.txt
[1.279s] writing requirements to ../../build/py_srvcli/py_srvcli.egg-info/requires.txt
[1.279s] writing top-level names to ../../build/py_srvcli/py_srvcli.egg-info/top_level.txt
[1.281s] writing manifest file '../../build/py_srvcli/py_srvcli.egg-info/SOURCES.txt'
[1.330s] reading manifest file '../../build/py_srvcli/py_srvcli.egg-info/SOURCES.txt'
[1.331s] writing manifest file '../../build/py_srvcli/py_srvcli.egg-info/SOURCES.txt'
[1.331s] running build
[1.331s] running build_py
[1.332s] creating /home/aaaa/Desktop/Smart-Mobility-Engineering-Lab/final_project/ros2_ws/build/py_srvcli/build
[1.332s] creating /home/aaaa/Desktop/Smart-Mobility-Engineering-Lab/final_project/ros2_ws/build/py_srvcli/build/lib
[1.332s] creating /home/aaaa/Desktop/Smart-Mobility-Engineering-Lab/final_project/ros2_ws/build/py_srvcli/build/lib/py_srvcli
[1.332s] copying py_srvcli/service_member_function.py -> /home/aaaa/Desktop/Smart-Mobility-Engineering-Lab/final_project/ros2_ws/build/py_srvcli/build/lib/py_srvcli
[1.332s] copying py_srvcli/client_member_function.py -> /home/aaaa/Desktop/Smart-Mobility-Engineering-Lab/final_project/ros2_ws/build/py_srvcli/build/lib/py_srvcli
[1.333s] copying py_srvcli/__init__.py -> /home/aaaa/Desktop/Smart-Mobility-Engineering-Lab/final_project/ros2_ws/build/py_srvcli/build/lib/py_srvcli
[1.333s] running install
[1.333s] running install_lib
[1.335s] creating /home/aaaa/Desktop/Smart-Mobility-Engineering-Lab/final_project/ros2_ws/install/py_srvcli/lib/python3.8/site-packages/py_srvcli
[1.336s] copying /home/aaaa/Desktop/Smart-Mobility-Engineering-Lab/final_project/ros2_ws/build/py_srvcli/build/lib/py_srvcli/service_member_function.py -> /home/aaaa/Desktop/Smart-Mobility-Engineering-Lab/final_project/ros2_ws/install/py_srvcli/lib/python3.8/site-packages/py_srvcli
[1.336s] copying /home/aaaa/Desktop/Smart-Mobility-Engineering-Lab/final_project/ros2_ws/build/py_srvcli/build/lib/py_srvcli/client_member_function.py -> /home/aaaa/Desktop/Smart-Mobility-Engineering-Lab/final_project/ros2_ws/install/py_srvcli/lib/python3.8/site-packages/py_srvcli
[1.336s] copying /home/aaaa/Desktop/Smart-Mobility-Engineering-Lab/final_project/ros2_ws/build/py_srvcli/build/lib/py_srvcli/__init__.py -> /home/aaaa/Desktop/Smart-Mobility-Engineering-Lab/final_project/ros2_ws/install/py_srvcli/lib/python3.8/site-packages/py_srvcli
[1.336s] byte-compiling /home/aaaa/Desktop/Smart-Mobility-Engineering-Lab/final_project/ros2_ws/install/py_srvcli/lib/python3.8/site-packages/py_srvcli/service_member_function.py to service_member_function.cpython-38.pyc
[1.338s] byte-compiling /home/aaaa/Desktop/Smart-Mobility-Engineering-Lab/final_project/ros2_ws/install/py_srvcli/lib/python3.8/site-packages/py_srvcli/client_member_function.py to client_member_function.cpython-38.pyc
[1.339s] byte-compiling /home/aaaa/Desktop/Smart-Mobility-Engineering-Lab/final_project/ros2_ws/install/py_srvcli/lib/python3.8/site-packages/py_srvcli/__init__.py to __init__.cpython-38.pyc
[1.339s] running install_data
[1.340s] creating /home/aaaa/Desktop/Smart-Mobility-Engineering-Lab/final_project/ros2_ws/install/py_srvcli/share/ament_index
[1.340s] creating /home/aaaa/Desktop/Smart-Mobility-Engineering-Lab/final_project/ros2_ws/install/py_srvcli/share/ament_index/resource_index
[1.340s] creating /home/aaaa/Desktop/Smart-Mobility-Engineering-Lab/final_project/ros2_ws/install/py_srvcli/share/ament_index/resource_index/packages
[1.341s] copying resource/py_srvcli -> /home/aaaa/Desktop/Smart-Mobility-Engineering-Lab/final_project/ros2_ws/install/py_srvcli/share/ament_index/resource_index/packages
[1.341s] copying package.xml -> /home/aaaa/Desktop/Smart-Mobility-Engineering-Lab/final_project/ros2_ws/install/py_srvcli/share/py_srvcli
[1.341s] running install_egg_info
[1.343s] Copying ../../build/py_srvcli/py_srvcli.egg-info to /home/aaaa/Desktop/Smart-Mobility-Engineering-Lab/final_project/ros2_ws/install/py_srvcli/lib/python3.8/site-packages/py_srvcli-0.0.0-py3.8.egg-info
[1.344s] running install_scripts
[1.367s] Installing client script to /home/aaaa/Desktop/Smart-Mobility-Engineering-Lab/final_project/ros2_ws/install/py_srvcli/lib/py_srvcli
[1.368s] Installing service script to /home/aaaa/Desktop/Smart-Mobility-Engineering-Lab/final_project/ros2_ws/install/py_srvcli/lib/py_srvcli
[1.368s] writing list of installed files to '/home/aaaa/Desktop/Smart-Mobility-Engineering-Lab/final_project/ros2_ws/build/py_srvcli/install.log'
[1.401s] Invoked command in '/home/aaaa/Desktop/Smart-Mobility-Engineering-Lab/final_project/ros2_ws/src/py_srvcli' returned '0': PYTHONPATH=/home/aaaa/Desktop/Smart-Mobility-Engineering-Lab/final_project/ros2_ws/build/py_srvcli/prefix_override:/home/aaaa/Desktop/Smart-Mobility-Engineering-Lab/final_project/ros2_ws/install/py_srvcli/lib/python3.8/site-packages:${PYTHONPATH} /usr/bin/python3 setup.py egg_info --egg-base ../../build/py_srvcli build --build-base /home/aaaa/Desktop/Smart-Mobility-Engineering-Lab/final_project/ros2_ws/build/py_srvcli/build install --record /home/aaaa/Desktop/Smart-Mobility-Engineering-Lab/final_project/ros2_ws/build/py_srvcli/install.log --install-scripts $base/lib/py_srvcli --single-version-externally-managed
