running egg_info
creating ../../build/temperature_sensor_pkg/temperature_sensor_pkg.egg-info
writing ../../build/temperature_sensor_pkg/temperature_sensor_pkg.egg-info/PKG-INFO
writing dependency_links to ../../build/temperature_sensor_pkg/temperature_sensor_pkg.egg-info/dependency_links.txt
writing entry points to ../../build/temperature_sensor_pkg/temperature_sensor_pkg.egg-info/entry_points.txt
writing requirements to ../../build/temperature_sensor_pkg/temperature_sensor_pkg.egg-info/requires.txt
writing top-level names to ../../build/temperature_sensor_pkg/temperature_sensor_pkg.egg-info/top_level.txt
writing manifest file '../../build/temperature_sensor_pkg/temperature_sensor_pkg.egg-info/SOURCES.txt'
reading manifest file '../../build/temperature_sensor_pkg/temperature_sensor_pkg.egg-info/SOURCES.txt'
writing manifest file '../../build/temperature_sensor_pkg/temperature_sensor_pkg.egg-info/SOURCES.txt'
running build
running build_py
creating /home/aaaa/Desktop/Smart-Mobility-Engineering-Lab/final_project/ros2_ws/build/temperature_sensor_pkg/build
creating /home/aaaa/Desktop/Smart-Mobility-Engineering-Lab/final_project/ros2_ws/build/temperature_sensor_pkg/build/lib
creating /home/aaaa/Desktop/Smart-Mobility-Engineering-Lab/final_project/ros2_ws/build/temperature_sensor_pkg/build/lib/temperature_sensor_pkg
copying temperature_sensor_pkg/__init__.py -> /home/aaaa/Desktop/Smart-Mobility-Engineering-Lab/final_project/ros2_ws/build/temperature_sensor_pkg/build/lib/temperature_sensor_pkg
copying temperature_sensor_pkg/temperature_publisher.py -> /home/aaaa/Desktop/Smart-Mobility-Engineering-Lab/final_project/ros2_ws/build/temperature_sensor_pkg/build/lib/temperature_sensor_pkg
running install
running install_lib
creating /home/aaaa/Desktop/Smart-Mobility-Engineering-Lab/final_project/ros2_ws/install/temperature_sensor_pkg/lib/python3.8/site-packages/temperature_sensor_pkg
copying /home/aaaa/Desktop/Smart-Mobility-Engineering-Lab/final_project/ros2_ws/build/temperature_sensor_pkg/build/lib/temperature_sensor_pkg/__init__.py -> /home/aaaa/Desktop/Smart-Mobility-Engineering-Lab/final_project/ros2_ws/install/temperature_sensor_pkg/lib/python3.8/site-packages/temperature_sensor_pkg
copying /home/aaaa/Desktop/Smart-Mobility-Engineering-Lab/final_project/ros2_ws/build/temperature_sensor_pkg/build/lib/temperature_sensor_pkg/temperature_publisher.py -> /home/aaaa/Desktop/Smart-Mobility-Engineering-Lab/final_project/ros2_ws/install/temperature_sensor_pkg/lib/python3.8/site-packages/temperature_sensor_pkg
byte-compiling /home/aaaa/Desktop/Smart-Mobility-Engineering-Lab/final_project/ros2_ws/install/temperature_sensor_pkg/lib/python3.8/site-packages/temperature_sensor_pkg/__init__.py to __init__.cpython-38.pyc
byte-compiling /home/aaaa/Desktop/Smart-Mobility-Engineering-Lab/final_project/ros2_ws/install/temperature_sensor_pkg/lib/python3.8/site-packages/temperature_sensor_pkg/temperature_publisher.py to temperature_publisher.cpython-38.pyc
running install_data
creating /home/aaaa/Desktop/Smart-Mobility-Engineering-Lab/final_project/ros2_ws/install/temperature_sensor_pkg/share/ament_index
creating /home/aaaa/Desktop/Smart-Mobility-Engineering-Lab/final_project/ros2_ws/install/temperature_sensor_pkg/share/ament_index/resource_index
creating /home/aaaa/Desktop/Smart-Mobility-Engineering-Lab/final_project/ros2_ws/install/temperature_sensor_pkg/share/ament_index/resource_index/packages
copying resource/temperature_sensor_pkg -> /home/aaaa/Desktop/Smart-Mobility-Engineering-Lab/final_project/ros2_ws/install/temperature_sensor_pkg/share/ament_index/resource_index/packages
copying package.xml -> /home/aaaa/Desktop/Smart-Mobility-Engineering-Lab/final_project/ros2_ws/install/temperature_sensor_pkg/share/temperature_sensor_pkg
running install_egg_info
Copying ../../build/temperature_sensor_pkg/temperature_sensor_pkg.egg-info to /home/aaaa/Desktop/Smart-Mobility-Engineering-Lab/final_project/ros2_ws/install/temperature_sensor_pkg/lib/python3.8/site-packages/temperature_sensor_pkg-0.0.0-py3.8.egg-info
running install_scripts
Installing temperature_publisher script to /home/aaaa/Desktop/Smart-Mobility-Engineering-Lab/final_project/ros2_ws/install/temperature_sensor_pkg/lib/temperature_sensor_pkg
writing list of installed files to '/home/aaaa/Desktop/Smart-Mobility-Engineering-Lab/final_project/ros2_ws/build/temperature_sensor_pkg/install.log'
