[1.197s] Invoking command in '/home/aaaa/Desktop/Smart-Mobility-Engineering-Lab/final_project/ros2_ws/src/temperature_sensor_pkg': PYTHONPATH=/home/aaaa/Desktop/Smart-Mobility-Engineering-Lab/final_project/ros2_ws/build/temperature_sensor_pkg/prefix_override:/home/aaaa/Desktop/Smart-Mobility-Engineering-Lab/final_project/ros2_ws/install/temperature_sensor_pkg/lib/python3.8/site-packages:${PYTHONPATH} /usr/bin/python3 setup.py egg_info --egg-base ../../build/temperature_sensor_pkg build --build-base /home/aaaa/Desktop/Smart-Mobility-Engineering-Lab/final_project/ros2_ws/build/temperature_sensor_pkg/build install --record /home/aaaa/Desktop/Smart-Mobility-Engineering-Lab/final_project/ros2_ws/build/temperature_sensor_pkg/install.log --install-scripts $base/lib/temperature_sensor_pkg --single-version-externally-managed
[1.547s] running egg_info
[1.548s] creating ../../build/temperature_sensor_pkg/temperature_sensor_pkg.egg-info
[1.548s] writing ../../build/temperature_sensor_pkg/temperature_sensor_pkg.egg-info/PKG-INFO
[1.549s] writing dependency_links to ../../build/temperature_sensor_pkg/temperature_sensor_pkg.egg-info/dependency_links.txt
[1.549s] writing entry points to ../../build/temperature_sensor_pkg/temperature_sensor_pkg.egg-info/entry_points.txt
[1.549s] writing requirements to ../../build/temperature_sensor_pkg/temperature_sensor_pkg.egg-info/requires.txt
[1.550s] writing top-level names to ../../build/temperature_sensor_pkg/temperature_sensor_pkg.egg-info/top_level.txt
[1.553s] writing manifest file '../../build/temperature_sensor_pkg/temperature_sensor_pkg.egg-info/SOURCES.txt'
[1.608s] reading manifest file '../../build/temperature_sensor_pkg/temperature_sensor_pkg.egg-info/SOURCES.txt'
[1.610s] writing manifest file '../../build/temperature_sensor_pkg/temperature_sensor_pkg.egg-info/SOURCES.txt'
[1.610s] running build
[1.610s] running build_py
[1.611s] creating /home/aaaa/Desktop/Smart-Mobility-Engineering-Lab/final_project/ros2_ws/build/temperature_sensor_pkg/build
[1.611s] creating /home/aaaa/Desktop/Smart-Mobility-Engineering-Lab/final_project/ros2_ws/build/temperature_sensor_pkg/build/lib
[1.611s] creating /home/aaaa/Desktop/Smart-Mobility-Engineering-Lab/final_project/ros2_ws/build/temperature_sensor_pkg/build/lib/temperature_sensor_pkg
[1.611s] copying temperature_sensor_pkg/__init__.py -> /home/aaaa/Desktop/Smart-Mobility-Engineering-Lab/final_project/ros2_ws/build/temperature_sensor_pkg/build/lib/temperature_sensor_pkg
[1.611s] copying temperature_sensor_pkg/temperature_publisher.py -> /home/aaaa/Desktop/Smart-Mobility-Engineering-Lab/final_project/ros2_ws/build/temperature_sensor_pkg/build/lib/temperature_sensor_pkg
[1.612s] running install
[1.612s] running install_lib
[1.614s] creating /home/aaaa/Desktop/Smart-Mobility-Engineering-Lab/final_project/ros2_ws/install/temperature_sensor_pkg/lib/python3.8/site-packages/temperature_sensor_pkg
[1.614s] copying /home/aaaa/Desktop/Smart-Mobility-Engineering-Lab/final_project/ros2_ws/build/temperature_sensor_pkg/build/lib/temperature_sensor_pkg/__init__.py -> /home/aaaa/Desktop/Smart-Mobility-Engineering-Lab/final_project/ros2_ws/install/temperature_sensor_pkg/lib/python3.8/site-packages/temperature_sensor_pkg
[1.615s] copying /home/aaaa/Desktop/Smart-Mobility-Engineering-Lab/final_project/ros2_ws/build/temperature_sensor_pkg/build/lib/temperature_sensor_pkg/temperature_publisher.py -> /home/aaaa/Desktop/Smart-Mobility-Engineering-Lab/final_project/ros2_ws/install/temperature_sensor_pkg/lib/python3.8/site-packages/temperature_sensor_pkg
[1.615s] byte-compiling /home/aaaa/Desktop/Smart-Mobility-Engineering-Lab/final_project/ros2_ws/install/temperature_sensor_pkg/lib/python3.8/site-packages/temperature_sensor_pkg/__init__.py to __init__.cpython-38.pyc
[1.616s] byte-compiling /home/aaaa/Desktop/Smart-Mobility-Engineering-Lab/final_project/ros2_ws/install/temperature_sensor_pkg/lib/python3.8/site-packages/temperature_sensor_pkg/temperature_publisher.py to temperature_publisher.cpython-38.pyc
[1.617s] running install_data
[1.618s] creating /home/aaaa/Desktop/Smart-Mobility-Engineering-Lab/final_project/ros2_ws/install/temperature_sensor_pkg/share/ament_index
[1.618s] creating /home/aaaa/Desktop/Smart-Mobility-Engineering-Lab/final_project/ros2_ws/install/temperature_sensor_pkg/share/ament_index/resource_index
[1.619s] creating /home/aaaa/Desktop/Smart-Mobility-Engineering-Lab/final_project/ros2_ws/install/temperature_sensor_pkg/share/ament_index/resource_index/packages
[1.619s] copying resource/temperature_sensor_pkg -> /home/aaaa/Desktop/Smart-Mobility-Engineering-Lab/final_project/ros2_ws/install/temperature_sensor_pkg/share/ament_index/resource_index/packages
[1.619s] copying package.xml -> /home/aaaa/Desktop/Smart-Mobility-Engineering-Lab/final_project/ros2_ws/install/temperature_sensor_pkg/share/temperature_sensor_pkg
[1.619s] running install_egg_info
[1.621s] Copying ../../build/temperature_sensor_pkg/temperature_sensor_pkg.egg-info to /home/aaaa/Desktop/Smart-Mobility-Engineering-Lab/final_project/ros2_ws/install/temperature_sensor_pkg/lib/python3.8/site-packages/temperature_sensor_pkg-0.0.0-py3.8.egg-info
[1.622s] running install_scripts
[1.650s] Installing temperature_publisher script to /home/aaaa/Desktop/Smart-Mobility-Engineering-Lab/final_project/ros2_ws/install/temperature_sensor_pkg/lib/temperature_sensor_pkg
[1.650s] writing list of installed files to '/home/aaaa/Desktop/Smart-Mobility-Engineering-Lab/final_project/ros2_ws/build/temperature_sensor_pkg/install.log'
[1.687s] Invoked command in '/home/aaaa/Desktop/Smart-Mobility-Engineering-Lab/final_project/ros2_ws/src/temperature_sensor_pkg' returned '0': PYTHONPATH=/home/aaaa/Desktop/Smart-Mobility-Engineering-Lab/final_project/ros2_ws/build/temperature_sensor_pkg/prefix_override:/home/aaaa/Desktop/Smart-Mobility-Engineering-Lab/final_project/ros2_ws/install/temperature_sensor_pkg/lib/python3.8/site-packages:${PYTHONPATH} /usr/bin/python3 setup.py egg_info --egg-base ../../build/temperature_sensor_pkg build --build-base /home/aaaa/Desktop/Smart-Mobility-Engineering-Lab/final_project/ros2_ws/build/temperature_sensor_pkg/build install --record /home/aaaa/Desktop/Smart-Mobility-Engineering-Lab/final_project/ros2_ws/build/temperature_sensor_pkg/install.log --install-scripts $base/lib/temperature_sensor_pkg --single-version-externally-managed
