[1.016s] Invoking command in '/home/aaaa/Desktop/week_7/math_operation/src/math_operations_action': PYTHONPATH=/home/aaaa/Desktop/week_7/math_operation/src/math_operations_action/build/math_operations_action/prefix_override:/home/aaaa/Desktop/week_7/math_operation/src/math_operations_action/install/math_operations_action/lib/python3.8/site-packages:${PYTHONPATH} /usr/bin/python3 setup.py egg_info --egg-base build/math_operations_action build --build-base /home/aaaa/Desktop/week_7/math_operation/src/math_operations_action/build/math_operations_action/build install --record /home/aaaa/Desktop/week_7/math_operation/src/math_operations_action/build/math_operations_action/install.log --install-scripts $base/lib/math_operations_action --single-version-externally-managed
[1.324s] running egg_info
[1.325s] writing build/math_operations_action/math_operations_action.egg-info/PKG-INFO
[1.326s] writing dependency_links to build/math_operations_action/math_operations_action.egg-info/dependency_links.txt
[1.326s] writing entry points to build/math_operations_action/math_operations_action.egg-info/entry_points.txt
[1.326s] writing requirements to build/math_operations_action/math_operations_action.egg-info/requires.txt
[1.327s] writing top-level names to build/math_operations_action/math_operations_action.egg-info/top_level.txt
[1.380s] reading manifest file 'build/math_operations_action/math_operations_action.egg-info/SOURCES.txt'
[1.382s] writing manifest file 'build/math_operations_action/math_operations_action.egg-info/SOURCES.txt'
[1.382s] running build
[1.382s] running build_py
[1.383s] running install
[1.384s] running install_lib
[1.386s] running install_data
[1.386s] copying package.xml -> /home/aaaa/Desktop/week_7/math_operation/src/math_operations_action/install/math_operations_action/share/math_operations_action
[1.387s] running install_egg_info
[1.389s] removing '/home/aaaa/Desktop/week_7/math_operation/src/math_operations_action/install/math_operations_action/lib/python3.8/site-packages/math_operations_action-0.0.0-py3.8.egg-info' (and everything under it)
[1.390s] Copying build/math_operations_action/math_operations_action.egg-info to /home/aaaa/Desktop/week_7/math_operation/src/math_operations_action/install/math_operations_action/lib/python3.8/site-packages/math_operations_action-0.0.0-py3.8.egg-info
[1.391s] running install_scripts
[1.419s] writing list of installed files to '/home/aaaa/Desktop/week_7/math_operation/src/math_operations_action/build/math_operations_action/install.log'
[1.458s] Invoked command in '/home/aaaa/Desktop/week_7/math_operation/src/math_operations_action' returned '0': PYTHONPATH=/home/aaaa/Desktop/week_7/math_operation/src/math_operations_action/build/math_operations_action/prefix_override:/home/aaaa/Desktop/week_7/math_operation/src/math_operations_action/install/math_operations_action/lib/python3.8/site-packages:${PYTHONPATH} /usr/bin/python3 setup.py egg_info --egg-base build/math_operations_action build --build-base /home/aaaa/Desktop/week_7/math_operation/src/math_operations_action/build/math_operations_action/build install --record /home/aaaa/Desktop/week_7/math_operation/src/math_operations_action/build/math_operations_action/install.log --install-scripts $base/lib/math_operations_action --single-version-externally-managed
