[1.097s] Invoking command in '/home/aaaa/Desktop/week_7/math_operation/src/math_operations_action': PYTHONPATH=/home/aaaa/Desktop/week_7/math_operation/build/math_operations_action/prefix_override:/home/aaaa/Desktop/week_7/math_operation/install/math_operations_action/lib/python3.8/site-packages:${PYTHONPATH} /usr/bin/python3 setup.py egg_info --egg-base ../../build/math_operations_action build --build-base /home/aaaa/Desktop/week_7/math_operation/build/math_operations_action/build install --record /home/aaaa/Desktop/week_7/math_operation/build/math_operations_action/install.log --install-scripts $base/lib/math_operations_action --single-version-externally-managed
[1.409s] running egg_info
[1.410s] writing ../../build/math_operations_action/math_operations_action.egg-info/PKG-INFO
[1.411s] writing dependency_links to ../../build/math_operations_action/math_operations_action.egg-info/dependency_links.txt
[1.411s] writing entry points to ../../build/math_operations_action/math_operations_action.egg-info/entry_points.txt
[1.411s] writing requirements to ../../build/math_operations_action/math_operations_action.egg-info/requires.txt
[1.411s] writing top-level names to ../../build/math_operations_action/math_operations_action.egg-info/top_level.txt
[1.468s] reading manifest file '../../build/math_operations_action/math_operations_action.egg-info/SOURCES.txt'
[1.470s] writing manifest file '../../build/math_operations_action/math_operations_action.egg-info/SOURCES.txt'
[1.470s] running build
[1.470s] running build_py
[1.471s] running install
[1.472s] running install_lib
[1.474s] running install_data
[1.474s] copying package.xml -> /home/aaaa/Desktop/week_7/math_operation/install/math_operations_action/share/math_operations_action
[1.475s] running install_egg_info
[1.477s] removing '/home/aaaa/Desktop/week_7/math_operation/install/math_operations_action/lib/python3.8/site-packages/math_operations_action-0.0.0-py3.8.egg-info' (and everything under it)
[1.477s] Copying ../../build/math_operations_action/math_operations_action.egg-info to /home/aaaa/Desktop/week_7/math_operation/install/math_operations_action/lib/python3.8/site-packages/math_operations_action-0.0.0-py3.8.egg-info
[1.479s] running install_scripts
[1.501s] writing list of installed files to '/home/aaaa/Desktop/week_7/math_operation/build/math_operations_action/install.log'
[1.538s] Invoked command in '/home/aaaa/Desktop/week_7/math_operation/src/math_operations_action' returned '0': PYTHONPATH=/home/aaaa/Desktop/week_7/math_operation/build/math_operations_action/prefix_override:/home/aaaa/Desktop/week_7/math_operation/install/math_operations_action/lib/python3.8/site-packages:${PYTHONPATH} /usr/bin/python3 setup.py egg_info --egg-base ../../build/math_operations_action build --build-base /home/aaaa/Desktop/week_7/math_operation/build/math_operations_action/build install --record /home/aaaa/Desktop/week_7/math_operation/build/math_operations_action/install.log --install-scripts $base/lib/math_operations_action --single-version-externally-managed
