[1.594s] Invoking command in '/home/aaaa/Desktop/Smart-Mobility-Engineering-Lab/Final_Project/ros2_ws/src/room_temperature_pkg': PYTHONPATH=/home/aaaa/Desktop/Smart-Mobility-Engineering-Lab/Final_Project/ros2_ws/build/room_temperature_pkg/prefix_override:/home/aaaa/Desktop/Smart-Mobility-Engineering-Lab/Final_Project/ros2_ws/install/room_temperature_pkg/lib/python3.8/site-packages:${PYTHONPATH} /usr/bin/python3 setup.py egg_info --egg-base ../../build/room_temperature_pkg build --build-base /home/aaaa/Desktop/Smart-Mobility-Engineering-Lab/Final_Project/ros2_ws/build/room_temperature_pkg/build install --record /home/aaaa/Desktop/Smart-Mobility-Engineering-Lab/Final_Project/ros2_ws/build/room_temperature_pkg/install.log --install-scripts $base/lib/room_temperature_pkg --single-version-externally-managed
[1.969s] running egg_info
[1.970s] writing ../../build/room_temperature_pkg/room_temperature_pkg.egg-info/PKG-INFO
[1.971s] writing dependency_links to ../../build/room_temperature_pkg/room_temperature_pkg.egg-info/dependency_links.txt
[1.972s] writing entry points to ../../build/room_temperature_pkg/room_temperature_pkg.egg-info/entry_points.txt
[1.972s] writing requirements to ../../build/room_temperature_pkg/room_temperature_pkg.egg-info/requires.txt
[1.972s] writing top-level names to ../../build/room_temperature_pkg/room_temperature_pkg.egg-info/top_level.txt
[2.028s] reading manifest file '../../build/room_temperature_pkg/room_temperature_pkg.egg-info/SOURCES.txt'
[2.030s] writing manifest file '../../build/room_temperature_pkg/room_temperature_pkg.egg-info/SOURCES.txt'
[2.030s] running build
[2.031s] running build_py
[2.031s] running install
[2.033s] running install_lib
[2.036s] running install_data
[2.037s] running install_egg_info
[2.041s] removing '/home/aaaa/Desktop/Smart-Mobility-Engineering-Lab/Final_Project/ros2_ws/install/room_temperature_pkg/lib/python3.8/site-packages/room_temperature_pkg-0.0.0-py3.8.egg-info' (and everything under it)
[2.041s] Copying ../../build/room_temperature_pkg/room_temperature_pkg.egg-info to /home/aaaa/Desktop/Smart-Mobility-Engineering-Lab/Final_Project/ros2_ws/install/room_temperature_pkg/lib/python3.8/site-packages/room_temperature_pkg-0.0.0-py3.8.egg-info
[2.043s] running install_scripts
[2.070s] Installing temp_publisher script to /home/aaaa/Desktop/Smart-Mobility-Engineering-Lab/Final_Project/ros2_ws/install/room_temperature_pkg/lib/room_temperature_pkg
[2.070s] Installing temp_subscriber script to /home/aaaa/Desktop/Smart-Mobility-Engineering-Lab/Final_Project/ros2_ws/install/room_temperature_pkg/lib/room_temperature_pkg
[2.071s] writing list of installed files to '/home/aaaa/Desktop/Smart-Mobility-Engineering-Lab/Final_Project/ros2_ws/build/room_temperature_pkg/install.log'
[2.113s] Invoked command in '/home/aaaa/Desktop/Smart-Mobility-Engineering-Lab/Final_Project/ros2_ws/src/room_temperature_pkg' returned '0': PYTHONPATH=/home/aaaa/Desktop/Smart-Mobility-Engineering-Lab/Final_Project/ros2_ws/build/room_temperature_pkg/prefix_override:/home/aaaa/Desktop/Smart-Mobility-Engineering-Lab/Final_Project/ros2_ws/install/room_temperature_pkg/lib/python3.8/site-packages:${PYTHONPATH} /usr/bin/python3 setup.py egg_info --egg-base ../../build/room_temperature_pkg build --build-base /home/aaaa/Desktop/Smart-Mobility-Engineering-Lab/Final_Project/ros2_ws/build/room_temperature_pkg/build install --record /home/aaaa/Desktop/Smart-Mobility-Engineering-Lab/Final_Project/ros2_ws/build/room_temperature_pkg/install.log --install-scripts $base/lib/room_temperature_pkg --single-version-externally-managed
