[1.034s] Invoking command in '/home/aaaa/Desktop/week_7/math_operation/src/math_operations_action': PYTHONPATH=/home/aaaa/Desktop/week_7/math_operation/src/math_operations_action/build/math_operations_action/prefix_override:/home/aaaa/Desktop/week_7/math_operation/src/math_operations_action/install/math_operations_action/lib/python3.8/site-packages:${PYTHONPATH} /usr/bin/python3 setup.py egg_info --egg-base build/math_operations_action build --build-base /home/aaaa/Desktop/week_7/math_operation/src/math_operations_action/build/math_operations_action/build install --record /home/aaaa/Desktop/week_7/math_operation/src/math_operations_action/build/math_operations_action/install.log --install-scripts $base/lib/math_operations_action --single-version-externally-managed
[1.332s] running egg_info
[1.333s] creating build/math_operations_action/math_operations_action.egg-info
[1.333s] writing build/math_operations_action/math_operations_action.egg-info/PKG-INFO
[1.333s] writing dependency_links to build/math_operations_action/math_operations_action.egg-info/dependency_links.txt
[1.334s] writing entry points to build/math_operations_action/math_operations_action.egg-info/entry_points.txt
[1.334s] writing requirements to build/math_operations_action/math_operations_action.egg-info/requires.txt
[1.334s] writing top-level names to build/math_operations_action/math_operations_action.egg-info/top_level.txt
[1.339s] writing manifest file 'build/math_operations_action/math_operations_action.egg-info/SOURCES.txt'
[1.391s] reading manifest file 'build/math_operations_action/math_operations_action.egg-info/SOURCES.txt'
[1.392s] writing manifest file 'build/math_operations_action/math_operations_action.egg-info/SOURCES.txt'
[1.392s] running build
[1.392s] running build_py
[1.393s] creating /home/aaaa/Desktop/week_7/math_operation/src/math_operations_action/build/math_operations_action/build
[1.393s] creating /home/aaaa/Desktop/week_7/math_operation/src/math_operations_action/build/math_operations_action/build/lib
[1.393s] creating /home/aaaa/Desktop/week_7/math_operation/src/math_operations_action/build/math_operations_action/build/lib/math_operations_action
[1.393s] copying math_operations_action/__init__.py -> /home/aaaa/Desktop/week_7/math_operation/src/math_operations_action/build/math_operations_action/build/lib/math_operations_action
[1.393s] running install
[1.394s] running install_lib
[1.395s] creating /home/aaaa/Desktop/week_7/math_operation/src/math_operations_action/install/math_operations_action/lib/python3.8/site-packages/math_operations_action
[1.395s] copying /home/aaaa/Desktop/week_7/math_operation/src/math_operations_action/build/math_operations_action/build/lib/math_operations_action/__init__.py -> /home/aaaa/Desktop/week_7/math_operation/src/math_operations_action/install/math_operations_action/lib/python3.8/site-packages/math_operations_action
[1.396s] byte-compiling /home/aaaa/Desktop/week_7/math_operation/src/math_operations_action/install/math_operations_action/lib/python3.8/site-packages/math_operations_action/__init__.py to __init__.cpython-38.pyc
[1.398s] running install_data
[1.399s] creating /home/aaaa/Desktop/week_7/math_operation/src/math_operations_action/install/math_operations_action/share/ament_index
[1.399s] creating /home/aaaa/Desktop/week_7/math_operation/src/math_operations_action/install/math_operations_action/share/ament_index/resource_index
[1.399s] creating /home/aaaa/Desktop/week_7/math_operation/src/math_operations_action/install/math_operations_action/share/ament_index/resource_index/packages
[1.399s] copying resource/math_operations_action -> /home/aaaa/Desktop/week_7/math_operation/src/math_operations_action/install/math_operations_action/share/ament_index/resource_index/packages
[1.399s] copying package.xml -> /home/aaaa/Desktop/week_7/math_operation/src/math_operations_action/install/math_operations_action/share/math_operations_action
[1.399s] running install_egg_info
[1.401s] Copying build/math_operations_action/math_operations_action.egg-info to /home/aaaa/Desktop/week_7/math_operation/src/math_operations_action/install/math_operations_action/lib/python3.8/site-packages/math_operations_action-0.0.0-py3.8.egg-info
[1.402s] running install_scripts
[1.432s] writing list of installed files to '/home/aaaa/Desktop/week_7/math_operation/src/math_operations_action/build/math_operations_action/install.log'
[1.477s] Invoked command in '/home/aaaa/Desktop/week_7/math_operation/src/math_operations_action' returned '0': PYTHONPATH=/home/aaaa/Desktop/week_7/math_operation/src/math_operations_action/build/math_operations_action/prefix_override:/home/aaaa/Desktop/week_7/math_operation/src/math_operations_action/install/math_operations_action/lib/python3.8/site-packages:${PYTHONPATH} /usr/bin/python3 setup.py egg_info --egg-base build/math_operations_action build --build-base /home/aaaa/Desktop/week_7/math_operation/src/math_operations_action/build/math_operations_action/build install --record /home/aaaa/Desktop/week_7/math_operation/src/math_operations_action/build/math_operations_action/install.log --install-scripts $base/lib/math_operations_action --single-version-externally-managed
