[0.033s] Invoking command in '/home/aaaa/Desktop/Smart-Mobility-Engineering-Lab/final_project/ros2_ws/build/tutorial_interfaces': CMAKE_PREFIX_PATH=/home/aaaa/Desktop/Smart-Mobility-Engineering-Lab/final_project/ros2_ws/install/py_srvcli:/home/aaaa/Desktop/Smart-Mobility-Engineering-Lab/final_project/ros2_ws/install/py_pubsub:/home/aaaa/Desktop/Smart-Mobility-Engineering-Lab/final_project/ros2_ws/install/my_package1:/opt/ros/foxy /usr/bin/cmake /home/aaaa/Desktop/Smart-Mobility-Engineering-Lab/final_project/ros2_ws/src/tutorial_interfaces -DCMAKE_INSTALL_PREFIX=/home/aaaa/Desktop/Smart-Mobility-Engineering-Lab/final_project/ros2_ws/install/tutorial_interfaces
[0.053s] -- Found ament_cmake: 0.9.12 (/opt/ros/foxy/share/ament_cmake/cmake)
[0.093s] -- Using PYTHON_EXECUTABLE: /usr/bin/python3
[0.387s] -- Found geometry_msgs: 2.0.5 (/opt/ros/foxy/share/geometry_msgs/cmake)
[0.429s] -- Using all available rosidl_typesupport_c: rosidl_typesupport_fastrtps_c;rosidl_typesupport_introspection_c
[0.434s] -- Found rosidl_adapter: 1.3.1 (/opt/ros/foxy/share/rosidl_adapter/cmake)
[0.618s] -- Using all available rosidl_typesupport_cpp: rosidl_typesupport_fastrtps_cpp;rosidl_typesupport_introspection_cpp
[0.768s] -- Found rosidl_default_generators: 1.0.1 (/opt/ros/foxy/share/rosidl_default_generators/cmake)
[0.820s] -- Found PythonInterp: /usr/bin/python3 (found version "3.8.10") 
[1.135s] -- Found ament_cmake_ros: 0.9.2 (/opt/ros/foxy/share/ament_cmake_ros/cmake)
[1.567s] -- Using all available rosidl_typesupport_c: rosidl_typesupport_fastrtps_c;rosidl_typesupport_introspection_c
[1.765s] -- Using all available rosidl_typesupport_cpp: rosidl_typesupport_fastrtps_cpp;rosidl_typesupport_introspection_cpp
[1.810s] -- Found PythonInterp: /usr/bin/python3 (found suitable version "3.8.10", minimum required is "3.5") 
[1.815s] -- Found python_cmake_module: 0.8.1 (/opt/ros/foxy/share/python_cmake_module/cmake)
[1.865s] -- Found PythonLibs: /usr/lib/x86_64-linux-gnu/libpython3.8.so (found suitable version "3.8.10", minimum required is "3.5") 
[1.866s] -- Using PYTHON_EXECUTABLE: /usr/bin/python3
[1.866s] -- Using PYTHON_INCLUDE_DIRS: /usr/include/python3.8
[1.866s] -- Using PYTHON_LIBRARIES: /usr/lib/x86_64-linux-gnu/libpython3.8.so
[1.901s] -- Found PythonExtra: .so  
[2.052s] -- Found ament_lint_auto: 0.9.8 (/opt/ros/foxy/share/ament_lint_auto/cmake)
[2.100s] -- Added test 'copyright' to check source files copyright and LICENSE
[2.104s] -- Added test 'lint_cmake' to check CMake code style
[2.106s] -- Added test 'xmllint' to check XML markup files
[2.115s] -- Configuring done
[2.219s] -- Generating done
[2.223s] -- Build files have been written to: /home/aaaa/Desktop/Smart-Mobility-Engineering-Lab/final_project/ros2_ws/build/tutorial_interfaces
[2.235s] Invoked command in '/home/aaaa/Desktop/Smart-Mobility-Engineering-Lab/final_project/ros2_ws/build/tutorial_interfaces' returned '0': CMAKE_PREFIX_PATH=/home/aaaa/Desktop/Smart-Mobility-Engineering-Lab/final_project/ros2_ws/install/py_srvcli:/home/aaaa/Desktop/Smart-Mobility-Engineering-Lab/final_project/ros2_ws/install/py_pubsub:/home/aaaa/Desktop/Smart-Mobility-Engineering-Lab/final_project/ros2_ws/install/my_package1:/opt/ros/foxy /usr/bin/cmake /home/aaaa/Desktop/Smart-Mobility-Engineering-Lab/final_project/ros2_ws/src/tutorial_interfaces -DCMAKE_INSTALL_PREFIX=/home/aaaa/Desktop/Smart-Mobility-Engineering-Lab/final_project/ros2_ws/install/tutorial_interfaces
[2.241s] Invoking command in '/home/aaaa/Desktop/Smart-Mobility-Engineering-Lab/final_project/ros2_ws/build/tutorial_interfaces': CMAKE_PREFIX_PATH=/home/aaaa/Desktop/Smart-Mobility-Engineering-Lab/final_project/ros2_ws/install/py_srvcli:/home/aaaa/Desktop/Smart-Mobility-Engineering-Lab/final_project/ros2_ws/install/py_pubsub:/home/aaaa/Desktop/Smart-Mobility-Engineering-Lab/final_project/ros2_ws/install/my_package1:/opt/ros/foxy /usr/bin/cmake --build /home/aaaa/Desktop/Smart-Mobility-Engineering-Lab/final_project/ros2_ws/build/tutorial_interfaces -- -j4 -l4
[2.313s] [35m[1mScanning dependencies of target tutorial_interfaces__cpp[0m
[2.314s] [  2%] [34m[1mGenerating C code for ROS interfaces[0m
[2.329s] [  4%] [34m[1mGenerating C++ code for ROS interfaces[0m
[3.072s] [  4%] Built target tutorial_interfaces__cpp
[3.094s] [  6%] [34m[1mGenerating C++ type support dispatch for ROS interfaces[0m
[3.108s] [35m[1mScanning dependencies of target tutorial_interfaces__rosidl_generator_c[0m
[3.111s] [  8%] [34m[1mGenerating C++ introspection for ROS interfaces[0m
[3.114s] [ 10%] [34m[1mGenerating C++ type support for eProsima Fast-RTPS[0m
[3.163s] [ 12%] [32mBuilding C object CMakeFiles/tutorial_interfaces__rosidl_generator_c.dir/rosidl_generator_c/tutorial_interfaces/msg/detail/num__functions.c.o[0m
[3.299s] [ 14%] [32mBuilding C object CMakeFiles/tutorial_interfaces__rosidl_generator_c.dir/rosidl_generator_c/tutorial_interfaces/msg/detail/sphere__functions.c.o[0m
[3.414s] [ 17%] [32mBuilding C object CMakeFiles/tutorial_interfaces__rosidl_generator_c.dir/rosidl_generator_c/tutorial_interfaces/srv/detail/add_three_ints__functions.c.o[0m
[3.576s] [ 19%] [32m[1mLinking C shared library libtutorial_interfaces__rosidl_generator_c.so[0m
[3.686s] [ 19%] Built target tutorial_interfaces__rosidl_generator_c
[3.710s] [ 21%] [34m[1mGenerating C introspection for ROS interfaces[0m
[3.840s] [35m[1mScanning dependencies of target tutorial_interfaces__rosidl_typesupport_cpp[0m
[3.934s] [ 23%] [32mBuilding CXX object CMakeFiles/tutorial_interfaces__rosidl_typesupport_cpp.dir/rosidl_typesupport_cpp/tutorial_interfaces/msg/num__type_support.cpp.o[0m
[4.165s] [35m[1mScanning dependencies of target tutorial_interfaces__rosidl_typesupport_introspection_cpp[0m
[4.244s] [ 25%] [32mBuilding CXX object CMakeFiles/tutorial_interfaces__rosidl_typesupport_introspection_cpp.dir/rosidl_typesupport_introspection_cpp/tutorial_interfaces/msg/detail/num__type_support.cpp.o[0m
[4.282s] [35m[1mScanning dependencies of target tutorial_interfaces__rosidl_typesupport_fastrtps_cpp[0m
[4.409s] [ 27%] [32mBuilding CXX object CMakeFiles/tutorial_interfaces__rosidl_typesupport_fastrtps_cpp.dir/rosidl_typesupport_fastrtps_cpp/tutorial_interfaces/msg/detail/dds_fastrtps/num__type_support.cpp.o[0m
[4.723s] [35m[1mScanning dependencies of target tutorial_interfaces__rosidl_typesupport_introspection_c[0m
[4.802s] [ 29%] [32mBuilding C object CMakeFiles/tutorial_interfaces__rosidl_typesupport_introspection_c.dir/rosidl_typesupport_introspection_c/tutorial_interfaces/msg/detail/num__type_support.c.o[0m
[4.875s] [ 31%] [32mBuilding C object CMakeFiles/tutorial_interfaces__rosidl_typesupport_introspection_c.dir/rosidl_typesupport_introspection_c/tutorial_interfaces/msg/detail/sphere__type_support.c.o[0m
[4.969s] [ 34%] [32mBuilding C object CMakeFiles/tutorial_interfaces__rosidl_typesupport_introspection_c.dir/rosidl_typesupport_introspection_c/tutorial_interfaces/srv/detail/add_three_ints__type_support.c.o[0m
[5.093s] [ 36%] [32m[1mLinking C shared library libtutorial_interfaces__rosidl_typesupport_introspection_c.so[0m
[5.214s] [ 38%] [32mBuilding CXX object CMakeFiles/tutorial_interfaces__rosidl_typesupport_introspection_cpp.dir/rosidl_typesupport_introspection_cpp/tutorial_interfaces/msg/detail/sphere__type_support.cpp.o[0m
[5.230s] [ 38%] Built target tutorial_interfaces__rosidl_typesupport_introspection_c
[5.259s] [ 40%] [34m[1mGenerating C type support dispatch for ROS interfaces[0m
[5.269s] [ 42%] [32mBuilding CXX object CMakeFiles/tutorial_interfaces__rosidl_typesupport_cpp.dir/rosidl_typesupport_cpp/tutorial_interfaces/msg/sphere__type_support.cpp.o[0m
[6.213s] [ 44%] [32mBuilding CXX object CMakeFiles/tutorial_interfaces__rosidl_typesupport_fastrtps_cpp.dir/rosidl_typesupport_fastrtps_cpp/tutorial_interfaces/msg/detail/dds_fastrtps/sphere__type_support.cpp.o[0m
[6.276s] [ 46%] [32mBuilding CXX object CMakeFiles/tutorial_interfaces__rosidl_typesupport_cpp.dir/rosidl_typesupport_cpp/tutorial_interfaces/srv/add_three_ints__type_support.cpp.o[0m
[6.284s] [ 48%] [32mBuilding CXX object CMakeFiles/tutorial_interfaces__rosidl_typesupport_introspection_cpp.dir/rosidl_typesupport_introspection_cpp/tutorial_interfaces/srv/detail/add_three_ints__type_support.cpp.o[0m
[6.381s] [35m[1mScanning dependencies of target tutorial_interfaces__rosidl_typesupport_c[0m
[6.438s] [ 51%] [32mBuilding CXX object CMakeFiles/tutorial_interfaces__rosidl_typesupport_c.dir/rosidl_typesupport_c/tutorial_interfaces/msg/num__type_support.cpp.o[0m
[6.503s] [ 53%] [32mBuilding CXX object CMakeFiles/tutorial_interfaces__rosidl_typesupport_c.dir/rosidl_typesupport_c/tutorial_interfaces/msg/sphere__type_support.cpp.o[0m
[6.567s] [ 55%] [32mBuilding CXX object CMakeFiles/tutorial_interfaces__rosidl_typesupport_c.dir/rosidl_typesupport_c/tutorial_interfaces/srv/add_three_ints__type_support.cpp.o[0m
[6.634s] [ 57%] [32m[1mLinking CXX shared library libtutorial_interfaces__rosidl_typesupport_c.so[0m
[6.726s] [ 57%] Built target tutorial_interfaces__rosidl_typesupport_c
[6.753s] [ 59%] [32mBuilding CXX object CMakeFiles/tutorial_interfaces__rosidl_typesupport_fastrtps_cpp.dir/rosidl_typesupport_fastrtps_cpp/tutorial_interfaces/srv/detail/dds_fastrtps/add_three_ints__type_support.cpp.o[0m
[7.064s] [ 61%] [32m[1mLinking CXX shared library libtutorial_interfaces__rosidl_typesupport_cpp.so[0m
[7.067s] [ 63%] [32m[1mLinking CXX shared library libtutorial_interfaces__rosidl_typesupport_introspection_cpp.so[0m
[7.178s] [ 63%] Built target tutorial_interfaces__rosidl_typesupport_cpp
[7.269s] [ 63%] Built target tutorial_interfaces__rosidl_typesupport_introspection_cpp
[7.763s] [ 65%] [32m[1mLinking CXX shared library libtutorial_interfaces__rosidl_typesupport_fastrtps_cpp.so[0m
[7.914s] [ 65%] Built target tutorial_interfaces__rosidl_typesupport_fastrtps_cpp
[7.933s] [ 68%] [34m[1mGenerating C type support for eProsima Fast-RTPS[0m
[8.422s] [35m[1mScanning dependencies of target tutorial_interfaces__rosidl_typesupport_fastrtps_c[0m
[8.456s] [ 70%] [32mBuilding CXX object CMakeFiles/tutorial_interfaces__rosidl_typesupport_fastrtps_c.dir/rosidl_typesupport_fastrtps_c/tutorial_interfaces/msg/detail/num__type_support_c.cpp.o[0m
[8.456s] [ 72%] [32mBuilding CXX object CMakeFiles/tutorial_interfaces__rosidl_typesupport_fastrtps_c.dir/rosidl_typesupport_fastrtps_c/tutorial_interfaces/msg/detail/sphere__type_support_c.cpp.o[0m
[8.467s] [ 74%] [32mBuilding CXX object CMakeFiles/tutorial_interfaces__rosidl_typesupport_fastrtps_c.dir/rosidl_typesupport_fastrtps_c/tutorial_interfaces/srv/detail/add_three_ints__type_support_c.cpp.o[0m
[9.373s] [ 76%] [32m[1mLinking CXX shared library libtutorial_interfaces__rosidl_typesupport_fastrtps_c.so[0m
[9.531s] [ 76%] Built target tutorial_interfaces__rosidl_typesupport_fastrtps_c
[9.552s] [35m[1mScanning dependencies of target tutorial_interfaces[0m
[9.567s] [ 76%] Built target tutorial_interfaces
[9.587s] [35m[1mScanning dependencies of target tutorial_interfaces__py[0m
[9.603s] [ 78%] [34m[1mGenerating Python code for ROS interfaces[0m
[10.601s] [ 78%] Built target tutorial_interfaces__py
[10.619s] [35m[1mScanning dependencies of target tutorial_interfaces__python[0m
[10.688s] [ 82%] [32mBuilding C object CMakeFiles/tutorial_interfaces__python.dir/rosidl_generator_py/tutorial_interfaces/msg/_num_s.c.o[0m
[10.688s] [ 82%] [32mBuilding C object CMakeFiles/tutorial_interfaces__python.dir/rosidl_generator_py/tutorial_interfaces/msg/_sphere_s.c.o[0m
[10.701s] [ 85%] [32mBuilding C object CMakeFiles/tutorial_interfaces__python.dir/rosidl_generator_py/tutorial_interfaces/srv/_add_three_ints_s.c.o[0m
[10.923s] [ 87%] [32m[1mLinking C shared library rosidl_generator_py/tutorial_interfaces/libtutorial_interfaces__python.so[0m
[11.018s] [ 87%] Built target tutorial_interfaces__python
[11.041s] [35m[1mScanning dependencies of target tutorial_interfaces__rosidl_typesupport_c__pyext[0m
[11.056s] [35m[1mScanning dependencies of target tutorial_interfaces__rosidl_typesupport_introspection_c__pyext[0m
[11.067s] [35m[1mScanning dependencies of target tutorial_interfaces__rosidl_typesupport_fastrtps_c__pyext[0m
[11.113s] [ 89%] [32mBuilding C object CMakeFiles/tutorial_interfaces__rosidl_typesupport_introspection_c__pyext.dir/rosidl_generator_py/tutorial_interfaces/_tutorial_interfaces_s.ep.rosidl_typesupport_introspection_c.c.o[0m
[11.118s] [ 91%] [32mBuilding C object CMakeFiles/tutorial_interfaces__rosidl_typesupport_c__pyext.dir/rosidl_generator_py/tutorial_interfaces/_tutorial_interfaces_s.ep.rosidl_typesupport_c.c.o[0m
[11.125s] [ 93%] [32mBuilding C object CMakeFiles/tutorial_interfaces__rosidl_typesupport_fastrtps_c__pyext.dir/rosidl_generator_py/tutorial_interfaces/_tutorial_interfaces_s.ep.rosidl_typesupport_fastrtps_c.c.o[0m
[11.360s] [ 95%] [32m[1mLinking C shared library rosidl_generator_py/tutorial_interfaces/tutorial_interfaces_s__rosidl_typesupport_introspection_c.cpython-38-x86_64-linux-gnu.so[0m
[11.385s] [ 97%] [32m[1mLinking C shared library rosidl_generator_py/tutorial_interfaces/tutorial_interfaces_s__rosidl_typesupport_c.cpython-38-x86_64-linux-gnu.so[0m
[11.403s] [100%] [32m[1mLinking CXX shared library rosidl_generator_py/tutorial_interfaces/tutorial_interfaces_s__rosidl_typesupport_fastrtps_c.cpython-38-x86_64-linux-gnu.so[0m
[11.477s] [100%] Built target tutorial_interfaces__rosidl_typesupport_introspection_c__pyext
[11.495s] [100%] Built target tutorial_interfaces__rosidl_typesupport_c__pyext
[11.541s] [100%] Built target tutorial_interfaces__rosidl_typesupport_fastrtps_c__pyext
[11.558s] Invoked command in '/home/aaaa/Desktop/Smart-Mobility-Engineering-Lab/final_project/ros2_ws/build/tutorial_interfaces' returned '0': CMAKE_PREFIX_PATH=/home/aaaa/Desktop/Smart-Mobility-Engineering-Lab/final_project/ros2_ws/install/py_srvcli:/home/aaaa/Desktop/Smart-Mobility-Engineering-Lab/final_project/ros2_ws/install/py_pubsub:/home/aaaa/Desktop/Smart-Mobility-Engineering-Lab/final_project/ros2_ws/install/my_package1:/opt/ros/foxy /usr/bin/cmake --build /home/aaaa/Desktop/Smart-Mobility-Engineering-Lab/final_project/ros2_ws/build/tutorial_interfaces -- -j4 -l4
[11.696s] Invoking command in '/home/aaaa/Desktop/Smart-Mobility-Engineering-Lab/final_project/ros2_ws/build/tutorial_interfaces': CMAKE_PREFIX_PATH=/home/aaaa/Desktop/Smart-Mobility-Engineering-Lab/final_project/ros2_ws/install/py_srvcli:/home/aaaa/Desktop/Smart-Mobility-Engineering-Lab/final_project/ros2_ws/install/py_pubsub:/home/aaaa/Desktop/Smart-Mobility-Engineering-Lab/final_project/ros2_ws/install/my_package1:/opt/ros/foxy /usr/bin/cmake --install /home/aaaa/Desktop/Smart-Mobility-Engineering-Lab/final_project/ros2_ws/build/tutorial_interfaces
[11.708s] -- Install configuration: ""
[11.708s] -- Installing: /home/aaaa/Desktop/Smart-Mobility-Engineering-Lab/final_project/ros2_ws/install/tutorial_interfaces/share/ament_index/resource_index/rosidl_interfaces/tutorial_interfaces
[11.708s] -- Installing: /home/aaaa/Desktop/Smart-Mobility-Engineering-Lab/final_project/ros2_ws/install/tutorial_interfaces/include/tutorial_interfaces
[11.708s] -- Installing: /home/aaaa/Desktop/Smart-Mobility-Engineering-Lab/final_project/ros2_ws/install/tutorial_interfaces/include/tutorial_interfaces/srv
[11.709s] -- Installing: /home/aaaa/Desktop/Smart-Mobility-Engineering-Lab/final_project/ros2_ws/install/tutorial_interfaces/include/tutorial_interfaces/srv/detail
[11.709s] -- Installing: /home/aaaa/Desktop/Smart-Mobility-Engineering-Lab/final_project/ros2_ws/install/tutorial_interfaces/include/tutorial_interfaces/srv/detail/add_three_ints__functions.h
[11.709s] -- Installing: /home/aaaa/Desktop/Smart-Mobility-Engineering-Lab/final_project/ros2_ws/install/tutorial_interfaces/include/tutorial_interfaces/srv/detail/add_three_ints__functions.c
[11.709s] -- Installing: /home/aaaa/Desktop/Smart-Mobility-Engineering-Lab/final_project/ros2_ws/install/tutorial_interfaces/include/tutorial_interfaces/srv/detail/add_three_ints__struct.h
[11.709s] -- Installing: /home/aaaa/Desktop/Smart-Mobility-Engineering-Lab/final_project/ros2_ws/install/tutorial_interfaces/include/tutorial_interfaces/srv/detail/add_three_ints__type_support.h
[11.709s] -- Installing: /home/aaaa/Desktop/Smart-Mobility-Engineering-Lab/final_project/ros2_ws/install/tutorial_interfaces/include/tutorial_interfaces/srv/add_three_ints.h
[11.710s] -- Installing: /home/aaaa/Desktop/Smart-Mobility-Engineering-Lab/final_project/ros2_ws/install/tutorial_interfaces/include/tutorial_interfaces/msg
[11.710s] -- Installing: /home/aaaa/Desktop/Smart-Mobility-Engineering-Lab/final_project/ros2_ws/install/tutorial_interfaces/include/tutorial_interfaces/msg/rosidl_generator_c__visibility_control.h
[11.710s] -- Installing: /home/aaaa/Desktop/Smart-Mobility-Engineering-Lab/final_project/ros2_ws/install/tutorial_interfaces/include/tutorial_interfaces/msg/sphere.h
[11.710s] -- Installing: /home/aaaa/Desktop/Smart-Mobility-Engineering-Lab/final_project/ros2_ws/install/tutorial_interfaces/include/tutorial_interfaces/msg/detail
[11.710s] -- Installing: /home/aaaa/Desktop/Smart-Mobility-Engineering-Lab/final_project/ros2_ws/install/tutorial_interfaces/include/tutorial_interfaces/msg/detail/sphere__struct.h
[11.711s] -- Installing: /home/aaaa/Desktop/Smart-Mobility-Engineering-Lab/final_project/ros2_ws/install/tutorial_interfaces/include/tutorial_interfaces/msg/detail/sphere__functions.c
[11.711s] -- Installing: /home/aaaa/Desktop/Smart-Mobility-Engineering-Lab/final_project/ros2_ws/install/tutorial_interfaces/include/tutorial_interfaces/msg/detail/sphere__type_support.h
[11.711s] -- Installing: /home/aaaa/Desktop/Smart-Mobility-Engineering-Lab/final_project/ros2_ws/install/tutorial_interfaces/include/tutorial_interfaces/msg/detail/num__struct.h
[11.711s] -- Installing: /home/aaaa/Desktop/Smart-Mobility-Engineering-Lab/final_project/ros2_ws/install/tutorial_interfaces/include/tutorial_interfaces/msg/detail/num__type_support.h
[11.711s] -- Installing: /home/aaaa/Desktop/Smart-Mobility-Engineering-Lab/final_project/ros2_ws/install/tutorial_interfaces/include/tutorial_interfaces/msg/detail/sphere__functions.h
[11.711s] -- Installing: /home/aaaa/Desktop/Smart-Mobility-Engineering-Lab/final_project/ros2_ws/install/tutorial_interfaces/include/tutorial_interfaces/msg/detail/num__functions.h
[11.712s] -- Installing: /home/aaaa/Desktop/Smart-Mobility-Engineering-Lab/final_project/ros2_ws/install/tutorial_interfaces/include/tutorial_interfaces/msg/detail/num__functions.c
[11.712s] -- Installing: /home/aaaa/Desktop/Smart-Mobility-Engineering-Lab/final_project/ros2_ws/install/tutorial_interfaces/include/tutorial_interfaces/msg/num.h
[11.712s] -- Installing: /home/aaaa/Desktop/Smart-Mobility-Engineering-Lab/final_project/ros2_ws/install/tutorial_interfaces/share/tutorial_interfaces/environment/library_path.sh
[11.712s] -- Installing: /home/aaaa/Desktop/Smart-Mobility-Engineering-Lab/final_project/ros2_ws/install/tutorial_interfaces/share/tutorial_interfaces/environment/library_path.dsv
[11.713s] -- Installing: /home/aaaa/Desktop/Smart-Mobility-Engineering-Lab/final_project/ros2_ws/install/tutorial_interfaces/lib/libtutorial_interfaces__rosidl_generator_c.so
[11.714s] -- Set runtime path of "/home/aaaa/Desktop/Smart-Mobility-Engineering-Lab/final_project/ros2_ws/install/tutorial_interfaces/lib/libtutorial_interfaces__rosidl_generator_c.so" to ""
[11.714s] -- Up-to-date: /home/aaaa/Desktop/Smart-Mobility-Engineering-Lab/final_project/ros2_ws/install/tutorial_interfaces/include/tutorial_interfaces
[11.714s] -- Up-to-date: /home/aaaa/Desktop/Smart-Mobility-Engineering-Lab/final_project/ros2_ws/install/tutorial_interfaces/include/tutorial_interfaces/srv
[11.714s] -- Up-to-date: /home/aaaa/Desktop/Smart-Mobility-Engineering-Lab/final_project/ros2_ws/install/tutorial_interfaces/include/tutorial_interfaces/srv/detail
[11.715s] -- Installing: /home/aaaa/Desktop/Smart-Mobility-Engineering-Lab/final_project/ros2_ws/install/tutorial_interfaces/include/tutorial_interfaces/srv/detail/add_three_ints__rosidl_typesupport_fastrtps_c.h
[11.715s] -- Up-to-date: /home/aaaa/Desktop/Smart-Mobility-Engineering-Lab/final_project/ros2_ws/install/tutorial_interfaces/include/tutorial_interfaces/msg
[11.715s] -- Up-to-date: /home/aaaa/Desktop/Smart-Mobility-Engineering-Lab/final_project/ros2_ws/install/tutorial_interfaces/include/tutorial_interfaces/msg/detail
[11.715s] -- Installing: /home/aaaa/Desktop/Smart-Mobility-Engineering-Lab/final_project/ros2_ws/install/tutorial_interfaces/include/tutorial_interfaces/msg/detail/sphere__rosidl_typesupport_fastrtps_c.h
[11.715s] -- Installing: /home/aaaa/Desktop/Smart-Mobility-Engineering-Lab/final_project/ros2_ws/install/tutorial_interfaces/include/tutorial_interfaces/msg/detail/num__rosidl_typesupport_fastrtps_c.h
[11.715s] -- Installing: /home/aaaa/Desktop/Smart-Mobility-Engineering-Lab/final_project/ros2_ws/install/tutorial_interfaces/include/tutorial_interfaces/msg/rosidl_typesupport_fastrtps_c__visibility_control.h
[11.715s] -- Installing: /home/aaaa/Desktop/Smart-Mobility-Engineering-Lab/final_project/ros2_ws/install/tutorial_interfaces/lib/libtutorial_interfaces__rosidl_typesupport_fastrtps_c.so
[11.716s] -- Set runtime path of "/home/aaaa/Desktop/Smart-Mobility-Engineering-Lab/final_project/ros2_ws/install/tutorial_interfaces/lib/libtutorial_interfaces__rosidl_typesupport_fastrtps_c.so" to ""
[11.716s] -- Up-to-date: /home/aaaa/Desktop/Smart-Mobility-Engineering-Lab/final_project/ros2_ws/install/tutorial_interfaces/include/tutorial_interfaces
[11.716s] -- Up-to-date: /home/aaaa/Desktop/Smart-Mobility-Engineering-Lab/final_project/ros2_ws/install/tutorial_interfaces/include/tutorial_interfaces/srv
[11.717s] -- Up-to-date: /home/aaaa/Desktop/Smart-Mobility-Engineering-Lab/final_project/ros2_ws/install/tutorial_interfaces/include/tutorial_interfaces/srv/detail
[11.717s] -- Installing: /home/aaaa/Desktop/Smart-Mobility-Engineering-Lab/final_project/ros2_ws/install/tutorial_interfaces/include/tutorial_interfaces/srv/detail/dds_fastrtps
[11.717s] -- Installing: /home/aaaa/Desktop/Smart-Mobility-Engineering-Lab/final_project/ros2_ws/install/tutorial_interfaces/include/tutorial_interfaces/srv/detail/add_three_ints__rosidl_typesupport_fastrtps_cpp.hpp
[11.717s] -- Up-to-date: /home/aaaa/Desktop/Smart-Mobility-Engineering-Lab/final_project/ros2_ws/install/tutorial_interfaces/include/tutorial_interfaces/msg
[11.717s] -- Installing: /home/aaaa/Desktop/Smart-Mobility-Engineering-Lab/final_project/ros2_ws/install/tutorial_interfaces/include/tutorial_interfaces/msg/rosidl_typesupport_fastrtps_cpp__visibility_control.h
[11.717s] -- Up-to-date: /home/aaaa/Desktop/Smart-Mobility-Engineering-Lab/final_project/ros2_ws/install/tutorial_interfaces/include/tutorial_interfaces/msg/detail
[11.718s] -- Installing: /home/aaaa/Desktop/Smart-Mobility-Engineering-Lab/final_project/ros2_ws/install/tutorial_interfaces/include/tutorial_interfaces/msg/detail/dds_fastrtps
[11.718s] -- Installing: /home/aaaa/Desktop/Smart-Mobility-Engineering-Lab/final_project/ros2_ws/install/tutorial_interfaces/include/tutorial_interfaces/msg/detail/num__rosidl_typesupport_fastrtps_cpp.hpp
[11.718s] -- Installing: /home/aaaa/Desktop/Smart-Mobility-Engineering-Lab/final_project/ros2_ws/install/tutorial_interfaces/include/tutorial_interfaces/msg/detail/sphere__rosidl_typesupport_fastrtps_cpp.hpp
[11.718s] -- Installing: /home/aaaa/Desktop/Smart-Mobility-Engineering-Lab/final_project/ros2_ws/install/tutorial_interfaces/lib/libtutorial_interfaces__rosidl_typesupport_fastrtps_cpp.so
[11.718s] -- Set runtime path of "/home/aaaa/Desktop/Smart-Mobility-Engineering-Lab/final_project/ros2_ws/install/tutorial_interfaces/lib/libtutorial_interfaces__rosidl_typesupport_fastrtps_cpp.so" to ""
[11.719s] -- Up-to-date: /home/aaaa/Desktop/Smart-Mobility-Engineering-Lab/final_project/ros2_ws/install/tutorial_interfaces/include/tutorial_interfaces
[11.719s] -- Up-to-date: /home/aaaa/Desktop/Smart-Mobility-Engineering-Lab/final_project/ros2_ws/install/tutorial_interfaces/include/tutorial_interfaces/srv
[11.719s] -- Up-to-date: /home/aaaa/Desktop/Smart-Mobility-Engineering-Lab/final_project/ros2_ws/install/tutorial_interfaces/include/tutorial_interfaces/srv/detail
[11.719s] -- Installing: /home/aaaa/Desktop/Smart-Mobility-Engineering-Lab/final_project/ros2_ws/install/tutorial_interfaces/include/tutorial_interfaces/srv/detail/add_three_ints__type_support.c
[11.719s] -- Installing: /home/aaaa/Desktop/Smart-Mobility-Engineering-Lab/final_project/ros2_ws/install/tutorial_interfaces/include/tutorial_interfaces/srv/detail/add_three_ints__rosidl_typesupport_introspection_c.h
[11.720s] -- Up-to-date: /home/aaaa/Desktop/Smart-Mobility-Engineering-Lab/final_project/ros2_ws/install/tutorial_interfaces/include/tutorial_interfaces/msg
[11.720s] -- Up-to-date: /home/aaaa/Desktop/Smart-Mobility-Engineering-Lab/final_project/ros2_ws/install/tutorial_interfaces/include/tutorial_interfaces/msg/detail
[11.720s] -- Installing: /home/aaaa/Desktop/Smart-Mobility-Engineering-Lab/final_project/ros2_ws/install/tutorial_interfaces/include/tutorial_interfaces/msg/detail/sphere__rosidl_typesupport_introspection_c.h
[11.720s] -- Installing: /home/aaaa/Desktop/Smart-Mobility-Engineering-Lab/final_project/ros2_ws/install/tutorial_interfaces/include/tutorial_interfaces/msg/detail/num__type_support.c
[11.720s] -- Installing: /home/aaaa/Desktop/Smart-Mobility-Engineering-Lab/final_project/ros2_ws/install/tutorial_interfaces/include/tutorial_interfaces/msg/detail/num__rosidl_typesupport_introspection_c.h
[11.720s] -- Installing: /home/aaaa/Desktop/Smart-Mobility-Engineering-Lab/final_project/ros2_ws/install/tutorial_interfaces/include/tutorial_interfaces/msg/detail/sphere__type_support.c
[11.721s] -- Installing: /home/aaaa/Desktop/Smart-Mobility-Engineering-Lab/final_project/ros2_ws/install/tutorial_interfaces/include/tutorial_interfaces/msg/rosidl_typesupport_introspection_c__visibility_control.h
[11.721s] -- Installing: /home/aaaa/Desktop/Smart-Mobility-Engineering-Lab/final_project/ros2_ws/install/tutorial_interfaces/lib/libtutorial_interfaces__rosidl_typesupport_introspection_c.so
[11.721s] -- Set runtime path of "/home/aaaa/Desktop/Smart-Mobility-Engineering-Lab/final_project/ros2_ws/install/tutorial_interfaces/lib/libtutorial_interfaces__rosidl_typesupport_introspection_c.so" to ""
[11.722s] -- Installing: /home/aaaa/Desktop/Smart-Mobility-Engineering-Lab/final_project/ros2_ws/install/tutorial_interfaces/lib/libtutorial_interfaces__rosidl_typesupport_c.so
[11.722s] -- Set runtime path of "/home/aaaa/Desktop/Smart-Mobility-Engineering-Lab/final_project/ros2_ws/install/tutorial_interfaces/lib/libtutorial_interfaces__rosidl_typesupport_c.so" to ""
[11.723s] -- Up-to-date: /home/aaaa/Desktop/Smart-Mobility-Engineering-Lab/final_project/ros2_ws/install/tutorial_interfaces/include/tutorial_interfaces
[11.723s] -- Up-to-date: /home/aaaa/Desktop/Smart-Mobility-Engineering-Lab/final_project/ros2_ws/install/tutorial_interfaces/include/tutorial_interfaces/srv
[11.723s] -- Up-to-date: /home/aaaa/Desktop/Smart-Mobility-Engineering-Lab/final_project/ros2_ws/install/tutorial_interfaces/include/tutorial_interfaces/srv/detail
[11.723s] -- Installing: /home/aaaa/Desktop/Smart-Mobility-Engineering-Lab/final_project/ros2_ws/install/tutorial_interfaces/include/tutorial_interfaces/srv/detail/add_three_ints__type_support.hpp
[11.723s] -- Installing: /home/aaaa/Desktop/Smart-Mobility-Engineering-Lab/final_project/ros2_ws/install/tutorial_interfaces/include/tutorial_interfaces/srv/detail/add_three_ints__struct.hpp
[11.723s] -- Installing: /home/aaaa/Desktop/Smart-Mobility-Engineering-Lab/final_project/ros2_ws/install/tutorial_interfaces/include/tutorial_interfaces/srv/detail/add_three_ints__builder.hpp
[11.724s] -- Installing: /home/aaaa/Desktop/Smart-Mobility-Engineering-Lab/final_project/ros2_ws/install/tutorial_interfaces/include/tutorial_interfaces/srv/detail/add_three_ints__traits.hpp
[11.724s] -- Installing: /home/aaaa/Desktop/Smart-Mobility-Engineering-Lab/final_project/ros2_ws/install/tutorial_interfaces/include/tutorial_interfaces/srv/add_three_ints.hpp
[11.724s] -- Up-to-date: /home/aaaa/Desktop/Smart-Mobility-Engineering-Lab/final_project/ros2_ws/install/tutorial_interfaces/include/tutorial_interfaces/msg
[11.724s] -- Installing: /home/aaaa/Desktop/Smart-Mobility-Engineering-Lab/final_project/ros2_ws/install/tutorial_interfaces/include/tutorial_interfaces/msg/rosidl_generator_cpp__visibility_control.hpp
[11.724s] -- Up-to-date: /home/aaaa/Desktop/Smart-Mobility-Engineering-Lab/final_project/ros2_ws/install/tutorial_interfaces/include/tutorial_interfaces/msg/detail
[11.725s] -- Installing: /home/aaaa/Desktop/Smart-Mobility-Engineering-Lab/final_project/ros2_ws/install/tutorial_interfaces/include/tutorial_interfaces/msg/detail/num__type_support.hpp
[11.725s] -- Installing: /home/aaaa/Desktop/Smart-Mobility-Engineering-Lab/final_project/ros2_ws/install/tutorial_interfaces/include/tutorial_interfaces/msg/detail/sphere__builder.hpp
[11.725s] -- Installing: /home/aaaa/Desktop/Smart-Mobility-Engineering-Lab/final_project/ros2_ws/install/tutorial_interfaces/include/tutorial_interfaces/msg/detail/num__struct.hpp
[11.725s] -- Installing: /home/aaaa/Desktop/Smart-Mobility-Engineering-Lab/final_project/ros2_ws/install/tutorial_interfaces/include/tutorial_interfaces/msg/detail/sphere__traits.hpp
[11.725s] -- Installing: /home/aaaa/Desktop/Smart-Mobility-Engineering-Lab/final_project/ros2_ws/install/tutorial_interfaces/include/tutorial_interfaces/msg/detail/num__builder.hpp
[11.725s] -- Installing: /home/aaaa/Desktop/Smart-Mobility-Engineering-Lab/final_project/ros2_ws/install/tutorial_interfaces/include/tutorial_interfaces/msg/detail/sphere__type_support.hpp
[11.726s] -- Installing: /home/aaaa/Desktop/Smart-Mobility-Engineering-Lab/final_project/ros2_ws/install/tutorial_interfaces/include/tutorial_interfaces/msg/detail/sphere__struct.hpp
[11.726s] -- Installing: /home/aaaa/Desktop/Smart-Mobility-Engineering-Lab/final_project/ros2_ws/install/tutorial_interfaces/include/tutorial_interfaces/msg/detail/num__traits.hpp
[11.726s] -- Installing: /home/aaaa/Desktop/Smart-Mobility-Engineering-Lab/final_project/ros2_ws/install/tutorial_interfaces/include/tutorial_interfaces/msg/sphere.hpp
[11.726s] -- Installing: /home/aaaa/Desktop/Smart-Mobility-Engineering-Lab/final_project/ros2_ws/install/tutorial_interfaces/include/tutorial_interfaces/msg/num.hpp
[11.726s] -- Up-to-date: /home/aaaa/Desktop/Smart-Mobility-Engineering-Lab/final_project/ros2_ws/install/tutorial_interfaces/include/tutorial_interfaces
[11.726s] -- Up-to-date: /home/aaaa/Desktop/Smart-Mobility-Engineering-Lab/final_project/ros2_ws/install/tutorial_interfaces/include/tutorial_interfaces/srv
[11.726s] -- Up-to-date: /home/aaaa/Desktop/Smart-Mobility-Engineering-Lab/final_project/ros2_ws/install/tutorial_interfaces/include/tutorial_interfaces/srv/detail
[11.727s] -- Installing: /home/aaaa/Desktop/Smart-Mobility-Engineering-Lab/final_project/ros2_ws/install/tutorial_interfaces/include/tutorial_interfaces/srv/detail/add_three_ints__type_support.cpp
[11.727s] -- Installing: /home/aaaa/Desktop/Smart-Mobility-Engineering-Lab/final_project/ros2_ws/install/tutorial_interfaces/include/tutorial_interfaces/srv/detail/add_three_ints__rosidl_typesupport_introspection_cpp.hpp
[11.727s] -- Up-to-date: /home/aaaa/Desktop/Smart-Mobility-Engineering-Lab/final_project/ros2_ws/install/tutorial_interfaces/include/tutorial_interfaces/msg
[11.727s] -- Up-to-date: /home/aaaa/Desktop/Smart-Mobility-Engineering-Lab/final_project/ros2_ws/install/tutorial_interfaces/include/tutorial_interfaces/msg/detail
[11.727s] -- Installing: /home/aaaa/Desktop/Smart-Mobility-Engineering-Lab/final_project/ros2_ws/install/tutorial_interfaces/include/tutorial_interfaces/msg/detail/num__type_support.cpp
[11.727s] -- Installing: /home/aaaa/Desktop/Smart-Mobility-Engineering-Lab/final_project/ros2_ws/install/tutorial_interfaces/include/tutorial_interfaces/msg/detail/num__rosidl_typesupport_introspection_cpp.hpp
[11.728s] -- Installing: /home/aaaa/Desktop/Smart-Mobility-Engineering-Lab/final_project/ros2_ws/install/tutorial_interfaces/include/tutorial_interfaces/msg/detail/sphere__rosidl_typesupport_introspection_cpp.hpp
[11.728s] -- Installing: /home/aaaa/Desktop/Smart-Mobility-Engineering-Lab/final_project/ros2_ws/install/tutorial_interfaces/include/tutorial_interfaces/msg/detail/sphere__type_support.cpp
[11.728s] -- Installing: /home/aaaa/Desktop/Smart-Mobility-Engineering-Lab/final_project/ros2_ws/install/tutorial_interfaces/lib/libtutorial_interfaces__rosidl_typesupport_introspection_cpp.so
[11.729s] -- Set runtime path of "/home/aaaa/Desktop/Smart-Mobility-Engineering-Lab/final_project/ros2_ws/install/tutorial_interfaces/lib/libtutorial_interfaces__rosidl_typesupport_introspection_cpp.so" to ""
[11.729s] -- Installing: /home/aaaa/Desktop/Smart-Mobility-Engineering-Lab/final_project/ros2_ws/install/tutorial_interfaces/lib/libtutorial_interfaces__rosidl_typesupport_cpp.so
[11.730s] -- Set runtime path of "/home/aaaa/Desktop/Smart-Mobility-Engineering-Lab/final_project/ros2_ws/install/tutorial_interfaces/lib/libtutorial_interfaces__rosidl_typesupport_cpp.so" to ""
[11.730s] -- Installing: /home/aaaa/Desktop/Smart-Mobility-Engineering-Lab/final_project/ros2_ws/install/tutorial_interfaces/share/tutorial_interfaces/environment/pythonpath.sh
[11.730s] -- Installing: /home/aaaa/Desktop/Smart-Mobility-Engineering-Lab/final_project/ros2_ws/install/tutorial_interfaces/share/tutorial_interfaces/environment/pythonpath.dsv
[11.731s] -- Installing: /home/aaaa/Desktop/Smart-Mobility-Engineering-Lab/final_project/ros2_ws/install/tutorial_interfaces/lib/python3.8/site-packages/tutorial_interfaces/__init__.py
[11.778s] Compiling '/home/aaaa/Desktop/Smart-Mobility-Engineering-Lab/final_project/ros2_ws/install/tutorial_interfaces/lib/python3.8/site-packages/tutorial_interfaces/__init__.py'...
[11.785s] -- Installing: /home/aaaa/Desktop/Smart-Mobility-Engineering-Lab/final_project/ros2_ws/install/tutorial_interfaces/lib/python3.8/site-packages/tutorial_interfaces/msg
[11.785s] -- Installing: /home/aaaa/Desktop/Smart-Mobility-Engineering-Lab/final_project/ros2_ws/install/tutorial_interfaces/lib/python3.8/site-packages/tutorial_interfaces/msg/__init__.py
[11.787s] -- Installing: /home/aaaa/Desktop/Smart-Mobility-Engineering-Lab/final_project/ros2_ws/install/tutorial_interfaces/lib/python3.8/site-packages/tutorial_interfaces/msg/_sphere_s.c
[11.787s] -- Installing: /home/aaaa/Desktop/Smart-Mobility-Engineering-Lab/final_project/ros2_ws/install/tutorial_interfaces/lib/python3.8/site-packages/tutorial_interfaces/msg/_num.py
[11.787s] -- Installing: /home/aaaa/Desktop/Smart-Mobility-Engineering-Lab/final_project/ros2_ws/install/tutorial_interfaces/lib/python3.8/site-packages/tutorial_interfaces/msg/_num_s.c
[11.787s] -- Installing: /home/aaaa/Desktop/Smart-Mobility-Engineering-Lab/final_project/ros2_ws/install/tutorial_interfaces/lib/python3.8/site-packages/tutorial_interfaces/msg/_sphere.py
[11.787s] -- Installing: /home/aaaa/Desktop/Smart-Mobility-Engineering-Lab/final_project/ros2_ws/install/tutorial_interfaces/lib/python3.8/site-packages/tutorial_interfaces/srv
[11.788s] -- Installing: /home/aaaa/Desktop/Smart-Mobility-Engineering-Lab/final_project/ros2_ws/install/tutorial_interfaces/lib/python3.8/site-packages/tutorial_interfaces/srv/_add_three_ints_s.c
[11.788s] -- Installing: /home/aaaa/Desktop/Smart-Mobility-Engineering-Lab/final_project/ros2_ws/install/tutorial_interfaces/lib/python3.8/site-packages/tutorial_interfaces/srv/__init__.py
[11.788s] -- Installing: /home/aaaa/Desktop/Smart-Mobility-Engineering-Lab/final_project/ros2_ws/install/tutorial_interfaces/lib/python3.8/site-packages/tutorial_interfaces/srv/_add_three_ints.py
[11.788s] -- Installing: /home/aaaa/Desktop/Smart-Mobility-Engineering-Lab/final_project/ros2_ws/install/tutorial_interfaces/lib/python3.8/site-packages/tutorial_interfaces/tutorial_interfaces_s__rosidl_typesupport_fastrtps_c.cpython-38-x86_64-linux-gnu.so
[11.789s] -- Set runtime path of "/home/aaaa/Desktop/Smart-Mobility-Engineering-Lab/final_project/ros2_ws/install/tutorial_interfaces/lib/python3.8/site-packages/tutorial_interfaces/tutorial_interfaces_s__rosidl_typesupport_fastrtps_c.cpython-38-x86_64-linux-gnu.so" to ""
[11.790s] -- Installing: /home/aaaa/Desktop/Smart-Mobility-Engineering-Lab/final_project/ros2_ws/install/tutorial_interfaces/lib/python3.8/site-packages/tutorial_interfaces/tutorial_interfaces_s__rosidl_typesupport_introspection_c.cpython-38-x86_64-linux-gnu.so
[11.791s] -- Set runtime path of "/home/aaaa/Desktop/Smart-Mobility-Engineering-Lab/final_project/ros2_ws/install/tutorial_interfaces/lib/python3.8/site-packages/tutorial_interfaces/tutorial_interfaces_s__rosidl_typesupport_introspection_c.cpython-38-x86_64-linux-gnu.so" to ""
[11.791s] -- Installing: /home/aaaa/Desktop/Smart-Mobility-Engineering-Lab/final_project/ros2_ws/install/tutorial_interfaces/lib/python3.8/site-packages/tutorial_interfaces/tutorial_interfaces_s__rosidl_typesupport_c.cpython-38-x86_64-linux-gnu.so
[11.793s] -- Set runtime path of "/home/aaaa/Desktop/Smart-Mobility-Engineering-Lab/final_project/ros2_ws/install/tutorial_interfaces/lib/python3.8/site-packages/tutorial_interfaces/tutorial_interfaces_s__rosidl_typesupport_c.cpython-38-x86_64-linux-gnu.so" to ""
[11.793s] -- Installing: /home/aaaa/Desktop/Smart-Mobility-Engineering-Lab/final_project/ros2_ws/install/tutorial_interfaces/lib/libtutorial_interfaces__python.so
[11.793s] -- Set runtime path of "/home/aaaa/Desktop/Smart-Mobility-Engineering-Lab/final_project/ros2_ws/install/tutorial_interfaces/lib/libtutorial_interfaces__python.so" to ""
[11.794s] -- Installing: /home/aaaa/Desktop/Smart-Mobility-Engineering-Lab/final_project/ros2_ws/install/tutorial_interfaces/share/tutorial_interfaces/msg/Num.idl
[11.794s] -- Installing: /home/aaaa/Desktop/Smart-Mobility-Engineering-Lab/final_project/ros2_ws/install/tutorial_interfaces/share/tutorial_interfaces/msg/Sphere.idl
[11.794s] -- Installing: /home/aaaa/Desktop/Smart-Mobility-Engineering-Lab/final_project/ros2_ws/install/tutorial_interfaces/share/tutorial_interfaces/srv/AddThreeInts.idl
[11.795s] -- Installing: /home/aaaa/Desktop/Smart-Mobility-Engineering-Lab/final_project/ros2_ws/install/tutorial_interfaces/share/tutorial_interfaces/msg/Num.msg
[11.795s] -- Installing: /home/aaaa/Desktop/Smart-Mobility-Engineering-Lab/final_project/ros2_ws/install/tutorial_interfaces/share/tutorial_interfaces/msg/Sphere.msg
[11.795s] -- Installing: /home/aaaa/Desktop/Smart-Mobility-Engineering-Lab/final_project/ros2_ws/install/tutorial_interfaces/share/tutorial_interfaces/srv/AddThreeInts.srv
[11.795s] -- Installing: /home/aaaa/Desktop/Smart-Mobility-Engineering-Lab/final_project/ros2_ws/install/tutorial_interfaces/share/tutorial_interfaces/srv/AddThreeInts_Request.msg
[11.796s] -- Installing: /home/aaaa/Desktop/Smart-Mobility-Engineering-Lab/final_project/ros2_ws/install/tutorial_interfaces/share/tutorial_interfaces/srv/AddThreeInts_Response.msg
[11.796s] -- Installing: /home/aaaa/Desktop/Smart-Mobility-Engineering-Lab/final_project/ros2_ws/install/tutorial_interfaces/share/ament_index/resource_index/package_run_dependencies/tutorial_interfaces
[11.797s] -- Installing: /home/aaaa/Desktop/Smart-Mobility-Engineering-Lab/final_project/ros2_ws/install/tutorial_interfaces/share/ament_index/resource_index/parent_prefix_path/tutorial_interfaces
[11.797s] -- Installing: /home/aaaa/Desktop/Smart-Mobility-Engineering-Lab/final_project/ros2_ws/install/tutorial_interfaces/share/tutorial_interfaces/environment/ament_prefix_path.sh
[11.797s] -- Installing: /home/aaaa/Desktop/Smart-Mobility-Engineering-Lab/final_project/ros2_ws/install/tutorial_interfaces/share/tutorial_interfaces/environment/ament_prefix_path.dsv
[11.797s] -- Installing: /home/aaaa/Desktop/Smart-Mobility-Engineering-Lab/final_project/ros2_ws/install/tutorial_interfaces/share/tutorial_interfaces/environment/path.sh
[11.798s] -- Installing: /home/aaaa/Desktop/Smart-Mobility-Engineering-Lab/final_project/ros2_ws/install/tutorial_interfaces/share/tutorial_interfaces/environment/path.dsv
[11.798s] -- Installing: /home/aaaa/Desktop/Smart-Mobility-Engineering-Lab/final_project/ros2_ws/install/tutorial_interfaces/share/tutorial_interfaces/local_setup.bash
[11.798s] -- Installing: /home/aaaa/Desktop/Smart-Mobility-Engineering-Lab/final_project/ros2_ws/install/tutorial_interfaces/share/tutorial_interfaces/local_setup.sh
[11.798s] -- Installing: /home/aaaa/Desktop/Smart-Mobility-Engineering-Lab/final_project/ros2_ws/install/tutorial_interfaces/share/tutorial_interfaces/local_setup.zsh
[11.799s] -- Installing: /home/aaaa/Desktop/Smart-Mobility-Engineering-Lab/final_project/ros2_ws/install/tutorial_interfaces/share/tutorial_interfaces/local_setup.dsv
[11.799s] -- Installing: /home/aaaa/Desktop/Smart-Mobility-Engineering-Lab/final_project/ros2_ws/install/tutorial_interfaces/share/tutorial_interfaces/package.dsv
[11.799s] -- Installing: /home/aaaa/Desktop/Smart-Mobility-Engineering-Lab/final_project/ros2_ws/install/tutorial_interfaces/share/ament_index/resource_index/packages/tutorial_interfaces
[11.800s] -- Installing: /home/aaaa/Desktop/Smart-Mobility-Engineering-Lab/final_project/ros2_ws/install/tutorial_interfaces/share/tutorial_interfaces/cmake/tutorial_interfaces__rosidl_generator_cExport.cmake
[11.800s] -- Installing: /home/aaaa/Desktop/Smart-Mobility-Engineering-Lab/final_project/ros2_ws/install/tutorial_interfaces/share/tutorial_interfaces/cmake/tutorial_interfaces__rosidl_generator_cExport-noconfig.cmake
[11.801s] -- Installing: /home/aaaa/Desktop/Smart-Mobility-Engineering-Lab/final_project/ros2_ws/install/tutorial_interfaces/share/tutorial_interfaces/cmake/tutorial_interfaces__rosidl_typesupport_introspection_cExport.cmake
[11.801s] -- Installing: /home/aaaa/Desktop/Smart-Mobility-Engineering-Lab/final_project/ros2_ws/install/tutorial_interfaces/share/tutorial_interfaces/cmake/tutorial_interfaces__rosidl_typesupport_introspection_cExport-noconfig.cmake
[11.801s] -- Installing: /home/aaaa/Desktop/Smart-Mobility-Engineering-Lab/final_project/ros2_ws/install/tutorial_interfaces/share/tutorial_interfaces/cmake/tutorial_interfaces__rosidl_typesupport_cExport.cmake
[11.802s] -- Installing: /home/aaaa/Desktop/Smart-Mobility-Engineering-Lab/final_project/ros2_ws/install/tutorial_interfaces/share/tutorial_interfaces/cmake/tutorial_interfaces__rosidl_typesupport_cExport-noconfig.cmake
[11.802s] -- Installing: /home/aaaa/Desktop/Smart-Mobility-Engineering-Lab/final_project/ros2_ws/install/tutorial_interfaces/share/tutorial_interfaces/cmake/tutorial_interfaces__rosidl_generator_cppExport.cmake
[11.802s] -- Installing: /home/aaaa/Desktop/Smart-Mobility-Engineering-Lab/final_project/ros2_ws/install/tutorial_interfaces/share/tutorial_interfaces/cmake/tutorial_interfaces__rosidl_typesupport_introspection_cppExport.cmake
[11.803s] -- Installing: /home/aaaa/Desktop/Smart-Mobility-Engineering-Lab/final_project/ros2_ws/install/tutorial_interfaces/share/tutorial_interfaces/cmake/tutorial_interfaces__rosidl_typesupport_introspection_cppExport-noconfig.cmake
[11.803s] -- Installing: /home/aaaa/Desktop/Smart-Mobility-Engineering-Lab/final_project/ros2_ws/install/tutorial_interfaces/share/tutorial_interfaces/cmake/tutorial_interfaces__rosidl_typesupport_cppExport.cmake
[11.803s] -- Installing: /home/aaaa/Desktop/Smart-Mobility-Engineering-Lab/final_project/ros2_ws/install/tutorial_interfaces/share/tutorial_interfaces/cmake/tutorial_interfaces__rosidl_typesupport_cppExport-noconfig.cmake
[11.804s] -- Installing: /home/aaaa/Desktop/Smart-Mobility-Engineering-Lab/final_project/ros2_ws/install/tutorial_interfaces/share/tutorial_interfaces/cmake/rosidl_cmake-extras.cmake
[11.804s] -- Installing: /home/aaaa/Desktop/Smart-Mobility-Engineering-Lab/final_project/ros2_ws/install/tutorial_interfaces/share/tutorial_interfaces/cmake/ament_cmake_export_dependencies-extras.cmake
[11.804s] -- Installing: /home/aaaa/Desktop/Smart-Mobility-Engineering-Lab/final_project/ros2_ws/install/tutorial_interfaces/share/tutorial_interfaces/cmake/ament_cmake_export_libraries-extras.cmake
[11.805s] -- Installing: /home/aaaa/Desktop/Smart-Mobility-Engineering-Lab/final_project/ros2_ws/install/tutorial_interfaces/share/tutorial_interfaces/cmake/ament_cmake_export_targets-extras.cmake
[11.805s] -- Installing: /home/aaaa/Desktop/Smart-Mobility-Engineering-Lab/final_project/ros2_ws/install/tutorial_interfaces/share/tutorial_interfaces/cmake/ament_cmake_export_include_directories-extras.cmake
[11.805s] -- Installing: /home/aaaa/Desktop/Smart-Mobility-Engineering-Lab/final_project/ros2_ws/install/tutorial_interfaces/share/tutorial_interfaces/cmake/rosidl_cmake_export_typesupport_libraries-extras.cmake
[11.805s] -- Installing: /home/aaaa/Desktop/Smart-Mobility-Engineering-Lab/final_project/ros2_ws/install/tutorial_interfaces/share/tutorial_interfaces/cmake/rosidl_cmake_export_typesupport_targets-extras.cmake
[11.806s] -- Installing: /home/aaaa/Desktop/Smart-Mobility-Engineering-Lab/final_project/ros2_ws/install/tutorial_interfaces/share/tutorial_interfaces/cmake/tutorial_interfacesConfig.cmake
[11.806s] -- Installing: /home/aaaa/Desktop/Smart-Mobility-Engineering-Lab/final_project/ros2_ws/install/tutorial_interfaces/share/tutorial_interfaces/cmake/tutorial_interfacesConfig-version.cmake
[11.806s] -- Installing: /home/aaaa/Desktop/Smart-Mobility-Engineering-Lab/final_project/ros2_ws/install/tutorial_interfaces/share/tutorial_interfaces/package.xml
[11.810s] Invoked command in '/home/aaaa/Desktop/Smart-Mobility-Engineering-Lab/final_project/ros2_ws/build/tutorial_interfaces' returned '0': CMAKE_PREFIX_PATH=/home/aaaa/Desktop/Smart-Mobility-Engineering-Lab/final_project/ros2_ws/install/py_srvcli:/home/aaaa/Desktop/Smart-Mobility-Engineering-Lab/final_project/ros2_ws/install/py_pubsub:/home/aaaa/Desktop/Smart-Mobility-Engineering-Lab/final_project/ros2_ws/install/my_package1:/opt/ros/foxy /usr/bin/cmake --install /home/aaaa/Desktop/Smart-Mobility-Engineering-Lab/final_project/ros2_ws/build/tutorial_interfaces
