running egg_info
creating ../../build/my_weather_pkg/my_weather_pkg.egg-info
writing ../../build/my_weather_pkg/my_weather_pkg.egg-info/PKG-INFO
writing dependency_links to ../../build/my_weather_pkg/my_weather_pkg.egg-info/dependency_links.txt
writing entry points to ../../build/my_weather_pkg/my_weather_pkg.egg-info/entry_points.txt
writing requirements to ../../build/my_weather_pkg/my_weather_pkg.egg-info/requires.txt
writing top-level names to ../../build/my_weather_pkg/my_weather_pkg.egg-info/top_level.txt
writing manifest file '../../build/my_weather_pkg/my_weather_pkg.egg-info/SOURCES.txt'
reading manifest file '../../build/my_weather_pkg/my_weather_pkg.egg-info/SOURCES.txt'
writing manifest file '../../build/my_weather_pkg/my_weather_pkg.egg-info/SOURCES.txt'
running build
running build_py
creating /home/aaaa/Desktop/Smart-Mobility-Engineering-Lab/final_project/ros2_ws/build/my_weather_pkg/build
creating /home/aaaa/Desktop/Smart-Mobility-Engineering-Lab/final_project/ros2_ws/build/my_weather_pkg/build/lib
creating /home/aaaa/Desktop/Smart-Mobility-Engineering-Lab/final_project/ros2_ws/build/my_weather_pkg/build/lib/my_weather_pkg
copying my_weather_pkg/weather_publisher.py -> /home/aaaa/Desktop/Smart-Mobility-Engineering-Lab/final_project/ros2_ws/build/my_weather_pkg/build/lib/my_weather_pkg
copying my_weather_pkg/__init__.py -> /home/aaaa/Desktop/Smart-Mobility-Engineering-Lab/final_project/ros2_ws/build/my_weather_pkg/build/lib/my_weather_pkg
copying my_weather_pkg/weather_subscriber.py -> /home/aaaa/Desktop/Smart-Mobility-Engineering-Lab/final_project/ros2_ws/build/my_weather_pkg/build/lib/my_weather_pkg
running install
running install_lib
creating /home/aaaa/Desktop/Smart-Mobility-Engineering-Lab/final_project/ros2_ws/install/my_weather_pkg/lib/python3.8/site-packages/my_weather_pkg
copying /home/aaaa/Desktop/Smart-Mobility-Engineering-Lab/final_project/ros2_ws/build/my_weather_pkg/build/lib/my_weather_pkg/weather_publisher.py -> /home/aaaa/Desktop/Smart-Mobility-Engineering-Lab/final_project/ros2_ws/install/my_weather_pkg/lib/python3.8/site-packages/my_weather_pkg
copying /home/aaaa/Desktop/Smart-Mobility-Engineering-Lab/final_project/ros2_ws/build/my_weather_pkg/build/lib/my_weather_pkg/__init__.py -> /home/aaaa/Desktop/Smart-Mobility-Engineering-Lab/final_project/ros2_ws/install/my_weather_pkg/lib/python3.8/site-packages/my_weather_pkg
copying /home/aaaa/Desktop/Smart-Mobility-Engineering-Lab/final_project/ros2_ws/build/my_weather_pkg/build/lib/my_weather_pkg/weather_subscriber.py -> /home/aaaa/Desktop/Smart-Mobility-Engineering-Lab/final_project/ros2_ws/install/my_weather_pkg/lib/python3.8/site-packages/my_weather_pkg
byte-compiling /home/aaaa/Desktop/Smart-Mobility-Engineering-Lab/final_project/ros2_ws/install/my_weather_pkg/lib/python3.8/site-packages/my_weather_pkg/weather_publisher.py to weather_publisher.cpython-38.pyc
byte-compiling /home/aaaa/Desktop/Smart-Mobility-Engineering-Lab/final_project/ros2_ws/install/my_weather_pkg/lib/python3.8/site-packages/my_weather_pkg/__init__.py to __init__.cpython-38.pyc
byte-compiling /home/aaaa/Desktop/Smart-Mobility-Engineering-Lab/final_project/ros2_ws/install/my_weather_pkg/lib/python3.8/site-packages/my_weather_pkg/weather_subscriber.py to weather_subscriber.cpython-38.pyc
running install_data
creating /home/aaaa/Desktop/Smart-Mobility-Engineering-Lab/final_project/ros2_ws/install/my_weather_pkg/share/ament_index
creating /home/aaaa/Desktop/Smart-Mobility-Engineering-Lab/final_project/ros2_ws/install/my_weather_pkg/share/ament_index/resource_index
creating /home/aaaa/Desktop/Smart-Mobility-Engineering-Lab/final_project/ros2_ws/install/my_weather_pkg/share/ament_index/resource_index/packages
copying resource/my_weather_pkg -> /home/aaaa/Desktop/Smart-Mobility-Engineering-Lab/final_project/ros2_ws/install/my_weather_pkg/share/ament_index/resource_index/packages
copying package.xml -> /home/aaaa/Desktop/Smart-Mobility-Engineering-Lab/final_project/ros2_ws/install/my_weather_pkg/share/my_weather_pkg
running install_egg_info
Copying ../../build/my_weather_pkg/my_weather_pkg.egg-info to /home/aaaa/Desktop/Smart-Mobility-Engineering-Lab/final_project/ros2_ws/install/my_weather_pkg/lib/python3.8/site-packages/my_weather_pkg-0.0.0-py3.8.egg-info
running install_scripts
Installing listener script to /home/aaaa/Desktop/Smart-Mobility-Engineering-Lab/final_project/ros2_ws/install/my_weather_pkg/lib/my_weather_pkg
Installing talker script to /home/aaaa/Desktop/Smart-Mobility-Engineering-Lab/final_project/ros2_ws/install/my_weather_pkg/lib/my_weather_pkg
writing list of installed files to '/home/aaaa/Desktop/Smart-Mobility-Engineering-Lab/final_project/ros2_ws/build/my_weather_pkg/install.log'
