[0.936s] Invoking command in '/home/aaaa/Desktop/Smart-Mobility-Engineering-Lab/final_project/ros2_ws/src/my_weather_pkg': PYTHONPATH=/home/aaaa/Desktop/Smart-Mobility-Engineering-Lab/final_project/ros2_ws/build/my_weather_pkg/prefix_override:/home/aaaa/Desktop/Smart-Mobility-Engineering-Lab/final_project/ros2_ws/install/my_weather_pkg/lib/python3.8/site-packages:${PYTHONPATH} /usr/bin/python3 setup.py egg_info --egg-base ../../build/my_weather_pkg build --build-base /home/aaaa/Desktop/Smart-Mobility-Engineering-Lab/final_project/ros2_ws/build/my_weather_pkg/build install --record /home/aaaa/Desktop/Smart-Mobility-Engineering-Lab/final_project/ros2_ws/build/my_weather_pkg/install.log --install-scripts $base/lib/my_weather_pkg --single-version-externally-managed
[1.246s] running egg_info
[1.247s] creating ../../build/my_weather_pkg/my_weather_pkg.egg-info
[1.247s] writing ../../build/my_weather_pkg/my_weather_pkg.egg-info/PKG-INFO
[1.247s] writing dependency_links to ../../build/my_weather_pkg/my_weather_pkg.egg-info/dependency_links.txt
[1.248s] writing entry points to ../../build/my_weather_pkg/my_weather_pkg.egg-info/entry_points.txt
[1.248s] writing requirements to ../../build/my_weather_pkg/my_weather_pkg.egg-info/requires.txt
[1.248s] writing top-level names to ../../build/my_weather_pkg/my_weather_pkg.egg-info/top_level.txt
[1.250s] writing manifest file '../../build/my_weather_pkg/my_weather_pkg.egg-info/SOURCES.txt'
[1.305s] reading manifest file '../../build/my_weather_pkg/my_weather_pkg.egg-info/SOURCES.txt'
[1.306s] writing manifest file '../../build/my_weather_pkg/my_weather_pkg.egg-info/SOURCES.txt'
[1.306s] running build
[1.306s] running build_py
[1.306s] creating /home/aaaa/Desktop/Smart-Mobility-Engineering-Lab/final_project/ros2_ws/build/my_weather_pkg/build
[1.307s] creating /home/aaaa/Desktop/Smart-Mobility-Engineering-Lab/final_project/ros2_ws/build/my_weather_pkg/build/lib
[1.307s] creating /home/aaaa/Desktop/Smart-Mobility-Engineering-Lab/final_project/ros2_ws/build/my_weather_pkg/build/lib/my_weather_pkg
[1.307s] copying my_weather_pkg/weather_publisher.py -> /home/aaaa/Desktop/Smart-Mobility-Engineering-Lab/final_project/ros2_ws/build/my_weather_pkg/build/lib/my_weather_pkg
[1.307s] copying my_weather_pkg/__init__.py -> /home/aaaa/Desktop/Smart-Mobility-Engineering-Lab/final_project/ros2_ws/build/my_weather_pkg/build/lib/my_weather_pkg
[1.307s] copying my_weather_pkg/weather_subscriber.py -> /home/aaaa/Desktop/Smart-Mobility-Engineering-Lab/final_project/ros2_ws/build/my_weather_pkg/build/lib/my_weather_pkg
[1.308s] running install
[1.308s] running install_lib
[1.310s] creating /home/aaaa/Desktop/Smart-Mobility-Engineering-Lab/final_project/ros2_ws/install/my_weather_pkg/lib/python3.8/site-packages/my_weather_pkg
[1.310s] copying /home/aaaa/Desktop/Smart-Mobility-Engineering-Lab/final_project/ros2_ws/build/my_weather_pkg/build/lib/my_weather_pkg/weather_publisher.py -> /home/aaaa/Desktop/Smart-Mobility-Engineering-Lab/final_project/ros2_ws/install/my_weather_pkg/lib/python3.8/site-packages/my_weather_pkg
[1.310s] copying /home/aaaa/Desktop/Smart-Mobility-Engineering-Lab/final_project/ros2_ws/build/my_weather_pkg/build/lib/my_weather_pkg/__init__.py -> /home/aaaa/Desktop/Smart-Mobility-Engineering-Lab/final_project/ros2_ws/install/my_weather_pkg/lib/python3.8/site-packages/my_weather_pkg
[1.310s] copying /home/aaaa/Desktop/Smart-Mobility-Engineering-Lab/final_project/ros2_ws/build/my_weather_pkg/build/lib/my_weather_pkg/weather_subscriber.py -> /home/aaaa/Desktop/Smart-Mobility-Engineering-Lab/final_project/ros2_ws/install/my_weather_pkg/lib/python3.8/site-packages/my_weather_pkg
[1.311s] byte-compiling /home/aaaa/Desktop/Smart-Mobility-Engineering-Lab/final_project/ros2_ws/install/my_weather_pkg/lib/python3.8/site-packages/my_weather_pkg/weather_publisher.py to weather_publisher.cpython-38.pyc
[1.313s] byte-compiling /home/aaaa/Desktop/Smart-Mobility-Engineering-Lab/final_project/ros2_ws/install/my_weather_pkg/lib/python3.8/site-packages/my_weather_pkg/__init__.py to __init__.cpython-38.pyc
[1.313s] byte-compiling /home/aaaa/Desktop/Smart-Mobility-Engineering-Lab/final_project/ros2_ws/install/my_weather_pkg/lib/python3.8/site-packages/my_weather_pkg/weather_subscriber.py to weather_subscriber.cpython-38.pyc
[1.314s] running install_data
[1.315s] creating /home/aaaa/Desktop/Smart-Mobility-Engineering-Lab/final_project/ros2_ws/install/my_weather_pkg/share/ament_index
[1.315s] creating /home/aaaa/Desktop/Smart-Mobility-Engineering-Lab/final_project/ros2_ws/install/my_weather_pkg/share/ament_index/resource_index
[1.315s] creating /home/aaaa/Desktop/Smart-Mobility-Engineering-Lab/final_project/ros2_ws/install/my_weather_pkg/share/ament_index/resource_index/packages
[1.315s] copying resource/my_weather_pkg -> /home/aaaa/Desktop/Smart-Mobility-Engineering-Lab/final_project/ros2_ws/install/my_weather_pkg/share/ament_index/resource_index/packages
[1.315s] copying package.xml -> /home/aaaa/Desktop/Smart-Mobility-Engineering-Lab/final_project/ros2_ws/install/my_weather_pkg/share/my_weather_pkg
[1.315s] running install_egg_info
[1.317s] Copying ../../build/my_weather_pkg/my_weather_pkg.egg-info to /home/aaaa/Desktop/Smart-Mobility-Engineering-Lab/final_project/ros2_ws/install/my_weather_pkg/lib/python3.8/site-packages/my_weather_pkg-0.0.0-py3.8.egg-info
[1.318s] running install_scripts
[1.346s] Installing listener script to /home/aaaa/Desktop/Smart-Mobility-Engineering-Lab/final_project/ros2_ws/install/my_weather_pkg/lib/my_weather_pkg
[1.346s] Installing talker script to /home/aaaa/Desktop/Smart-Mobility-Engineering-Lab/final_project/ros2_ws/install/my_weather_pkg/lib/my_weather_pkg
[1.347s] writing list of installed files to '/home/aaaa/Desktop/Smart-Mobility-Engineering-Lab/final_project/ros2_ws/build/my_weather_pkg/install.log'
[1.379s] Invoked command in '/home/aaaa/Desktop/Smart-Mobility-Engineering-Lab/final_project/ros2_ws/src/my_weather_pkg' returned '0': PYTHONPATH=/home/aaaa/Desktop/Smart-Mobility-Engineering-Lab/final_project/ros2_ws/build/my_weather_pkg/prefix_override:/home/aaaa/Desktop/Smart-Mobility-Engineering-Lab/final_project/ros2_ws/install/my_weather_pkg/lib/python3.8/site-packages:${PYTHONPATH} /usr/bin/python3 setup.py egg_info --egg-base ../../build/my_weather_pkg build --build-base /home/aaaa/Desktop/Smart-Mobility-Engineering-Lab/final_project/ros2_ws/build/my_weather_pkg/build install --record /home/aaaa/Desktop/Smart-Mobility-Engineering-Lab/final_project/ros2_ws/build/my_weather_pkg/install.log --install-scripts $base/lib/my_weather_pkg --single-version-externally-managed
