[1.520s] Invoking command in '/home/aaaa/Desktop/week_7/weather_advisor': PYTHONPATH=/home/aaaa/Desktop/week_7/build/weather_advisor/prefix_override:/home/aaaa/Desktop/week_7/install/weather_advisor/lib/python3.8/site-packages:${PYTHONPATH} /usr/bin/python3 setup.py egg_info --egg-base ../build/weather_advisor build --build-base /home/aaaa/Desktop/week_7/build/weather_advisor/build install --record /home/aaaa/Desktop/week_7/build/weather_advisor/install.log --install-scripts $base/lib/weather_advisor --single-version-externally-managed
[1.899s] running egg_info
[1.900s] creating ../build/weather_advisor/weather_advisor.egg-info
[1.900s] writing ../build/weather_advisor/weather_advisor.egg-info/PKG-INFO
[1.900s] writing dependency_links to ../build/weather_advisor/weather_advisor.egg-info/dependency_links.txt
[1.901s] writing entry points to ../build/weather_advisor/weather_advisor.egg-info/entry_points.txt
[1.901s] writing requirements to ../build/weather_advisor/weather_advisor.egg-info/requires.txt
[1.901s] writing top-level names to ../build/weather_advisor/weather_advisor.egg-info/top_level.txt
[1.903s] writing manifest file '../build/weather_advisor/weather_advisor.egg-info/SOURCES.txt'
[1.964s] reading manifest file '../build/weather_advisor/weather_advisor.egg-info/SOURCES.txt'
[1.965s] writing manifest file '../build/weather_advisor/weather_advisor.egg-info/SOURCES.txt'
[1.965s] running build
[1.965s] running build_py
[1.966s] creating /home/aaaa/Desktop/week_7/build/weather_advisor/build
[1.966s] creating /home/aaaa/Desktop/week_7/build/weather_advisor/build/lib
[1.966s] creating /home/aaaa/Desktop/week_7/build/weather_advisor/build/lib/weather_advisor
[1.966s] copying weather_advisor/__init__.py -> /home/aaaa/Desktop/week_7/build/weather_advisor/build/lib/weather_advisor
[1.971s] running install
[1.973s] running install_lib
[1.975s] creating /home/aaaa/Desktop/week_7/install/weather_advisor/lib/python3.8/site-packages/weather_advisor
[1.975s] copying /home/aaaa/Desktop/week_7/build/weather_advisor/build/lib/weather_advisor/__init__.py -> /home/aaaa/Desktop/week_7/install/weather_advisor/lib/python3.8/site-packages/weather_advisor
[1.976s] byte-compiling /home/aaaa/Desktop/week_7/install/weather_advisor/lib/python3.8/site-packages/weather_advisor/__init__.py to __init__.cpython-38.pyc
[1.977s] running install_data
[1.977s] creating /home/aaaa/Desktop/week_7/install/weather_advisor/share/ament_index
[1.983s] creating /home/aaaa/Desktop/week_7/install/weather_advisor/share/ament_index/resource_index
[1.985s] creating /home/aaaa/Desktop/week_7/install/weather_advisor/share/ament_index/resource_index/packages
[1.986s] copying resource/weather_advisor -> /home/aaaa/Desktop/week_7/install/weather_advisor/share/ament_index/resource_index/packages
[1.987s] copying package.xml -> /home/aaaa/Desktop/week_7/install/weather_advisor/share/weather_advisor
[1.988s] running install_egg_info
[1.993s] Copying ../build/weather_advisor/weather_advisor.egg-info to /home/aaaa/Desktop/week_7/install/weather_advisor/lib/python3.8/site-packages/weather_advisor-0.0.0-py3.8.egg-info
[1.995s] running install_scripts
[2.018s] writing list of installed files to '/home/aaaa/Desktop/week_7/build/weather_advisor/install.log'
[2.059s] Invoked command in '/home/aaaa/Desktop/week_7/weather_advisor' returned '0': PYTHONPATH=/home/aaaa/Desktop/week_7/build/weather_advisor/prefix_override:/home/aaaa/Desktop/week_7/install/weather_advisor/lib/python3.8/site-packages:${PYTHONPATH} /usr/bin/python3 setup.py egg_info --egg-base ../build/weather_advisor build --build-base /home/aaaa/Desktop/week_7/build/weather_advisor/build install --record /home/aaaa/Desktop/week_7/build/weather_advisor/install.log --install-scripts $base/lib/weather_advisor --single-version-externally-managed
