[1.060s] Invoking command in '/home/aaaa/Desktop/Smart-Mobility-Engineering-Lab/final_project/ros2_ws/src/temperature_sensor_pkg': PYTHONPATH=/home/aaaa/Desktop/Smart-Mobility-Engineering-Lab/final_project/ros2_ws/build/temperature_sensor_pkg/prefix_override:/home/aaaa/Desktop/Smart-Mobility-Engineering-Lab/final_project/ros2_ws/install/temperature_sensor_pkg/lib/python3.8/site-packages:${PYTHONPATH} /usr/bin/python3 setup.py egg_info --egg-base ../../build/temperature_sensor_pkg build --build-base /home/aaaa/Desktop/Smart-Mobility-Engineering-Lab/final_project/ros2_ws/build/temperature_sensor_pkg/build install --record /home/aaaa/Desktop/Smart-Mobility-Engineering-Lab/final_project/ros2_ws/build/temperature_sensor_pkg/install.log --install-scripts $base/lib/temperature_sensor_pkg --single-version-externally-managed
[1.413s] running egg_info
[1.414s] writing ../../build/temperature_sensor_pkg/temperature_sensor_pkg.egg-info/PKG-INFO
[1.414s] writing dependency_links to ../../build/temperature_sensor_pkg/temperature_sensor_pkg.egg-info/dependency_links.txt
[1.415s] writing entry points to ../../build/temperature_sensor_pkg/temperature_sensor_pkg.egg-info/entry_points.txt
[1.415s] writing requirements to ../../build/temperature_sensor_pkg/temperature_sensor_pkg.egg-info/requires.txt
[1.415s] writing top-level names to ../../build/temperature_sensor_pkg/temperature_sensor_pkg.egg-info/top_level.txt
[1.474s] reading manifest file '../../build/temperature_sensor_pkg/temperature_sensor_pkg.egg-info/SOURCES.txt'
[1.475s] writing manifest file '../../build/temperature_sensor_pkg/temperature_sensor_pkg.egg-info/SOURCES.txt'
[1.476s] running build
[1.476s] running build_py
[1.476s] copying temperature_sensor_pkg/temperature_publisher.py -> /home/aaaa/Desktop/Smart-Mobility-Engineering-Lab/final_project/ros2_ws/build/temperature_sensor_pkg/build/lib/temperature_sensor_pkg
[1.476s] running install
[1.478s] running install_lib
[1.479s] copying /home/aaaa/Desktop/Smart-Mobility-Engineering-Lab/final_project/ros2_ws/build/temperature_sensor_pkg/build/lib/temperature_sensor_pkg/temperature_publisher.py -> /home/aaaa/Desktop/Smart-Mobility-Engineering-Lab/final_project/ros2_ws/install/temperature_sensor_pkg/lib/python3.8/site-packages/temperature_sensor_pkg
[1.480s] byte-compiling /home/aaaa/Desktop/Smart-Mobility-Engineering-Lab/final_project/ros2_ws/install/temperature_sensor_pkg/lib/python3.8/site-packages/temperature_sensor_pkg/temperature_publisher.py to temperature_publisher.cpython-38.pyc
[1.483s] running install_data
[1.484s] running install_egg_info
[1.486s] removing '/home/aaaa/Desktop/Smart-Mobility-Engineering-Lab/final_project/ros2_ws/install/temperature_sensor_pkg/lib/python3.8/site-packages/temperature_sensor_pkg-0.0.0-py3.8.egg-info' (and everything under it)
[1.487s] Copying ../../build/temperature_sensor_pkg/temperature_sensor_pkg.egg-info to /home/aaaa/Desktop/Smart-Mobility-Engineering-Lab/final_project/ros2_ws/install/temperature_sensor_pkg/lib/python3.8/site-packages/temperature_sensor_pkg-0.0.0-py3.8.egg-info
[1.488s] running install_scripts
[1.517s] Installing temperature_publisher script to /home/aaaa/Desktop/Smart-Mobility-Engineering-Lab/final_project/ros2_ws/install/temperature_sensor_pkg/lib/temperature_sensor_pkg
[1.518s] writing list of installed files to '/home/aaaa/Desktop/Smart-Mobility-Engineering-Lab/final_project/ros2_ws/build/temperature_sensor_pkg/install.log'
[1.555s] Invoked command in '/home/aaaa/Desktop/Smart-Mobility-Engineering-Lab/final_project/ros2_ws/src/temperature_sensor_pkg' returned '0': PYTHONPATH=/home/aaaa/Desktop/Smart-Mobility-Engineering-Lab/final_project/ros2_ws/build/temperature_sensor_pkg/prefix_override:/home/aaaa/Desktop/Smart-Mobility-Engineering-Lab/final_project/ros2_ws/install/temperature_sensor_pkg/lib/python3.8/site-packages:${PYTHONPATH} /usr/bin/python3 setup.py egg_info --egg-base ../../build/temperature_sensor_pkg build --build-base /home/aaaa/Desktop/Smart-Mobility-Engineering-Lab/final_project/ros2_ws/build/temperature_sensor_pkg/build install --record /home/aaaa/Desktop/Smart-Mobility-Engineering-Lab/final_project/ros2_ws/build/temperature_sensor_pkg/install.log --install-scripts $base/lib/temperature_sensor_pkg --single-version-externally-managed
