[0.037s] Invoking command in '/home/aaaa/ros2_ws/src/fleet_management/build/fleet_management': CMAKE_PREFIX_PATH=${CMAKE_PREFIX_PATH}:/home/aaaa/ros2_ws/install/your_package_name:/home/aaaa/ros2_ws/install/midterm_fleet_management:/home/aaaa/ros2_ws/src/fleet_management/install/fleet_management:/home/aaaa/ros2_ws/install/py_srvcli:/home/aaaa/ros2_ws/install/py_pubsub:/home/aaaa/ros2_ws/install/examples_rclpy_minimal_subscriber:/home/aaaa/ros2_ws/install/examples_rclpy_minimal_service:/home/aaaa/ros2_ws/install/examples_rclpy_minimal_publisher:/home/aaaa/ros2_ws/install/examples_rclpy_minimal_client:/home/aaaa/ros2_ws/install/examples_rclpy_minimal_action_server:/home/aaaa/ros2_ws/install/examples_rclpy_minimal_action_client:/home/aaaa/ros2_ws/install/examples_rclpy_executors:/opt/ros/foxy /usr/bin/cmake /home/aaaa/ros2_ws/src/fleet_management -DCMAKE_INSTALL_PREFIX=/home/aaaa/ros2_ws/src/fleet_management/install/fleet_management
[0.144s] -- The C compiler identification is GNU 9.4.0
[0.234s] -- The CXX compiler identification is GNU 9.4.0
[0.244s] -- Check for working C compiler: /usr/bin/cc
[0.365s] -- Check for working C compiler: /usr/bin/cc -- works
[0.366s] -- Detecting C compiler ABI info
[0.491s] -- Detecting C compiler ABI info - done
[0.513s] -- Detecting C compile features
[0.513s] -- Detecting C compile features - done
[0.517s] -- Check for working CXX compiler: /usr/bin/c++
[0.662s] -- Check for working CXX compiler: /usr/bin/c++ -- works
[0.664s] -- Detecting CXX compiler ABI info
[0.805s] -- Detecting CXX compiler ABI info - done
[0.826s] -- Detecting CXX compile features
[0.827s] -- Detecting CXX compile features - done
[0.834s] -- Found ament_cmake: 0.9.12 (/opt/ros/foxy/share/ament_cmake/cmake)
[0.883s] -- Found PythonInterp: /usr/bin/python3 (found suitable version "3.8.10", minimum required is "3") 
[0.883s] -- Using PYTHON_EXECUTABLE: /usr/bin/python3
[1.240s] -- Found ament_lint_auto: 0.9.8 (/opt/ros/foxy/share/ament_lint_auto/cmake)
[1.390s] -- Found rosidl_default_generators: 1.0.1 (/opt/ros/foxy/share/rosidl_default_generators/cmake)
[1.403s] -- Using all available rosidl_typesupport_c: rosidl_typesupport_fastrtps_c;rosidl_typesupport_introspection_c
[1.421s] -- Found rosidl_adapter: 1.3.1 (/opt/ros/foxy/share/rosidl_adapter/cmake)
[1.645s] -- Found OpenSSL: /usr/lib/x86_64-linux-gnu/libcrypto.so (found version "1.1.1f")  
[1.697s] -- Found FastRTPS: /opt/ros/foxy/include  
[1.857s] -- Using all available rosidl_typesupport_cpp: rosidl_typesupport_fastrtps_cpp;rosidl_typesupport_introspection_cpp
[1.948s] -- Found PythonInterp: /usr/bin/python3 (found version "3.8.10") 
[2.193s] -- Found ament_cmake_ros: 0.9.2 (/opt/ros/foxy/share/ament_cmake_ros/cmake)
[2.450s] -- Using all available rosidl_typesupport_c: rosidl_typesupport_fastrtps_c;rosidl_typesupport_introspection_c
[2.500s] -- Using all available rosidl_typesupport_cpp: rosidl_typesupport_fastrtps_cpp;rosidl_typesupport_introspection_cpp
[2.554s] -- Found PythonInterp: /usr/bin/python3 (found suitable version "3.8.10", minimum required is "3.5") 
[2.561s] -- Found python_cmake_module: 0.8.1 (/opt/ros/foxy/share/python_cmake_module/cmake)
[2.613s] -- Found PythonLibs: /usr/lib/x86_64-linux-gnu/libpython3.8.so (found suitable version "3.8.10", minimum required is "3.5") 
[2.613s] -- Using PYTHON_EXECUTABLE: /usr/bin/python3
[2.614s] -- Using PYTHON_INCLUDE_DIRS: /usr/include/python3.8
[2.614s] -- Using PYTHON_LIBRARIES: /usr/lib/x86_64-linux-gnu/libpython3.8.so
[2.654s] -- Found PythonExtra: .so  
[2.772s] -- Added test 'copyright' to check source files copyright and LICENSE
[2.781s] -- Added test 'cppcheck' to perform static code analysis on C / C++ code
[2.785s] -- Configured cppcheck include dirs: $<BUILD_INTERFACE:/home/aaaa/ros2_ws/src/fleet_management/build/fleet_management/rosidl_generator_c>;/home/aaaa/ros2_ws/src/fleet_management/build/fleet_management/rosidl_generator_c;/home/aaaa/ros2_ws/src/fleet_management/build/fleet_management/rosidl_generator_cpp;/home/aaaa/ros2_ws/src/fleet_management/build/fleet_management/rosidl_typesupport_fastrtps_c;/home/aaaa/ros2_ws/src/fleet_management/build/fleet_management/rosidl_typesupport_fastrtps_cpp;$<BUILD_INTERFACE:/home/aaaa/ros2_ws/src/fleet_management/build/fleet_management/rosidl_typesupport_introspection_c>;$<BUILD_INTERFACE:/home/aaaa/ros2_ws/src/fleet_management/build/fleet_management/rosidl_typesupport_c>;$<BUILD_INTERFACE:/home/aaaa/ros2_ws/src/fleet_management/build/fleet_management/rosidl_generator_cpp>;/home/aaaa/ros2_ws/src/fleet_management/build/fleet_management/rosidl_generator_py
[2.785s] -- Configured cppcheck exclude dirs and/or files: 
[2.801s] -- Added test 'cpplint' to check C / C++ code against the Google style
[2.801s] -- Configured cpplint exclude dirs and/or files: 
[2.804s] -- Added test 'flake8' to check Python code syntax and style conventions
[2.807s] -- Added test 'lint_cmake' to check CMake code style
[2.810s] -- Added test 'pep257' to check Python code against some of the style conventions in PEP 257
[2.820s] -- Added test 'uncrustify' to check C / C++ code style
[2.820s] -- Configured uncrustify additional arguments: 
[2.824s] -- Added test 'xmllint' to check XML markup files
[2.838s] -- Configuring done
[2.930s] -- Generating done
[2.938s] -- Build files have been written to: /home/aaaa/ros2_ws/src/fleet_management/build/fleet_management
[2.955s] Invoked command in '/home/aaaa/ros2_ws/src/fleet_management/build/fleet_management' returned '0': CMAKE_PREFIX_PATH=${CMAKE_PREFIX_PATH}:/home/aaaa/ros2_ws/install/your_package_name:/home/aaaa/ros2_ws/install/midterm_fleet_management:/home/aaaa/ros2_ws/src/fleet_management/install/fleet_management:/home/aaaa/ros2_ws/install/py_srvcli:/home/aaaa/ros2_ws/install/py_pubsub:/home/aaaa/ros2_ws/install/examples_rclpy_minimal_subscriber:/home/aaaa/ros2_ws/install/examples_rclpy_minimal_service:/home/aaaa/ros2_ws/install/examples_rclpy_minimal_publisher:/home/aaaa/ros2_ws/install/examples_rclpy_minimal_client:/home/aaaa/ros2_ws/install/examples_rclpy_minimal_action_server:/home/aaaa/ros2_ws/install/examples_rclpy_minimal_action_client:/home/aaaa/ros2_ws/install/examples_rclpy_executors:/opt/ros/foxy /usr/bin/cmake /home/aaaa/ros2_ws/src/fleet_management -DCMAKE_INSTALL_PREFIX=/home/aaaa/ros2_ws/src/fleet_management/install/fleet_management
[2.962s] Invoking command in '/home/aaaa/ros2_ws/src/fleet_management/build/fleet_management': CMAKE_PREFIX_PATH=${CMAKE_PREFIX_PATH}:/home/aaaa/ros2_ws/install/your_package_name:/home/aaaa/ros2_ws/install/midterm_fleet_management:/home/aaaa/ros2_ws/src/fleet_management/install/fleet_management:/home/aaaa/ros2_ws/install/py_srvcli:/home/aaaa/ros2_ws/install/py_pubsub:/home/aaaa/ros2_ws/install/examples_rclpy_minimal_subscriber:/home/aaaa/ros2_ws/install/examples_rclpy_minimal_service:/home/aaaa/ros2_ws/install/examples_rclpy_minimal_publisher:/home/aaaa/ros2_ws/install/examples_rclpy_minimal_client:/home/aaaa/ros2_ws/install/examples_rclpy_minimal_action_server:/home/aaaa/ros2_ws/install/examples_rclpy_minimal_action_client:/home/aaaa/ros2_ws/install/examples_rclpy_executors:/opt/ros/foxy /usr/bin/cmake --build /home/aaaa/ros2_ws/src/fleet_management/build/fleet_management -- -j4 -l4
[3.032s] [  3%] [34m[1mGenerating C code for ROS interfaces[0m
[3.032s] [35m[1mScanning dependencies of target fleet_management__cpp[0m
[3.051s] [  6%] [34m[1mGenerating C++ code for ROS interfaces[0m
[3.693s] [  6%] Built target fleet_management__cpp
[3.714s] [ 16%] [34m[1mGenerating C++ type support dispatch for ROS interfaces[0m
[3.714s] [ 16%] [34m[1mGenerating C++ type support for eProsima Fast-RTPS[0m
[3.715s] [ 16%] [34m[1mGenerating C++ introspection for ROS interfaces[0m
[3.722s] [35m[1mScanning dependencies of target fleet_management__rosidl_generator_c[0m
[3.754s] [ 19%] [32mBuilding C object CMakeFiles/fleet_management__rosidl_generator_c.dir/rosidl_generator_c/fleet_management/action/detail/fleet_management__functions.c.o[0m
[4.100s] [ 22%] [32m[1mLinking C shared library libfleet_management__rosidl_generator_c.so[0m
[4.183s] [ 22%] Built target fleet_management__rosidl_generator_c
[4.206s] [ 25%] [34m[1mGenerating C type support dispatch for ROS interfaces[0m
[4.461s] [35m[1mScanning dependencies of target fleet_management__rosidl_typesupport_cpp[0m
[4.493s] [ 29%] [32mBuilding CXX object CMakeFiles/fleet_management__rosidl_typesupport_cpp.dir/rosidl_typesupport_cpp/fleet_management/action/fleet_management__type_support.cpp.o[0m
[4.617s] [35m[1mScanning dependencies of target fleet_management__rosidl_typesupport_introspection_cpp[0m
[4.685s] [ 32%] [32mBuilding CXX object CMakeFiles/fleet_management__rosidl_typesupport_introspection_cpp.dir/rosidl_typesupport_introspection_cpp/fleet_management/action/detail/fleet_management__type_support.cpp.o[0m
[4.749s] [35m[1mScanning dependencies of target fleet_management__rosidl_typesupport_fastrtps_cpp[0m
[4.799s] [ 35%] [32mBuilding CXX object CMakeFiles/fleet_management__rosidl_typesupport_fastrtps_cpp.dir/rosidl_typesupport_fastrtps_cpp/fleet_management/action/detail/dds_fastrtps/fleet_management__type_support.cpp.o[0m
[4.962s] [35m[1mScanning dependencies of target fleet_management__rosidl_typesupport_c[0m
[5.002s] [ 38%] [32mBuilding CXX object CMakeFiles/fleet_management__rosidl_typesupport_c.dir/rosidl_typesupport_c/fleet_management/action/fleet_management__type_support.cpp.o[0m
[5.122s] [ 41%] [32m[1mLinking CXX shared library libfleet_management__rosidl_typesupport_c.so[0m
[5.220s] [ 41%] Built target fleet_management__rosidl_typesupport_c
[5.245s] [ 45%] [34m[1mGenerating C introspection for ROS interfaces[0m
[5.379s] [ 48%] [32m[1mLinking CXX shared library libfleet_management__rosidl_typesupport_cpp.so[0m
[5.475s] [ 48%] Built target fleet_management__rosidl_typesupport_cpp
[5.698s] [ 51%] [32m[1mLinking CXX shared library libfleet_management__rosidl_typesupport_introspection_cpp.so[0m
[5.815s] [ 51%] Built target fleet_management__rosidl_typesupport_introspection_cpp
[6.159s] [ 54%] [32m[1mLinking CXX shared library libfleet_management__rosidl_typesupport_fastrtps_cpp.so[0m
[6.181s] [35m[1mScanning dependencies of target fleet_management__rosidl_typesupport_introspection_c[0m
[6.210s] [ 58%] [32mBuilding C object CMakeFiles/fleet_management__rosidl_typesupport_introspection_c.dir/rosidl_typesupport_introspection_c/fleet_management/action/detail/fleet_management__type_support.c.o[0m
[6.284s] [ 61%] [32m[1mLinking C shared library libfleet_management__rosidl_typesupport_introspection_c.so[0m
[6.311s] [ 61%] Built target fleet_management__rosidl_typesupport_fastrtps_cpp
[6.327s] [ 64%] [34m[1mGenerating C type support for eProsima Fast-RTPS[0m
[6.333s] [ 64%] Built target fleet_management__rosidl_typesupport_introspection_c
[6.847s] [35m[1mScanning dependencies of target fleet_management__rosidl_typesupport_fastrtps_c[0m
[6.877s] [ 67%] [32mBuilding CXX object CMakeFiles/fleet_management__rosidl_typesupport_fastrtps_c.dir/rosidl_typesupport_fastrtps_c/fleet_management/action/detail/fleet_management__type_support_c.cpp.o[0m
[7.507s] [ 70%] [32m[1mLinking CXX shared library libfleet_management__rosidl_typesupport_fastrtps_c.so[0m
[7.664s] [ 70%] Built target fleet_management__rosidl_typesupport_fastrtps_c
[7.682s] [35m[1mScanning dependencies of target fleet_management[0m
[7.702s] [ 70%] Built target fleet_management
[7.727s] [35m[1mScanning dependencies of target fleet_management__py[0m
[7.754s] [ 74%] [34m[1mGenerating Python code for ROS interfaces[0m
[8.941s] [ 74%] Built target fleet_management__py
[8.962s] [35m[1mScanning dependencies of target fleet_management__python[0m
[8.993s] [ 77%] [32mBuilding C object CMakeFiles/fleet_management__python.dir/rosidl_generator_py/fleet_management/action/_fleet_management_s.c.o[0m
[9.215s] [ 80%] [32m[1mLinking C shared library rosidl_generator_py/fleet_management/libfleet_management__python.so[0m
[9.295s] [ 80%] Built target fleet_management__python
[9.313s] [35m[1mScanning dependencies of target fleet_management__rosidl_typesupport_c__pyext[0m
[9.319s] [35m[1mScanning dependencies of target fleet_management__rosidl_typesupport_introspection_c__pyext[0m
[9.320s] [35m[1mScanning dependencies of target fleet_management__rosidl_typesupport_fastrtps_c__pyext[0m
[9.352s] [ 83%] [32mBuilding C object CMakeFiles/fleet_management__rosidl_typesupport_c__pyext.dir/rosidl_generator_py/fleet_management/_fleet_management_s.ep.rosidl_typesupport_c.c.o[0m
[9.368s] [ 87%] [32mBuilding C object CMakeFiles/fleet_management__rosidl_typesupport_introspection_c__pyext.dir/rosidl_generator_py/fleet_management/_fleet_management_s.ep.rosidl_typesupport_introspection_c.c.o[0m
[9.371s] [ 90%] [32mBuilding C object CMakeFiles/fleet_management__rosidl_typesupport_fastrtps_c__pyext.dir/rosidl_generator_py/fleet_management/_fleet_management_s.ep.rosidl_typesupport_fastrtps_c.c.o[0m
[9.592s] [ 93%] [32m[1mLinking C shared library rosidl_generator_py/fleet_management/fleet_management_s__rosidl_typesupport_introspection_c.cpython-38-x86_64-linux-gnu.so[0m
[9.608s] [ 96%] [32m[1mLinking C shared library rosidl_generator_py/fleet_management/fleet_management_s__rosidl_typesupport_c.cpython-38-x86_64-linux-gnu.so[0m
[9.633s] [100%] [32m[1mLinking CXX shared library rosidl_generator_py/fleet_management/fleet_management_s__rosidl_typesupport_fastrtps_c.cpython-38-x86_64-linux-gnu.so[0m
[9.669s] [100%] Built target fleet_management__rosidl_typesupport_introspection_c__pyext
[9.686s] [100%] Built target fleet_management__rosidl_typesupport_c__pyext
[9.742s] [100%] Built target fleet_management__rosidl_typesupport_fastrtps_c__pyext
[9.761s] Invoked command in '/home/aaaa/ros2_ws/src/fleet_management/build/fleet_management' returned '0': CMAKE_PREFIX_PATH=${CMAKE_PREFIX_PATH}:/home/aaaa/ros2_ws/install/your_package_name:/home/aaaa/ros2_ws/install/midterm_fleet_management:/home/aaaa/ros2_ws/src/fleet_management/install/fleet_management:/home/aaaa/ros2_ws/install/py_srvcli:/home/aaaa/ros2_ws/install/py_pubsub:/home/aaaa/ros2_ws/install/examples_rclpy_minimal_subscriber:/home/aaaa/ros2_ws/install/examples_rclpy_minimal_service:/home/aaaa/ros2_ws/install/examples_rclpy_minimal_publisher:/home/aaaa/ros2_ws/install/examples_rclpy_minimal_client:/home/aaaa/ros2_ws/install/examples_rclpy_minimal_action_server:/home/aaaa/ros2_ws/install/examples_rclpy_minimal_action_client:/home/aaaa/ros2_ws/install/examples_rclpy_executors:/opt/ros/foxy /usr/bin/cmake --build /home/aaaa/ros2_ws/src/fleet_management/build/fleet_management -- -j4 -l4
[9.862s] Invoking command in '/home/aaaa/ros2_ws/src/fleet_management/build/fleet_management': CMAKE_PREFIX_PATH=${CMAKE_PREFIX_PATH}:/home/aaaa/ros2_ws/install/your_package_name:/home/aaaa/ros2_ws/install/midterm_fleet_management:/home/aaaa/ros2_ws/src/fleet_management/install/fleet_management:/home/aaaa/ros2_ws/install/py_srvcli:/home/aaaa/ros2_ws/install/py_pubsub:/home/aaaa/ros2_ws/install/examples_rclpy_minimal_subscriber:/home/aaaa/ros2_ws/install/examples_rclpy_minimal_service:/home/aaaa/ros2_ws/install/examples_rclpy_minimal_publisher:/home/aaaa/ros2_ws/install/examples_rclpy_minimal_client:/home/aaaa/ros2_ws/install/examples_rclpy_minimal_action_server:/home/aaaa/ros2_ws/install/examples_rclpy_minimal_action_client:/home/aaaa/ros2_ws/install/examples_rclpy_executors:/opt/ros/foxy /usr/bin/cmake --install /home/aaaa/ros2_ws/src/fleet_management/build/fleet_management
[9.877s] -- Install configuration: ""
[9.877s] -- Installing: /home/aaaa/ros2_ws/src/fleet_management/install/fleet_management/share/ament_index/resource_index/rosidl_interfaces/fleet_management
[9.877s] -- Installing: /home/aaaa/ros2_ws/src/fleet_management/install/fleet_management/include/fleet_management
[9.877s] -- Installing: /home/aaaa/ros2_ws/src/fleet_management/install/fleet_management/include/fleet_management/msg
[9.878s] -- Installing: /home/aaaa/ros2_ws/src/fleet_management/install/fleet_management/include/fleet_management/msg/rosidl_generator_c__visibility_control.h
[9.878s] -- Installing: /home/aaaa/ros2_ws/src/fleet_management/install/fleet_management/include/fleet_management/action
[9.878s] -- Installing: /home/aaaa/ros2_ws/src/fleet_management/install/fleet_management/include/fleet_management/action/detail
[9.878s] -- Installing: /home/aaaa/ros2_ws/src/fleet_management/install/fleet_management/include/fleet_management/action/detail/fleet_management__functions.c
[9.878s] -- Installing: /home/aaaa/ros2_ws/src/fleet_management/install/fleet_management/include/fleet_management/action/detail/fleet_management__functions.h
[9.878s] -- Installing: /home/aaaa/ros2_ws/src/fleet_management/install/fleet_management/include/fleet_management/action/detail/fleet_management__struct.h
[9.879s] -- Installing: /home/aaaa/ros2_ws/src/fleet_management/install/fleet_management/include/fleet_management/action/detail/fleet_management__type_support.h
[9.879s] -- Installing: /home/aaaa/ros2_ws/src/fleet_management/install/fleet_management/include/fleet_management/action/fleet_management.h
[9.879s] -- Installing: /home/aaaa/ros2_ws/src/fleet_management/install/fleet_management/share/fleet_management/environment/library_path.sh
[9.879s] -- Installing: /home/aaaa/ros2_ws/src/fleet_management/install/fleet_management/share/fleet_management/environment/library_path.dsv
[9.879s] -- Installing: /home/aaaa/ros2_ws/src/fleet_management/install/fleet_management/lib/libfleet_management__rosidl_generator_c.so
[9.880s] -- Set runtime path of "/home/aaaa/ros2_ws/src/fleet_management/install/fleet_management/lib/libfleet_management__rosidl_generator_c.so" to ""
[9.880s] -- Up-to-date: /home/aaaa/ros2_ws/src/fleet_management/install/fleet_management/include/fleet_management
[9.880s] -- Up-to-date: /home/aaaa/ros2_ws/src/fleet_management/install/fleet_management/include/fleet_management/msg
[9.880s] -- Installing: /home/aaaa/ros2_ws/src/fleet_management/install/fleet_management/include/fleet_management/msg/rosidl_typesupport_fastrtps_c__visibility_control.h
[9.881s] -- Up-to-date: /home/aaaa/ros2_ws/src/fleet_management/install/fleet_management/include/fleet_management/action
[9.881s] -- Up-to-date: /home/aaaa/ros2_ws/src/fleet_management/install/fleet_management/include/fleet_management/action/detail
[9.881s] -- Installing: /home/aaaa/ros2_ws/src/fleet_management/install/fleet_management/include/fleet_management/action/detail/fleet_management__rosidl_typesupport_fastrtps_c.h
[9.881s] -- Installing: /home/aaaa/ros2_ws/src/fleet_management/install/fleet_management/lib/libfleet_management__rosidl_typesupport_fastrtps_c.so
[9.882s] -- Set runtime path of "/home/aaaa/ros2_ws/src/fleet_management/install/fleet_management/lib/libfleet_management__rosidl_typesupport_fastrtps_c.so" to ""
[9.882s] -- Up-to-date: /home/aaaa/ros2_ws/src/fleet_management/install/fleet_management/include/fleet_management
[9.882s] -- Up-to-date: /home/aaaa/ros2_ws/src/fleet_management/install/fleet_management/include/fleet_management/msg
[9.882s] -- Installing: /home/aaaa/ros2_ws/src/fleet_management/install/fleet_management/include/fleet_management/msg/rosidl_typesupport_fastrtps_cpp__visibility_control.h
[9.882s] -- Up-to-date: /home/aaaa/ros2_ws/src/fleet_management/install/fleet_management/include/fleet_management/action
[9.882s] -- Up-to-date: /home/aaaa/ros2_ws/src/fleet_management/install/fleet_management/include/fleet_management/action/detail
[9.883s] -- Installing: /home/aaaa/ros2_ws/src/fleet_management/install/fleet_management/include/fleet_management/action/detail/dds_fastrtps
[9.883s] -- Installing: /home/aaaa/ros2_ws/src/fleet_management/install/fleet_management/include/fleet_management/action/detail/fleet_management__rosidl_typesupport_fastrtps_cpp.hpp
[9.883s] -- Installing: /home/aaaa/ros2_ws/src/fleet_management/install/fleet_management/lib/libfleet_management__rosidl_typesupport_fastrtps_cpp.so
[9.884s] -- Set runtime path of "/home/aaaa/ros2_ws/src/fleet_management/install/fleet_management/lib/libfleet_management__rosidl_typesupport_fastrtps_cpp.so" to ""
[9.884s] -- Up-to-date: /home/aaaa/ros2_ws/src/fleet_management/install/fleet_management/include/fleet_management
[9.884s] -- Up-to-date: /home/aaaa/ros2_ws/src/fleet_management/install/fleet_management/include/fleet_management/msg
[9.885s] -- Installing: /home/aaaa/ros2_ws/src/fleet_management/install/fleet_management/include/fleet_management/msg/rosidl_typesupport_introspection_c__visibility_control.h
[9.885s] -- Up-to-date: /home/aaaa/ros2_ws/src/fleet_management/install/fleet_management/include/fleet_management/action
[9.885s] -- Up-to-date: /home/aaaa/ros2_ws/src/fleet_management/install/fleet_management/include/fleet_management/action/detail
[9.885s] -- Installing: /home/aaaa/ros2_ws/src/fleet_management/install/fleet_management/include/fleet_management/action/detail/fleet_management__type_support.c
[9.885s] -- Installing: /home/aaaa/ros2_ws/src/fleet_management/install/fleet_management/include/fleet_management/action/detail/fleet_management__rosidl_typesupport_introspection_c.h
[9.885s] -- Installing: /home/aaaa/ros2_ws/src/fleet_management/install/fleet_management/lib/libfleet_management__rosidl_typesupport_introspection_c.so
[9.886s] -- Set runtime path of "/home/aaaa/ros2_ws/src/fleet_management/install/fleet_management/lib/libfleet_management__rosidl_typesupport_introspection_c.so" to ""
[9.886s] -- Installing: /home/aaaa/ros2_ws/src/fleet_management/install/fleet_management/lib/libfleet_management__rosidl_typesupport_c.so
[9.887s] -- Set runtime path of "/home/aaaa/ros2_ws/src/fleet_management/install/fleet_management/lib/libfleet_management__rosidl_typesupport_c.so" to ""
[9.887s] -- Up-to-date: /home/aaaa/ros2_ws/src/fleet_management/install/fleet_management/include/fleet_management
[9.887s] -- Up-to-date: /home/aaaa/ros2_ws/src/fleet_management/install/fleet_management/include/fleet_management/msg
[9.888s] -- Installing: /home/aaaa/ros2_ws/src/fleet_management/install/fleet_management/include/fleet_management/msg/rosidl_generator_cpp__visibility_control.hpp
[9.888s] -- Up-to-date: /home/aaaa/ros2_ws/src/fleet_management/install/fleet_management/include/fleet_management/action
[9.888s] -- Up-to-date: /home/aaaa/ros2_ws/src/fleet_management/install/fleet_management/include/fleet_management/action/detail
[9.888s] -- Installing: /home/aaaa/ros2_ws/src/fleet_management/install/fleet_management/include/fleet_management/action/detail/fleet_management__struct.hpp
[9.888s] -- Installing: /home/aaaa/ros2_ws/src/fleet_management/install/fleet_management/include/fleet_management/action/detail/fleet_management__traits.hpp
[9.889s] -- Installing: /home/aaaa/ros2_ws/src/fleet_management/install/fleet_management/include/fleet_management/action/detail/fleet_management__builder.hpp
[9.889s] -- Installing: /home/aaaa/ros2_ws/src/fleet_management/install/fleet_management/include/fleet_management/action/detail/fleet_management__type_support.hpp
[9.889s] -- Installing: /home/aaaa/ros2_ws/src/fleet_management/install/fleet_management/include/fleet_management/action/fleet_management.hpp
[9.889s] -- Up-to-date: /home/aaaa/ros2_ws/src/fleet_management/install/fleet_management/include/fleet_management
[9.889s] -- Up-to-date: /home/aaaa/ros2_ws/src/fleet_management/install/fleet_management/include/fleet_management/action
[9.889s] -- Up-to-date: /home/aaaa/ros2_ws/src/fleet_management/install/fleet_management/include/fleet_management/action/detail
[9.889s] -- Installing: /home/aaaa/ros2_ws/src/fleet_management/install/fleet_management/include/fleet_management/action/detail/fleet_management__type_support.cpp
[9.890s] -- Installing: /home/aaaa/ros2_ws/src/fleet_management/install/fleet_management/include/fleet_management/action/detail/fleet_management__rosidl_typesupport_introspection_cpp.hpp
[9.890s] -- Installing: /home/aaaa/ros2_ws/src/fleet_management/install/fleet_management/lib/libfleet_management__rosidl_typesupport_introspection_cpp.so
[9.890s] -- Set runtime path of "/home/aaaa/ros2_ws/src/fleet_management/install/fleet_management/lib/libfleet_management__rosidl_typesupport_introspection_cpp.so" to ""
[9.890s] -- Installing: /home/aaaa/ros2_ws/src/fleet_management/install/fleet_management/lib/libfleet_management__rosidl_typesupport_cpp.so
[9.891s] -- Set runtime path of "/home/aaaa/ros2_ws/src/fleet_management/install/fleet_management/lib/libfleet_management__rosidl_typesupport_cpp.so" to ""
[9.891s] -- Installing: /home/aaaa/ros2_ws/src/fleet_management/install/fleet_management/share/fleet_management/environment/pythonpath.sh
[9.892s] -- Installing: /home/aaaa/ros2_ws/src/fleet_management/install/fleet_management/share/fleet_management/environment/pythonpath.dsv
[9.892s] -- Installing: /home/aaaa/ros2_ws/src/fleet_management/install/fleet_management/lib/python3.8/site-packages/fleet_management/__init__.py
[9.944s] Compiling '/home/aaaa/ros2_ws/src/fleet_management/install/fleet_management/lib/python3.8/site-packages/fleet_management/__init__.py'...
[9.950s] -- Installing: /home/aaaa/ros2_ws/src/fleet_management/install/fleet_management/lib/python3.8/site-packages/fleet_management/action
[9.950s] -- Installing: /home/aaaa/ros2_ws/src/fleet_management/install/fleet_management/lib/python3.8/site-packages/fleet_management/action/__init__.py
[9.951s] -- Installing: /home/aaaa/ros2_ws/src/fleet_management/install/fleet_management/lib/python3.8/site-packages/fleet_management/action/_fleet_management.py
[9.951s] -- Installing: /home/aaaa/ros2_ws/src/fleet_management/install/fleet_management/lib/python3.8/site-packages/fleet_management/action/_fleet_management_s.c
[9.952s] -- Installing: /home/aaaa/ros2_ws/src/fleet_management/install/fleet_management/lib/python3.8/site-packages/fleet_management/fleet_management_s__rosidl_typesupport_fastrtps_c.cpython-38-x86_64-linux-gnu.so
[9.953s] -- Set runtime path of "/home/aaaa/ros2_ws/src/fleet_management/install/fleet_management/lib/python3.8/site-packages/fleet_management/fleet_management_s__rosidl_typesupport_fastrtps_c.cpython-38-x86_64-linux-gnu.so" to ""
[9.953s] -- Installing: /home/aaaa/ros2_ws/src/fleet_management/install/fleet_management/lib/python3.8/site-packages/fleet_management/fleet_management_s__rosidl_typesupport_introspection_c.cpython-38-x86_64-linux-gnu.so
[9.954s] -- Set runtime path of "/home/aaaa/ros2_ws/src/fleet_management/install/fleet_management/lib/python3.8/site-packages/fleet_management/fleet_management_s__rosidl_typesupport_introspection_c.cpython-38-x86_64-linux-gnu.so" to ""
[9.955s] -- Installing: /home/aaaa/ros2_ws/src/fleet_management/install/fleet_management/lib/python3.8/site-packages/fleet_management/fleet_management_s__rosidl_typesupport_c.cpython-38-x86_64-linux-gnu.so
[9.956s] -- Set runtime path of "/home/aaaa/ros2_ws/src/fleet_management/install/fleet_management/lib/python3.8/site-packages/fleet_management/fleet_management_s__rosidl_typesupport_c.cpython-38-x86_64-linux-gnu.so" to ""
[9.956s] -- Installing: /home/aaaa/ros2_ws/src/fleet_management/install/fleet_management/lib/libfleet_management__python.so
[9.958s] -- Set runtime path of "/home/aaaa/ros2_ws/src/fleet_management/install/fleet_management/lib/libfleet_management__python.so" to ""
[9.958s] -- Installing: /home/aaaa/ros2_ws/src/fleet_management/install/fleet_management/share/fleet_management/action/FleetManagement.idl
[9.958s] -- Installing: /home/aaaa/ros2_ws/src/fleet_management/install/fleet_management/share/fleet_management/action/FleetManagement.action
[9.959s] -- Installing: /home/aaaa/ros2_ws/src/fleet_management/install/fleet_management/share/ament_index/resource_index/package_run_dependencies/fleet_management
[9.959s] -- Installing: /home/aaaa/ros2_ws/src/fleet_management/install/fleet_management/share/ament_index/resource_index/parent_prefix_path/fleet_management
[9.960s] -- Installing: /home/aaaa/ros2_ws/src/fleet_management/install/fleet_management/share/fleet_management/environment/ament_prefix_path.sh
[9.961s] -- Installing: /home/aaaa/ros2_ws/src/fleet_management/install/fleet_management/share/fleet_management/environment/ament_prefix_path.dsv
[9.961s] -- Installing: /home/aaaa/ros2_ws/src/fleet_management/install/fleet_management/share/fleet_management/environment/path.sh
[9.962s] -- Installing: /home/aaaa/ros2_ws/src/fleet_management/install/fleet_management/share/fleet_management/environment/path.dsv
[9.962s] -- Installing: /home/aaaa/ros2_ws/src/fleet_management/install/fleet_management/share/fleet_management/local_setup.bash
[9.962s] -- Installing: /home/aaaa/ros2_ws/src/fleet_management/install/fleet_management/share/fleet_management/local_setup.sh
[9.963s] -- Installing: /home/aaaa/ros2_ws/src/fleet_management/install/fleet_management/share/fleet_management/local_setup.zsh
[9.963s] -- Installing: /home/aaaa/ros2_ws/src/fleet_management/install/fleet_management/share/fleet_management/local_setup.dsv
[9.963s] -- Installing: /home/aaaa/ros2_ws/src/fleet_management/install/fleet_management/share/fleet_management/package.dsv
[9.964s] -- Installing: /home/aaaa/ros2_ws/src/fleet_management/install/fleet_management/share/ament_index/resource_index/packages/fleet_management
[9.964s] -- Installing: /home/aaaa/ros2_ws/src/fleet_management/install/fleet_management/share/fleet_management/cmake/fleet_management__rosidl_generator_cExport.cmake
[9.964s] -- Installing: /home/aaaa/ros2_ws/src/fleet_management/install/fleet_management/share/fleet_management/cmake/fleet_management__rosidl_generator_cExport-noconfig.cmake
[9.965s] -- Installing: /home/aaaa/ros2_ws/src/fleet_management/install/fleet_management/share/fleet_management/cmake/fleet_management__rosidl_typesupport_introspection_cExport.cmake
[9.965s] -- Installing: /home/aaaa/ros2_ws/src/fleet_management/install/fleet_management/share/fleet_management/cmake/fleet_management__rosidl_typesupport_introspection_cExport-noconfig.cmake
[9.965s] -- Installing: /home/aaaa/ros2_ws/src/fleet_management/install/fleet_management/share/fleet_management/cmake/fleet_management__rosidl_typesupport_cExport.cmake
[9.966s] -- Installing: /home/aaaa/ros2_ws/src/fleet_management/install/fleet_management/share/fleet_management/cmake/fleet_management__rosidl_typesupport_cExport-noconfig.cmake
[9.966s] -- Installing: /home/aaaa/ros2_ws/src/fleet_management/install/fleet_management/share/fleet_management/cmake/fleet_management__rosidl_generator_cppExport.cmake
[9.967s] -- Installing: /home/aaaa/ros2_ws/src/fleet_management/install/fleet_management/share/fleet_management/cmake/fleet_management__rosidl_typesupport_introspection_cppExport.cmake
[9.967s] -- Installing: /home/aaaa/ros2_ws/src/fleet_management/install/fleet_management/share/fleet_management/cmake/fleet_management__rosidl_typesupport_introspection_cppExport-noconfig.cmake
[9.967s] -- Installing: /home/aaaa/ros2_ws/src/fleet_management/install/fleet_management/share/fleet_management/cmake/fleet_management__rosidl_typesupport_cppExport.cmake
[9.968s] -- Installing: /home/aaaa/ros2_ws/src/fleet_management/install/fleet_management/share/fleet_management/cmake/fleet_management__rosidl_typesupport_cppExport-noconfig.cmake
[9.968s] -- Installing: /home/aaaa/ros2_ws/src/fleet_management/install/fleet_management/share/fleet_management/cmake/rosidl_cmake-extras.cmake
[9.968s] -- Installing: /home/aaaa/ros2_ws/src/fleet_management/install/fleet_management/share/fleet_management/cmake/ament_cmake_export_dependencies-extras.cmake
[9.968s] -- Installing: /home/aaaa/ros2_ws/src/fleet_management/install/fleet_management/share/fleet_management/cmake/ament_cmake_export_libraries-extras.cmake
[9.969s] -- Installing: /home/aaaa/ros2_ws/src/fleet_management/install/fleet_management/share/fleet_management/cmake/ament_cmake_export_targets-extras.cmake
[9.969s] -- Installing: /home/aaaa/ros2_ws/src/fleet_management/install/fleet_management/share/fleet_management/cmake/ament_cmake_export_include_directories-extras.cmake
[9.969s] -- Installing: /home/aaaa/ros2_ws/src/fleet_management/install/fleet_management/share/fleet_management/cmake/rosidl_cmake_export_typesupport_libraries-extras.cmake
[9.970s] -- Installing: /home/aaaa/ros2_ws/src/fleet_management/install/fleet_management/share/fleet_management/cmake/rosidl_cmake_export_typesupport_targets-extras.cmake
[9.970s] -- Installing: /home/aaaa/ros2_ws/src/fleet_management/install/fleet_management/share/fleet_management/cmake/fleet_managementConfig.cmake
[9.970s] -- Installing: /home/aaaa/ros2_ws/src/fleet_management/install/fleet_management/share/fleet_management/cmake/fleet_managementConfig-version.cmake
[9.970s] -- Installing: /home/aaaa/ros2_ws/src/fleet_management/install/fleet_management/share/fleet_management/package.xml
[9.975s] Invoked command in '/home/aaaa/ros2_ws/src/fleet_management/build/fleet_management' returned '0': CMAKE_PREFIX_PATH=${CMAKE_PREFIX_PATH}:/home/aaaa/ros2_ws/install/your_package_name:/home/aaaa/ros2_ws/install/midterm_fleet_management:/home/aaaa/ros2_ws/src/fleet_management/install/fleet_management:/home/aaaa/ros2_ws/install/py_srvcli:/home/aaaa/ros2_ws/install/py_pubsub:/home/aaaa/ros2_ws/install/examples_rclpy_minimal_subscriber:/home/aaaa/ros2_ws/install/examples_rclpy_minimal_service:/home/aaaa/ros2_ws/install/examples_rclpy_minimal_publisher:/home/aaaa/ros2_ws/install/examples_rclpy_minimal_client:/home/aaaa/ros2_ws/install/examples_rclpy_minimal_action_server:/home/aaaa/ros2_ws/install/examples_rclpy_minimal_action_client:/home/aaaa/ros2_ws/install/examples_rclpy_executors:/opt/ros/foxy /usr/bin/cmake --install /home/aaaa/ros2_ws/src/fleet_management/build/fleet_management
