[0.485s] DEBUG:colcon:Command line arguments: ['/usr/bin/colcon', 'build']
[0.485s] DEBUG:colcon:Parsed command line arguments: Namespace(allow_overriding=[], ament_cmake_args=None, base_paths=['.'], build_base='build', catkin_cmake_args=None, catkin_skip_building_tests=False, cmake_args=None, cmake_clean_cache=False, cmake_clean_first=False, cmake_force_configure=False, cmake_target=None, cmake_target_skip_unavailable=False, continue_on_error=False, event_handlers=None, executor='parallel', ignore_user_meta=False, install_base='install', log_base=None, log_level=None, main=<bound method BuildVerb.main of <colcon_core.verb.build.BuildVerb object at 0x7f407e6ce8e0>>, merge_install=False, metas=['./colcon.meta'], packages_above=None, packages_above_and_dependencies=None, packages_above_depth=None, packages_end=None, packages_ignore=None, packages_ignore_regex=None, packages_select=None, packages_select_build_failed=False, packages_select_by_dep=None, packages_select_regex=None, packages_select_test_failures=False, packages_skip=None, packages_skip_build_finished=False, packages_skip_by_dep=None, packages_skip_regex=None, packages_skip_test_passed=False, packages_skip_up_to=None, packages_start=None, packages_up_to=None, packages_up_to_regex=None, parallel_workers=4, paths=None, symlink_install=False, test_result_base=None, verb_extension=<colcon_core.verb.build.BuildVerb object at 0x7f407e6ce8e0>, verb_name='build', verb_parser=<colcon_defaults.argument_parser.defaults.DefaultArgumentsDecorator object at 0x7f407e6cee50>)
[0.523s] Level 1:colcon.colcon_core.package_discovery:discover_packages(colcon_meta) check parameters
[0.523s] Level 1:colcon.colcon_core.package_discovery:discover_packages(recursive) check parameters
[0.523s] Level 1:colcon.colcon_core.package_discovery:discover_packages(ignore) check parameters
[0.523s] Level 1:colcon.colcon_core.package_discovery:discover_packages(path) check parameters
[0.524s] Level 1:colcon.colcon_core.package_discovery:discover_packages(colcon_meta) discover
[0.524s] Level 1:colcon.colcon_core.package_discovery:discover_packages(recursive) discover
[0.524s] INFO:colcon.colcon_core.package_discovery:Crawling recursively for packages in '/home/aaaa/Desktop/Smart-Mobility-Engineering-Lab/Final_Project/ros2_ws'
[0.524s] Level 1:colcon.colcon_core.package_identification:_identify(.) by extensions ['ignore', 'ignore_ament_install']
[0.524s] Level 1:colcon.colcon_core.package_identification:_identify(.) by extension 'ignore'
[0.524s] Level 1:colcon.colcon_core.package_identification:_identify(.) by extension 'ignore_ament_install'
[0.524s] Level 1:colcon.colcon_core.package_identification:_identify(.) by extensions ['colcon_pkg']
[0.524s] Level 1:colcon.colcon_core.package_identification:_identify(.) by extension 'colcon_pkg'
[0.524s] Level 1:colcon.colcon_core.package_identification:_identify(.) by extensions ['colcon_meta']
[0.524s] Level 1:colcon.colcon_core.package_identification:_identify(.) by extension 'colcon_meta'
[0.525s] Level 1:colcon.colcon_core.package_identification:_identify(.) by extensions ['ros']
[0.525s] Level 1:colcon.colcon_core.package_identification:_identify(.) by extension 'ros'
[0.555s] Level 1:colcon.colcon_core.package_identification:_identify(.) by extensions ['cmake', 'python']
[0.555s] Level 1:colcon.colcon_core.package_identification:_identify(.) by extension 'cmake'
[0.555s] Level 1:colcon.colcon_core.package_identification:_identify(.) by extension 'python'
[0.556s] Level 1:colcon.colcon_core.package_identification:_identify(.) by extensions ['python_setup_py']
[0.556s] Level 1:colcon.colcon_core.package_identification:_identify(.) by extension 'python_setup_py'
[0.556s] Level 1:colcon.colcon_core.package_identification:_identify(build) by extensions ['ignore', 'ignore_ament_install']
[0.556s] Level 1:colcon.colcon_core.package_identification:_identify(build) by extension 'ignore'
[0.556s] Level 1:colcon.colcon_core.package_identification:_identify(build) ignored
[0.556s] Level 1:colcon.colcon_core.package_identification:_identify(install) by extensions ['ignore', 'ignore_ament_install']
[0.556s] Level 1:colcon.colcon_core.package_identification:_identify(install) by extension 'ignore'
[0.556s] Level 1:colcon.colcon_core.package_identification:_identify(install) ignored
[0.557s] Level 1:colcon.colcon_core.package_identification:_identify(log) by extensions ['ignore', 'ignore_ament_install']
[0.557s] Level 1:colcon.colcon_core.package_identification:_identify(log) by extension 'ignore'
[0.557s] Level 1:colcon.colcon_core.package_identification:_identify(log) ignored
[0.557s] Level 1:colcon.colcon_core.package_identification:_identify(src) by extensions ['ignore', 'ignore_ament_install']
[0.557s] Level 1:colcon.colcon_core.package_identification:_identify(src) by extension 'ignore'
[0.557s] Level 1:colcon.colcon_core.package_identification:_identify(src) by extension 'ignore_ament_install'
[0.557s] Level 1:colcon.colcon_core.package_identification:_identify(src) by extensions ['colcon_pkg']
[0.557s] Level 1:colcon.colcon_core.package_identification:_identify(src) by extension 'colcon_pkg'
[0.557s] Level 1:colcon.colcon_core.package_identification:_identify(src) by extensions ['colcon_meta']
[0.558s] Level 1:colcon.colcon_core.package_identification:_identify(src) by extension 'colcon_meta'
[0.558s] Level 1:colcon.colcon_core.package_identification:_identify(src) by extensions ['ros']
[0.558s] Level 1:colcon.colcon_core.package_identification:_identify(src) by extension 'ros'
[0.558s] Level 1:colcon.colcon_core.package_identification:_identify(src) by extensions ['cmake', 'python']
[0.558s] Level 1:colcon.colcon_core.package_identification:_identify(src) by extension 'cmake'
[0.558s] Level 1:colcon.colcon_core.package_identification:_identify(src) by extension 'python'
[0.558s] Level 1:colcon.colcon_core.package_identification:_identify(src) by extensions ['python_setup_py']
[0.558s] Level 1:colcon.colcon_core.package_identification:_identify(src) by extension 'python_setup_py'
[0.558s] Level 1:colcon.colcon_core.package_identification:_identify(src/room_temperature_pkg) by extensions ['ignore', 'ignore_ament_install']
[0.558s] Level 1:colcon.colcon_core.package_identification:_identify(src/room_temperature_pkg) by extension 'ignore'
[0.558s] Level 1:colcon.colcon_core.package_identification:_identify(src/room_temperature_pkg) by extension 'ignore_ament_install'
[0.559s] Level 1:colcon.colcon_core.package_identification:_identify(src/room_temperature_pkg) by extensions ['colcon_pkg']
[0.559s] Level 1:colcon.colcon_core.package_identification:_identify(src/room_temperature_pkg) by extension 'colcon_pkg'
[0.559s] Level 1:colcon.colcon_core.package_identification:_identify(src/room_temperature_pkg) by extensions ['colcon_meta']
[0.559s] Level 1:colcon.colcon_core.package_identification:_identify(src/room_temperature_pkg) by extension 'colcon_meta'
[0.559s] Level 1:colcon.colcon_core.package_identification:_identify(src/room_temperature_pkg) by extensions ['ros']
[0.559s] Level 1:colcon.colcon_core.package_identification:_identify(src/room_temperature_pkg) by extension 'ros'
[0.563s] DEBUG:colcon.colcon_core.package_identification:Package 'src/room_temperature_pkg' with type 'ros.ament_python' and name 'room_temperature_pkg'
[0.563s] Level 1:colcon.colcon_core.package_identification:_identify(src/ros2_weather_talk) by extensions ['ignore', 'ignore_ament_install']
[0.563s] Level 1:colcon.colcon_core.package_identification:_identify(src/ros2_weather_talk) by extension 'ignore'
[0.563s] Level 1:colcon.colcon_core.package_identification:_identify(src/ros2_weather_talk) by extension 'ignore_ament_install'
[0.563s] Level 1:colcon.colcon_core.package_identification:_identify(src/ros2_weather_talk) by extensions ['colcon_pkg']
[0.564s] Level 1:colcon.colcon_core.package_identification:_identify(src/ros2_weather_talk) by extension 'colcon_pkg'
[0.564s] Level 1:colcon.colcon_core.package_identification:_identify(src/ros2_weather_talk) by extensions ['colcon_meta']
[0.564s] Level 1:colcon.colcon_core.package_identification:_identify(src/ros2_weather_talk) by extension 'colcon_meta'
[0.564s] Level 1:colcon.colcon_core.package_identification:_identify(src/ros2_weather_talk) by extensions ['ros']
[0.564s] Level 1:colcon.colcon_core.package_identification:_identify(src/ros2_weather_talk) by extension 'ros'
[0.565s] DEBUG:colcon.colcon_core.package_identification:Package 'src/ros2_weather_talk' with type 'ros.ament_python' and name 'ros2_weather_talk'
[0.565s] Level 1:colcon.colcon_core.package_discovery:discover_packages(recursive) using defaults
[0.565s] Level 1:colcon.colcon_core.package_discovery:discover_packages(ignore) discover
[0.565s] Level 1:colcon.colcon_core.package_discovery:discover_packages(ignore) using defaults
[0.565s] Level 1:colcon.colcon_core.package_discovery:discover_packages(path) discover
[0.565s] Level 1:colcon.colcon_core.package_discovery:discover_packages(path) using defaults
[0.594s] Level 1:colcon.colcon_core.package_discovery:discover_packages(prefix_path) check parameters
[0.594s] Level 1:colcon.colcon_core.package_discovery:discover_packages(prefix_path) discover
[0.598s] DEBUG:colcon.colcon_installed_package_information.package_discovery:Found 2 installed packages in /home/aaaa/Desktop/Smart-Mobility-Engineering-Lab/Final_Project/ros2_ws/install
[0.600s] DEBUG:colcon.colcon_installed_package_information.package_discovery:Found 4 installed packages in /home/aaaa/Desktop/SME-Lab/Final-Project/ros2_ws/install
[0.601s] DEBUG:colcon.colcon_installed_package_information.package_discovery:Found 0 installed packages in /home/aaaa/colcon_ws/install
[0.604s] DEBUG:colcon.colcon_installed_package_information.package_discovery:Found 334 installed packages in /opt/ros/foxy
[0.608s] Level 1:colcon.colcon_core.package_discovery:discover_packages(prefix_path) using defaults
[0.720s] Level 5:colcon.colcon_core.verb:set package 'room_temperature_pkg' build argument 'cmake_args' from command line to 'None'
[0.720s] Level 5:colcon.colcon_core.verb:set package 'room_temperature_pkg' build argument 'cmake_target' from command line to 'None'
[0.720s] Level 5:colcon.colcon_core.verb:set package 'room_temperature_pkg' build argument 'cmake_target_skip_unavailable' from command line to 'False'
[0.720s] Level 5:colcon.colcon_core.verb:set package 'room_temperature_pkg' build argument 'cmake_clean_cache' from command line to 'False'
[0.720s] Level 5:colcon.colcon_core.verb:set package 'room_temperature_pkg' build argument 'cmake_clean_first' from command line to 'False'
[0.720s] Level 5:colcon.colcon_core.verb:set package 'room_temperature_pkg' build argument 'cmake_force_configure' from command line to 'False'
[0.720s] Level 5:colcon.colcon_core.verb:set package 'room_temperature_pkg' build argument 'ament_cmake_args' from command line to 'None'
[0.720s] Level 5:colcon.colcon_core.verb:set package 'room_temperature_pkg' build argument 'catkin_cmake_args' from command line to 'None'
[0.721s] Level 5:colcon.colcon_core.verb:set package 'room_temperature_pkg' build argument 'catkin_skip_building_tests' from command line to 'False'
[0.721s] DEBUG:colcon.colcon_core.verb:Building package 'room_temperature_pkg' with the following arguments: {'ament_cmake_args': None, 'build_base': '/home/aaaa/Desktop/Smart-Mobility-Engineering-Lab/Final_Project/ros2_ws/build/room_temperature_pkg', 'catkin_cmake_args': None, 'catkin_skip_building_tests': False, 'cmake_args': None, 'cmake_clean_cache': False, 'cmake_clean_first': False, 'cmake_force_configure': False, 'cmake_target': None, 'cmake_target_skip_unavailable': False, 'install_base': '/home/aaaa/Desktop/Smart-Mobility-Engineering-Lab/Final_Project/ros2_ws/install/room_temperature_pkg', 'merge_install': False, 'path': '/home/aaaa/Desktop/Smart-Mobility-Engineering-Lab/Final_Project/ros2_ws/src/room_temperature_pkg', 'symlink_install': False, 'test_result_base': None}
[0.722s] Level 5:colcon.colcon_core.verb:set package 'ros2_weather_talk' build argument 'cmake_args' from command line to 'None'
[0.722s] Level 5:colcon.colcon_core.verb:set package 'ros2_weather_talk' build argument 'cmake_target' from command line to 'None'
[0.722s] Level 5:colcon.colcon_core.verb:set package 'ros2_weather_talk' build argument 'cmake_target_skip_unavailable' from command line to 'False'
[0.722s] Level 5:colcon.colcon_core.verb:set package 'ros2_weather_talk' build argument 'cmake_clean_cache' from command line to 'False'
[0.723s] Level 5:colcon.colcon_core.verb:set package 'ros2_weather_talk' build argument 'cmake_clean_first' from command line to 'False'
[0.723s] Level 5:colcon.colcon_core.verb:set package 'ros2_weather_talk' build argument 'cmake_force_configure' from command line to 'False'
[0.723s] Level 5:colcon.colcon_core.verb:set package 'ros2_weather_talk' build argument 'ament_cmake_args' from command line to 'None'
[0.723s] Level 5:colcon.colcon_core.verb:set package 'ros2_weather_talk' build argument 'catkin_cmake_args' from command line to 'None'
[0.723s] Level 5:colcon.colcon_core.verb:set package 'ros2_weather_talk' build argument 'catkin_skip_building_tests' from command line to 'False'
[0.723s] DEBUG:colcon.colcon_core.verb:Building package 'ros2_weather_talk' with the following arguments: {'ament_cmake_args': None, 'build_base': '/home/aaaa/Desktop/Smart-Mobility-Engineering-Lab/Final_Project/ros2_ws/build/ros2_weather_talk', 'catkin_cmake_args': None, 'catkin_skip_building_tests': False, 'cmake_args': None, 'cmake_clean_cache': False, 'cmake_clean_first': False, 'cmake_force_configure': False, 'cmake_target': None, 'cmake_target_skip_unavailable': False, 'install_base': '/home/aaaa/Desktop/Smart-Mobility-Engineering-Lab/Final_Project/ros2_ws/install/ros2_weather_talk', 'merge_install': False, 'path': '/home/aaaa/Desktop/Smart-Mobility-Engineering-Lab/Final_Project/ros2_ws/src/ros2_weather_talk', 'symlink_install': False, 'test_result_base': None}
[0.724s] INFO:colcon.colcon_core.executor:Executing jobs using 'parallel' executor
[0.730s] DEBUG:colcon.colcon_parallel_executor.executor.parallel:run_until_complete
[0.731s] INFO:colcon.colcon_ros.task.ament_python.build:Building ROS package in '/home/aaaa/Desktop/Smart-Mobility-Engineering-Lab/Final_Project/ros2_ws/src/room_temperature_pkg' with build type 'ament_python'
[0.731s] Level 1:colcon.colcon_core.shell:create_environment_hook('room_temperature_pkg', 'ament_prefix_path')
[0.739s] INFO:colcon.colcon_core.plugin_system:Skipping extension 'colcon_core.shell.bat': Not used on non-Windows systems
[0.739s] INFO:colcon.colcon_core.shell:Creating environment hook '/home/aaaa/Desktop/Smart-Mobility-Engineering-Lab/Final_Project/ros2_ws/install/room_temperature_pkg/share/room_temperature_pkg/hook/ament_prefix_path.ps1'
[0.740s] INFO:colcon.colcon_core.shell:Creating environment descriptor '/home/aaaa/Desktop/Smart-Mobility-Engineering-Lab/Final_Project/ros2_ws/install/room_temperature_pkg/share/room_temperature_pkg/hook/ament_prefix_path.dsv'
[0.741s] INFO:colcon.colcon_core.shell:Creating environment hook '/home/aaaa/Desktop/Smart-Mobility-Engineering-Lab/Final_Project/ros2_ws/install/room_temperature_pkg/share/room_temperature_pkg/hook/ament_prefix_path.sh'
[0.744s] INFO:colcon.colcon_core.shell:Skip shell extension 'powershell' for command environment: Not usable outside of PowerShell
[0.744s] DEBUG:colcon.colcon_core.shell:Skip shell extension 'dsv' for command environment
[0.758s] INFO:colcon.colcon_ros.task.ament_python.build:Building ROS package in '/home/aaaa/Desktop/Smart-Mobility-Engineering-Lab/Final_Project/ros2_ws/src/ros2_weather_talk' with build type 'ament_python'
[0.759s] Level 1:colcon.colcon_core.shell:create_environment_hook('ros2_weather_talk', 'ament_prefix_path')
[0.762s] INFO:colcon.colcon_core.shell:Creating environment hook '/home/aaaa/Desktop/Smart-Mobility-Engineering-Lab/Final_Project/ros2_ws/install/ros2_weather_talk/share/ros2_weather_talk/hook/ament_prefix_path.ps1'
[0.764s] INFO:colcon.colcon_core.shell:Creating environment descriptor '/home/aaaa/Desktop/Smart-Mobility-Engineering-Lab/Final_Project/ros2_ws/install/ros2_weather_talk/share/ros2_weather_talk/hook/ament_prefix_path.dsv'
[0.765s] INFO:colcon.colcon_core.shell:Creating environment hook '/home/aaaa/Desktop/Smart-Mobility-Engineering-Lab/Final_Project/ros2_ws/install/ros2_weather_talk/share/ros2_weather_talk/hook/ament_prefix_path.sh'
[0.769s] INFO:colcon.colcon_core.shell:Skip shell extension 'powershell' for command environment: Not usable outside of PowerShell
[0.769s] DEBUG:colcon.colcon_core.shell:Skip shell extension 'dsv' for command environment
[1.240s] INFO:colcon.colcon_core.task.python.build:Building Python package in '/home/aaaa/Desktop/Smart-Mobility-Engineering-Lab/Final_Project/ros2_ws/src/room_temperature_pkg'
[1.246s] INFO:colcon.colcon_core.shell:Skip shell extension 'powershell' for command environment: Not usable outside of PowerShell
[1.246s] DEBUG:colcon.colcon_core.shell:Skip shell extension 'dsv' for command environment
[1.663s] INFO:colcon.colcon_core.task.python.build:Building Python package in '/home/aaaa/Desktop/Smart-Mobility-Engineering-Lab/Final_Project/ros2_ws/src/ros2_weather_talk'
[1.667s] INFO:colcon.colcon_core.shell:Skip shell extension 'powershell' for command environment: Not usable outside of PowerShell
[1.668s] DEBUG:colcon.colcon_core.shell:Skip shell extension 'dsv' for command environment
[2.476s] DEBUG:colcon.colcon_core.event_handler.log_command:Invoking command in '/home/aaaa/Desktop/Smart-Mobility-Engineering-Lab/Final_Project/ros2_ws/src/room_temperature_pkg': PYTHONPATH=/home/aaaa/Desktop/Smart-Mobility-Engineering-Lab/Final_Project/ros2_ws/build/room_temperature_pkg/prefix_override:/home/aaaa/Desktop/Smart-Mobility-Engineering-Lab/Final_Project/ros2_ws/install/room_temperature_pkg/lib/python3.8/site-packages:${PYTHONPATH} /usr/bin/python3 setup.py egg_info --egg-base ../../build/room_temperature_pkg build --build-base /home/aaaa/Desktop/Smart-Mobility-Engineering-Lab/Final_Project/ros2_ws/build/room_temperature_pkg/build install --record /home/aaaa/Desktop/Smart-Mobility-Engineering-Lab/Final_Project/ros2_ws/build/room_temperature_pkg/install.log --install-scripts $base/lib/room_temperature_pkg --single-version-externally-managed
[2.489s] DEBUG:colcon.colcon_core.event_handler.log_command:Invoking command in '/home/aaaa/Desktop/Smart-Mobility-Engineering-Lab/Final_Project/ros2_ws/src/ros2_weather_talk': PYTHONPATH=/home/aaaa/Desktop/Smart-Mobility-Engineering-Lab/Final_Project/ros2_ws/build/ros2_weather_talk/prefix_override:/home/aaaa/Desktop/Smart-Mobility-Engineering-Lab/Final_Project/ros2_ws/install/ros2_weather_talk/lib/python3.8/site-packages:${PYTHONPATH} /usr/bin/python3 setup.py egg_info --egg-base ../../build/ros2_weather_talk build --build-base /home/aaaa/Desktop/Smart-Mobility-Engineering-Lab/Final_Project/ros2_ws/build/ros2_weather_talk/build install --record /home/aaaa/Desktop/Smart-Mobility-Engineering-Lab/Final_Project/ros2_ws/build/ros2_weather_talk/install.log --install-scripts $base/lib/ros2_weather_talk --single-version-externally-managed
[3.020s] DEBUG:colcon.colcon_core.event_handler.log_command:Invoked command in '/home/aaaa/Desktop/Smart-Mobility-Engineering-Lab/Final_Project/ros2_ws/src/room_temperature_pkg' returned '0': PYTHONPATH=/home/aaaa/Desktop/Smart-Mobility-Engineering-Lab/Final_Project/ros2_ws/build/room_temperature_pkg/prefix_override:/home/aaaa/Desktop/Smart-Mobility-Engineering-Lab/Final_Project/ros2_ws/install/room_temperature_pkg/lib/python3.8/site-packages:${PYTHONPATH} /usr/bin/python3 setup.py egg_info --egg-base ../../build/room_temperature_pkg build --build-base /home/aaaa/Desktop/Smart-Mobility-Engineering-Lab/Final_Project/ros2_ws/build/room_temperature_pkg/build install --record /home/aaaa/Desktop/Smart-Mobility-Engineering-Lab/Final_Project/ros2_ws/build/room_temperature_pkg/install.log --install-scripts $base/lib/room_temperature_pkg --single-version-externally-managed
[3.033s] Level 1:colcon.colcon_core.environment:checking '/home/aaaa/Desktop/Smart-Mobility-Engineering-Lab/Final_Project/ros2_ws/install/room_temperature_pkg' for CMake module files
[3.034s] Level 1:colcon.colcon_core.environment:checking '/home/aaaa/Desktop/Smart-Mobility-Engineering-Lab/Final_Project/ros2_ws/install/room_temperature_pkg' for CMake config files
[3.035s] Level 1:colcon.colcon_core.environment:checking '/home/aaaa/Desktop/Smart-Mobility-Engineering-Lab/Final_Project/ros2_ws/install/room_temperature_pkg/lib'
[3.035s] Level 1:colcon.colcon_core.environment:checking '/home/aaaa/Desktop/Smart-Mobility-Engineering-Lab/Final_Project/ros2_ws/install/room_temperature_pkg/bin'
[3.035s] Level 1:colcon.colcon_core.environment:checking '/home/aaaa/Desktop/Smart-Mobility-Engineering-Lab/Final_Project/ros2_ws/install/room_temperature_pkg/lib/pkgconfig/room_temperature_pkg.pc'
[3.036s] Level 1:colcon.colcon_core.environment:checking '/home/aaaa/Desktop/Smart-Mobility-Engineering-Lab/Final_Project/ros2_ws/install/room_temperature_pkg/lib/python3.8/site-packages'
[3.036s] Level 1:colcon.colcon_core.shell:create_environment_hook('room_temperature_pkg', 'pythonpath')
[3.038s] INFO:colcon.colcon_core.shell:Creating environment hook '/home/aaaa/Desktop/Smart-Mobility-Engineering-Lab/Final_Project/ros2_ws/install/room_temperature_pkg/share/room_temperature_pkg/hook/pythonpath.ps1'
[3.039s] INFO:colcon.colcon_core.shell:Creating environment descriptor '/home/aaaa/Desktop/Smart-Mobility-Engineering-Lab/Final_Project/ros2_ws/install/room_temperature_pkg/share/room_temperature_pkg/hook/pythonpath.dsv'
[3.039s] INFO:colcon.colcon_core.shell:Creating environment hook '/home/aaaa/Desktop/Smart-Mobility-Engineering-Lab/Final_Project/ros2_ws/install/room_temperature_pkg/share/room_temperature_pkg/hook/pythonpath.sh'
[3.041s] Level 1:colcon.colcon_core.environment:checking '/home/aaaa/Desktop/Smart-Mobility-Engineering-Lab/Final_Project/ros2_ws/install/room_temperature_pkg/bin'
[3.041s] Level 1:colcon.colcon_core.environment:create_environment_scripts_only(room_temperature_pkg)
[3.047s] INFO:colcon.colcon_core.shell:Creating package script '/home/aaaa/Desktop/Smart-Mobility-Engineering-Lab/Final_Project/ros2_ws/install/room_temperature_pkg/share/room_temperature_pkg/package.ps1'
[3.050s] INFO:colcon.colcon_core.shell:Creating package descriptor '/home/aaaa/Desktop/Smart-Mobility-Engineering-Lab/Final_Project/ros2_ws/install/room_temperature_pkg/share/room_temperature_pkg/package.dsv'
[3.051s] INFO:colcon.colcon_core.shell:Creating package script '/home/aaaa/Desktop/Smart-Mobility-Engineering-Lab/Final_Project/ros2_ws/install/room_temperature_pkg/share/room_temperature_pkg/package.sh'
[3.052s] INFO:colcon.colcon_core.shell:Creating package script '/home/aaaa/Desktop/Smart-Mobility-Engineering-Lab/Final_Project/ros2_ws/install/room_temperature_pkg/share/room_temperature_pkg/package.bash'
[3.053s] INFO:colcon.colcon_core.shell:Creating package script '/home/aaaa/Desktop/Smart-Mobility-Engineering-Lab/Final_Project/ros2_ws/install/room_temperature_pkg/share/room_temperature_pkg/package.zsh'
[3.054s] Level 1:colcon.colcon_core.environment:create_file_with_runtime_dependencies(/home/aaaa/Desktop/Smart-Mobility-Engineering-Lab/Final_Project/ros2_ws/install/room_temperature_pkg/share/colcon-core/packages/room_temperature_pkg)
[3.060s] Level 1:colcon.colcon_core.environment:checking '/home/aaaa/Desktop/Smart-Mobility-Engineering-Lab/Final_Project/ros2_ws/install/ros2_weather_talk' for CMake module files
[3.062s] Level 1:colcon.colcon_core.environment:checking '/home/aaaa/Desktop/Smart-Mobility-Engineering-Lab/Final_Project/ros2_ws/install/ros2_weather_talk' for CMake config files
[3.063s] DEBUG:colcon.colcon_core.event_handler.log_command:Invoked command in '/home/aaaa/Desktop/Smart-Mobility-Engineering-Lab/Final_Project/ros2_ws/src/ros2_weather_talk' returned '0': PYTHONPATH=/home/aaaa/Desktop/Smart-Mobility-Engineering-Lab/Final_Project/ros2_ws/build/ros2_weather_talk/prefix_override:/home/aaaa/Desktop/Smart-Mobility-Engineering-Lab/Final_Project/ros2_ws/install/ros2_weather_talk/lib/python3.8/site-packages:${PYTHONPATH} /usr/bin/python3 setup.py egg_info --egg-base ../../build/ros2_weather_talk build --build-base /home/aaaa/Desktop/Smart-Mobility-Engineering-Lab/Final_Project/ros2_ws/build/ros2_weather_talk/build install --record /home/aaaa/Desktop/Smart-Mobility-Engineering-Lab/Final_Project/ros2_ws/build/ros2_weather_talk/install.log --install-scripts $base/lib/ros2_weather_talk --single-version-externally-managed
[3.064s] Level 1:colcon.colcon_core.environment:checking '/home/aaaa/Desktop/Smart-Mobility-Engineering-Lab/Final_Project/ros2_ws/install/ros2_weather_talk/lib'
[3.064s] Level 1:colcon.colcon_core.environment:checking '/home/aaaa/Desktop/Smart-Mobility-Engineering-Lab/Final_Project/ros2_ws/install/ros2_weather_talk/bin'
[3.064s] Level 1:colcon.colcon_core.environment:checking '/home/aaaa/Desktop/Smart-Mobility-Engineering-Lab/Final_Project/ros2_ws/install/ros2_weather_talk/lib/pkgconfig/ros2_weather_talk.pc'
[3.064s] Level 1:colcon.colcon_core.environment:checking '/home/aaaa/Desktop/Smart-Mobility-Engineering-Lab/Final_Project/ros2_ws/install/ros2_weather_talk/lib/python3.8/site-packages'
[3.064s] Level 1:colcon.colcon_core.shell:create_environment_hook('ros2_weather_talk', 'pythonpath')
[3.067s] INFO:colcon.colcon_core.shell:Creating environment hook '/home/aaaa/Desktop/Smart-Mobility-Engineering-Lab/Final_Project/ros2_ws/install/ros2_weather_talk/share/ros2_weather_talk/hook/pythonpath.ps1'
[3.068s] INFO:colcon.colcon_core.shell:Creating environment descriptor '/home/aaaa/Desktop/Smart-Mobility-Engineering-Lab/Final_Project/ros2_ws/install/ros2_weather_talk/share/ros2_weather_talk/hook/pythonpath.dsv'
[3.068s] INFO:colcon.colcon_core.shell:Creating environment hook '/home/aaaa/Desktop/Smart-Mobility-Engineering-Lab/Final_Project/ros2_ws/install/ros2_weather_talk/share/ros2_weather_talk/hook/pythonpath.sh'
[3.069s] Level 1:colcon.colcon_core.environment:checking '/home/aaaa/Desktop/Smart-Mobility-Engineering-Lab/Final_Project/ros2_ws/install/ros2_weather_talk/bin'
[3.070s] Level 1:colcon.colcon_core.environment:create_environment_scripts_only(ros2_weather_talk)
[3.076s] INFO:colcon.colcon_core.shell:Creating package script '/home/aaaa/Desktop/Smart-Mobility-Engineering-Lab/Final_Project/ros2_ws/install/ros2_weather_talk/share/ros2_weather_talk/package.ps1'
[3.077s] INFO:colcon.colcon_core.shell:Creating package descriptor '/home/aaaa/Desktop/Smart-Mobility-Engineering-Lab/Final_Project/ros2_ws/install/ros2_weather_talk/share/ros2_weather_talk/package.dsv'
[3.077s] INFO:colcon.colcon_core.shell:Creating package script '/home/aaaa/Desktop/Smart-Mobility-Engineering-Lab/Final_Project/ros2_ws/install/ros2_weather_talk/share/ros2_weather_talk/package.sh'
[3.078s] INFO:colcon.colcon_core.shell:Creating package script '/home/aaaa/Desktop/Smart-Mobility-Engineering-Lab/Final_Project/ros2_ws/install/ros2_weather_talk/share/ros2_weather_talk/package.bash'
[3.078s] INFO:colcon.colcon_core.shell:Creating package script '/home/aaaa/Desktop/Smart-Mobility-Engineering-Lab/Final_Project/ros2_ws/install/ros2_weather_talk/share/ros2_weather_talk/package.zsh'
[3.079s] Level 1:colcon.colcon_core.environment:create_file_with_runtime_dependencies(/home/aaaa/Desktop/Smart-Mobility-Engineering-Lab/Final_Project/ros2_ws/install/ros2_weather_talk/share/colcon-core/packages/ros2_weather_talk)
[3.079s] DEBUG:colcon.colcon_parallel_executor.executor.parallel:closing loop
[3.080s] DEBUG:colcon.colcon_parallel_executor.executor.parallel:loop closed
[3.080s] DEBUG:colcon.colcon_parallel_executor.executor.parallel:run_until_complete finished with '0'
[3.080s] DEBUG:colcon.colcon_core.event_reactor:joining thread
[3.092s] INFO:colcon.colcon_core.plugin_system:Skipping extension 'colcon_notification.desktop_notification.terminal_notifier': Not used on non-Darwin systems
[3.092s] INFO:colcon.colcon_core.plugin_system:Skipping extension 'colcon_notification.desktop_notification.win32': Not used on non-Windows systems
[3.092s] INFO:colcon.colcon_notification.desktop_notification:Sending desktop notification using 'notify2'
[3.129s] DEBUG:colcon.colcon_core.event_reactor:joined thread
[3.132s] INFO:colcon.colcon_core.shell:Creating prefix script '/home/aaaa/Desktop/Smart-Mobility-Engineering-Lab/Final_Project/ros2_ws/install/local_setup.ps1'
[3.133s] INFO:colcon.colcon_core.shell:Creating prefix util module '/home/aaaa/Desktop/Smart-Mobility-Engineering-Lab/Final_Project/ros2_ws/install/_local_setup_util_ps1.py'
[3.136s] INFO:colcon.colcon_core.shell:Creating prefix chain script '/home/aaaa/Desktop/Smart-Mobility-Engineering-Lab/Final_Project/ros2_ws/install/setup.ps1'
[3.140s] INFO:colcon.colcon_core.shell:Creating prefix script '/home/aaaa/Desktop/Smart-Mobility-Engineering-Lab/Final_Project/ros2_ws/install/local_setup.sh'
[3.141s] INFO:colcon.colcon_core.shell:Creating prefix util module '/home/aaaa/Desktop/Smart-Mobility-Engineering-Lab/Final_Project/ros2_ws/install/_local_setup_util_sh.py'
[3.142s] INFO:colcon.colcon_core.shell:Creating prefix chain script '/home/aaaa/Desktop/Smart-Mobility-Engineering-Lab/Final_Project/ros2_ws/install/setup.sh'
[3.145s] INFO:colcon.colcon_core.shell:Creating prefix script '/home/aaaa/Desktop/Smart-Mobility-Engineering-Lab/Final_Project/ros2_ws/install/local_setup.bash'
[3.147s] INFO:colcon.colcon_core.shell:Creating prefix chain script '/home/aaaa/Desktop/Smart-Mobility-Engineering-Lab/Final_Project/ros2_ws/install/setup.bash'
[3.151s] INFO:colcon.colcon_core.shell:Creating prefix script '/home/aaaa/Desktop/Smart-Mobility-Engineering-Lab/Final_Project/ros2_ws/install/local_setup.zsh'
[3.152s] INFO:colcon.colcon_core.shell:Creating prefix chain script '/home/aaaa/Desktop/Smart-Mobility-Engineering-Lab/Final_Project/ros2_ws/install/setup.zsh'
