[1.023s] Invoking command in '/home/aaaa/Desktop/Smart-Mobility-Engineering-Lab/final_project/ros2_ws/src/my_weather_pkg': PYTHONPATH=/home/aaaa/Desktop/Smart-Mobility-Engineering-Lab/final_project/ros2_ws/build/my_weather_pkg/prefix_override:/home/aaaa/Desktop/Smart-Mobility-Engineering-Lab/final_project/ros2_ws/install/my_weather_pkg/lib/python3.8/site-packages:${PYTHONPATH} /usr/bin/python3 setup.py egg_info --egg-base ../../build/my_weather_pkg build --build-base /home/aaaa/Desktop/Smart-Mobility-Engineering-Lab/final_project/ros2_ws/build/my_weather_pkg/build install --record /home/aaaa/Desktop/Smart-Mobility-Engineering-Lab/final_project/ros2_ws/build/my_weather_pkg/install.log --install-scripts $base/lib/my_weather_pkg --single-version-externally-managed
[1.346s] running egg_info
[1.346s] writing ../../build/my_weather_pkg/my_weather_pkg.egg-info/PKG-INFO
[1.347s] writing dependency_links to ../../build/my_weather_pkg/my_weather_pkg.egg-info/dependency_links.txt
[1.347s] writing entry points to ../../build/my_weather_pkg/my_weather_pkg.egg-info/entry_points.txt
[1.347s] writing requirements to ../../build/my_weather_pkg/my_weather_pkg.egg-info/requires.txt
[1.347s] writing top-level names to ../../build/my_weather_pkg/my_weather_pkg.egg-info/top_level.txt
[1.397s] reading manifest file '../../build/my_weather_pkg/my_weather_pkg.egg-info/SOURCES.txt'
[1.399s] writing manifest file '../../build/my_weather_pkg/my_weather_pkg.egg-info/SOURCES.txt'
[1.399s] running build
[1.399s] running build_py
[1.399s] copying my_weather_pkg/weather_publisher.py -> /home/aaaa/Desktop/Smart-Mobility-Engineering-Lab/final_project/ros2_ws/build/my_weather_pkg/build/lib/my_weather_pkg
[1.399s] running install
[1.401s] running install_lib
[1.402s] copying /home/aaaa/Desktop/Smart-Mobility-Engineering-Lab/final_project/ros2_ws/build/my_weather_pkg/build/lib/my_weather_pkg/weather_publisher.py -> /home/aaaa/Desktop/Smart-Mobility-Engineering-Lab/final_project/ros2_ws/install/my_weather_pkg/lib/python3.8/site-packages/my_weather_pkg
[1.403s] byte-compiling /home/aaaa/Desktop/Smart-Mobility-Engineering-Lab/final_project/ros2_ws/install/my_weather_pkg/lib/python3.8/site-packages/my_weather_pkg/weather_publisher.py to weather_publisher.cpython-38.pyc
[1.405s] running install_data
[1.406s] copying package.xml -> /home/aaaa/Desktop/Smart-Mobility-Engineering-Lab/final_project/ros2_ws/install/my_weather_pkg/share/my_weather_pkg
[1.406s] running install_egg_info
[1.409s] removing '/home/aaaa/Desktop/Smart-Mobility-Engineering-Lab/final_project/ros2_ws/install/my_weather_pkg/lib/python3.8/site-packages/my_weather_pkg-0.0.0-py3.8.egg-info' (and everything under it)
[1.409s] Copying ../../build/my_weather_pkg/my_weather_pkg.egg-info to /home/aaaa/Desktop/Smart-Mobility-Engineering-Lab/final_project/ros2_ws/install/my_weather_pkg/lib/python3.8/site-packages/my_weather_pkg-0.0.0-py3.8.egg-info
[1.410s] running install_scripts
[1.435s] Installing weather_publisher script to /home/aaaa/Desktop/Smart-Mobility-Engineering-Lab/final_project/ros2_ws/install/my_weather_pkg/lib/my_weather_pkg
[1.436s] Installing weather_subscriber script to /home/aaaa/Desktop/Smart-Mobility-Engineering-Lab/final_project/ros2_ws/install/my_weather_pkg/lib/my_weather_pkg
[1.437s] writing list of installed files to '/home/aaaa/Desktop/Smart-Mobility-Engineering-Lab/final_project/ros2_ws/build/my_weather_pkg/install.log'
[1.471s] Invoked command in '/home/aaaa/Desktop/Smart-Mobility-Engineering-Lab/final_project/ros2_ws/src/my_weather_pkg' returned '0': PYTHONPATH=/home/aaaa/Desktop/Smart-Mobility-Engineering-Lab/final_project/ros2_ws/build/my_weather_pkg/prefix_override:/home/aaaa/Desktop/Smart-Mobility-Engineering-Lab/final_project/ros2_ws/install/my_weather_pkg/lib/python3.8/site-packages:${PYTHONPATH} /usr/bin/python3 setup.py egg_info --egg-base ../../build/my_weather_pkg build --build-base /home/aaaa/Desktop/Smart-Mobility-Engineering-Lab/final_project/ros2_ws/build/my_weather_pkg/build install --record /home/aaaa/Desktop/Smart-Mobility-Engineering-Lab/final_project/ros2_ws/build/my_weather_pkg/install.log --install-scripts $base/lib/my_weather_pkg --single-version-externally-managed
