[0.519s] DEBUG:colcon:Command line arguments: ['/usr/bin/colcon', 'build', '--packages-select', 'temperature_sensor_pkg']
[0.519s] DEBUG:colcon:Parsed command line arguments: Namespace(allow_overriding=[], ament_cmake_args=None, base_paths=['.'], build_base='build', catkin_cmake_args=None, catkin_skip_building_tests=False, cmake_args=None, cmake_clean_cache=False, cmake_clean_first=False, cmake_force_configure=False, cmake_target=None, cmake_target_skip_unavailable=False, continue_on_error=False, event_handlers=None, executor='parallel', ignore_user_meta=False, install_base='install', log_base=None, log_level=None, main=<bound method BuildVerb.main of <colcon_core.verb.build.BuildVerb object at 0x7f0a83f423d0>>, merge_install=False, metas=['./colcon.meta'], packages_above=None, packages_above_and_dependencies=None, packages_above_depth=None, packages_end=None, packages_ignore=None, packages_ignore_regex=None, packages_select=['temperature_sensor_pkg'], packages_select_build_failed=False, packages_select_by_dep=None, packages_select_regex=None, packages_select_test_failures=False, packages_skip=None, packages_skip_build_finished=False, packages_skip_by_dep=None, packages_skip_regex=None, packages_skip_test_passed=False, packages_skip_up_to=None, packages_start=None, packages_up_to=None, packages_up_to_regex=None, parallel_workers=4, paths=None, symlink_install=False, test_result_base=None, verb_extension=<colcon_core.verb.build.BuildVerb object at 0x7f0a83f423d0>, verb_name='build', verb_parser=<colcon_defaults.argument_parser.defaults.DefaultArgumentsDecorator object at 0x7f0a83f42910>)
[0.565s] Level 1:colcon.colcon_core.package_discovery:discover_packages(colcon_meta) check parameters
[0.565s] Level 1:colcon.colcon_core.package_discovery:discover_packages(recursive) check parameters
[0.565s] Level 1:colcon.colcon_core.package_discovery:discover_packages(ignore) check parameters
[0.565s] Level 1:colcon.colcon_core.package_discovery:discover_packages(path) check parameters
[0.566s] Level 1:colcon.colcon_core.package_discovery:discover_packages(colcon_meta) discover
[0.566s] Level 1:colcon.colcon_core.package_discovery:discover_packages(recursive) discover
[0.566s] INFO:colcon.colcon_core.package_discovery:Crawling recursively for packages in '/home/aaaa/Desktop/Smart-Mobility-Engineering-Lab/final_project/ros2_ws'
[0.566s] Level 1:colcon.colcon_core.package_identification:_identify(.) by extensions ['ignore', 'ignore_ament_install']
[0.566s] Level 1:colcon.colcon_core.package_identification:_identify(.) by extension 'ignore'
[0.566s] Level 1:colcon.colcon_core.package_identification:_identify(.) by extension 'ignore_ament_install'
[0.566s] Level 1:colcon.colcon_core.package_identification:_identify(.) by extensions ['colcon_pkg']
[0.566s] Level 1:colcon.colcon_core.package_identification:_identify(.) by extension 'colcon_pkg'
[0.566s] Level 1:colcon.colcon_core.package_identification:_identify(.) by extensions ['colcon_meta']
[0.566s] Level 1:colcon.colcon_core.package_identification:_identify(.) by extension 'colcon_meta'
[0.567s] Level 1:colcon.colcon_core.package_identification:_identify(.) by extensions ['ros']
[0.567s] Level 1:colcon.colcon_core.package_identification:_identify(.) by extension 'ros'
[0.599s] Level 1:colcon.colcon_core.package_identification:_identify(.) by extensions ['cmake', 'python']
[0.599s] Level 1:colcon.colcon_core.package_identification:_identify(.) by extension 'cmake'
[0.599s] Level 1:colcon.colcon_core.package_identification:_identify(.) by extension 'python'
[0.599s] Level 1:colcon.colcon_core.package_identification:_identify(.) by extensions ['python_setup_py']
[0.599s] Level 1:colcon.colcon_core.package_identification:_identify(.) by extension 'python_setup_py'
[0.599s] Level 1:colcon.colcon_core.package_identification:_identify(build) by extensions ['ignore', 'ignore_ament_install']
[0.599s] Level 1:colcon.colcon_core.package_identification:_identify(build) by extension 'ignore'
[0.599s] Level 1:colcon.colcon_core.package_identification:_identify(build) ignored
[0.600s] Level 1:colcon.colcon_core.package_identification:_identify(install) by extensions ['ignore', 'ignore_ament_install']
[0.600s] Level 1:colcon.colcon_core.package_identification:_identify(install) by extension 'ignore'
[0.600s] Level 1:colcon.colcon_core.package_identification:_identify(install) ignored
[0.600s] Level 1:colcon.colcon_core.package_identification:_identify(log) by extensions ['ignore', 'ignore_ament_install']
[0.600s] Level 1:colcon.colcon_core.package_identification:_identify(log) by extension 'ignore'
[0.600s] Level 1:colcon.colcon_core.package_identification:_identify(log) ignored
[0.600s] Level 1:colcon.colcon_core.package_identification:_identify(src) by extensions ['ignore', 'ignore_ament_install']
[0.601s] Level 1:colcon.colcon_core.package_identification:_identify(src) by extension 'ignore'
[0.601s] Level 1:colcon.colcon_core.package_identification:_identify(src) by extension 'ignore_ament_install'
[0.601s] Level 1:colcon.colcon_core.package_identification:_identify(src) by extensions ['colcon_pkg']
[0.601s] Level 1:colcon.colcon_core.package_identification:_identify(src) by extension 'colcon_pkg'
[0.601s] Level 1:colcon.colcon_core.package_identification:_identify(src) by extensions ['colcon_meta']
[0.601s] Level 1:colcon.colcon_core.package_identification:_identify(src) by extension 'colcon_meta'
[0.601s] Level 1:colcon.colcon_core.package_identification:_identify(src) by extensions ['ros']
[0.601s] Level 1:colcon.colcon_core.package_identification:_identify(src) by extension 'ros'
[0.601s] Level 1:colcon.colcon_core.package_identification:_identify(src) by extensions ['cmake', 'python']
[0.601s] Level 1:colcon.colcon_core.package_identification:_identify(src) by extension 'cmake'
[0.601s] Level 1:colcon.colcon_core.package_identification:_identify(src) by extension 'python'
[0.601s] Level 1:colcon.colcon_core.package_identification:_identify(src) by extensions ['python_setup_py']
[0.601s] Level 1:colcon.colcon_core.package_identification:_identify(src) by extension 'python_setup_py'
[0.602s] Level 1:colcon.colcon_core.package_identification:_identify(src/my_package1) by extensions ['ignore', 'ignore_ament_install']
[0.602s] Level 1:colcon.colcon_core.package_identification:_identify(src/my_package1) by extension 'ignore'
[0.602s] Level 1:colcon.colcon_core.package_identification:_identify(src/my_package1) by extension 'ignore_ament_install'
[0.602s] Level 1:colcon.colcon_core.package_identification:_identify(src/my_package1) by extensions ['colcon_pkg']
[0.602s] Level 1:colcon.colcon_core.package_identification:_identify(src/my_package1) by extension 'colcon_pkg'
[0.602s] Level 1:colcon.colcon_core.package_identification:_identify(src/my_package1) by extensions ['colcon_meta']
[0.602s] Level 1:colcon.colcon_core.package_identification:_identify(src/my_package1) by extension 'colcon_meta'
[0.602s] Level 1:colcon.colcon_core.package_identification:_identify(src/my_package1) by extensions ['ros']
[0.602s] Level 1:colcon.colcon_core.package_identification:_identify(src/my_package1) by extension 'ros'
[0.606s] DEBUG:colcon.colcon_core.package_identification:Package 'src/my_package1' with type 'ros.ament_python' and name 'my_package1'
[0.606s] Level 1:colcon.colcon_core.package_identification:_identify(src/my_weather_pkg) by extensions ['ignore', 'ignore_ament_install']
[0.606s] Level 1:colcon.colcon_core.package_identification:_identify(src/my_weather_pkg) by extension 'ignore'
[0.606s] Level 1:colcon.colcon_core.package_identification:_identify(src/my_weather_pkg) by extension 'ignore_ament_install'
[0.607s] Level 1:colcon.colcon_core.package_identification:_identify(src/my_weather_pkg) by extensions ['colcon_pkg']
[0.607s] Level 1:colcon.colcon_core.package_identification:_identify(src/my_weather_pkg) by extension 'colcon_pkg'
[0.607s] Level 1:colcon.colcon_core.package_identification:_identify(src/my_weather_pkg) by extensions ['colcon_meta']
[0.607s] Level 1:colcon.colcon_core.package_identification:_identify(src/my_weather_pkg) by extension 'colcon_meta'
[0.607s] Level 1:colcon.colcon_core.package_identification:_identify(src/my_weather_pkg) by extensions ['ros']
[0.607s] Level 1:colcon.colcon_core.package_identification:_identify(src/my_weather_pkg) by extension 'ros'
[0.608s] DEBUG:colcon.colcon_core.package_identification:Package 'src/my_weather_pkg' with type 'ros.ament_python' and name 'my_weather_pkg'
[0.608s] Level 1:colcon.colcon_core.package_identification:_identify(src/py_pubsub) by extensions ['ignore', 'ignore_ament_install']
[0.608s] Level 1:colcon.colcon_core.package_identification:_identify(src/py_pubsub) by extension 'ignore'
[0.608s] Level 1:colcon.colcon_core.package_identification:_identify(src/py_pubsub) by extension 'ignore_ament_install'
[0.608s] Level 1:colcon.colcon_core.package_identification:_identify(src/py_pubsub) by extensions ['colcon_pkg']
[0.608s] Level 1:colcon.colcon_core.package_identification:_identify(src/py_pubsub) by extension 'colcon_pkg'
[0.609s] Level 1:colcon.colcon_core.package_identification:_identify(src/py_pubsub) by extensions ['colcon_meta']
[0.609s] Level 1:colcon.colcon_core.package_identification:_identify(src/py_pubsub) by extension 'colcon_meta'
[0.609s] Level 1:colcon.colcon_core.package_identification:_identify(src/py_pubsub) by extensions ['ros']
[0.609s] Level 1:colcon.colcon_core.package_identification:_identify(src/py_pubsub) by extension 'ros'
[0.609s] DEBUG:colcon.colcon_core.package_identification:Package 'src/py_pubsub' with type 'ros.ament_python' and name 'py_pubsub'
[0.610s] Level 1:colcon.colcon_core.package_identification:_identify(src/py_srvcli) by extensions ['ignore', 'ignore_ament_install']
[0.610s] Level 1:colcon.colcon_core.package_identification:_identify(src/py_srvcli) by extension 'ignore'
[0.610s] Level 1:colcon.colcon_core.package_identification:_identify(src/py_srvcli) by extension 'ignore_ament_install'
[0.610s] Level 1:colcon.colcon_core.package_identification:_identify(src/py_srvcli) by extensions ['colcon_pkg']
[0.610s] Level 1:colcon.colcon_core.package_identification:_identify(src/py_srvcli) by extension 'colcon_pkg'
[0.610s] Level 1:colcon.colcon_core.package_identification:_identify(src/py_srvcli) by extensions ['colcon_meta']
[0.610s] Level 1:colcon.colcon_core.package_identification:_identify(src/py_srvcli) by extension 'colcon_meta'
[0.610s] Level 1:colcon.colcon_core.package_identification:_identify(src/py_srvcli) by extensions ['ros']
[0.610s] Level 1:colcon.colcon_core.package_identification:_identify(src/py_srvcli) by extension 'ros'
[0.611s] DEBUG:colcon.colcon_core.package_identification:Package 'src/py_srvcli' with type 'ros.ament_python' and name 'py_srvcli'
[0.612s] Level 1:colcon.colcon_core.package_identification:_identify(src/python_parameters) by extensions ['ignore', 'ignore_ament_install']
[0.612s] Level 1:colcon.colcon_core.package_identification:_identify(src/python_parameters) by extension 'ignore'
[0.612s] Level 1:colcon.colcon_core.package_identification:_identify(src/python_parameters) by extension 'ignore_ament_install'
[0.612s] Level 1:colcon.colcon_core.package_identification:_identify(src/python_parameters) by extensions ['colcon_pkg']
[0.612s] Level 1:colcon.colcon_core.package_identification:_identify(src/python_parameters) by extension 'colcon_pkg'
[0.612s] Level 1:colcon.colcon_core.package_identification:_identify(src/python_parameters) by extensions ['colcon_meta']
[0.612s] Level 1:colcon.colcon_core.package_identification:_identify(src/python_parameters) by extension 'colcon_meta'
[0.612s] Level 1:colcon.colcon_core.package_identification:_identify(src/python_parameters) by extensions ['ros']
[0.612s] Level 1:colcon.colcon_core.package_identification:_identify(src/python_parameters) by extension 'ros'
[0.613s] DEBUG:colcon.colcon_core.package_identification:Package 'src/python_parameters' with type 'ros.ament_python' and name 'python_parameters'
[0.613s] Level 1:colcon.colcon_core.package_identification:_identify(src/temperature_sensor_pkg) by extensions ['ignore', 'ignore_ament_install']
[0.614s] Level 1:colcon.colcon_core.package_identification:_identify(src/temperature_sensor_pkg) by extension 'ignore'
[0.614s] Level 1:colcon.colcon_core.package_identification:_identify(src/temperature_sensor_pkg) by extension 'ignore_ament_install'
[0.614s] Level 1:colcon.colcon_core.package_identification:_identify(src/temperature_sensor_pkg) by extensions ['colcon_pkg']
[0.614s] Level 1:colcon.colcon_core.package_identification:_identify(src/temperature_sensor_pkg) by extension 'colcon_pkg'
[0.614s] Level 1:colcon.colcon_core.package_identification:_identify(src/temperature_sensor_pkg) by extensions ['colcon_meta']
[0.614s] Level 1:colcon.colcon_core.package_identification:_identify(src/temperature_sensor_pkg) by extension 'colcon_meta'
[0.614s] Level 1:colcon.colcon_core.package_identification:_identify(src/temperature_sensor_pkg) by extensions ['ros']
[0.614s] Level 1:colcon.colcon_core.package_identification:_identify(src/temperature_sensor_pkg) by extension 'ros'
[0.615s] DEBUG:colcon.colcon_core.package_identification:Package 'src/temperature_sensor_pkg' with type 'ros.ament_python' and name 'temperature_sensor_pkg'
[0.615s] Level 1:colcon.colcon_core.package_identification:_identify(src/tutorial_interfaces) by extensions ['ignore', 'ignore_ament_install']
[0.615s] Level 1:colcon.colcon_core.package_identification:_identify(src/tutorial_interfaces) by extension 'ignore'
[0.615s] Level 1:colcon.colcon_core.package_identification:_identify(src/tutorial_interfaces) by extension 'ignore_ament_install'
[0.615s] Level 1:colcon.colcon_core.package_identification:_identify(src/tutorial_interfaces) by extensions ['colcon_pkg']
[0.616s] Level 1:colcon.colcon_core.package_identification:_identify(src/tutorial_interfaces) by extension 'colcon_pkg'
[0.616s] Level 1:colcon.colcon_core.package_identification:_identify(src/tutorial_interfaces) by extensions ['colcon_meta']
[0.616s] Level 1:colcon.colcon_core.package_identification:_identify(src/tutorial_interfaces) by extension 'colcon_meta'
[0.616s] Level 1:colcon.colcon_core.package_identification:_identify(src/tutorial_interfaces) by extensions ['ros']
[0.616s] Level 1:colcon.colcon_core.package_identification:_identify(src/tutorial_interfaces) by extension 'ros'
[0.617s] DEBUG:colcon.colcon_core.package_identification:Package 'src/tutorial_interfaces' with type 'ros.ament_cmake' and name 'tutorial_interfaces'
[0.617s] Level 1:colcon.colcon_core.package_identification:_identify(src/voice_control_pkg) by extensions ['ignore', 'ignore_ament_install']
[0.617s] Level 1:colcon.colcon_core.package_identification:_identify(src/voice_control_pkg) by extension 'ignore'
[0.617s] Level 1:colcon.colcon_core.package_identification:_identify(src/voice_control_pkg) by extension 'ignore_ament_install'
[0.617s] Level 1:colcon.colcon_core.package_identification:_identify(src/voice_control_pkg) by extensions ['colcon_pkg']
[0.617s] Level 1:colcon.colcon_core.package_identification:_identify(src/voice_control_pkg) by extension 'colcon_pkg'
[0.618s] Level 1:colcon.colcon_core.package_identification:_identify(src/voice_control_pkg) by extensions ['colcon_meta']
[0.618s] Level 1:colcon.colcon_core.package_identification:_identify(src/voice_control_pkg) by extension 'colcon_meta'
[0.618s] Level 1:colcon.colcon_core.package_identification:_identify(src/voice_control_pkg) by extensions ['ros']
[0.618s] Level 1:colcon.colcon_core.package_identification:_identify(src/voice_control_pkg) by extension 'ros'
[0.618s] DEBUG:colcon.colcon_core.package_identification:Package 'src/voice_control_pkg' with type 'ros.ament_python' and name 'voice_control_pkg'
[0.619s] Level 1:colcon.colcon_core.package_identification:_identify(src/weather_adviser_node) by extensions ['ignore', 'ignore_ament_install']
[0.619s] Level 1:colcon.colcon_core.package_identification:_identify(src/weather_adviser_node) by extension 'ignore'
[0.619s] Level 1:colcon.colcon_core.package_identification:_identify(src/weather_adviser_node) by extension 'ignore_ament_install'
[0.619s] Level 1:colcon.colcon_core.package_identification:_identify(src/weather_adviser_node) by extensions ['colcon_pkg']
[0.619s] Level 1:colcon.colcon_core.package_identification:_identify(src/weather_adviser_node) by extension 'colcon_pkg'
[0.619s] Level 1:colcon.colcon_core.package_identification:_identify(src/weather_adviser_node) by extensions ['colcon_meta']
[0.619s] Level 1:colcon.colcon_core.package_identification:_identify(src/weather_adviser_node) by extension 'colcon_meta'
[0.619s] Level 1:colcon.colcon_core.package_identification:_identify(src/weather_adviser_node) by extensions ['ros']
[0.619s] Level 1:colcon.colcon_core.package_identification:_identify(src/weather_adviser_node) by extension 'ros'
[0.620s] DEBUG:colcon.colcon_core.package_identification:Package 'src/weather_adviser_node' with type 'ros.ament_python' and name 'weather_adviser_node'
[0.620s] Level 1:colcon.colcon_core.package_discovery:discover_packages(recursive) using defaults
[0.620s] Level 1:colcon.colcon_core.package_discovery:discover_packages(ignore) discover
[0.620s] Level 1:colcon.colcon_core.package_discovery:discover_packages(ignore) using defaults
[0.621s] Level 1:colcon.colcon_core.package_discovery:discover_packages(path) discover
[0.621s] Level 1:colcon.colcon_core.package_discovery:discover_packages(path) using defaults
[0.654s] INFO:colcon.colcon_core.package_selection:Skipping not selected package 'my_package1' in 'src/my_package1'
[0.654s] INFO:colcon.colcon_core.package_selection:Skipping not selected package 'my_weather_pkg' in 'src/my_weather_pkg'
[0.654s] INFO:colcon.colcon_core.package_selection:Skipping not selected package 'py_srvcli' in 'src/py_srvcli'
[0.654s] INFO:colcon.colcon_core.package_selection:Skipping not selected package 'python_parameters' in 'src/python_parameters'
[0.654s] INFO:colcon.colcon_core.package_selection:Skipping not selected package 'tutorial_interfaces' in 'src/tutorial_interfaces'
[0.654s] INFO:colcon.colcon_core.package_selection:Skipping not selected package 'voice_control_pkg' in 'src/voice_control_pkg'
[0.654s] INFO:colcon.colcon_core.package_selection:Skipping not selected package 'weather_adviser_node' in 'src/weather_adviser_node'
[0.655s] INFO:colcon.colcon_core.package_selection:Skipping not selected package 'py_pubsub' in 'src/py_pubsub'
[0.656s] Level 1:colcon.colcon_core.package_discovery:discover_packages(prefix_path) check parameters
[0.656s] Level 1:colcon.colcon_core.package_discovery:discover_packages(prefix_path) discover
[0.661s] DEBUG:colcon.colcon_installed_package_information.package_discovery:Found 8 installed packages in /home/aaaa/Desktop/Smart-Mobility-Engineering-Lab/final_project/ros2_ws/install
[0.663s] DEBUG:colcon.colcon_installed_package_information.package_discovery:Found 0 installed packages in /home/aaaa/colcon_ws/install
[0.666s] DEBUG:colcon.colcon_installed_package_information.package_discovery:Found 334 installed packages in /opt/ros/foxy
[0.670s] Level 1:colcon.colcon_core.package_discovery:discover_packages(prefix_path) using defaults
[0.801s] Level 5:colcon.colcon_core.verb:set package 'temperature_sensor_pkg' build argument 'cmake_args' from command line to 'None'
[0.801s] Level 5:colcon.colcon_core.verb:set package 'temperature_sensor_pkg' build argument 'cmake_target' from command line to 'None'
[0.801s] Level 5:colcon.colcon_core.verb:set package 'temperature_sensor_pkg' build argument 'cmake_target_skip_unavailable' from command line to 'False'
[0.801s] Level 5:colcon.colcon_core.verb:set package 'temperature_sensor_pkg' build argument 'cmake_clean_cache' from command line to 'False'
[0.801s] Level 5:colcon.colcon_core.verb:set package 'temperature_sensor_pkg' build argument 'cmake_clean_first' from command line to 'False'
[0.801s] Level 5:colcon.colcon_core.verb:set package 'temperature_sensor_pkg' build argument 'cmake_force_configure' from command line to 'False'
[0.801s] Level 5:colcon.colcon_core.verb:set package 'temperature_sensor_pkg' build argument 'ament_cmake_args' from command line to 'None'
[0.801s] Level 5:colcon.colcon_core.verb:set package 'temperature_sensor_pkg' build argument 'catkin_cmake_args' from command line to 'None'
[0.801s] Level 5:colcon.colcon_core.verb:set package 'temperature_sensor_pkg' build argument 'catkin_skip_building_tests' from command line to 'False'
[0.801s] DEBUG:colcon.colcon_core.verb:Building package 'temperature_sensor_pkg' with the following arguments: {'ament_cmake_args': None, 'build_base': '/home/aaaa/Desktop/Smart-Mobility-Engineering-Lab/final_project/ros2_ws/build/temperature_sensor_pkg', 'catkin_cmake_args': None, 'catkin_skip_building_tests': False, 'cmake_args': None, 'cmake_clean_cache': False, 'cmake_clean_first': False, 'cmake_force_configure': False, 'cmake_target': None, 'cmake_target_skip_unavailable': False, 'install_base': '/home/aaaa/Desktop/Smart-Mobility-Engineering-Lab/final_project/ros2_ws/install/temperature_sensor_pkg', 'merge_install': False, 'path': '/home/aaaa/Desktop/Smart-Mobility-Engineering-Lab/final_project/ros2_ws/src/temperature_sensor_pkg', 'symlink_install': False, 'test_result_base': None}
[0.803s] INFO:colcon.colcon_core.executor:Executing jobs using 'parallel' executor
[0.809s] DEBUG:colcon.colcon_parallel_executor.executor.parallel:run_until_complete
[0.810s] INFO:colcon.colcon_ros.task.ament_python.build:Building ROS package in '/home/aaaa/Desktop/Smart-Mobility-Engineering-Lab/final_project/ros2_ws/src/temperature_sensor_pkg' with build type 'ament_python'
[0.810s] Level 1:colcon.colcon_core.shell:create_environment_hook('temperature_sensor_pkg', 'ament_prefix_path')
[0.818s] INFO:colcon.colcon_core.plugin_system:Skipping extension 'colcon_core.shell.bat': Not used on non-Windows systems
[0.819s] INFO:colcon.colcon_core.shell:Creating environment hook '/home/aaaa/Desktop/Smart-Mobility-Engineering-Lab/final_project/ros2_ws/install/temperature_sensor_pkg/share/temperature_sensor_pkg/hook/ament_prefix_path.ps1'
[0.820s] INFO:colcon.colcon_core.shell:Creating environment descriptor '/home/aaaa/Desktop/Smart-Mobility-Engineering-Lab/final_project/ros2_ws/install/temperature_sensor_pkg/share/temperature_sensor_pkg/hook/ament_prefix_path.dsv'
[0.821s] INFO:colcon.colcon_core.shell:Creating environment hook '/home/aaaa/Desktop/Smart-Mobility-Engineering-Lab/final_project/ros2_ws/install/temperature_sensor_pkg/share/temperature_sensor_pkg/hook/ament_prefix_path.sh'
[0.826s] INFO:colcon.colcon_core.shell:Skip shell extension 'powershell' for command environment: Not usable outside of PowerShell
[0.826s] DEBUG:colcon.colcon_core.shell:Skip shell extension 'dsv' for command environment
[1.229s] INFO:colcon.colcon_core.task.python.build:Building Python package in '/home/aaaa/Desktop/Smart-Mobility-Engineering-Lab/final_project/ros2_ws/src/temperature_sensor_pkg'
[1.234s] INFO:colcon.colcon_core.shell:Skip shell extension 'powershell' for command environment: Not usable outside of PowerShell
[1.234s] DEBUG:colcon.colcon_core.shell:Skip shell extension 'dsv' for command environment
[1.905s] DEBUG:colcon.colcon_core.event_handler.log_command:Invoking command in '/home/aaaa/Desktop/Smart-Mobility-Engineering-Lab/final_project/ros2_ws/src/temperature_sensor_pkg': PYTHONPATH=/home/aaaa/Desktop/Smart-Mobility-Engineering-Lab/final_project/ros2_ws/build/temperature_sensor_pkg/prefix_override:/home/aaaa/Desktop/Smart-Mobility-Engineering-Lab/final_project/ros2_ws/install/temperature_sensor_pkg/lib/python3.8/site-packages:${PYTHONPATH} /usr/bin/python3 setup.py egg_info --egg-base ../../build/temperature_sensor_pkg build --build-base /home/aaaa/Desktop/Smart-Mobility-Engineering-Lab/final_project/ros2_ws/build/temperature_sensor_pkg/build install --record /home/aaaa/Desktop/Smart-Mobility-Engineering-Lab/final_project/ros2_ws/build/temperature_sensor_pkg/install.log --install-scripts $base/lib/temperature_sensor_pkg --single-version-externally-managed
[2.490s] DEBUG:colcon.colcon_core.event_handler.log_command:Invoked command in '/home/aaaa/Desktop/Smart-Mobility-Engineering-Lab/final_project/ros2_ws/src/temperature_sensor_pkg' returned '0': PYTHONPATH=/home/aaaa/Desktop/Smart-Mobility-Engineering-Lab/final_project/ros2_ws/build/temperature_sensor_pkg/prefix_override:/home/aaaa/Desktop/Smart-Mobility-Engineering-Lab/final_project/ros2_ws/install/temperature_sensor_pkg/lib/python3.8/site-packages:${PYTHONPATH} /usr/bin/python3 setup.py egg_info --egg-base ../../build/temperature_sensor_pkg build --build-base /home/aaaa/Desktop/Smart-Mobility-Engineering-Lab/final_project/ros2_ws/build/temperature_sensor_pkg/build install --record /home/aaaa/Desktop/Smart-Mobility-Engineering-Lab/final_project/ros2_ws/build/temperature_sensor_pkg/install.log --install-scripts $base/lib/temperature_sensor_pkg --single-version-externally-managed
[2.499s] Level 1:colcon.colcon_core.environment:checking '/home/aaaa/Desktop/Smart-Mobility-Engineering-Lab/final_project/ros2_ws/install/temperature_sensor_pkg' for CMake module files
[2.500s] Level 1:colcon.colcon_core.environment:checking '/home/aaaa/Desktop/Smart-Mobility-Engineering-Lab/final_project/ros2_ws/install/temperature_sensor_pkg' for CMake config files
[2.501s] Level 1:colcon.colcon_core.environment:checking '/home/aaaa/Desktop/Smart-Mobility-Engineering-Lab/final_project/ros2_ws/install/temperature_sensor_pkg/lib'
[2.501s] Level 1:colcon.colcon_core.environment:checking '/home/aaaa/Desktop/Smart-Mobility-Engineering-Lab/final_project/ros2_ws/install/temperature_sensor_pkg/bin'
[2.501s] Level 1:colcon.colcon_core.environment:checking '/home/aaaa/Desktop/Smart-Mobility-Engineering-Lab/final_project/ros2_ws/install/temperature_sensor_pkg/lib/pkgconfig/temperature_sensor_pkg.pc'
[2.501s] Level 1:colcon.colcon_core.environment:checking '/home/aaaa/Desktop/Smart-Mobility-Engineering-Lab/final_project/ros2_ws/install/temperature_sensor_pkg/lib/python3.8/site-packages'
[2.502s] Level 1:colcon.colcon_core.shell:create_environment_hook('temperature_sensor_pkg', 'pythonpath')
[2.504s] INFO:colcon.colcon_core.shell:Creating environment hook '/home/aaaa/Desktop/Smart-Mobility-Engineering-Lab/final_project/ros2_ws/install/temperature_sensor_pkg/share/temperature_sensor_pkg/hook/pythonpath.ps1'
[2.505s] INFO:colcon.colcon_core.shell:Creating environment descriptor '/home/aaaa/Desktop/Smart-Mobility-Engineering-Lab/final_project/ros2_ws/install/temperature_sensor_pkg/share/temperature_sensor_pkg/hook/pythonpath.dsv'
[2.505s] INFO:colcon.colcon_core.shell:Creating environment hook '/home/aaaa/Desktop/Smart-Mobility-Engineering-Lab/final_project/ros2_ws/install/temperature_sensor_pkg/share/temperature_sensor_pkg/hook/pythonpath.sh'
[2.506s] Level 1:colcon.colcon_core.environment:checking '/home/aaaa/Desktop/Smart-Mobility-Engineering-Lab/final_project/ros2_ws/install/temperature_sensor_pkg/bin'
[2.506s] Level 1:colcon.colcon_core.environment:create_environment_scripts_only(temperature_sensor_pkg)
[2.509s] INFO:colcon.colcon_core.shell:Creating package script '/home/aaaa/Desktop/Smart-Mobility-Engineering-Lab/final_project/ros2_ws/install/temperature_sensor_pkg/share/temperature_sensor_pkg/package.ps1'
[2.510s] INFO:colcon.colcon_core.shell:Creating package descriptor '/home/aaaa/Desktop/Smart-Mobility-Engineering-Lab/final_project/ros2_ws/install/temperature_sensor_pkg/share/temperature_sensor_pkg/package.dsv'
[2.511s] INFO:colcon.colcon_core.shell:Creating package script '/home/aaaa/Desktop/Smart-Mobility-Engineering-Lab/final_project/ros2_ws/install/temperature_sensor_pkg/share/temperature_sensor_pkg/package.sh'
[2.513s] INFO:colcon.colcon_core.shell:Creating package script '/home/aaaa/Desktop/Smart-Mobility-Engineering-Lab/final_project/ros2_ws/install/temperature_sensor_pkg/share/temperature_sensor_pkg/package.bash'
[2.514s] INFO:colcon.colcon_core.shell:Creating package script '/home/aaaa/Desktop/Smart-Mobility-Engineering-Lab/final_project/ros2_ws/install/temperature_sensor_pkg/share/temperature_sensor_pkg/package.zsh'
[2.515s] Level 1:colcon.colcon_core.environment:create_file_with_runtime_dependencies(/home/aaaa/Desktop/Smart-Mobility-Engineering-Lab/final_project/ros2_ws/install/temperature_sensor_pkg/share/colcon-core/packages/temperature_sensor_pkg)
[2.515s] DEBUG:colcon.colcon_parallel_executor.executor.parallel:closing loop
[2.516s] DEBUG:colcon.colcon_parallel_executor.executor.parallel:loop closed
[2.516s] DEBUG:colcon.colcon_parallel_executor.executor.parallel:run_until_complete finished with '0'
[2.516s] DEBUG:colcon.colcon_core.event_reactor:joining thread
[2.523s] INFO:colcon.colcon_core.plugin_system:Skipping extension 'colcon_notification.desktop_notification.terminal_notifier': Not used on non-Darwin systems
[2.524s] INFO:colcon.colcon_core.plugin_system:Skipping extension 'colcon_notification.desktop_notification.win32': Not used on non-Windows systems
[2.524s] INFO:colcon.colcon_notification.desktop_notification:Sending desktop notification using 'notify2'
[2.557s] DEBUG:colcon.colcon_core.event_reactor:joined thread
[2.562s] INFO:colcon.colcon_core.shell:Creating prefix script '/home/aaaa/Desktop/Smart-Mobility-Engineering-Lab/final_project/ros2_ws/install/local_setup.ps1'
[2.567s] INFO:colcon.colcon_core.shell:Creating prefix util module '/home/aaaa/Desktop/Smart-Mobility-Engineering-Lab/final_project/ros2_ws/install/_local_setup_util_ps1.py'
[2.571s] INFO:colcon.colcon_core.shell:Creating prefix chain script '/home/aaaa/Desktop/Smart-Mobility-Engineering-Lab/final_project/ros2_ws/install/setup.ps1'
[2.574s] INFO:colcon.colcon_core.shell:Creating prefix script '/home/aaaa/Desktop/Smart-Mobility-Engineering-Lab/final_project/ros2_ws/install/local_setup.sh'
[2.575s] INFO:colcon.colcon_core.shell:Creating prefix util module '/home/aaaa/Desktop/Smart-Mobility-Engineering-Lab/final_project/ros2_ws/install/_local_setup_util_sh.py'
[2.576s] INFO:colcon.colcon_core.shell:Creating prefix chain script '/home/aaaa/Desktop/Smart-Mobility-Engineering-Lab/final_project/ros2_ws/install/setup.sh'
[2.579s] INFO:colcon.colcon_core.shell:Creating prefix script '/home/aaaa/Desktop/Smart-Mobility-Engineering-Lab/final_project/ros2_ws/install/local_setup.bash'
[2.579s] INFO:colcon.colcon_core.shell:Creating prefix chain script '/home/aaaa/Desktop/Smart-Mobility-Engineering-Lab/final_project/ros2_ws/install/setup.bash'
[2.583s] INFO:colcon.colcon_core.shell:Creating prefix script '/home/aaaa/Desktop/Smart-Mobility-Engineering-Lab/final_project/ros2_ws/install/local_setup.zsh'
[2.585s] INFO:colcon.colcon_core.shell:Creating prefix chain script '/home/aaaa/Desktop/Smart-Mobility-Engineering-Lab/final_project/ros2_ws/install/setup.zsh'
